[2025-11-05T07:11:20.052+0000] {processor.py:186} INFO - Started process (PID=173) to work on /opt/airflow/dags/__init__.py
[2025-11-05T07:11:20.161+0000] {processor.py:914} INFO - Processing file /opt/airflow/dags/__init__.py for tasks to queue
[2025-11-05T07:11:20.403+0000] {logging_mixin.py:190} INFO - [2025-11-05T07:11:20.402+0000] {dagbag.py:588} INFO - Filling up the DagBag from /opt/airflow/dags/__init__.py
[2025-11-05T07:11:20.720+0000] {processor.py:927} WARNING - No viable dags retrieved from /opt/airflow/dags/__init__.py
[2025-11-05T07:11:21.278+0000] {processor.py:208} INFO - Processing /opt/airflow/dags/__init__.py took 1.400 seconds
[2025-11-05T07:11:54.123+0000] {processor.py:186} INFO - Started process (PID=181) to work on /opt/airflow/dags/__init__.py
[2025-11-05T07:11:54.158+0000] {processor.py:914} INFO - Processing file /opt/airflow/dags/__init__.py for tasks to queue
[2025-11-05T07:11:54.319+0000] {logging_mixin.py:190} INFO - [2025-11-05T07:11:54.317+0000] {dagbag.py:588} INFO - Filling up the DagBag from /opt/airflow/dags/__init__.py
[2025-11-05T07:11:56.226+0000] {processor.py:927} WARNING - No viable dags retrieved from /opt/airflow/dags/__init__.py
[2025-11-05T07:11:56.656+0000] {processor.py:208} INFO - Processing /opt/airflow/dags/__init__.py took 3.238 seconds
[2025-11-05T07:13:02.912+0000] {processor.py:186} INFO - Started process (PID=190) to work on /opt/airflow/dags/__init__.py
[2025-11-05T07:13:02.939+0000] {processor.py:914} INFO - Processing file /opt/airflow/dags/__init__.py for tasks to queue
[2025-11-05T07:13:03.799+0000] {logging_mixin.py:190} INFO - [2025-11-05T07:13:03.735+0000] {dagbag.py:588} INFO - Filling up the DagBag from /opt/airflow/dags/__init__.py
[2025-11-05T07:13:10.340+0000] {processor.py:927} WARNING - No viable dags retrieved from /opt/airflow/dags/__init__.py
[2025-11-05T07:13:11.863+0000] {processor.py:208} INFO - Processing /opt/airflow/dags/__init__.py took 6.686 seconds
[2025-11-05T07:14:10.631+0000] {processor.py:186} INFO - Started process (PID=199) to work on /opt/airflow/dags/__init__.py
[2025-11-05T07:14:11.634+0000] {processor.py:914} INFO - Processing file /opt/airflow/dags/__init__.py for tasks to queue
[2025-11-05T07:14:16.723+0000] {logging_mixin.py:190} INFO - [2025-11-05T07:14:12.767+0000] {dagbag.py:588} INFO - Filling up the DagBag from /opt/airflow/dags/__init__.py
[2025-11-05T07:14:17.268+0000] {processor.py:927} WARNING - No viable dags retrieved from /opt/airflow/dags/__init__.py
[2025-11-05T07:14:20.810+0000] {processor.py:208} INFO - Processing /opt/airflow/dags/__init__.py took 13.542 seconds
[2025-11-05T07:14:53.884+0000] {processor.py:186} INFO - Started process (PID=206) to work on /opt/airflow/dags/__init__.py
[2025-11-05T07:14:53.887+0000] {processor.py:914} INFO - Processing file /opt/airflow/dags/__init__.py for tasks to queue
[2025-11-05T07:14:53.900+0000] {logging_mixin.py:190} INFO - [2025-11-05T07:14:53.899+0000] {dagbag.py:588} INFO - Filling up the DagBag from /opt/airflow/dags/__init__.py
[2025-11-05T07:14:54.072+0000] {processor.py:927} WARNING - No viable dags retrieved from /opt/airflow/dags/__init__.py
[2025-11-05T07:14:55.355+0000] {processor.py:208} INFO - Processing /opt/airflow/dags/__init__.py took 1.544 seconds
[2025-11-05T07:15:40.004+0000] {processor.py:186} INFO - Started process (PID=215) to work on /opt/airflow/dags/__init__.py
[2025-11-05T07:15:40.096+0000] {processor.py:914} INFO - Processing file /opt/airflow/dags/__init__.py for tasks to queue
[2025-11-05T07:15:40.258+0000] {logging_mixin.py:190} INFO - [2025-11-05T07:15:40.128+0000] {dagbag.py:588} INFO - Filling up the DagBag from /opt/airflow/dags/__init__.py
[2025-11-05T07:15:42.233+0000] {processor.py:927} WARNING - No viable dags retrieved from /opt/airflow/dags/__init__.py
[2025-11-05T07:15:44.270+0000] {processor.py:208} INFO - Processing /opt/airflow/dags/__init__.py took 4.624 seconds
[2025-11-05T07:16:17.682+0000] {processor.py:186} INFO - Started process (PID=223) to work on /opt/airflow/dags/__init__.py
[2025-11-05T07:16:17.718+0000] {processor.py:914} INFO - Processing file /opt/airflow/dags/__init__.py for tasks to queue
[2025-11-05T07:16:17.748+0000] {logging_mixin.py:190} INFO - [2025-11-05T07:16:17.747+0000] {dagbag.py:588} INFO - Filling up the DagBag from /opt/airflow/dags/__init__.py
[2025-11-05T07:16:18.000+0000] {processor.py:927} WARNING - No viable dags retrieved from /opt/airflow/dags/__init__.py
[2025-11-05T07:16:18.207+0000] {processor.py:208} INFO - Processing /opt/airflow/dags/__init__.py took 0.672 seconds
[2025-11-05T07:16:49.312+0000] {processor.py:186} INFO - Started process (PID=232) to work on /opt/airflow/dags/__init__.py
[2025-11-05T07:16:49.351+0000] {processor.py:914} INFO - Processing file /opt/airflow/dags/__init__.py for tasks to queue
[2025-11-05T07:16:49.402+0000] {logging_mixin.py:190} INFO - [2025-11-05T07:16:49.400+0000] {dagbag.py:588} INFO - Filling up the DagBag from /opt/airflow/dags/__init__.py
[2025-11-05T07:16:50.150+0000] {processor.py:927} WARNING - No viable dags retrieved from /opt/airflow/dags/__init__.py
[2025-11-05T07:16:51.091+0000] {processor.py:208} INFO - Processing /opt/airflow/dags/__init__.py took 2.000 seconds
[2025-11-05T07:17:31.844+0000] {processor.py:186} INFO - Started process (PID=241) to work on /opt/airflow/dags/__init__.py
[2025-11-05T07:17:31.864+0000] {processor.py:914} INFO - Processing file /opt/airflow/dags/__init__.py for tasks to queue
[2025-11-05T07:17:32.261+0000] {logging_mixin.py:190} INFO - [2025-11-05T07:17:32.245+0000] {dagbag.py:588} INFO - Filling up the DagBag from /opt/airflow/dags/__init__.py
[2025-11-05T07:17:37.242+0000] {processor.py:927} WARNING - No viable dags retrieved from /opt/airflow/dags/__init__.py
[2025-11-05T07:17:38.824+0000] {processor.py:208} INFO - Processing /opt/airflow/dags/__init__.py took 7.754 seconds
[2025-11-05T07:18:22.670+0000] {processor.py:186} INFO - Started process (PID=250) to work on /opt/airflow/dags/__init__.py
[2025-11-05T07:18:22.721+0000] {processor.py:914} INFO - Processing file /opt/airflow/dags/__init__.py for tasks to queue
[2025-11-05T07:18:23.930+0000] {logging_mixin.py:190} INFO - [2025-11-05T07:18:23.096+0000] {dagbag.py:588} INFO - Filling up the DagBag from /opt/airflow/dags/__init__.py
[2025-11-05T07:18:26.820+0000] {processor.py:927} WARNING - No viable dags retrieved from /opt/airflow/dags/__init__.py
[2025-11-05T07:18:36.234+0000] {processor.py:208} INFO - Processing /opt/airflow/dags/__init__.py took 17.998 seconds
[2025-11-05T07:19:09.372+0000] {processor.py:186} INFO - Started process (PID=258) to work on /opt/airflow/dags/__init__.py
[2025-11-05T07:19:09.392+0000] {processor.py:914} INFO - Processing file /opt/airflow/dags/__init__.py for tasks to queue
[2025-11-05T07:19:09.459+0000] {logging_mixin.py:190} INFO - [2025-11-05T07:19:09.418+0000] {dagbag.py:588} INFO - Filling up the DagBag from /opt/airflow/dags/__init__.py
[2025-11-05T07:19:09.686+0000] {processor.py:927} WARNING - No viable dags retrieved from /opt/airflow/dags/__init__.py
[2025-11-05T07:19:10.577+0000] {processor.py:208} INFO - Processing /opt/airflow/dags/__init__.py took 2.424 seconds
[2025-11-05T07:19:44.036+0000] {processor.py:186} INFO - Started process (PID=267) to work on /opt/airflow/dags/__init__.py
[2025-11-05T07:19:44.131+0000] {processor.py:914} INFO - Processing file /opt/airflow/dags/__init__.py for tasks to queue
[2025-11-05T07:19:44.316+0000] {logging_mixin.py:190} INFO - [2025-11-05T07:19:44.227+0000] {dagbag.py:588} INFO - Filling up the DagBag from /opt/airflow/dags/__init__.py
[2025-11-05T07:19:46.474+0000] {processor.py:927} WARNING - No viable dags retrieved from /opt/airflow/dags/__init__.py
[2025-11-05T07:19:51.491+0000] {processor.py:208} INFO - Processing /opt/airflow/dags/__init__.py took 4.949 seconds
[2025-11-05T07:20:26.570+0000] {processor.py:186} INFO - Started process (PID=275) to work on /opt/airflow/dags/__init__.py
[2025-11-05T07:20:26.785+0000] {processor.py:914} INFO - Processing file /opt/airflow/dags/__init__.py for tasks to queue
[2025-11-05T07:20:27.134+0000] {logging_mixin.py:190} INFO - [2025-11-05T07:20:27.089+0000] {dagbag.py:588} INFO - Filling up the DagBag from /opt/airflow/dags/__init__.py
[2025-11-05T07:20:27.481+0000] {processor.py:927} WARNING - No viable dags retrieved from /opt/airflow/dags/__init__.py
[2025-11-05T07:20:27.827+0000] {processor.py:208} INFO - Processing /opt/airflow/dags/__init__.py took 2.217 seconds
[2025-11-05T07:21:00.574+0000] {processor.py:186} INFO - Started process (PID=284) to work on /opt/airflow/dags/__init__.py
[2025-11-05T07:21:00.582+0000] {processor.py:914} INFO - Processing file /opt/airflow/dags/__init__.py for tasks to queue
[2025-11-05T07:21:00.602+0000] {logging_mixin.py:190} INFO - [2025-11-05T07:21:00.598+0000] {dagbag.py:588} INFO - Filling up the DagBag from /opt/airflow/dags/__init__.py
[2025-11-05T07:21:00.876+0000] {processor.py:927} WARNING - No viable dags retrieved from /opt/airflow/dags/__init__.py
[2025-11-05T07:21:01.130+0000] {processor.py:208} INFO - Processing /opt/airflow/dags/__init__.py took 1.624 seconds
[2025-11-05T07:21:33.786+0000] {processor.py:186} INFO - Started process (PID=294) to work on /opt/airflow/dags/__init__.py
[2025-11-05T07:21:33.795+0000] {processor.py:914} INFO - Processing file /opt/airflow/dags/__init__.py for tasks to queue
[2025-11-05T07:21:33.802+0000] {logging_mixin.py:190} INFO - [2025-11-05T07:21:33.801+0000] {dagbag.py:588} INFO - Filling up the DagBag from /opt/airflow/dags/__init__.py
[2025-11-05T07:21:33.872+0000] {processor.py:927} WARNING - No viable dags retrieved from /opt/airflow/dags/__init__.py
[2025-11-05T07:21:33.985+0000] {processor.py:208} INFO - Processing /opt/airflow/dags/__init__.py took 0.326 seconds
[2025-11-05T07:22:08.807+0000] {processor.py:186} INFO - Started process (PID=303) to work on /opt/airflow/dags/__init__.py
[2025-11-05T07:22:09.275+0000] {processor.py:914} INFO - Processing file /opt/airflow/dags/__init__.py for tasks to queue
[2025-11-05T07:22:09.914+0000] {logging_mixin.py:190} INFO - [2025-11-05T07:22:09.744+0000] {dagbag.py:588} INFO - Filling up the DagBag from /opt/airflow/dags/__init__.py
[2025-11-05T07:22:10.842+0000] {processor.py:927} WARNING - No viable dags retrieved from /opt/airflow/dags/__init__.py
[2025-11-05T07:22:11.807+0000] {processor.py:208} INFO - Processing /opt/airflow/dags/__init__.py took 4.478 seconds
[2025-11-05T07:23:00.618+0000] {processor.py:186} INFO - Started process (PID=317) to work on /opt/airflow/dags/__init__.py
[2025-11-05T07:23:00.721+0000] {processor.py:914} INFO - Processing file /opt/airflow/dags/__init__.py for tasks to queue
[2025-11-05T07:23:00.951+0000] {logging_mixin.py:190} INFO - [2025-11-05T07:23:00.857+0000] {dagbag.py:588} INFO - Filling up the DagBag from /opt/airflow/dags/__init__.py
[2025-11-05T07:23:01.797+0000] {processor.py:927} WARNING - No viable dags retrieved from /opt/airflow/dags/__init__.py
[2025-11-05T07:23:02.585+0000] {processor.py:208} INFO - Processing /opt/airflow/dags/__init__.py took 3.653 seconds
[2025-11-05T07:23:39.976+0000] {processor.py:186} INFO - Started process (PID=326) to work on /opt/airflow/dags/__init__.py
[2025-11-05T07:23:40.018+0000] {processor.py:914} INFO - Processing file /opt/airflow/dags/__init__.py for tasks to queue
[2025-11-05T07:23:40.193+0000] {logging_mixin.py:190} INFO - [2025-11-05T07:23:40.124+0000] {dagbag.py:588} INFO - Filling up the DagBag from /opt/airflow/dags/__init__.py
[2025-11-05T07:23:44.718+0000] {processor.py:927} WARNING - No viable dags retrieved from /opt/airflow/dags/__init__.py
[2025-11-05T07:23:48.652+0000] {processor.py:208} INFO - Processing /opt/airflow/dags/__init__.py took 8.091 seconds
[2025-11-05T07:24:26.937+0000] {processor.py:186} INFO - Started process (PID=334) to work on /opt/airflow/dags/__init__.py
[2025-11-05T07:24:27.011+0000] {processor.py:914} INFO - Processing file /opt/airflow/dags/__init__.py for tasks to queue
[2025-11-05T07:24:27.361+0000] {logging_mixin.py:190} INFO - [2025-11-05T07:24:27.203+0000] {dagbag.py:588} INFO - Filling up the DagBag from /opt/airflow/dags/__init__.py
[2025-11-05T07:24:27.951+0000] {processor.py:927} WARNING - No viable dags retrieved from /opt/airflow/dags/__init__.py
[2025-11-05T07:24:29.401+0000] {processor.py:208} INFO - Processing /opt/airflow/dags/__init__.py took 3.149 seconds
[2025-11-05T07:25:06.136+0000] {processor.py:186} INFO - Started process (PID=338) to work on /opt/airflow/dags/__init__.py
[2025-11-05T07:25:06.929+0000] {processor.py:914} INFO - Processing file /opt/airflow/dags/__init__.py for tasks to queue
[2025-11-05T07:25:06.983+0000] {logging_mixin.py:190} INFO - [2025-11-05T07:25:06.968+0000] {dagbag.py:588} INFO - Filling up the DagBag from /opt/airflow/dags/__init__.py
[2025-11-05T07:25:08.131+0000] {processor.py:927} WARNING - No viable dags retrieved from /opt/airflow/dags/__init__.py
[2025-11-05T07:25:08.932+0000] {processor.py:208} INFO - Processing /opt/airflow/dags/__init__.py took 5.477 seconds
[2025-11-05T07:25:45.178+0000] {processor.py:186} INFO - Started process (PID=345) to work on /opt/airflow/dags/__init__.py
[2025-11-05T07:25:45.522+0000] {processor.py:914} INFO - Processing file /opt/airflow/dags/__init__.py for tasks to queue
[2025-11-05T07:25:45.907+0000] {logging_mixin.py:190} INFO - [2025-11-05T07:25:45.906+0000] {dagbag.py:588} INFO - Filling up the DagBag from /opt/airflow/dags/__init__.py
[2025-11-05T07:25:47.717+0000] {processor.py:927} WARNING - No viable dags retrieved from /opt/airflow/dags/__init__.py
[2025-11-05T07:25:48.562+0000] {processor.py:208} INFO - Processing /opt/airflow/dags/__init__.py took 5.331 seconds
[2025-11-05T07:26:20.919+0000] {processor.py:186} INFO - Started process (PID=353) to work on /opt/airflow/dags/__init__.py
[2025-11-05T07:26:21.065+0000] {processor.py:914} INFO - Processing file /opt/airflow/dags/__init__.py for tasks to queue
[2025-11-05T07:26:21.303+0000] {logging_mixin.py:190} INFO - [2025-11-05T07:26:21.158+0000] {dagbag.py:588} INFO - Filling up the DagBag from /opt/airflow/dags/__init__.py
[2025-11-05T07:26:21.685+0000] {processor.py:927} WARNING - No viable dags retrieved from /opt/airflow/dags/__init__.py
[2025-11-05T07:26:22.865+0000] {processor.py:208} INFO - Processing /opt/airflow/dags/__init__.py took 2.979 seconds
[2025-11-05T07:26:54.289+0000] {processor.py:186} INFO - Started process (PID=362) to work on /opt/airflow/dags/__init__.py
[2025-11-05T07:26:54.358+0000] {processor.py:914} INFO - Processing file /opt/airflow/dags/__init__.py for tasks to queue
[2025-11-05T07:26:54.395+0000] {logging_mixin.py:190} INFO - [2025-11-05T07:26:54.394+0000] {dagbag.py:588} INFO - Filling up the DagBag from /opt/airflow/dags/__init__.py
[2025-11-05T07:26:54.885+0000] {processor.py:927} WARNING - No viable dags retrieved from /opt/airflow/dags/__init__.py
[2025-11-05T07:26:55.457+0000] {processor.py:208} INFO - Processing /opt/airflow/dags/__init__.py took 1.532 seconds
[2025-11-05T07:27:26.951+0000] {processor.py:186} INFO - Started process (PID=370) to work on /opt/airflow/dags/__init__.py
[2025-11-05T07:27:27.051+0000] {processor.py:914} INFO - Processing file /opt/airflow/dags/__init__.py for tasks to queue
[2025-11-05T07:27:27.154+0000] {logging_mixin.py:190} INFO - [2025-11-05T07:27:27.103+0000] {dagbag.py:588} INFO - Filling up the DagBag from /opt/airflow/dags/__init__.py
[2025-11-05T07:27:27.968+0000] {processor.py:927} WARNING - No viable dags retrieved from /opt/airflow/dags/__init__.py
[2025-11-05T07:27:30.066+0000] {processor.py:208} INFO - Processing /opt/airflow/dags/__init__.py took 3.461 seconds
[2025-11-05T07:28:01.424+0000] {processor.py:186} INFO - Started process (PID=379) to work on /opt/airflow/dags/__init__.py
[2025-11-05T07:28:01.504+0000] {processor.py:914} INFO - Processing file /opt/airflow/dags/__init__.py for tasks to queue
[2025-11-05T07:28:01.686+0000] {logging_mixin.py:190} INFO - [2025-11-05T07:28:01.579+0000] {dagbag.py:588} INFO - Filling up the DagBag from /opt/airflow/dags/__init__.py
[2025-11-05T07:28:03.273+0000] {processor.py:927} WARNING - No viable dags retrieved from /opt/airflow/dags/__init__.py
[2025-11-05T07:28:04.260+0000] {processor.py:208} INFO - Processing /opt/airflow/dags/__init__.py took 3.854 seconds
[2025-11-05T07:28:49.281+0000] {processor.py:186} INFO - Started process (PID=387) to work on /opt/airflow/dags/__init__.py
[2025-11-05T07:28:49.327+0000] {processor.py:914} INFO - Processing file /opt/airflow/dags/__init__.py for tasks to queue
[2025-11-05T07:28:49.497+0000] {logging_mixin.py:190} INFO - [2025-11-05T07:28:49.370+0000] {dagbag.py:588} INFO - Filling up the DagBag from /opt/airflow/dags/__init__.py
[2025-11-05T07:28:50.148+0000] {processor.py:927} WARNING - No viable dags retrieved from /opt/airflow/dags/__init__.py
[2025-11-05T07:28:55.247+0000] {processor.py:208} INFO - Processing /opt/airflow/dags/__init__.py took 6.114 seconds
[2025-11-05T07:29:30.355+0000] {processor.py:186} INFO - Started process (PID=396) to work on /opt/airflow/dags/__init__.py
[2025-11-05T07:29:30.365+0000] {processor.py:914} INFO - Processing file /opt/airflow/dags/__init__.py for tasks to queue
[2025-11-05T07:29:30.378+0000] {logging_mixin.py:190} INFO - [2025-11-05T07:29:30.377+0000] {dagbag.py:588} INFO - Filling up the DagBag from /opt/airflow/dags/__init__.py
[2025-11-05T07:29:30.577+0000] {processor.py:927} WARNING - No viable dags retrieved from /opt/airflow/dags/__init__.py
[2025-11-05T07:29:34.503+0000] {processor.py:208} INFO - Processing /opt/airflow/dags/__init__.py took 4.481 seconds
[2025-11-05T07:30:32.998+0000] {processor.py:186} INFO - Started process (PID=403) to work on /opt/airflow/dags/__init__.py
[2025-11-05T07:30:33.087+0000] {processor.py:914} INFO - Processing file /opt/airflow/dags/__init__.py for tasks to queue
[2025-11-05T07:30:34.403+0000] {logging_mixin.py:190} INFO - [2025-11-05T07:30:33.535+0000] {dagbag.py:588} INFO - Filling up the DagBag from /opt/airflow/dags/__init__.py
[2025-11-05T07:30:43.312+0000] {processor.py:927} WARNING - No viable dags retrieved from /opt/airflow/dags/__init__.py
[2025-11-05T07:31:30.803+0000] {processor.py:208} INFO - Processing /opt/airflow/dags/__init__.py took 57.618 seconds
[2025-11-05T07:32:27.759+0000] {processor.py:186} INFO - Started process (PID=420) to work on /opt/airflow/dags/__init__.py
[2025-11-05T07:32:27.850+0000] {processor.py:914} INFO - Processing file /opt/airflow/dags/__init__.py for tasks to queue
[2025-11-05T07:32:27.966+0000] {logging_mixin.py:190} INFO - [2025-11-05T07:32:27.965+0000] {dagbag.py:588} INFO - Filling up the DagBag from /opt/airflow/dags/__init__.py
[2025-11-05T07:32:28.479+0000] {processor.py:927} WARNING - No viable dags retrieved from /opt/airflow/dags/__init__.py
[2025-11-05T07:32:29.433+0000] {processor.py:208} INFO - Processing /opt/airflow/dags/__init__.py took 1.908 seconds
[2025-11-05T07:33:01.570+0000] {processor.py:186} INFO - Started process (PID=427) to work on /opt/airflow/dags/__init__.py
[2025-11-05T07:33:01.573+0000] {processor.py:914} INFO - Processing file /opt/airflow/dags/__init__.py for tasks to queue
[2025-11-05T07:33:01.605+0000] {logging_mixin.py:190} INFO - [2025-11-05T07:33:01.604+0000] {dagbag.py:588} INFO - Filling up the DagBag from /opt/airflow/dags/__init__.py
[2025-11-05T07:33:01.790+0000] {processor.py:927} WARNING - No viable dags retrieved from /opt/airflow/dags/__init__.py
[2025-11-05T07:33:02.760+0000] {processor.py:208} INFO - Processing /opt/airflow/dags/__init__.py took 1.599 seconds
[2025-11-05T07:33:42.652+0000] {processor.py:186} INFO - Started process (PID=437) to work on /opt/airflow/dags/__init__.py
[2025-11-05T07:33:42.830+0000] {processor.py:914} INFO - Processing file /opt/airflow/dags/__init__.py for tasks to queue
[2025-11-05T07:33:43.153+0000] {logging_mixin.py:190} INFO - [2025-11-05T07:33:43.114+0000] {dagbag.py:588} INFO - Filling up the DagBag from /opt/airflow/dags/__init__.py
[2025-11-05T07:33:43.574+0000] {processor.py:927} WARNING - No viable dags retrieved from /opt/airflow/dags/__init__.py
[2025-11-05T07:33:45.432+0000] {processor.py:208} INFO - Processing /opt/airflow/dags/__init__.py took 2.892 seconds
[2025-11-05T07:35:05.927+0000] {processor.py:186} INFO - Started process (PID=446) to work on /opt/airflow/dags/__init__.py
[2025-11-05T07:35:05.968+0000] {processor.py:914} INFO - Processing file /opt/airflow/dags/__init__.py for tasks to queue
[2025-11-05T07:35:06.003+0000] {logging_mixin.py:190} INFO - [2025-11-05T07:35:06.001+0000] {dagbag.py:588} INFO - Filling up the DagBag from /opt/airflow/dags/__init__.py
[2025-11-05T07:35:07.074+0000] {processor.py:927} WARNING - No viable dags retrieved from /opt/airflow/dags/__init__.py
[2025-11-05T07:35:08.845+0000] {processor.py:208} INFO - Processing /opt/airflow/dags/__init__.py took 2.977 seconds
[2025-11-05T07:35:40.374+0000] {processor.py:186} INFO - Started process (PID=454) to work on /opt/airflow/dags/__init__.py
[2025-11-05T07:35:40.434+0000] {processor.py:914} INFO - Processing file /opt/airflow/dags/__init__.py for tasks to queue
[2025-11-05T07:35:40.507+0000] {logging_mixin.py:190} INFO - [2025-11-05T07:35:40.479+0000] {dagbag.py:588} INFO - Filling up the DagBag from /opt/airflow/dags/__init__.py
[2025-11-05T07:35:40.806+0000] {processor.py:927} WARNING - No viable dags retrieved from /opt/airflow/dags/__init__.py
[2025-11-05T07:35:41.965+0000] {processor.py:208} INFO - Processing /opt/airflow/dags/__init__.py took 2.028 seconds
[2025-11-05T07:36:33.349+0000] {processor.py:186} INFO - Started process (PID=463) to work on /opt/airflow/dags/__init__.py
[2025-11-05T07:36:33.361+0000] {processor.py:914} INFO - Processing file /opt/airflow/dags/__init__.py for tasks to queue
[2025-11-05T07:36:33.364+0000] {logging_mixin.py:190} INFO - [2025-11-05T07:36:33.364+0000] {dagbag.py:588} INFO - Filling up the DagBag from /opt/airflow/dags/__init__.py
[2025-11-05T07:36:33.479+0000] {processor.py:927} WARNING - No viable dags retrieved from /opt/airflow/dags/__init__.py
[2025-11-05T07:36:34.128+0000] {processor.py:208} INFO - Processing /opt/airflow/dags/__init__.py took 0.860 seconds
[2025-11-05T07:37:16.926+0000] {processor.py:186} INFO - Started process (PID=471) to work on /opt/airflow/dags/__init__.py
[2025-11-05T07:37:16.941+0000] {processor.py:914} INFO - Processing file /opt/airflow/dags/__init__.py for tasks to queue
[2025-11-05T07:37:17.001+0000] {logging_mixin.py:190} INFO - [2025-11-05T07:37:16.979+0000] {dagbag.py:588} INFO - Filling up the DagBag from /opt/airflow/dags/__init__.py
[2025-11-05T07:37:17.408+0000] {processor.py:927} WARNING - No viable dags retrieved from /opt/airflow/dags/__init__.py
[2025-11-05T07:37:21.485+0000] {processor.py:208} INFO - Processing /opt/airflow/dags/__init__.py took 5.313 seconds
[2025-11-05T07:37:54.261+0000] {processor.py:186} INFO - Started process (PID=480) to work on /opt/airflow/dags/__init__.py
[2025-11-05T07:37:54.301+0000] {processor.py:914} INFO - Processing file /opt/airflow/dags/__init__.py for tasks to queue
[2025-11-05T07:37:54.751+0000] {logging_mixin.py:190} INFO - [2025-11-05T07:37:54.452+0000] {dagbag.py:588} INFO - Filling up the DagBag from /opt/airflow/dags/__init__.py
[2025-11-05T07:37:55.116+0000] {processor.py:927} WARNING - No viable dags retrieved from /opt/airflow/dags/__init__.py
[2025-11-05T07:37:55.490+0000] {processor.py:208} INFO - Processing /opt/airflow/dags/__init__.py took 1.331 seconds
[2025-11-05T07:38:30.794+0000] {processor.py:186} INFO - Started process (PID=489) to work on /opt/airflow/dags/__init__.py
[2025-11-05T07:38:35.274+0000] {processor.py:914} INFO - Processing file /opt/airflow/dags/__init__.py for tasks to queue
[2025-11-05T07:38:35.506+0000] {logging_mixin.py:190} INFO - [2025-11-05T07:38:35.463+0000] {dagbag.py:588} INFO - Filling up the DagBag from /opt/airflow/dags/__init__.py
[2025-11-05T07:38:39.097+0000] {processor.py:927} WARNING - No viable dags retrieved from /opt/airflow/dags/__init__.py
[2025-11-05T07:38:42.203+0000] {processor.py:208} INFO - Processing /opt/airflow/dags/__init__.py took 14.423 seconds
[2025-11-05T07:39:42.780+0000] {processor.py:186} INFO - Started process (PID=496) to work on /opt/airflow/dags/__init__.py
[2025-11-05T07:39:43.064+0000] {processor.py:914} INFO - Processing file /opt/airflow/dags/__init__.py for tasks to queue
[2025-11-05T07:39:44.422+0000] {logging_mixin.py:190} INFO - [2025-11-05T07:39:43.969+0000] {dagbag.py:588} INFO - Filling up the DagBag from /opt/airflow/dags/__init__.py
[2025-11-05T07:39:46.837+0000] {processor.py:927} WARNING - No viable dags retrieved from /opt/airflow/dags/__init__.py
[2025-11-05T07:39:49.657+0000] {processor.py:208} INFO - Processing /opt/airflow/dags/__init__.py took 15.860 seconds
[2025-11-05T07:40:34.569+0000] {processor.py:186} INFO - Started process (PID=511) to work on /opt/airflow/dags/__init__.py
[2025-11-05T07:40:34.601+0000] {processor.py:914} INFO - Processing file /opt/airflow/dags/__init__.py for tasks to queue
[2025-11-05T07:40:34.668+0000] {logging_mixin.py:190} INFO - [2025-11-05T07:40:34.630+0000] {dagbag.py:588} INFO - Filling up the DagBag from /opt/airflow/dags/__init__.py
[2025-11-05T07:40:36.212+0000] {processor.py:927} WARNING - No viable dags retrieved from /opt/airflow/dags/__init__.py
[2025-11-05T07:40:39.081+0000] {processor.py:208} INFO - Processing /opt/airflow/dags/__init__.py took 14.656 seconds
[2025-11-05T07:41:18.871+0000] {processor.py:186} INFO - Started process (PID=522) to work on /opt/airflow/dags/__init__.py
[2025-11-05T07:41:19.154+0000] {processor.py:914} INFO - Processing file /opt/airflow/dags/__init__.py for tasks to queue
[2025-11-05T07:41:24.089+0000] {logging_mixin.py:190} INFO - [2025-11-05T07:41:23.972+0000] {dagbag.py:588} INFO - Filling up the DagBag from /opt/airflow/dags/__init__.py
[2025-11-05T07:41:25.727+0000] {processor.py:927} WARNING - No viable dags retrieved from /opt/airflow/dags/__init__.py
[2025-11-05T07:41:32.502+0000] {processor.py:208} INFO - Processing /opt/airflow/dags/__init__.py took 16.402 seconds
[2025-11-05T07:42:05.023+0000] {processor.py:186} INFO - Started process (PID=529) to work on /opt/airflow/dags/__init__.py
[2025-11-05T07:42:05.177+0000] {processor.py:914} INFO - Processing file /opt/airflow/dags/__init__.py for tasks to queue
[2025-11-05T07:42:05.772+0000] {logging_mixin.py:190} INFO - [2025-11-05T07:42:05.611+0000] {dagbag.py:588} INFO - Filling up the DagBag from /opt/airflow/dags/__init__.py
[2025-11-05T07:42:06.866+0000] {processor.py:927} WARNING - No viable dags retrieved from /opt/airflow/dags/__init__.py
[2025-11-05T07:42:07.345+0000] {processor.py:208} INFO - Processing /opt/airflow/dags/__init__.py took 3.846 seconds
[2025-11-05T07:42:39.612+0000] {processor.py:186} INFO - Started process (PID=539) to work on /opt/airflow/dags/__init__.py
[2025-11-05T07:42:41.729+0000] {processor.py:914} INFO - Processing file /opt/airflow/dags/__init__.py for tasks to queue
[2025-11-05T07:42:42.606+0000] {logging_mixin.py:190} INFO - [2025-11-05T07:42:42.430+0000] {dagbag.py:588} INFO - Filling up the DagBag from /opt/airflow/dags/__init__.py
[2025-11-05T07:42:45.188+0000] {processor.py:927} WARNING - No viable dags retrieved from /opt/airflow/dags/__init__.py
[2025-11-05T07:42:54.818+0000] {processor.py:208} INFO - Processing /opt/airflow/dags/__init__.py took 12.361 seconds
[2025-11-05T07:43:37.519+0000] {processor.py:186} INFO - Started process (PID=546) to work on /opt/airflow/dags/__init__.py
[2025-11-05T07:43:37.609+0000] {processor.py:914} INFO - Processing file /opt/airflow/dags/__init__.py for tasks to queue
[2025-11-05T07:43:37.990+0000] {logging_mixin.py:190} INFO - [2025-11-05T07:43:37.833+0000] {dagbag.py:588} INFO - Filling up the DagBag from /opt/airflow/dags/__init__.py
[2025-11-05T07:43:39.286+0000] {processor.py:927} WARNING - No viable dags retrieved from /opt/airflow/dags/__init__.py
[2025-11-05T07:43:42.090+0000] {processor.py:208} INFO - Processing /opt/airflow/dags/__init__.py took 10.755 seconds
[2025-11-05T07:44:14.790+0000] {processor.py:186} INFO - Started process (PID=555) to work on /opt/airflow/dags/__init__.py
[2025-11-05T07:44:14.872+0000] {processor.py:914} INFO - Processing file /opt/airflow/dags/__init__.py for tasks to queue
[2025-11-05T07:44:15.319+0000] {logging_mixin.py:190} INFO - [2025-11-05T07:44:15.066+0000] {dagbag.py:588} INFO - Filling up the DagBag from /opt/airflow/dags/__init__.py
[2025-11-05T07:44:17.103+0000] {processor.py:927} WARNING - No viable dags retrieved from /opt/airflow/dags/__init__.py
[2025-11-05T07:44:23.892+0000] {processor.py:208} INFO - Processing /opt/airflow/dags/__init__.py took 10.618 seconds
[2025-11-05T07:44:58.881+0000] {processor.py:186} INFO - Started process (PID=564) to work on /opt/airflow/dags/__init__.py
[2025-11-05T07:44:59.021+0000] {processor.py:914} INFO - Processing file /opt/airflow/dags/__init__.py for tasks to queue
[2025-11-05T07:44:59.622+0000] {logging_mixin.py:190} INFO - [2025-11-05T07:44:59.117+0000] {dagbag.py:588} INFO - Filling up the DagBag from /opt/airflow/dags/__init__.py
[2025-11-05T07:45:01.508+0000] {processor.py:927} WARNING - No viable dags retrieved from /opt/airflow/dags/__init__.py
[2025-11-05T07:45:06.858+0000] {processor.py:208} INFO - Processing /opt/airflow/dags/__init__.py took 7.695 seconds
[2025-11-05T07:45:47.901+0000] {processor.py:186} INFO - Started process (PID=574) to work on /opt/airflow/dags/__init__.py
[2025-11-05T07:45:48.031+0000] {processor.py:914} INFO - Processing file /opt/airflow/dags/__init__.py for tasks to queue
[2025-11-05T07:45:48.257+0000] {logging_mixin.py:190} INFO - [2025-11-05T07:45:48.124+0000] {dagbag.py:588} INFO - Filling up the DagBag from /opt/airflow/dags/__init__.py
[2025-11-05T07:45:48.971+0000] {processor.py:927} WARNING - No viable dags retrieved from /opt/airflow/dags/__init__.py
[2025-11-05T07:45:52.728+0000] {processor.py:208} INFO - Processing /opt/airflow/dags/__init__.py took 6.129 seconds
[2025-11-05T07:46:34.275+0000] {processor.py:186} INFO - Started process (PID=581) to work on /opt/airflow/dags/__init__.py
[2025-11-05T07:46:34.486+0000] {processor.py:914} INFO - Processing file /opt/airflow/dags/__init__.py for tasks to queue
[2025-11-05T07:46:35.595+0000] {logging_mixin.py:190} INFO - [2025-11-05T07:46:35.549+0000] {dagbag.py:588} INFO - Filling up the DagBag from /opt/airflow/dags/__init__.py
[2025-11-05T07:46:39.928+0000] {processor.py:927} WARNING - No viable dags retrieved from /opt/airflow/dags/__init__.py
[2025-11-05T07:46:42.459+0000] {processor.py:208} INFO - Processing /opt/airflow/dags/__init__.py took 14.276 seconds
[2025-11-05T07:47:24.910+0000] {processor.py:186} INFO - Started process (PID=591) to work on /opt/airflow/dags/__init__.py
[2025-11-05T07:47:26.485+0000] {processor.py:914} INFO - Processing file /opt/airflow/dags/__init__.py for tasks to queue
[2025-11-05T07:47:27.260+0000] {logging_mixin.py:190} INFO - [2025-11-05T07:47:26.819+0000] {dagbag.py:588} INFO - Filling up the DagBag from /opt/airflow/dags/__init__.py
[2025-11-05T07:47:28.534+0000] {processor.py:927} WARNING - No viable dags retrieved from /opt/airflow/dags/__init__.py
[2025-11-05T07:47:32.775+0000] {processor.py:208} INFO - Processing /opt/airflow/dags/__init__.py took 13.529 seconds
[2025-11-05T07:48:06.946+0000] {processor.py:186} INFO - Started process (PID=599) to work on /opt/airflow/dags/__init__.py
[2025-11-05T07:48:07.008+0000] {processor.py:914} INFO - Processing file /opt/airflow/dags/__init__.py for tasks to queue
[2025-11-05T07:48:07.144+0000] {logging_mixin.py:190} INFO - [2025-11-05T07:48:07.105+0000] {dagbag.py:588} INFO - Filling up the DagBag from /opt/airflow/dags/__init__.py
[2025-11-05T07:48:08.408+0000] {processor.py:927} WARNING - No viable dags retrieved from /opt/airflow/dags/__init__.py
[2025-11-05T07:48:11.806+0000] {processor.py:208} INFO - Processing /opt/airflow/dags/__init__.py took 6.405 seconds
[2025-11-05T07:48:45.502+0000] {processor.py:186} INFO - Started process (PID=609) to work on /opt/airflow/dags/__init__.py
[2025-11-05T07:48:45.511+0000] {processor.py:914} INFO - Processing file /opt/airflow/dags/__init__.py for tasks to queue
[2025-11-05T07:48:45.540+0000] {logging_mixin.py:190} INFO - [2025-11-05T07:48:45.518+0000] {dagbag.py:588} INFO - Filling up the DagBag from /opt/airflow/dags/__init__.py
[2025-11-05T07:48:45.885+0000] {processor.py:927} WARNING - No viable dags retrieved from /opt/airflow/dags/__init__.py
[2025-11-05T07:48:46.177+0000] {processor.py:208} INFO - Processing /opt/airflow/dags/__init__.py took 2.218 seconds
[2025-11-05T07:49:20.292+0000] {processor.py:186} INFO - Started process (PID=618) to work on /opt/airflow/dags/__init__.py
[2025-11-05T07:49:20.521+0000] {processor.py:914} INFO - Processing file /opt/airflow/dags/__init__.py for tasks to queue
[2025-11-05T07:49:20.722+0000] {logging_mixin.py:190} INFO - [2025-11-05T07:49:20.643+0000] {dagbag.py:588} INFO - Filling up the DagBag from /opt/airflow/dags/__init__.py
[2025-11-05T07:49:20.923+0000] {processor.py:927} WARNING - No viable dags retrieved from /opt/airflow/dags/__init__.py
[2025-11-05T07:49:21.796+0000] {processor.py:208} INFO - Processing /opt/airflow/dags/__init__.py took 2.602 seconds
[2025-11-05T07:49:58.782+0000] {processor.py:186} INFO - Started process (PID=626) to work on /opt/airflow/dags/__init__.py
[2025-11-05T07:49:58.847+0000] {processor.py:914} INFO - Processing file /opt/airflow/dags/__init__.py for tasks to queue
[2025-11-05T07:49:59.661+0000] {logging_mixin.py:190} INFO - [2025-11-05T07:49:59.256+0000] {dagbag.py:588} INFO - Filling up the DagBag from /opt/airflow/dags/__init__.py
[2025-11-05T07:50:00.286+0000] {processor.py:927} WARNING - No viable dags retrieved from /opt/airflow/dags/__init__.py
[2025-11-05T07:50:00.558+0000] {processor.py:208} INFO - Processing /opt/airflow/dags/__init__.py took 5.244 seconds
[2025-11-05T07:50:36.378+0000] {processor.py:186} INFO - Started process (PID=635) to work on /opt/airflow/dags/__init__.py
[2025-11-05T07:50:36.508+0000] {processor.py:914} INFO - Processing file /opt/airflow/dags/__init__.py for tasks to queue
[2025-11-05T07:50:36.564+0000] {logging_mixin.py:190} INFO - [2025-11-05T07:50:36.562+0000] {dagbag.py:588} INFO - Filling up the DagBag from /opt/airflow/dags/__init__.py
[2025-11-05T07:50:37.675+0000] {processor.py:927} WARNING - No viable dags retrieved from /opt/airflow/dags/__init__.py
[2025-11-05T07:50:42.691+0000] {processor.py:208} INFO - Processing /opt/airflow/dags/__init__.py took 3.579 seconds
[2025-11-05T07:51:18.771+0000] {processor.py:186} INFO - Started process (PID=644) to work on /opt/airflow/dags/__init__.py
[2025-11-05T07:51:18.837+0000] {processor.py:914} INFO - Processing file /opt/airflow/dags/__init__.py for tasks to queue
[2025-11-05T07:51:18.959+0000] {logging_mixin.py:190} INFO - [2025-11-05T07:51:18.923+0000] {dagbag.py:588} INFO - Filling up the DagBag from /opt/airflow/dags/__init__.py
[2025-11-05T07:51:19.263+0000] {processor.py:927} WARNING - No viable dags retrieved from /opt/airflow/dags/__init__.py
[2025-11-05T07:51:23.362+0000] {processor.py:208} INFO - Processing /opt/airflow/dags/__init__.py took 4.945 seconds
[2025-11-05T07:51:56.557+0000] {processor.py:186} INFO - Started process (PID=653) to work on /opt/airflow/dags/__init__.py
[2025-11-05T07:51:56.619+0000] {processor.py:914} INFO - Processing file /opt/airflow/dags/__init__.py for tasks to queue
[2025-11-05T07:51:56.653+0000] {logging_mixin.py:190} INFO - [2025-11-05T07:51:56.641+0000] {dagbag.py:588} INFO - Filling up the DagBag from /opt/airflow/dags/__init__.py
[2025-11-05T07:51:56.903+0000] {processor.py:927} WARNING - No viable dags retrieved from /opt/airflow/dags/__init__.py
[2025-11-05T07:51:57.773+0000] {processor.py:208} INFO - Processing /opt/airflow/dags/__init__.py took 2.332 seconds
[2025-11-05T07:52:33.933+0000] {processor.py:186} INFO - Started process (PID=664) to work on /opt/airflow/dags/__init__.py
[2025-11-05T07:52:33.941+0000] {processor.py:914} INFO - Processing file /opt/airflow/dags/__init__.py for tasks to queue
[2025-11-05T07:52:34.520+0000] {logging_mixin.py:190} INFO - [2025-11-05T07:52:34.484+0000] {dagbag.py:588} INFO - Filling up the DagBag from /opt/airflow/dags/__init__.py
[2025-11-05T07:52:37.674+0000] {processor.py:927} WARNING - No viable dags retrieved from /opt/airflow/dags/__init__.py
[2025-11-05T07:52:43.873+0000] {processor.py:208} INFO - Processing /opt/airflow/dags/__init__.py took 11.912 seconds
[2025-11-05T07:53:40.913+0000] {processor.py:186} INFO - Started process (PID=674) to work on /opt/airflow/dags/__init__.py
[2025-11-05T07:53:40.992+0000] {processor.py:914} INFO - Processing file /opt/airflow/dags/__init__.py for tasks to queue
[2025-11-05T07:53:41.156+0000] {logging_mixin.py:190} INFO - [2025-11-05T07:53:41.115+0000] {dagbag.py:588} INFO - Filling up the DagBag from /opt/airflow/dags/__init__.py
[2025-11-05T07:53:41.740+0000] {processor.py:927} WARNING - No viable dags retrieved from /opt/airflow/dags/__init__.py
[2025-11-05T07:53:43.500+0000] {processor.py:208} INFO - Processing /opt/airflow/dags/__init__.py took 6.797 seconds
[2025-11-05T07:54:28.645+0000] {processor.py:186} INFO - Started process (PID=689) to work on /opt/airflow/dags/__init__.py
[2025-11-05T07:54:28.664+0000] {processor.py:914} INFO - Processing file /opt/airflow/dags/__init__.py for tasks to queue
[2025-11-05T07:54:30.702+0000] {logging_mixin.py:190} INFO - [2025-11-05T07:54:30.696+0000] {dagbag.py:588} INFO - Filling up the DagBag from /opt/airflow/dags/__init__.py
[2025-11-05T07:54:37.059+0000] {processor.py:927} WARNING - No viable dags retrieved from /opt/airflow/dags/__init__.py
[2025-11-05T07:54:47.758+0000] {processor.py:208} INFO - Processing /opt/airflow/dags/__init__.py took 16.493 seconds
[2025-11-05T07:55:19.189+0000] {processor.py:186} INFO - Started process (PID=697) to work on /opt/airflow/dags/__init__.py
[2025-11-05T07:55:19.220+0000] {processor.py:914} INFO - Processing file /opt/airflow/dags/__init__.py for tasks to queue
[2025-11-05T07:55:19.270+0000] {logging_mixin.py:190} INFO - [2025-11-05T07:55:19.269+0000] {dagbag.py:588} INFO - Filling up the DagBag from /opt/airflow/dags/__init__.py
[2025-11-05T07:55:19.527+0000] {processor.py:927} WARNING - No viable dags retrieved from /opt/airflow/dags/__init__.py
[2025-11-05T07:55:19.749+0000] {processor.py:208} INFO - Processing /opt/airflow/dags/__init__.py took 0.749 seconds
[2025-11-05T07:55:53.148+0000] {processor.py:186} INFO - Started process (PID=706) to work on /opt/airflow/dags/__init__.py
[2025-11-05T07:55:53.240+0000] {processor.py:914} INFO - Processing file /opt/airflow/dags/__init__.py for tasks to queue
[2025-11-05T07:55:53.294+0000] {logging_mixin.py:190} INFO - [2025-11-05T07:55:53.286+0000] {dagbag.py:588} INFO - Filling up the DagBag from /opt/airflow/dags/__init__.py
[2025-11-05T07:55:53.517+0000] {processor.py:927} WARNING - No viable dags retrieved from /opt/airflow/dags/__init__.py
[2025-11-05T07:55:54.317+0000] {processor.py:208} INFO - Processing /opt/airflow/dags/__init__.py took 1.951 seconds
[2025-11-05T07:56:26.746+0000] {processor.py:186} INFO - Started process (PID=714) to work on /opt/airflow/dags/__init__.py
[2025-11-05T07:56:26.767+0000] {processor.py:914} INFO - Processing file /opt/airflow/dags/__init__.py for tasks to queue
[2025-11-05T07:56:26.844+0000] {logging_mixin.py:190} INFO - [2025-11-05T07:56:26.820+0000] {dagbag.py:588} INFO - Filling up the DagBag from /opt/airflow/dags/__init__.py
[2025-11-05T07:56:27.095+0000] {processor.py:927} WARNING - No viable dags retrieved from /opt/airflow/dags/__init__.py
[2025-11-05T07:56:27.534+0000] {processor.py:208} INFO - Processing /opt/airflow/dags/__init__.py took 1.383 seconds
[2025-11-05T07:57:02.745+0000] {processor.py:186} INFO - Started process (PID=717) to work on /opt/airflow/dags/__init__.py
[2025-11-05T07:57:03.145+0000] {processor.py:914} INFO - Processing file /opt/airflow/dags/__init__.py for tasks to queue
[2025-11-05T07:57:03.718+0000] {logging_mixin.py:190} INFO - [2025-11-05T07:57:03.666+0000] {dagbag.py:588} INFO - Filling up the DagBag from /opt/airflow/dags/__init__.py
[2025-11-05T07:57:04.588+0000] {processor.py:927} WARNING - No viable dags retrieved from /opt/airflow/dags/__init__.py
[2025-11-05T07:57:06.481+0000] {processor.py:208} INFO - Processing /opt/airflow/dags/__init__.py took 7.588 seconds
[2025-11-05T07:57:37.977+0000] {processor.py:186} INFO - Started process (PID=726) to work on /opt/airflow/dags/__init__.py
[2025-11-05T07:57:37.992+0000] {processor.py:914} INFO - Processing file /opt/airflow/dags/__init__.py for tasks to queue
[2025-11-05T07:57:38.115+0000] {logging_mixin.py:190} INFO - [2025-11-05T07:57:38.074+0000] {dagbag.py:588} INFO - Filling up the DagBag from /opt/airflow/dags/__init__.py
[2025-11-05T07:57:40.578+0000] {processor.py:927} WARNING - No viable dags retrieved from /opt/airflow/dags/__init__.py
[2025-11-05T07:57:45.547+0000] {processor.py:208} INFO - Processing /opt/airflow/dags/__init__.py took 8.065 seconds
[2025-11-05T07:58:24.565+0000] {processor.py:186} INFO - Started process (PID=735) to work on /opt/airflow/dags/__init__.py
[2025-11-05T07:58:24.850+0000] {processor.py:914} INFO - Processing file /opt/airflow/dags/__init__.py for tasks to queue
[2025-11-05T07:58:25.147+0000] {logging_mixin.py:190} INFO - [2025-11-05T07:58:24.998+0000] {dagbag.py:588} INFO - Filling up the DagBag from /opt/airflow/dags/__init__.py
[2025-11-05T07:58:26.120+0000] {processor.py:927} WARNING - No viable dags retrieved from /opt/airflow/dags/__init__.py
[2025-11-05T07:58:30.751+0000] {processor.py:208} INFO - Processing /opt/airflow/dags/__init__.py took 6.822 seconds
[2025-11-05T07:59:10.576+0000] {processor.py:186} INFO - Started process (PID=743) to work on /opt/airflow/dags/__init__.py
[2025-11-05T07:59:10.713+0000] {processor.py:914} INFO - Processing file /opt/airflow/dags/__init__.py for tasks to queue
[2025-11-05T07:59:11.741+0000] {logging_mixin.py:190} INFO - [2025-11-05T07:59:10.817+0000] {dagbag.py:588} INFO - Filling up the DagBag from /opt/airflow/dags/__init__.py
[2025-11-05T07:59:13.716+0000] {processor.py:927} WARNING - No viable dags retrieved from /opt/airflow/dags/__init__.py
[2025-11-05T07:59:23.805+0000] {processor.py:208} INFO - Processing /opt/airflow/dags/__init__.py took 15.056 seconds
[2025-11-05T07:59:58.701+0000] {processor.py:186} INFO - Started process (PID=757) to work on /opt/airflow/dags/__init__.py
[2025-11-05T07:59:58.761+0000] {processor.py:914} INFO - Processing file /opt/airflow/dags/__init__.py for tasks to queue
[2025-11-05T07:59:58.783+0000] {logging_mixin.py:190} INFO - [2025-11-05T07:59:58.780+0000] {dagbag.py:588} INFO - Filling up the DagBag from /opt/airflow/dags/__init__.py
[2025-11-05T07:59:58.891+0000] {processor.py:927} WARNING - No viable dags retrieved from /opt/airflow/dags/__init__.py
[2025-11-05T07:59:59.202+0000] {processor.py:208} INFO - Processing /opt/airflow/dags/__init__.py took 0.707 seconds
[2025-11-05T08:01:05.017+0000] {processor.py:186} INFO - Started process (PID=767) to work on /opt/airflow/dags/__init__.py
[2025-11-05T08:01:05.733+0000] {processor.py:914} INFO - Processing file /opt/airflow/dags/__init__.py for tasks to queue
[2025-11-05T08:01:08.289+0000] {logging_mixin.py:190} INFO - [2025-11-05T08:01:06.043+0000] {dagbag.py:588} INFO - Filling up the DagBag from /opt/airflow/dags/__init__.py
[2025-11-05T08:01:11.123+0000] {processor.py:927} WARNING - No viable dags retrieved from /opt/airflow/dags/__init__.py
[2025-11-05T08:01:15.428+0000] {processor.py:208} INFO - Processing /opt/airflow/dags/__init__.py took 24.266 seconds
[2025-11-05T08:01:48.803+0000] {processor.py:186} INFO - Started process (PID=776) to work on /opt/airflow/dags/__init__.py
[2025-11-05T08:01:48.833+0000] {processor.py:914} INFO - Processing file /opt/airflow/dags/__init__.py for tasks to queue
[2025-11-05T08:01:48.840+0000] {logging_mixin.py:190} INFO - [2025-11-05T08:01:48.839+0000] {dagbag.py:588} INFO - Filling up the DagBag from /opt/airflow/dags/__init__.py
[2025-11-05T08:01:49.161+0000] {processor.py:927} WARNING - No viable dags retrieved from /opt/airflow/dags/__init__.py
[2025-11-05T08:01:49.619+0000] {processor.py:208} INFO - Processing /opt/airflow/dags/__init__.py took 1.169 seconds
[2025-11-05T08:02:21.421+0000] {processor.py:186} INFO - Started process (PID=785) to work on /opt/airflow/dags/__init__.py
[2025-11-05T08:02:21.458+0000] {processor.py:914} INFO - Processing file /opt/airflow/dags/__init__.py for tasks to queue
[2025-11-05T08:02:21.642+0000] {logging_mixin.py:190} INFO - [2025-11-05T08:02:21.603+0000] {dagbag.py:588} INFO - Filling up the DagBag from /opt/airflow/dags/__init__.py
[2025-11-05T08:02:22.195+0000] {processor.py:927} WARNING - No viable dags retrieved from /opt/airflow/dags/__init__.py
[2025-11-05T08:02:26.093+0000] {processor.py:208} INFO - Processing /opt/airflow/dags/__init__.py took 5.111 seconds
[2025-11-05T08:02:58.947+0000] {processor.py:186} INFO - Started process (PID=793) to work on /opt/airflow/dags/__init__.py
[2025-11-05T08:02:58.970+0000] {processor.py:914} INFO - Processing file /opt/airflow/dags/__init__.py for tasks to queue
[2025-11-05T08:02:59.077+0000] {logging_mixin.py:190} INFO - [2025-11-05T08:02:59.047+0000] {dagbag.py:588} INFO - Filling up the DagBag from /opt/airflow/dags/__init__.py
[2025-11-05T08:02:59.418+0000] {processor.py:927} WARNING - No viable dags retrieved from /opt/airflow/dags/__init__.py
[2025-11-05T08:03:01.410+0000] {processor.py:208} INFO - Processing /opt/airflow/dags/__init__.py took 4.013 seconds
[2025-11-05T08:07:42.294+0000] {processor.py:186} INFO - Started process (PID=796) to work on /opt/airflow/dags/__init__.py
[2025-11-05T08:07:42.446+0000] {processor.py:914} INFO - Processing file /opt/airflow/dags/__init__.py for tasks to queue
[2025-11-05T08:07:42.934+0000] {logging_mixin.py:190} INFO - [2025-11-05T08:07:42.804+0000] {dagbag.py:588} INFO - Filling up the DagBag from /opt/airflow/dags/__init__.py
[2025-11-05T08:07:44.064+0000] {processor.py:927} WARNING - No viable dags retrieved from /opt/airflow/dags/__init__.py
[2025-11-05T08:08:24.596+0000] {processor.py:186} INFO - Started process (PID=805) to work on /opt/airflow/dags/__init__.py
[2025-11-05T08:08:25.842+0000] {processor.py:914} INFO - Processing file /opt/airflow/dags/__init__.py for tasks to queue
[2025-11-05T08:08:27.115+0000] {logging_mixin.py:190} INFO - [2025-11-05T08:08:26.774+0000] {dagbag.py:588} INFO - Filling up the DagBag from /opt/airflow/dags/__init__.py
[2025-11-05T08:08:29.174+0000] {processor.py:927} WARNING - No viable dags retrieved from /opt/airflow/dags/__init__.py
[2025-11-05T08:08:34.338+0000] {processor.py:208} INFO - Processing /opt/airflow/dags/__init__.py took 16.633 seconds
[2025-11-05T08:09:12.168+0000] {processor.py:186} INFO - Started process (PID=814) to work on /opt/airflow/dags/__init__.py
[2025-11-05T08:09:12.295+0000] {processor.py:914} INFO - Processing file /opt/airflow/dags/__init__.py for tasks to queue
[2025-11-05T08:09:12.499+0000] {logging_mixin.py:190} INFO - [2025-11-05T08:09:12.405+0000] {dagbag.py:588} INFO - Filling up the DagBag from /opt/airflow/dags/__init__.py
[2025-11-05T08:09:13.074+0000] {processor.py:927} WARNING - No viable dags retrieved from /opt/airflow/dags/__init__.py
[2025-11-05T08:09:14.638+0000] {processor.py:208} INFO - Processing /opt/airflow/dags/__init__.py took 4.095 seconds
[2025-11-05T08:09:46.087+0000] {processor.py:186} INFO - Started process (PID=822) to work on /opt/airflow/dags/__init__.py
[2025-11-05T08:09:46.151+0000] {processor.py:914} INFO - Processing file /opt/airflow/dags/__init__.py for tasks to queue
[2025-11-05T08:09:46.203+0000] {logging_mixin.py:190} INFO - [2025-11-05T08:09:46.202+0000] {dagbag.py:588} INFO - Filling up the DagBag from /opt/airflow/dags/__init__.py
[2025-11-05T08:09:46.379+0000] {processor.py:927} WARNING - No viable dags retrieved from /opt/airflow/dags/__init__.py
[2025-11-05T08:09:46.741+0000] {processor.py:208} INFO - Processing /opt/airflow/dags/__init__.py took 0.832 seconds
[2025-11-05T08:10:41.766+0000] {processor.py:186} INFO - Started process (PID=824) to work on /opt/airflow/dags/__init__.py
[2025-11-05T08:10:41.839+0000] {processor.py:914} INFO - Processing file /opt/airflow/dags/__init__.py for tasks to queue
[2025-11-05T08:10:42.439+0000] {logging_mixin.py:190} INFO - [2025-11-05T08:10:42.233+0000] {dagbag.py:588} INFO - Filling up the DagBag from /opt/airflow/dags/__init__.py
[2025-11-05T08:10:45.273+0000] {processor.py:927} WARNING - No viable dags retrieved from /opt/airflow/dags/__init__.py
[2025-11-05T08:10:58.421+0000] {processor.py:211} ERROR - Got an exception! Propagating...
Traceback (most recent call last):
  File "/home/airflow/.local/lib/python3.12/site-packages/sqlalchemy/engine/base.py", line 3371, in _wrap_pool_connect
    return fn()
           ^^^^
  File "/home/airflow/.local/lib/python3.12/site-packages/sqlalchemy/pool/base.py", line 327, in connect
    return _ConnectionFairy._checkout(self)
           ^^^^^^^^^^^^^^^^^^^^^^^^^^^^^^^^
  File "/home/airflow/.local/lib/python3.12/site-packages/sqlalchemy/pool/base.py", line 894, in _checkout
    fairy = _ConnectionRecord.checkout(pool)
            ^^^^^^^^^^^^^^^^^^^^^^^^^^^^^^^^
  File "/home/airflow/.local/lib/python3.12/site-packages/sqlalchemy/pool/base.py", line 493, in checkout
    rec = pool._do_get()
          ^^^^^^^^^^^^^^
  File "/home/airflow/.local/lib/python3.12/site-packages/sqlalchemy/pool/impl.py", line 145, in _do_get
    with util.safe_reraise():
         ^^^^^^^^^^^^^^^^^^^
  File "/home/airflow/.local/lib/python3.12/site-packages/sqlalchemy/util/langhelpers.py", line 70, in __exit__
    compat.raise_(
  File "/home/airflow/.local/lib/python3.12/site-packages/sqlalchemy/util/compat.py", line 211, in raise_
    raise exception
  File "/home/airflow/.local/lib/python3.12/site-packages/sqlalchemy/pool/impl.py", line 143, in _do_get
    return self._create_connection()
           ^^^^^^^^^^^^^^^^^^^^^^^^^
  File "/home/airflow/.local/lib/python3.12/site-packages/sqlalchemy/pool/base.py", line 273, in _create_connection
    return _ConnectionRecord(self)
           ^^^^^^^^^^^^^^^^^^^^^^^
  File "/home/airflow/.local/lib/python3.12/site-packages/sqlalchemy/pool/base.py", line 388, in __init__
    self.__connect()
  File "/home/airflow/.local/lib/python3.12/site-packages/sqlalchemy/pool/base.py", line 690, in __connect
    with util.safe_reraise():
         ^^^^^^^^^^^^^^^^^^^
  File "/home/airflow/.local/lib/python3.12/site-packages/sqlalchemy/util/langhelpers.py", line 70, in __exit__
    compat.raise_(
  File "/home/airflow/.local/lib/python3.12/site-packages/sqlalchemy/util/compat.py", line 211, in raise_
    raise exception
  File "/home/airflow/.local/lib/python3.12/site-packages/sqlalchemy/pool/base.py", line 686, in __connect
    self.dbapi_connection = connection = pool._invoke_creator(self)
                                         ^^^^^^^^^^^^^^^^^^^^^^^^^^
  File "/home/airflow/.local/lib/python3.12/site-packages/sqlalchemy/engine/create.py", line 574, in connect
    return dialect.connect(*cargs, **cparams)
           ^^^^^^^^^^^^^^^^^^^^^^^^^^^^^^^^^^
  File "/home/airflow/.local/lib/python3.12/site-packages/sqlalchemy/engine/default.py", line 598, in connect
    return self.dbapi.connect(*cargs, **cparams)
           ^^^^^^^^^^^^^^^^^^^^^^^^^^^^^^^^^^^^^
  File "/home/airflow/.local/lib/python3.12/site-packages/psycopg2/__init__.py", line 122, in connect
    conn = _connect(dsn, connection_factory=connection_factory, **kwasync)
           ^^^^^^^^^^^^^^^^^^^^^^^^^^^^^^^^^^^^^^^^^^^^^^^^^^^^^^^^^^^^^^^
psycopg2.OperationalError: could not translate host name "postgres" to address: Temporary failure in name resolution


The above exception was the direct cause of the following exception:

Traceback (most recent call last):
  File "/home/airflow/.local/lib/python3.12/site-packages/airflow/dag_processing/processor.py", line 207, in _run_file_processor
    _handle_dag_file_processing()
  File "/home/airflow/.local/lib/python3.12/site-packages/airflow/dag_processing/processor.py", line 188, in _handle_dag_file_processing
    result: tuple[int, int, int] = dag_file_processor.process_file(
                                   ^^^^^^^^^^^^^^^^^^^^^^^^^^^^^^^^
  File "/home/airflow/.local/lib/python3.12/site-packages/airflow/utils/session.py", line 97, in wrapper
    return func(*args, session=session, **kwargs)
           ^^^^^^^^^^^^^^^^^^^^^^^^^^^^^^^^^^^^^^
  File "/home/airflow/.local/lib/python3.12/site-packages/airflow/dag_processing/processor.py", line 928, in process_file
    DagFileProcessor.update_import_errors(
  File "/home/airflow/.local/lib/python3.12/site-packages/airflow/api_internal/internal_api_call.py", line 166, in wrapper
    return func(*args, **kwargs)
           ^^^^^^^^^^^^^^^^^^^^^
  File "/home/airflow/.local/lib/python3.12/site-packages/airflow/utils/session.py", line 97, in wrapper
    return func(*args, session=session, **kwargs)
           ^^^^^^^^^^^^^^^^^^^^^^^^^^^^^^^^^^^^^^
  File "/home/airflow/.local/lib/python3.12/site-packages/airflow/dag_processing/processor.py", line 641, in update_import_errors
    session.execute(
  File "/home/airflow/.local/lib/python3.12/site-packages/sqlalchemy/orm/session.py", line 1716, in execute
    conn = self._connection_for_bind(bind)
           ^^^^^^^^^^^^^^^^^^^^^^^^^^^^^^^
  File "/home/airflow/.local/lib/python3.12/site-packages/sqlalchemy/orm/session.py", line 1555, in _connection_for_bind
    return self._transaction._connection_for_bind(
           ^^^^^^^^^^^^^^^^^^^^^^^^^^^^^^^^^^^^^^^
  File "/home/airflow/.local/lib/python3.12/site-packages/sqlalchemy/orm/session.py", line 750, in _connection_for_bind
    conn = bind.connect()
           ^^^^^^^^^^^^^^
  File "/home/airflow/.local/lib/python3.12/site-packages/sqlalchemy/future/engine.py", line 412, in connect
    return super(Engine, self).connect()
           ^^^^^^^^^^^^^^^^^^^^^^^^^^^^^
  File "/home/airflow/.local/lib/python3.12/site-packages/sqlalchemy/engine/base.py", line 3325, in connect
    return self._connection_cls(self, close_with_result=close_with_result)
           ^^^^^^^^^^^^^^^^^^^^^^^^^^^^^^^^^^^^^^^^^^^^^^^^^^^^^^^^^^^^^^^
  File "/home/airflow/.local/lib/python3.12/site-packages/sqlalchemy/engine/base.py", line 96, in __init__
    else engine.raw_connection()
         ^^^^^^^^^^^^^^^^^^^^^^^
  File "/home/airflow/.local/lib/python3.12/site-packages/sqlalchemy/engine/base.py", line 3404, in raw_connection
    return self._wrap_pool_connect(self.pool.connect, _connection)
           ^^^^^^^^^^^^^^^^^^^^^^^^^^^^^^^^^^^^^^^^^^^^^^^^^^^^^^^
  File "/home/airflow/.local/lib/python3.12/site-packages/sqlalchemy/engine/base.py", line 3374, in _wrap_pool_connect
    Connection._handle_dbapi_exception_noconnection(
  File "/home/airflow/.local/lib/python3.12/site-packages/sqlalchemy/engine/base.py", line 2208, in _handle_dbapi_exception_noconnection
    util.raise_(
  File "/home/airflow/.local/lib/python3.12/site-packages/sqlalchemy/util/compat.py", line 211, in raise_
    raise exception
  File "/home/airflow/.local/lib/python3.12/site-packages/sqlalchemy/engine/base.py", line 3371, in _wrap_pool_connect
    return fn()
           ^^^^
  File "/home/airflow/.local/lib/python3.12/site-packages/sqlalchemy/pool/base.py", line 327, in connect
    return _ConnectionFairy._checkout(self)
           ^^^^^^^^^^^^^^^^^^^^^^^^^^^^^^^^
  File "/home/airflow/.local/lib/python3.12/site-packages/sqlalchemy/pool/base.py", line 894, in _checkout
    fairy = _ConnectionRecord.checkout(pool)
            ^^^^^^^^^^^^^^^^^^^^^^^^^^^^^^^^
  File "/home/airflow/.local/lib/python3.12/site-packages/sqlalchemy/pool/base.py", line 493, in checkout
    rec = pool._do_get()
          ^^^^^^^^^^^^^^
  File "/home/airflow/.local/lib/python3.12/site-packages/sqlalchemy/pool/impl.py", line 145, in _do_get
    with util.safe_reraise():
         ^^^^^^^^^^^^^^^^^^^
  File "/home/airflow/.local/lib/python3.12/site-packages/sqlalchemy/util/langhelpers.py", line 70, in __exit__
    compat.raise_(
  File "/home/airflow/.local/lib/python3.12/site-packages/sqlalchemy/util/compat.py", line 211, in raise_
    raise exception
  File "/home/airflow/.local/lib/python3.12/site-packages/sqlalchemy/pool/impl.py", line 143, in _do_get
    return self._create_connection()
           ^^^^^^^^^^^^^^^^^^^^^^^^^
  File "/home/airflow/.local/lib/python3.12/site-packages/sqlalchemy/pool/base.py", line 273, in _create_connection
    return _ConnectionRecord(self)
           ^^^^^^^^^^^^^^^^^^^^^^^
  File "/home/airflow/.local/lib/python3.12/site-packages/sqlalchemy/pool/base.py", line 388, in __init__
    self.__connect()
  File "/home/airflow/.local/lib/python3.12/site-packages/sqlalchemy/pool/base.py", line 690, in __connect
    with util.safe_reraise():
         ^^^^^^^^^^^^^^^^^^^
  File "/home/airflow/.local/lib/python3.12/site-packages/sqlalchemy/util/langhelpers.py", line 70, in __exit__
    compat.raise_(
  File "/home/airflow/.local/lib/python3.12/site-packages/sqlalchemy/util/compat.py", line 211, in raise_
    raise exception
  File "/home/airflow/.local/lib/python3.12/site-packages/sqlalchemy/pool/base.py", line 686, in __connect
    self.dbapi_connection = connection = pool._invoke_creator(self)
                                         ^^^^^^^^^^^^^^^^^^^^^^^^^^
  File "/home/airflow/.local/lib/python3.12/site-packages/sqlalchemy/engine/create.py", line 574, in connect
    return dialect.connect(*cargs, **cparams)
           ^^^^^^^^^^^^^^^^^^^^^^^^^^^^^^^^^^
  File "/home/airflow/.local/lib/python3.12/site-packages/sqlalchemy/engine/default.py", line 598, in connect
    return self.dbapi.connect(*cargs, **cparams)
           ^^^^^^^^^^^^^^^^^^^^^^^^^^^^^^^^^^^^^
  File "/home/airflow/.local/lib/python3.12/site-packages/psycopg2/__init__.py", line 122, in connect
    conn = _connect(dsn, connection_factory=connection_factory, **kwasync)
           ^^^^^^^^^^^^^^^^^^^^^^^^^^^^^^^^^^^^^^^^^^^^^^^^^^^^^^^^^^^^^^^
sqlalchemy.exc.OperationalError: (psycopg2.OperationalError) could not translate host name "postgres" to address: Temporary failure in name resolution

(Background on this error at: https://sqlalche.me/e/14/e3q8)
