[2025-11-22T05:51:26.372+0000] {processor.py:186} INFO - Started process (PID=96) to work on /opt/airflow/dags/fraud_detection_training.py
[2025-11-22T05:51:26.374+0000] {processor.py:914} INFO - Processing file /opt/airflow/dags/fraud_detection_training.py for tasks to queue
[2025-11-22T05:51:26.439+0000] {logging_mixin.py:190} INFO - [2025-11-22T05:51:26.438+0000] {dagbag.py:588} INFO - Filling up the DagBag from /opt/airflow/dags/fraud_detection_training.py
[2025-11-22T05:51:26.965+0000] {processor.py:927} WARNING - No viable dags retrieved from /opt/airflow/dags/fraud_detection_training.py
[2025-11-22T05:51:27.080+0000] {processor.py:208} INFO - Processing /opt/airflow/dags/fraud_detection_training.py took 0.883 seconds
[2025-11-22T06:09:48.349+0000] {processor.py:186} INFO - Started process (PID=92) to work on /opt/airflow/dags/fraud_detection_training.py
[2025-11-22T06:09:48.356+0000] {processor.py:914} INFO - Processing file /opt/airflow/dags/fraud_detection_training.py for tasks to queue
[2025-11-22T06:09:48.371+0000] {logging_mixin.py:190} INFO - [2025-11-22T06:09:48.370+0000] {dagbag.py:588} INFO - Filling up the DagBag from /opt/airflow/dags/fraud_detection_training.py
[2025-11-22T06:09:48.594+0000] {processor.py:927} WARNING - No viable dags retrieved from /opt/airflow/dags/fraud_detection_training.py
[2025-11-22T06:09:48.801+0000] {processor.py:208} INFO - Processing /opt/airflow/dags/fraud_detection_training.py took 0.511 seconds
[2025-11-22T06:10:19.584+0000] {processor.py:186} INFO - Started process (PID=100) to work on /opt/airflow/dags/fraud_detection_training.py
[2025-11-22T06:10:19.591+0000] {processor.py:914} INFO - Processing file /opt/airflow/dags/fraud_detection_training.py for tasks to queue
[2025-11-22T06:10:19.601+0000] {logging_mixin.py:190} INFO - [2025-11-22T06:10:19.600+0000] {dagbag.py:588} INFO - Filling up the DagBag from /opt/airflow/dags/fraud_detection_training.py
[2025-11-22T06:10:19.780+0000] {processor.py:927} WARNING - No viable dags retrieved from /opt/airflow/dags/fraud_detection_training.py
[2025-11-22T06:10:19.860+0000] {processor.py:208} INFO - Processing /opt/airflow/dags/fraud_detection_training.py took 0.340 seconds
[2025-11-22T06:10:51.161+0000] {processor.py:186} INFO - Started process (PID=110) to work on /opt/airflow/dags/fraud_detection_training.py
[2025-11-22T06:10:51.238+0000] {processor.py:914} INFO - Processing file /opt/airflow/dags/fraud_detection_training.py for tasks to queue
[2025-11-22T06:10:51.429+0000] {logging_mixin.py:190} INFO - [2025-11-22T06:10:51.427+0000] {dagbag.py:588} INFO - Filling up the DagBag from /opt/airflow/dags/fraud_detection_training.py
[2025-11-22T06:10:51.947+0000] {processor.py:927} WARNING - No viable dags retrieved from /opt/airflow/dags/fraud_detection_training.py
[2025-11-22T06:10:52.143+0000] {processor.py:208} INFO - Processing /opt/airflow/dags/fraud_detection_training.py took 1.210 seconds
[2025-11-22T06:11:24.350+0000] {processor.py:186} INFO - Started process (PID=119) to work on /opt/airflow/dags/fraud_detection_training.py
[2025-11-22T06:11:24.528+0000] {processor.py:914} INFO - Processing file /opt/airflow/dags/fraud_detection_training.py for tasks to queue
[2025-11-22T06:11:24.541+0000] {logging_mixin.py:190} INFO - [2025-11-22T06:11:24.539+0000] {dagbag.py:588} INFO - Filling up the DagBag from /opt/airflow/dags/fraud_detection_training.py
[2025-11-22T06:11:25.172+0000] {processor.py:927} WARNING - No viable dags retrieved from /opt/airflow/dags/fraud_detection_training.py
[2025-11-22T06:11:25.470+0000] {processor.py:208} INFO - Processing /opt/airflow/dags/fraud_detection_training.py took 1.135 seconds
[2025-11-22T06:11:56.884+0000] {processor.py:186} INFO - Started process (PID=129) to work on /opt/airflow/dags/fraud_detection_training.py
[2025-11-22T06:11:56.900+0000] {processor.py:914} INFO - Processing file /opt/airflow/dags/fraud_detection_training.py for tasks to queue
[2025-11-22T06:11:56.917+0000] {logging_mixin.py:190} INFO - [2025-11-22T06:11:56.916+0000] {dagbag.py:588} INFO - Filling up the DagBag from /opt/airflow/dags/fraud_detection_training.py
[2025-11-22T06:11:57.185+0000] {processor.py:927} WARNING - No viable dags retrieved from /opt/airflow/dags/fraud_detection_training.py
[2025-11-22T06:11:57.494+0000] {processor.py:208} INFO - Processing /opt/airflow/dags/fraud_detection_training.py took 0.737 seconds
[2025-11-22T06:12:28.310+0000] {processor.py:186} INFO - Started process (PID=137) to work on /opt/airflow/dags/fraud_detection_training.py
[2025-11-22T06:12:28.322+0000] {processor.py:914} INFO - Processing file /opt/airflow/dags/fraud_detection_training.py for tasks to queue
[2025-11-22T06:12:28.344+0000] {logging_mixin.py:190} INFO - [2025-11-22T06:12:28.343+0000] {dagbag.py:588} INFO - Filling up the DagBag from /opt/airflow/dags/fraud_detection_training.py
[2025-11-22T06:12:28.639+0000] {processor.py:927} WARNING - No viable dags retrieved from /opt/airflow/dags/fraud_detection_training.py
[2025-11-22T06:12:28.789+0000] {processor.py:208} INFO - Processing /opt/airflow/dags/fraud_detection_training.py took 0.528 seconds
[2025-11-22T06:13:02.126+0000] {processor.py:186} INFO - Started process (PID=147) to work on /opt/airflow/dags/fraud_detection_training.py
[2025-11-22T06:13:02.187+0000] {processor.py:914} INFO - Processing file /opt/airflow/dags/fraud_detection_training.py for tasks to queue
[2025-11-22T06:13:02.906+0000] {logging_mixin.py:190} INFO - [2025-11-22T06:13:02.610+0000] {dagbag.py:588} INFO - Filling up the DagBag from /opt/airflow/dags/fraud_detection_training.py
[2025-11-22T06:13:04.288+0000] {processor.py:927} WARNING - No viable dags retrieved from /opt/airflow/dags/fraud_detection_training.py
[2025-11-22T06:13:06.119+0000] {processor.py:208} INFO - Processing /opt/airflow/dags/fraud_detection_training.py took 4.770 seconds
[2025-11-22T06:13:37.510+0000] {processor.py:186} INFO - Started process (PID=157) to work on /opt/airflow/dags/fraud_detection_training.py
[2025-11-22T06:13:37.528+0000] {processor.py:914} INFO - Processing file /opt/airflow/dags/fraud_detection_training.py for tasks to queue
[2025-11-22T06:13:37.605+0000] {logging_mixin.py:190} INFO - [2025-11-22T06:13:37.593+0000] {dagbag.py:588} INFO - Filling up the DagBag from /opt/airflow/dags/fraud_detection_training.py
[2025-11-22T06:13:37.950+0000] {processor.py:927} WARNING - No viable dags retrieved from /opt/airflow/dags/fraud_detection_training.py
[2025-11-22T06:13:38.144+0000] {processor.py:208} INFO - Processing /opt/airflow/dags/fraud_detection_training.py took 0.824 seconds
[2025-11-22T06:14:19.056+0000] {processor.py:186} INFO - Started process (PID=166) to work on /opt/airflow/dags/fraud_detection_training.py
[2025-11-22T06:14:19.059+0000] {processor.py:914} INFO - Processing file /opt/airflow/dags/fraud_detection_training.py for tasks to queue
[2025-11-22T06:14:19.205+0000] {logging_mixin.py:190} INFO - [2025-11-22T06:14:19.204+0000] {dagbag.py:588} INFO - Filling up the DagBag from /opt/airflow/dags/fraud_detection_training.py
[2025-11-22T06:14:22.335+0000] {processor.py:927} WARNING - No viable dags retrieved from /opt/airflow/dags/fraud_detection_training.py
[2025-11-22T06:14:24.586+0000] {processor.py:208} INFO - Processing /opt/airflow/dags/fraud_detection_training.py took 6.308 seconds
[2025-11-22T06:14:59.276+0000] {processor.py:186} INFO - Started process (PID=175) to work on /opt/airflow/dags/fraud_detection_training.py
[2025-11-22T06:14:59.430+0000] {processor.py:914} INFO - Processing file /opt/airflow/dags/fraud_detection_training.py for tasks to queue
[2025-11-22T06:15:02.025+0000] {logging_mixin.py:190} INFO - [2025-11-22T06:15:01.979+0000] {dagbag.py:588} INFO - Filling up the DagBag from /opt/airflow/dags/fraud_detection_training.py
[2025-11-22T06:15:08.068+0000] {processor.py:927} WARNING - No viable dags retrieved from /opt/airflow/dags/fraud_detection_training.py
[2025-11-22T06:15:13.166+0000] {processor.py:208} INFO - Processing /opt/airflow/dags/fraud_detection_training.py took 14.015 seconds
[2025-11-22T06:15:50.919+0000] {processor.py:186} INFO - Started process (PID=190) to work on /opt/airflow/dags/fraud_detection_training.py
[2025-11-22T06:15:50.969+0000] {processor.py:914} INFO - Processing file /opt/airflow/dags/fraud_detection_training.py for tasks to queue
[2025-11-22T06:15:51.032+0000] {logging_mixin.py:190} INFO - [2025-11-22T06:15:51.031+0000] {dagbag.py:588} INFO - Filling up the DagBag from /opt/airflow/dags/fraud_detection_training.py
[2025-11-22T06:15:52.114+0000] {processor.py:927} WARNING - No viable dags retrieved from /opt/airflow/dags/fraud_detection_training.py
[2025-11-22T06:15:52.911+0000] {processor.py:208} INFO - Processing /opt/airflow/dags/fraud_detection_training.py took 7.753 seconds
[2025-11-22T06:16:25.599+0000] {processor.py:186} INFO - Started process (PID=199) to work on /opt/airflow/dags/fraud_detection_training.py
[2025-11-22T06:16:25.620+0000] {processor.py:914} INFO - Processing file /opt/airflow/dags/fraud_detection_training.py for tasks to queue
[2025-11-22T06:16:25.729+0000] {logging_mixin.py:190} INFO - [2025-11-22T06:16:25.726+0000] {dagbag.py:588} INFO - Filling up the DagBag from /opt/airflow/dags/fraud_detection_training.py
[2025-11-22T06:16:26.252+0000] {processor.py:927} WARNING - No viable dags retrieved from /opt/airflow/dags/fraud_detection_training.py
[2025-11-22T06:16:31.614+0000] {processor.py:208} INFO - Processing /opt/airflow/dags/fraud_detection_training.py took 6.195 seconds
[2025-11-22T06:17:09.312+0000] {processor.py:186} INFO - Started process (PID=208) to work on /opt/airflow/dags/fraud_detection_training.py
[2025-11-22T06:17:09.329+0000] {processor.py:914} INFO - Processing file /opt/airflow/dags/fraud_detection_training.py for tasks to queue
[2025-11-22T06:17:10.178+0000] {logging_mixin.py:190} INFO - [2025-11-22T06:17:10.099+0000] {dagbag.py:588} INFO - Filling up the DagBag from /opt/airflow/dags/fraud_detection_training.py
[2025-11-22T06:17:11.487+0000] {processor.py:927} WARNING - No viable dags retrieved from /opt/airflow/dags/fraud_detection_training.py
[2025-11-22T06:17:12.765+0000] {processor.py:208} INFO - Processing /opt/airflow/dags/fraud_detection_training.py took 4.090 seconds
[2025-11-22T06:18:11.867+0000] {processor.py:186} INFO - Started process (PID=218) to work on /opt/airflow/dags/fraud_detection_training.py
[2025-11-22T06:18:13.687+0000] {processor.py:914} INFO - Processing file /opt/airflow/dags/fraud_detection_training.py for tasks to queue
[2025-11-22T06:18:13.821+0000] {logging_mixin.py:190} INFO - [2025-11-22T06:18:13.820+0000] {dagbag.py:588} INFO - Filling up the DagBag from /opt/airflow/dags/fraud_detection_training.py
[2025-11-22T06:20:19.647+0000] {processor.py:186} INFO - Started process (PID=221) to work on /opt/airflow/dags/fraud_detection_training.py
[2025-11-22T06:20:19.659+0000] {processor.py:914} INFO - Processing file /opt/airflow/dags/fraud_detection_training.py for tasks to queue
[2025-11-22T06:20:19.706+0000] {logging_mixin.py:190} INFO - [2025-11-22T06:20:19.685+0000] {dagbag.py:588} INFO - Filling up the DagBag from /opt/airflow/dags/fraud_detection_training.py
[2025-11-22T06:20:22.954+0000] {processor.py:927} WARNING - No viable dags retrieved from /opt/airflow/dags/fraud_detection_training.py
[2025-11-22T06:20:37.473+0000] {processor.py:208} INFO - Processing /opt/airflow/dags/fraud_detection_training.py took 21.045 seconds
[2025-11-22T06:28:29.034+0000] {processor.py:186} INFO - Started process (PID=71) to work on /opt/airflow/dags/fraud_detection_training.py
[2025-11-22T06:28:29.053+0000] {processor.py:914} INFO - Processing file /opt/airflow/dags/fraud_detection_training.py for tasks to queue
[2025-11-22T06:28:29.095+0000] {logging_mixin.py:190} INFO - [2025-11-22T06:28:29.093+0000] {dagbag.py:588} INFO - Filling up the DagBag from /opt/airflow/dags/fraud_detection_training.py
[2025-11-22T06:28:29.627+0000] {processor.py:927} WARNING - No viable dags retrieved from /opt/airflow/dags/fraud_detection_training.py
[2025-11-22T06:28:30.132+0000] {processor.py:208} INFO - Processing /opt/airflow/dags/fraud_detection_training.py took 1.228 seconds
[2025-11-22T06:29:00.779+0000] {processor.py:186} INFO - Started process (PID=79) to work on /opt/airflow/dags/fraud_detection_training.py
[2025-11-22T06:29:00.794+0000] {processor.py:914} INFO - Processing file /opt/airflow/dags/fraud_detection_training.py for tasks to queue
[2025-11-22T06:29:00.807+0000] {logging_mixin.py:190} INFO - [2025-11-22T06:29:00.806+0000] {dagbag.py:588} INFO - Filling up the DagBag from /opt/airflow/dags/fraud_detection_training.py
[2025-11-22T06:29:00.903+0000] {processor.py:927} WARNING - No viable dags retrieved from /opt/airflow/dags/fraud_detection_training.py
[2025-11-22T06:29:01.030+0000] {processor.py:208} INFO - Processing /opt/airflow/dags/fraud_detection_training.py took 0.301 seconds
[2025-11-22T06:29:31.993+0000] {processor.py:186} INFO - Started process (PID=89) to work on /opt/airflow/dags/fraud_detection_training.py
[2025-11-22T06:29:32.012+0000] {processor.py:914} INFO - Processing file /opt/airflow/dags/fraud_detection_training.py for tasks to queue
[2025-11-22T06:29:32.038+0000] {logging_mixin.py:190} INFO - [2025-11-22T06:29:32.037+0000] {dagbag.py:588} INFO - Filling up the DagBag from /opt/airflow/dags/fraud_detection_training.py
[2025-11-22T06:29:32.255+0000] {processor.py:927} WARNING - No viable dags retrieved from /opt/airflow/dags/fraud_detection_training.py
[2025-11-22T06:29:32.356+0000] {processor.py:208} INFO - Processing /opt/airflow/dags/fraud_detection_training.py took 0.449 seconds
[2025-11-22T06:30:05.089+0000] {processor.py:186} INFO - Started process (PID=97) to work on /opt/airflow/dags/fraud_detection_training.py
[2025-11-22T06:30:05.299+0000] {processor.py:914} INFO - Processing file /opt/airflow/dags/fraud_detection_training.py for tasks to queue
[2025-11-22T06:30:05.675+0000] {logging_mixin.py:190} INFO - [2025-11-22T06:30:05.654+0000] {dagbag.py:588} INFO - Filling up the DagBag from /opt/airflow/dags/fraud_detection_training.py
[2025-11-22T06:30:07.141+0000] {processor.py:927} WARNING - No viable dags retrieved from /opt/airflow/dags/fraud_detection_training.py
[2025-11-22T06:30:07.716+0000] {processor.py:208} INFO - Processing /opt/airflow/dags/fraud_detection_training.py took 3.659 seconds
[2025-11-22T06:30:38.381+0000] {processor.py:186} INFO - Started process (PID=105) to work on /opt/airflow/dags/fraud_detection_training.py
[2025-11-22T06:30:38.392+0000] {processor.py:914} INFO - Processing file /opt/airflow/dags/fraud_detection_training.py for tasks to queue
[2025-11-22T06:30:38.418+0000] {logging_mixin.py:190} INFO - [2025-11-22T06:30:38.417+0000] {dagbag.py:588} INFO - Filling up the DagBag from /opt/airflow/dags/fraud_detection_training.py
[2025-11-22T06:30:38.601+0000] {processor.py:927} WARNING - No viable dags retrieved from /opt/airflow/dags/fraud_detection_training.py
[2025-11-22T06:30:38.774+0000] {processor.py:208} INFO - Processing /opt/airflow/dags/fraud_detection_training.py took 0.444 seconds
[2025-11-22T06:31:10.285+0000] {processor.py:186} INFO - Started process (PID=114) to work on /opt/airflow/dags/fraud_detection_training.py
[2025-11-22T06:31:10.289+0000] {processor.py:914} INFO - Processing file /opt/airflow/dags/fraud_detection_training.py for tasks to queue
[2025-11-22T06:31:10.450+0000] {logging_mixin.py:190} INFO - [2025-11-22T06:31:10.448+0000] {dagbag.py:588} INFO - Filling up the DagBag from /opt/airflow/dags/fraud_detection_training.py
[2025-11-22T06:31:10.886+0000] {processor.py:927} WARNING - No viable dags retrieved from /opt/airflow/dags/fraud_detection_training.py
[2025-11-22T06:31:11.282+0000] {processor.py:208} INFO - Processing /opt/airflow/dags/fraud_detection_training.py took 1.106 seconds
[2025-11-22T06:31:42.833+0000] {processor.py:186} INFO - Started process (PID=124) to work on /opt/airflow/dags/fraud_detection_training.py
[2025-11-22T06:31:42.874+0000] {processor.py:914} INFO - Processing file /opt/airflow/dags/fraud_detection_training.py for tasks to queue
[2025-11-22T06:31:42.908+0000] {logging_mixin.py:190} INFO - [2025-11-22T06:31:42.907+0000] {dagbag.py:588} INFO - Filling up the DagBag from /opt/airflow/dags/fraud_detection_training.py
[2025-11-22T06:31:43.142+0000] {processor.py:927} WARNING - No viable dags retrieved from /opt/airflow/dags/fraud_detection_training.py
[2025-11-22T06:31:43.284+0000] {processor.py:208} INFO - Processing /opt/airflow/dags/fraud_detection_training.py took 0.533 seconds
[2025-11-22T06:54:50.163+0000] {processor.py:186} INFO - Started process (PID=126) to work on /opt/airflow/dags/fraud_detection_training.py
[2025-11-22T06:54:50.429+0000] {processor.py:914} INFO - Processing file /opt/airflow/dags/fraud_detection_training.py for tasks to queue
[2025-11-22T06:54:52.553+0000] {logging_mixin.py:190} INFO - [2025-11-22T06:54:51.316+0000] {dagbag.py:588} INFO - Filling up the DagBag from /opt/airflow/dags/fraud_detection_training.py
[2025-11-22T06:54:54.465+0000] {processor.py:927} WARNING - No viable dags retrieved from /opt/airflow/dags/fraud_detection_training.py
[2025-11-22T06:54:58.234+0000] {processor.py:208} INFO - Processing /opt/airflow/dags/fraud_detection_training.py took 9.531 seconds
[2025-11-22T06:55:32.638+0000] {processor.py:186} INFO - Started process (PID=134) to work on /opt/airflow/dags/fraud_detection_training.py
[2025-11-22T06:55:32.697+0000] {processor.py:914} INFO - Processing file /opt/airflow/dags/fraud_detection_training.py for tasks to queue
[2025-11-22T06:55:33.053+0000] {logging_mixin.py:190} INFO - [2025-11-22T06:55:32.927+0000] {dagbag.py:588} INFO - Filling up the DagBag from /opt/airflow/dags/fraud_detection_training.py
[2025-11-22T06:55:35.375+0000] {processor.py:927} WARNING - No viable dags retrieved from /opt/airflow/dags/fraud_detection_training.py
[2025-11-22T06:55:38.162+0000] {processor.py:208} INFO - Processing /opt/airflow/dags/fraud_detection_training.py took 5.945 seconds
[2025-11-22T06:56:18.284+0000] {processor.py:186} INFO - Started process (PID=144) to work on /opt/airflow/dags/fraud_detection_training.py
[2025-11-22T06:56:18.395+0000] {processor.py:914} INFO - Processing file /opt/airflow/dags/fraud_detection_training.py for tasks to queue
[2025-11-22T06:56:45.663+0000] {logging_mixin.py:190} INFO - [2025-11-22T06:56:45.635+0000] {dagbag.py:588} INFO - Filling up the DagBag from /opt/airflow/dags/fraud_detection_training.py
[2025-11-22T06:56:50.203+0000] {processor.py:927} WARNING - No viable dags retrieved from /opt/airflow/dags/fraud_detection_training.py
[2025-11-22T06:56:50.671+0000] {processor.py:208} INFO - Processing /opt/airflow/dags/fraud_detection_training.py took 35.379 seconds
[2025-11-22T06:57:24.185+0000] {processor.py:186} INFO - Started process (PID=153) to work on /opt/airflow/dags/fraud_detection_training.py
[2025-11-22T06:57:24.203+0000] {processor.py:914} INFO - Processing file /opt/airflow/dags/fraud_detection_training.py for tasks to queue
[2025-11-22T06:57:26.720+0000] {logging_mixin.py:190} INFO - [2025-11-22T06:57:26.593+0000] {dagbag.py:588} INFO - Filling up the DagBag from /opt/airflow/dags/fraud_detection_training.py
[2025-11-22T06:57:31.247+0000] {processor.py:927} WARNING - No viable dags retrieved from /opt/airflow/dags/fraud_detection_training.py
[2025-11-22T06:57:31.562+0000] {processor.py:208} INFO - Processing /opt/airflow/dags/fraud_detection_training.py took 7.573 seconds
[2025-11-22T06:58:03.536+0000] {processor.py:186} INFO - Started process (PID=167) to work on /opt/airflow/dags/fraud_detection_training.py
[2025-11-22T06:58:03.624+0000] {processor.py:914} INFO - Processing file /opt/airflow/dags/fraud_detection_training.py for tasks to queue
[2025-11-22T06:58:03.920+0000] {logging_mixin.py:190} INFO - [2025-11-22T06:58:03.902+0000] {dagbag.py:588} INFO - Filling up the DagBag from /opt/airflow/dags/fraud_detection_training.py
[2025-11-22T06:58:04.604+0000] {processor.py:927} WARNING - No viable dags retrieved from /opt/airflow/dags/fraud_detection_training.py
[2025-11-22T06:58:05.130+0000] {processor.py:208} INFO - Processing /opt/airflow/dags/fraud_detection_training.py took 2.231 seconds
[2025-11-22T06:58:41.583+0000] {processor.py:186} INFO - Started process (PID=176) to work on /opt/airflow/dags/fraud_detection_training.py
[2025-11-22T06:58:41.592+0000] {processor.py:914} INFO - Processing file /opt/airflow/dags/fraud_detection_training.py for tasks to queue
[2025-11-22T06:58:41.996+0000] {logging_mixin.py:190} INFO - [2025-11-22T06:58:41.995+0000] {dagbag.py:588} INFO - Filling up the DagBag from /opt/airflow/dags/fraud_detection_training.py
[2025-11-22T06:58:42.221+0000] {processor.py:927} WARNING - No viable dags retrieved from /opt/airflow/dags/fraud_detection_training.py
[2025-11-22T06:58:43.016+0000] {processor.py:208} INFO - Processing /opt/airflow/dags/fraud_detection_training.py took 1.459 seconds
[2025-11-22T06:59:14.157+0000] {processor.py:186} INFO - Started process (PID=184) to work on /opt/airflow/dags/fraud_detection_training.py
[2025-11-22T06:59:14.173+0000] {processor.py:914} INFO - Processing file /opt/airflow/dags/fraud_detection_training.py for tasks to queue
[2025-11-22T06:59:14.447+0000] {logging_mixin.py:190} INFO - [2025-11-22T06:59:14.447+0000] {dagbag.py:588} INFO - Filling up the DagBag from /opt/airflow/dags/fraud_detection_training.py
[2025-11-22T06:59:19.083+0000] {processor.py:927} WARNING - No viable dags retrieved from /opt/airflow/dags/fraud_detection_training.py
[2025-11-22T06:59:19.184+0000] {processor.py:208} INFO - Processing /opt/airflow/dags/fraud_detection_training.py took 5.168 seconds
[2025-11-22T06:59:51.466+0000] {processor.py:186} INFO - Started process (PID=194) to work on /opt/airflow/dags/fraud_detection_training.py
[2025-11-22T06:59:51.504+0000] {processor.py:914} INFO - Processing file /opt/airflow/dags/fraud_detection_training.py for tasks to queue
[2025-11-22T06:59:51.577+0000] {logging_mixin.py:190} INFO - [2025-11-22T06:59:51.570+0000] {dagbag.py:588} INFO - Filling up the DagBag from /opt/airflow/dags/fraud_detection_training.py
[2025-11-22T06:59:52.075+0000] {processor.py:927} WARNING - No viable dags retrieved from /opt/airflow/dags/fraud_detection_training.py
[2025-11-22T06:59:52.464+0000] {processor.py:208} INFO - Processing /opt/airflow/dags/fraud_detection_training.py took 1.262 seconds
[2025-11-22T07:00:24.552+0000] {processor.py:186} INFO - Started process (PID=202) to work on /opt/airflow/dags/fraud_detection_training.py
[2025-11-22T07:00:27.619+0000] {processor.py:914} INFO - Processing file /opt/airflow/dags/fraud_detection_training.py for tasks to queue
[2025-11-22T07:00:28.343+0000] {logging_mixin.py:190} INFO - [2025-11-22T07:00:27.930+0000] {dagbag.py:588} INFO - Filling up the DagBag from /opt/airflow/dags/fraud_detection_training.py
[2025-11-22T07:00:28.759+0000] {processor.py:927} WARNING - No viable dags retrieved from /opt/airflow/dags/fraud_detection_training.py
[2025-11-22T07:00:28.995+0000] {processor.py:208} INFO - Processing /opt/airflow/dags/fraud_detection_training.py took 4.497 seconds
[2025-11-22T07:01:12.711+0000] {processor.py:186} INFO - Started process (PID=205) to work on /opt/airflow/dags/fraud_detection_training.py
[2025-11-22T07:01:12.817+0000] {processor.py:914} INFO - Processing file /opt/airflow/dags/fraud_detection_training.py for tasks to queue
[2025-11-22T07:01:12.919+0000] {logging_mixin.py:190} INFO - [2025-11-22T07:01:12.917+0000] {dagbag.py:588} INFO - Filling up the DagBag from /opt/airflow/dags/fraud_detection_training.py
[2025-11-22T07:01:14.308+0000] {processor.py:927} WARNING - No viable dags retrieved from /opt/airflow/dags/fraud_detection_training.py
[2025-11-22T07:01:15.450+0000] {processor.py:208} INFO - Processing /opt/airflow/dags/fraud_detection_training.py took 3.104 seconds
[2025-11-22T07:01:47.704+0000] {processor.py:186} INFO - Started process (PID=222) to work on /opt/airflow/dags/fraud_detection_training.py
[2025-11-22T07:01:47.740+0000] {processor.py:914} INFO - Processing file /opt/airflow/dags/fraud_detection_training.py for tasks to queue
[2025-11-22T07:01:47.797+0000] {logging_mixin.py:190} INFO - [2025-11-22T07:01:47.796+0000] {dagbag.py:588} INFO - Filling up the DagBag from /opt/airflow/dags/fraud_detection_training.py
[2025-11-22T07:01:48.003+0000] {processor.py:927} WARNING - No viable dags retrieved from /opt/airflow/dags/fraud_detection_training.py
[2025-11-22T07:01:48.171+0000] {processor.py:208} INFO - Processing /opt/airflow/dags/fraud_detection_training.py took 0.704 seconds
[2025-11-22T07:02:25.810+0000] {processor.py:186} INFO - Started process (PID=230) to work on /opt/airflow/dags/fraud_detection_training.py
[2025-11-22T07:02:25.885+0000] {processor.py:914} INFO - Processing file /opt/airflow/dags/fraud_detection_training.py for tasks to queue
[2025-11-22T07:02:25.960+0000] {logging_mixin.py:190} INFO - [2025-11-22T07:02:25.933+0000] {dagbag.py:588} INFO - Filling up the DagBag from /opt/airflow/dags/fraud_detection_training.py
[2025-11-22T07:02:26.225+0000] {processor.py:927} WARNING - No viable dags retrieved from /opt/airflow/dags/fraud_detection_training.py
[2025-11-22T07:02:26.297+0000] {processor.py:208} INFO - Processing /opt/airflow/dags/fraud_detection_training.py took 1.005 seconds
[2025-11-22T07:02:59.078+0000] {processor.py:186} INFO - Started process (PID=232) to work on /opt/airflow/dags/fraud_detection_training.py
[2025-11-22T07:02:59.091+0000] {processor.py:914} INFO - Processing file /opt/airflow/dags/fraud_detection_training.py for tasks to queue
[2025-11-22T07:02:59.624+0000] {logging_mixin.py:190} INFO - [2025-11-22T07:02:59.619+0000] {dagbag.py:588} INFO - Filling up the DagBag from /opt/airflow/dags/fraud_detection_training.py
[2025-11-22T07:03:16.232+0000] {processor.py:927} WARNING - No viable dags retrieved from /opt/airflow/dags/fraud_detection_training.py
[2025-11-22T07:03:25.881+0000] {processor.py:208} INFO - Processing /opt/airflow/dags/fraud_detection_training.py took 28.490 seconds
[2025-11-22T07:03:58.083+0000] {processor.py:186} INFO - Started process (PID=240) to work on /opt/airflow/dags/fraud_detection_training.py
[2025-11-22T07:03:58.112+0000] {processor.py:914} INFO - Processing file /opt/airflow/dags/fraud_detection_training.py for tasks to queue
[2025-11-22T07:03:58.307+0000] {logging_mixin.py:190} INFO - [2025-11-22T07:03:58.257+0000] {dagbag.py:588} INFO - Filling up the DagBag from /opt/airflow/dags/fraud_detection_training.py
[2025-11-22T07:03:59.104+0000] {processor.py:927} WARNING - No viable dags retrieved from /opt/airflow/dags/fraud_detection_training.py
[2025-11-22T07:04:00.592+0000] {processor.py:208} INFO - Processing /opt/airflow/dags/fraud_detection_training.py took 2.828 seconds
[2025-11-22T07:04:34.086+0000] {processor.py:186} INFO - Started process (PID=243) to work on /opt/airflow/dags/fraud_detection_training.py
[2025-11-22T07:04:34.100+0000] {processor.py:914} INFO - Processing file /opt/airflow/dags/fraud_detection_training.py for tasks to queue
[2025-11-22T07:04:34.227+0000] {logging_mixin.py:190} INFO - [2025-11-22T07:04:34.204+0000] {dagbag.py:588} INFO - Filling up the DagBag from /opt/airflow/dags/fraud_detection_training.py
[2025-11-22T07:04:35.734+0000] {processor.py:927} WARNING - No viable dags retrieved from /opt/airflow/dags/fraud_detection_training.py
[2025-11-22T07:04:46.478+0000] {processor.py:211} ERROR - Got an exception! Propagating...
Traceback (most recent call last):
  File "/home/airflow/.local/lib/python3.12/site-packages/sqlalchemy/engine/base.py", line 3371, in _wrap_pool_connect
    return fn()
           ^^^^
  File "/home/airflow/.local/lib/python3.12/site-packages/sqlalchemy/pool/base.py", line 327, in connect
    return _ConnectionFairy._checkout(self)
           ^^^^^^^^^^^^^^^^^^^^^^^^^^^^^^^^
  File "/home/airflow/.local/lib/python3.12/site-packages/sqlalchemy/pool/base.py", line 894, in _checkout
    fairy = _ConnectionRecord.checkout(pool)
            ^^^^^^^^^^^^^^^^^^^^^^^^^^^^^^^^
  File "/home/airflow/.local/lib/python3.12/site-packages/sqlalchemy/pool/base.py", line 493, in checkout
    rec = pool._do_get()
          ^^^^^^^^^^^^^^
  File "/home/airflow/.local/lib/python3.12/site-packages/sqlalchemy/pool/impl.py", line 145, in _do_get
    with util.safe_reraise():
         ^^^^^^^^^^^^^^^^^^^
  File "/home/airflow/.local/lib/python3.12/site-packages/sqlalchemy/util/langhelpers.py", line 70, in __exit__
    compat.raise_(
  File "/home/airflow/.local/lib/python3.12/site-packages/sqlalchemy/util/compat.py", line 211, in raise_
    raise exception
  File "/home/airflow/.local/lib/python3.12/site-packages/sqlalchemy/pool/impl.py", line 143, in _do_get
    return self._create_connection()
           ^^^^^^^^^^^^^^^^^^^^^^^^^
  File "/home/airflow/.local/lib/python3.12/site-packages/sqlalchemy/pool/base.py", line 273, in _create_connection
    return _ConnectionRecord(self)
           ^^^^^^^^^^^^^^^^^^^^^^^
  File "/home/airflow/.local/lib/python3.12/site-packages/sqlalchemy/pool/base.py", line 388, in __init__
    self.__connect()
  File "/home/airflow/.local/lib/python3.12/site-packages/sqlalchemy/pool/base.py", line 690, in __connect
    with util.safe_reraise():
         ^^^^^^^^^^^^^^^^^^^
  File "/home/airflow/.local/lib/python3.12/site-packages/sqlalchemy/util/langhelpers.py", line 70, in __exit__
    compat.raise_(
  File "/home/airflow/.local/lib/python3.12/site-packages/sqlalchemy/util/compat.py", line 211, in raise_
    raise exception
  File "/home/airflow/.local/lib/python3.12/site-packages/sqlalchemy/pool/base.py", line 686, in __connect
    self.dbapi_connection = connection = pool._invoke_creator(self)
                                         ^^^^^^^^^^^^^^^^^^^^^^^^^^
  File "/home/airflow/.local/lib/python3.12/site-packages/sqlalchemy/engine/create.py", line 574, in connect
    return dialect.connect(*cargs, **cparams)
           ^^^^^^^^^^^^^^^^^^^^^^^^^^^^^^^^^^
  File "/home/airflow/.local/lib/python3.12/site-packages/sqlalchemy/engine/default.py", line 598, in connect
    return self.dbapi.connect(*cargs, **cparams)
           ^^^^^^^^^^^^^^^^^^^^^^^^^^^^^^^^^^^^^
  File "/home/airflow/.local/lib/python3.12/site-packages/psycopg2/__init__.py", line 122, in connect
    conn = _connect(dsn, connection_factory=connection_factory, **kwasync)
           ^^^^^^^^^^^^^^^^^^^^^^^^^^^^^^^^^^^^^^^^^^^^^^^^^^^^^^^^^^^^^^^
psycopg2.OperationalError: could not translate host name "postgres" to address: Temporary failure in name resolution


The above exception was the direct cause of the following exception:

Traceback (most recent call last):
  File "/home/airflow/.local/lib/python3.12/site-packages/airflow/dag_processing/processor.py", line 207, in _run_file_processor
    _handle_dag_file_processing()
  File "/home/airflow/.local/lib/python3.12/site-packages/airflow/dag_processing/processor.py", line 188, in _handle_dag_file_processing
    result: tuple[int, int, int] = dag_file_processor.process_file(
                                   ^^^^^^^^^^^^^^^^^^^^^^^^^^^^^^^^
  File "/home/airflow/.local/lib/python3.12/site-packages/airflow/utils/session.py", line 97, in wrapper
    return func(*args, session=session, **kwargs)
           ^^^^^^^^^^^^^^^^^^^^^^^^^^^^^^^^^^^^^^
  File "/home/airflow/.local/lib/python3.12/site-packages/airflow/dag_processing/processor.py", line 928, in process_file
    DagFileProcessor.update_import_errors(
  File "/home/airflow/.local/lib/python3.12/site-packages/airflow/api_internal/internal_api_call.py", line 166, in wrapper
    return func(*args, **kwargs)
           ^^^^^^^^^^^^^^^^^^^^^
  File "/home/airflow/.local/lib/python3.12/site-packages/airflow/utils/session.py", line 97, in wrapper
    return func(*args, session=session, **kwargs)
           ^^^^^^^^^^^^^^^^^^^^^^^^^^^^^^^^^^^^^^
  File "/home/airflow/.local/lib/python3.12/site-packages/airflow/dag_processing/processor.py", line 641, in update_import_errors
    session.execute(
  File "/home/airflow/.local/lib/python3.12/site-packages/sqlalchemy/orm/session.py", line 1716, in execute
    conn = self._connection_for_bind(bind)
           ^^^^^^^^^^^^^^^^^^^^^^^^^^^^^^^
  File "/home/airflow/.local/lib/python3.12/site-packages/sqlalchemy/orm/session.py", line 1555, in _connection_for_bind
    return self._transaction._connection_for_bind(
           ^^^^^^^^^^^^^^^^^^^^^^^^^^^^^^^^^^^^^^^
  File "/home/airflow/.local/lib/python3.12/site-packages/sqlalchemy/orm/session.py", line 750, in _connection_for_bind
    conn = bind.connect()
           ^^^^^^^^^^^^^^
  File "/home/airflow/.local/lib/python3.12/site-packages/sqlalchemy/future/engine.py", line 412, in connect
    return super(Engine, self).connect()
           ^^^^^^^^^^^^^^^^^^^^^^^^^^^^^
  File "/home/airflow/.local/lib/python3.12/site-packages/sqlalchemy/engine/base.py", line 3325, in connect
    return self._connection_cls(self, close_with_result=close_with_result)
           ^^^^^^^^^^^^^^^^^^^^^^^^^^^^^^^^^^^^^^^^^^^^^^^^^^^^^^^^^^^^^^^
  File "/home/airflow/.local/lib/python3.12/site-packages/sqlalchemy/engine/base.py", line 96, in __init__
    else engine.raw_connection()
         ^^^^^^^^^^^^^^^^^^^^^^^
  File "/home/airflow/.local/lib/python3.12/site-packages/sqlalchemy/engine/base.py", line 3404, in raw_connection
    return self._wrap_pool_connect(self.pool.connect, _connection)
           ^^^^^^^^^^^^^^^^^^^^^^^^^^^^^^^^^^^^^^^^^^^^^^^^^^^^^^^
  File "/home/airflow/.local/lib/python3.12/site-packages/sqlalchemy/engine/base.py", line 3374, in _wrap_pool_connect
    Connection._handle_dbapi_exception_noconnection(
  File "/home/airflow/.local/lib/python3.12/site-packages/sqlalchemy/engine/base.py", line 2208, in _handle_dbapi_exception_noconnection
    util.raise_(
  File "/home/airflow/.local/lib/python3.12/site-packages/sqlalchemy/util/compat.py", line 211, in raise_
    raise exception
  File "/home/airflow/.local/lib/python3.12/site-packages/sqlalchemy/engine/base.py", line 3371, in _wrap_pool_connect
    return fn()
           ^^^^
  File "/home/airflow/.local/lib/python3.12/site-packages/sqlalchemy/pool/base.py", line 327, in connect
    return _ConnectionFairy._checkout(self)
           ^^^^^^^^^^^^^^^^^^^^^^^^^^^^^^^^
  File "/home/airflow/.local/lib/python3.12/site-packages/sqlalchemy/pool/base.py", line 894, in _checkout
    fairy = _ConnectionRecord.checkout(pool)
            ^^^^^^^^^^^^^^^^^^^^^^^^^^^^^^^^
  File "/home/airflow/.local/lib/python3.12/site-packages/sqlalchemy/pool/base.py", line 493, in checkout
    rec = pool._do_get()
          ^^^^^^^^^^^^^^
  File "/home/airflow/.local/lib/python3.12/site-packages/sqlalchemy/pool/impl.py", line 145, in _do_get
    with util.safe_reraise():
         ^^^^^^^^^^^^^^^^^^^
  File "/home/airflow/.local/lib/python3.12/site-packages/sqlalchemy/util/langhelpers.py", line 70, in __exit__
    compat.raise_(
  File "/home/airflow/.local/lib/python3.12/site-packages/sqlalchemy/util/compat.py", line 211, in raise_
    raise exception
  File "/home/airflow/.local/lib/python3.12/site-packages/sqlalchemy/pool/impl.py", line 143, in _do_get
    return self._create_connection()
           ^^^^^^^^^^^^^^^^^^^^^^^^^
  File "/home/airflow/.local/lib/python3.12/site-packages/sqlalchemy/pool/base.py", line 273, in _create_connection
    return _ConnectionRecord(self)
           ^^^^^^^^^^^^^^^^^^^^^^^
  File "/home/airflow/.local/lib/python3.12/site-packages/sqlalchemy/pool/base.py", line 388, in __init__
    self.__connect()
  File "/home/airflow/.local/lib/python3.12/site-packages/sqlalchemy/pool/base.py", line 690, in __connect
    with util.safe_reraise():
         ^^^^^^^^^^^^^^^^^^^
  File "/home/airflow/.local/lib/python3.12/site-packages/sqlalchemy/util/langhelpers.py", line 70, in __exit__
    compat.raise_(
  File "/home/airflow/.local/lib/python3.12/site-packages/sqlalchemy/util/compat.py", line 211, in raise_
    raise exception
  File "/home/airflow/.local/lib/python3.12/site-packages/sqlalchemy/pool/base.py", line 686, in __connect
    self.dbapi_connection = connection = pool._invoke_creator(self)
                                         ^^^^^^^^^^^^^^^^^^^^^^^^^^
  File "/home/airflow/.local/lib/python3.12/site-packages/sqlalchemy/engine/create.py", line 574, in connect
    return dialect.connect(*cargs, **cparams)
           ^^^^^^^^^^^^^^^^^^^^^^^^^^^^^^^^^^
  File "/home/airflow/.local/lib/python3.12/site-packages/sqlalchemy/engine/default.py", line 598, in connect
    return self.dbapi.connect(*cargs, **cparams)
           ^^^^^^^^^^^^^^^^^^^^^^^^^^^^^^^^^^^^^
  File "/home/airflow/.local/lib/python3.12/site-packages/psycopg2/__init__.py", line 122, in connect
    conn = _connect(dsn, connection_factory=connection_factory, **kwasync)
           ^^^^^^^^^^^^^^^^^^^^^^^^^^^^^^^^^^^^^^^^^^^^^^^^^^^^^^^^^^^^^^^
sqlalchemy.exc.OperationalError: (psycopg2.OperationalError) could not translate host name "postgres" to address: Temporary failure in name resolution

(Background on this error at: https://sqlalche.me/e/14/e3q8)
[2025-11-22T07:09:16.755+0000] {processor.py:186} INFO - Started process (PID=246) to work on /opt/airflow/dags/fraud_detection_training.py
[2025-11-22T07:09:16.762+0000] {processor.py:914} INFO - Processing file /opt/airflow/dags/fraud_detection_training.py for tasks to queue
[2025-11-22T07:09:16.773+0000] {logging_mixin.py:190} INFO - [2025-11-22T07:09:16.772+0000] {dagbag.py:588} INFO - Filling up the DagBag from /opt/airflow/dags/fraud_detection_training.py
[2025-11-22T07:09:18.931+0000] {processor.py:927} WARNING - No viable dags retrieved from /opt/airflow/dags/fraud_detection_training.py
[2025-11-22T07:09:24.528+0000] {processor.py:208} INFO - Processing /opt/airflow/dags/fraud_detection_training.py took 7.861 seconds
[2025-11-22T07:10:00.187+0000] {processor.py:186} INFO - Started process (PID=254) to work on /opt/airflow/dags/fraud_detection_training.py
[2025-11-22T07:10:01.276+0000] {processor.py:914} INFO - Processing file /opt/airflow/dags/fraud_detection_training.py for tasks to queue
[2025-11-22T07:10:06.148+0000] {logging_mixin.py:190} INFO - [2025-11-22T07:10:04.285+0000] {dagbag.py:588} INFO - Filling up the DagBag from /opt/airflow/dags/fraud_detection_training.py
[2025-11-22T07:10:14.169+0000] {processor.py:927} WARNING - No viable dags retrieved from /opt/airflow/dags/fraud_detection_training.py
[2025-11-22T09:19:42.080+0000] {processor.py:186} INFO - Started process (PID=104) to work on /opt/airflow/dags/fraud_detection_training.py
[2025-11-22T09:19:42.140+0000] {processor.py:914} INFO - Processing file /opt/airflow/dags/fraud_detection_training.py for tasks to queue
[2025-11-22T09:19:42.385+0000] {logging_mixin.py:190} INFO - [2025-11-22T09:19:42.373+0000] {dagbag.py:588} INFO - Filling up the DagBag from /opt/airflow/dags/fraud_detection_training.py
[2025-11-22T09:19:43.263+0000] {processor.py:927} WARNING - No viable dags retrieved from /opt/airflow/dags/fraud_detection_training.py
[2025-11-22T09:19:44.125+0000] {processor.py:208} INFO - Processing /opt/airflow/dags/fraud_detection_training.py took 2.945 seconds
[2025-11-22T09:20:15.358+0000] {processor.py:186} INFO - Started process (PID=113) to work on /opt/airflow/dags/fraud_detection_training.py
[2025-11-22T09:20:15.361+0000] {processor.py:914} INFO - Processing file /opt/airflow/dags/fraud_detection_training.py for tasks to queue
[2025-11-22T09:20:15.380+0000] {logging_mixin.py:190} INFO - [2025-11-22T09:20:15.380+0000] {dagbag.py:588} INFO - Filling up the DagBag from /opt/airflow/dags/fraud_detection_training.py
[2025-11-22T09:20:15.486+0000] {processor.py:927} WARNING - No viable dags retrieved from /opt/airflow/dags/fraud_detection_training.py
[2025-11-22T09:20:15.545+0000] {processor.py:208} INFO - Processing /opt/airflow/dags/fraud_detection_training.py took 0.225 seconds
[2025-11-22T09:20:45.961+0000] {processor.py:186} INFO - Started process (PID=122) to work on /opt/airflow/dags/fraud_detection_training.py
[2025-11-22T09:20:45.964+0000] {processor.py:914} INFO - Processing file /opt/airflow/dags/fraud_detection_training.py for tasks to queue
[2025-11-22T09:20:46.008+0000] {logging_mixin.py:190} INFO - [2025-11-22T09:20:46.004+0000] {dagbag.py:588} INFO - Filling up the DagBag from /opt/airflow/dags/fraud_detection_training.py
[2025-11-22T09:20:46.138+0000] {processor.py:927} WARNING - No viable dags retrieved from /opt/airflow/dags/fraud_detection_training.py
[2025-11-22T09:20:46.267+0000] {processor.py:208} INFO - Processing /opt/airflow/dags/fraud_detection_training.py took 0.347 seconds
[2025-11-22T09:21:18.176+0000] {processor.py:186} INFO - Started process (PID=131) to work on /opt/airflow/dags/fraud_detection_training.py
[2025-11-22T09:21:18.220+0000] {processor.py:914} INFO - Processing file /opt/airflow/dags/fraud_detection_training.py for tasks to queue
[2025-11-22T09:21:18.406+0000] {logging_mixin.py:190} INFO - [2025-11-22T09:21:18.405+0000] {dagbag.py:588} INFO - Filling up the DagBag from /opt/airflow/dags/fraud_detection_training.py
[2025-11-22T09:21:19.587+0000] {processor.py:927} WARNING - No viable dags retrieved from /opt/airflow/dags/fraud_detection_training.py
[2025-11-22T09:21:20.156+0000] {processor.py:208} INFO - Processing /opt/airflow/dags/fraud_detection_training.py took 1.473 seconds
[2025-11-22T09:21:53.710+0000] {processor.py:186} INFO - Started process (PID=140) to work on /opt/airflow/dags/fraud_detection_training.py
[2025-11-22T09:21:53.771+0000] {processor.py:914} INFO - Processing file /opt/airflow/dags/fraud_detection_training.py for tasks to queue
[2025-11-22T09:21:53.818+0000] {logging_mixin.py:190} INFO - [2025-11-22T09:21:53.817+0000] {dagbag.py:588} INFO - Filling up the DagBag from /opt/airflow/dags/fraud_detection_training.py
[2025-11-22T09:21:54.162+0000] {processor.py:927} WARNING - No viable dags retrieved from /opt/airflow/dags/fraud_detection_training.py
[2025-11-22T09:21:54.740+0000] {processor.py:208} INFO - Processing /opt/airflow/dags/fraud_detection_training.py took 1.257 seconds
[2025-11-22T09:22:26.084+0000] {processor.py:186} INFO - Started process (PID=149) to work on /opt/airflow/dags/fraud_detection_training.py
[2025-11-22T09:22:26.087+0000] {processor.py:914} INFO - Processing file /opt/airflow/dags/fraud_detection_training.py for tasks to queue
[2025-11-22T09:22:26.100+0000] {logging_mixin.py:190} INFO - [2025-11-22T09:22:26.099+0000] {dagbag.py:588} INFO - Filling up the DagBag from /opt/airflow/dags/fraud_detection_training.py
[2025-11-22T09:22:26.232+0000] {processor.py:927} WARNING - No viable dags retrieved from /opt/airflow/dags/fraud_detection_training.py
[2025-11-22T09:22:26.337+0000] {processor.py:208} INFO - Processing /opt/airflow/dags/fraud_detection_training.py took 0.327 seconds
[2025-11-22T09:22:57.602+0000] {processor.py:186} INFO - Started process (PID=158) to work on /opt/airflow/dags/fraud_detection_training.py
[2025-11-22T09:22:57.803+0000] {processor.py:914} INFO - Processing file /opt/airflow/dags/fraud_detection_training.py for tasks to queue
[2025-11-22T09:22:57.977+0000] {logging_mixin.py:190} INFO - [2025-11-22T09:22:57.976+0000] {dagbag.py:588} INFO - Filling up the DagBag from /opt/airflow/dags/fraud_detection_training.py
[2025-11-22T09:22:58.724+0000] {processor.py:927} WARNING - No viable dags retrieved from /opt/airflow/dags/fraud_detection_training.py
[2025-11-22T09:22:59.410+0000] {processor.py:208} INFO - Processing /opt/airflow/dags/fraud_detection_training.py took 2.350 seconds
[2025-11-22T09:23:30.258+0000] {processor.py:186} INFO - Started process (PID=167) to work on /opt/airflow/dags/fraud_detection_training.py
[2025-11-22T09:23:30.269+0000] {processor.py:914} INFO - Processing file /opt/airflow/dags/fraud_detection_training.py for tasks to queue
[2025-11-22T09:23:30.278+0000] {logging_mixin.py:190} INFO - [2025-11-22T09:23:30.277+0000] {dagbag.py:588} INFO - Filling up the DagBag from /opt/airflow/dags/fraud_detection_training.py
[2025-11-22T09:23:30.338+0000] {processor.py:927} WARNING - No viable dags retrieved from /opt/airflow/dags/fraud_detection_training.py
[2025-11-22T09:23:30.373+0000] {processor.py:208} INFO - Processing /opt/airflow/dags/fraud_detection_training.py took 0.150 seconds
[2025-11-22T09:24:01.377+0000] {processor.py:186} INFO - Started process (PID=176) to work on /opt/airflow/dags/fraud_detection_training.py
[2025-11-22T09:24:01.381+0000] {processor.py:914} INFO - Processing file /opt/airflow/dags/fraud_detection_training.py for tasks to queue
[2025-11-22T09:24:01.397+0000] {logging_mixin.py:190} INFO - [2025-11-22T09:24:01.396+0000] {dagbag.py:588} INFO - Filling up the DagBag from /opt/airflow/dags/fraud_detection_training.py
[2025-11-22T09:24:01.466+0000] {processor.py:927} WARNING - No viable dags retrieved from /opt/airflow/dags/fraud_detection_training.py
[2025-11-22T09:24:01.536+0000] {processor.py:208} INFO - Processing /opt/airflow/dags/fraud_detection_training.py took 0.187 seconds
[2025-11-22T09:24:33.096+0000] {processor.py:186} INFO - Started process (PID=185) to work on /opt/airflow/dags/fraud_detection_training.py
[2025-11-22T09:24:33.111+0000] {processor.py:914} INFO - Processing file /opt/airflow/dags/fraud_detection_training.py for tasks to queue
[2025-11-22T09:24:33.203+0000] {logging_mixin.py:190} INFO - [2025-11-22T09:24:33.200+0000] {dagbag.py:588} INFO - Filling up the DagBag from /opt/airflow/dags/fraud_detection_training.py
[2025-11-22T09:24:33.629+0000] {processor.py:927} WARNING - No viable dags retrieved from /opt/airflow/dags/fraud_detection_training.py
[2025-11-22T09:24:34.678+0000] {processor.py:208} INFO - Processing /opt/airflow/dags/fraud_detection_training.py took 1.689 seconds
[2025-11-22T09:25:05.833+0000] {processor.py:186} INFO - Started process (PID=194) to work on /opt/airflow/dags/fraud_detection_training.py
[2025-11-22T09:25:05.871+0000] {processor.py:914} INFO - Processing file /opt/airflow/dags/fraud_detection_training.py for tasks to queue
[2025-11-22T09:25:06.068+0000] {logging_mixin.py:190} INFO - [2025-11-22T09:25:06.042+0000] {dagbag.py:588} INFO - Filling up the DagBag from /opt/airflow/dags/fraud_detection_training.py
[2025-11-22T09:25:06.857+0000] {processor.py:927} WARNING - No viable dags retrieved from /opt/airflow/dags/fraud_detection_training.py
[2025-11-22T09:25:07.175+0000] {processor.py:208} INFO - Processing /opt/airflow/dags/fraud_detection_training.py took 1.501 seconds
[2025-11-22T09:25:42.721+0000] {processor.py:186} INFO - Started process (PID=203) to work on /opt/airflow/dags/fraud_detection_training.py
[2025-11-22T09:25:42.763+0000] {processor.py:914} INFO - Processing file /opt/airflow/dags/fraud_detection_training.py for tasks to queue
[2025-11-22T09:25:42.980+0000] {logging_mixin.py:190} INFO - [2025-11-22T09:25:42.962+0000] {dagbag.py:588} INFO - Filling up the DagBag from /opt/airflow/dags/fraud_detection_training.py
[2025-11-22T09:25:44.720+0000] {processor.py:927} WARNING - No viable dags retrieved from /opt/airflow/dags/fraud_detection_training.py
[2025-11-22T09:25:45.106+0000] {processor.py:208} INFO - Processing /opt/airflow/dags/fraud_detection_training.py took 2.565 seconds
[2025-11-22T09:26:28.477+0000] {processor.py:186} INFO - Started process (PID=212) to work on /opt/airflow/dags/fraud_detection_training.py
[2025-11-22T09:26:28.499+0000] {processor.py:914} INFO - Processing file /opt/airflow/dags/fraud_detection_training.py for tasks to queue
[2025-11-22T09:26:29.021+0000] {logging_mixin.py:190} INFO - [2025-11-22T09:26:29.019+0000] {dagbag.py:588} INFO - Filling up the DagBag from /opt/airflow/dags/fraud_detection_training.py
[2025-11-22T09:26:42.923+0000] {processor.py:927} WARNING - No viable dags retrieved from /opt/airflow/dags/fraud_detection_training.py
[2025-11-22T09:26:43.467+0000] {processor.py:208} INFO - Processing /opt/airflow/dags/fraud_detection_training.py took 19.578 seconds
[2025-11-22T09:27:15.168+0000] {processor.py:186} INFO - Started process (PID=220) to work on /opt/airflow/dags/fraud_detection_training.py
[2025-11-22T09:27:15.178+0000] {processor.py:914} INFO - Processing file /opt/airflow/dags/fraud_detection_training.py for tasks to queue
[2025-11-22T09:27:20.269+0000] {logging_mixin.py:190} INFO - [2025-11-22T09:27:15.210+0000] {dagbag.py:588} INFO - Filling up the DagBag from /opt/airflow/dags/fraud_detection_training.py
[2025-11-22T09:27:21.437+0000] {processor.py:927} WARNING - No viable dags retrieved from /opt/airflow/dags/fraud_detection_training.py
[2025-11-22T09:27:21.720+0000] {processor.py:208} INFO - Processing /opt/airflow/dags/fraud_detection_training.py took 7.445 seconds
[2025-11-22T09:27:52.734+0000] {processor.py:186} INFO - Started process (PID=229) to work on /opt/airflow/dags/fraud_detection_training.py
[2025-11-22T09:27:52.742+0000] {processor.py:914} INFO - Processing file /opt/airflow/dags/fraud_detection_training.py for tasks to queue
[2025-11-22T09:27:52.782+0000] {logging_mixin.py:190} INFO - [2025-11-22T09:27:52.766+0000] {dagbag.py:588} INFO - Filling up the DagBag from /opt/airflow/dags/fraud_detection_training.py
[2025-11-22T09:27:53.188+0000] {processor.py:927} WARNING - No viable dags retrieved from /opt/airflow/dags/fraud_detection_training.py
[2025-11-22T09:27:53.707+0000] {processor.py:208} INFO - Processing /opt/airflow/dags/fraud_detection_training.py took 1.063 seconds
[2025-11-22T09:28:24.564+0000] {processor.py:186} INFO - Started process (PID=237) to work on /opt/airflow/dags/fraud_detection_training.py
[2025-11-22T09:28:24.571+0000] {processor.py:914} INFO - Processing file /opt/airflow/dags/fraud_detection_training.py for tasks to queue
[2025-11-22T09:28:24.591+0000] {logging_mixin.py:190} INFO - [2025-11-22T09:28:24.589+0000] {dagbag.py:588} INFO - Filling up the DagBag from /opt/airflow/dags/fraud_detection_training.py
[2025-11-22T09:28:25.136+0000] {processor.py:927} WARNING - No viable dags retrieved from /opt/airflow/dags/fraud_detection_training.py
[2025-11-22T09:28:25.216+0000] {processor.py:208} INFO - Processing /opt/airflow/dags/fraud_detection_training.py took 0.700 seconds
[2025-11-22T09:28:56.085+0000] {processor.py:186} INFO - Started process (PID=247) to work on /opt/airflow/dags/fraud_detection_training.py
[2025-11-22T09:28:56.086+0000] {processor.py:914} INFO - Processing file /opt/airflow/dags/fraud_detection_training.py for tasks to queue
[2025-11-22T09:28:56.092+0000] {logging_mixin.py:190} INFO - [2025-11-22T09:28:56.091+0000] {dagbag.py:588} INFO - Filling up the DagBag from /opt/airflow/dags/fraud_detection_training.py
[2025-11-22T09:28:56.913+0000] {processor.py:927} WARNING - No viable dags retrieved from /opt/airflow/dags/fraud_detection_training.py
[2025-11-22T09:28:57.573+0000] {processor.py:208} INFO - Processing /opt/airflow/dags/fraud_detection_training.py took 1.567 seconds
[2025-11-22T09:29:27.811+0000] {processor.py:186} INFO - Started process (PID=256) to work on /opt/airflow/dags/fraud_detection_training.py
[2025-11-22T09:29:27.813+0000] {processor.py:914} INFO - Processing file /opt/airflow/dags/fraud_detection_training.py for tasks to queue
[2025-11-22T09:29:27.817+0000] {logging_mixin.py:190} INFO - [2025-11-22T09:29:27.816+0000] {dagbag.py:588} INFO - Filling up the DagBag from /opt/airflow/dags/fraud_detection_training.py
[2025-11-22T09:29:27.853+0000] {processor.py:927} WARNING - No viable dags retrieved from /opt/airflow/dags/fraud_detection_training.py
[2025-11-22T09:29:27.889+0000] {processor.py:208} INFO - Processing /opt/airflow/dags/fraud_detection_training.py took 0.092 seconds
[2025-11-22T09:29:58.207+0000] {processor.py:186} INFO - Started process (PID=265) to work on /opt/airflow/dags/fraud_detection_training.py
[2025-11-22T09:29:58.209+0000] {processor.py:914} INFO - Processing file /opt/airflow/dags/fraud_detection_training.py for tasks to queue
[2025-11-22T09:29:58.213+0000] {logging_mixin.py:190} INFO - [2025-11-22T09:29:58.212+0000] {dagbag.py:588} INFO - Filling up the DagBag from /opt/airflow/dags/fraud_detection_training.py
[2025-11-22T09:29:58.247+0000] {processor.py:927} WARNING - No viable dags retrieved from /opt/airflow/dags/fraud_detection_training.py
[2025-11-22T09:29:58.270+0000] {processor.py:208} INFO - Processing /opt/airflow/dags/fraud_detection_training.py took 0.078 seconds
[2025-11-22T09:30:28.516+0000] {processor.py:186} INFO - Started process (PID=274) to work on /opt/airflow/dags/fraud_detection_training.py
[2025-11-22T09:30:28.532+0000] {processor.py:914} INFO - Processing file /opt/airflow/dags/fraud_detection_training.py for tasks to queue
[2025-11-22T09:30:28.547+0000] {logging_mixin.py:190} INFO - [2025-11-22T09:30:28.547+0000] {dagbag.py:588} INFO - Filling up the DagBag from /opt/airflow/dags/fraud_detection_training.py
[2025-11-22T09:30:28.692+0000] {processor.py:927} WARNING - No viable dags retrieved from /opt/airflow/dags/fraud_detection_training.py
[2025-11-22T09:30:28.791+0000] {processor.py:208} INFO - Processing /opt/airflow/dags/fraud_detection_training.py took 0.334 seconds
[2025-11-22T09:30:58.973+0000] {processor.py:186} INFO - Started process (PID=282) to work on /opt/airflow/dags/fraud_detection_training.py
[2025-11-22T09:30:58.975+0000] {processor.py:914} INFO - Processing file /opt/airflow/dags/fraud_detection_training.py for tasks to queue
[2025-11-22T09:30:58.980+0000] {logging_mixin.py:190} INFO - [2025-11-22T09:30:58.979+0000] {dagbag.py:588} INFO - Filling up the DagBag from /opt/airflow/dags/fraud_detection_training.py
[2025-11-22T09:30:59.018+0000] {processor.py:927} WARNING - No viable dags retrieved from /opt/airflow/dags/fraud_detection_training.py
[2025-11-22T09:30:59.046+0000] {processor.py:208} INFO - Processing /opt/airflow/dags/fraud_detection_training.py took 0.083 seconds
[2025-11-22T09:31:29.697+0000] {processor.py:186} INFO - Started process (PID=291) to work on /opt/airflow/dags/fraud_detection_training.py
[2025-11-22T09:31:29.701+0000] {processor.py:914} INFO - Processing file /opt/airflow/dags/fraud_detection_training.py for tasks to queue
[2025-11-22T09:31:29.708+0000] {logging_mixin.py:190} INFO - [2025-11-22T09:31:29.707+0000] {dagbag.py:588} INFO - Filling up the DagBag from /opt/airflow/dags/fraud_detection_training.py
[2025-11-22T09:31:29.777+0000] {processor.py:927} WARNING - No viable dags retrieved from /opt/airflow/dags/fraud_detection_training.py
[2025-11-22T09:31:29.816+0000] {processor.py:208} INFO - Processing /opt/airflow/dags/fraud_detection_training.py took 0.136 seconds
[2025-11-22T09:32:00.186+0000] {processor.py:186} INFO - Started process (PID=300) to work on /opt/airflow/dags/fraud_detection_training.py
[2025-11-22T09:32:00.188+0000] {processor.py:914} INFO - Processing file /opt/airflow/dags/fraud_detection_training.py for tasks to queue
[2025-11-22T09:32:00.192+0000] {logging_mixin.py:190} INFO - [2025-11-22T09:32:00.191+0000] {dagbag.py:588} INFO - Filling up the DagBag from /opt/airflow/dags/fraud_detection_training.py
[2025-11-22T09:32:00.232+0000] {processor.py:927} WARNING - No viable dags retrieved from /opt/airflow/dags/fraud_detection_training.py
[2025-11-22T09:32:00.257+0000] {processor.py:208} INFO - Processing /opt/airflow/dags/fraud_detection_training.py took 0.081 seconds
[2025-11-22T09:32:31.015+0000] {processor.py:186} INFO - Started process (PID=308) to work on /opt/airflow/dags/fraud_detection_training.py
[2025-11-22T09:32:31.033+0000] {processor.py:914} INFO - Processing file /opt/airflow/dags/fraud_detection_training.py for tasks to queue
[2025-11-22T09:32:31.068+0000] {logging_mixin.py:190} INFO - [2025-11-22T09:32:31.061+0000] {dagbag.py:588} INFO - Filling up the DagBag from /opt/airflow/dags/fraud_detection_training.py
[2025-11-22T09:32:31.238+0000] {processor.py:927} WARNING - No viable dags retrieved from /opt/airflow/dags/fraud_detection_training.py
[2025-11-22T09:32:31.451+0000] {processor.py:208} INFO - Processing /opt/airflow/dags/fraud_detection_training.py took 0.676 seconds
[2025-11-22T09:33:02.887+0000] {processor.py:186} INFO - Started process (PID=316) to work on /opt/airflow/dags/fraud_detection_training.py
[2025-11-22T09:33:02.895+0000] {processor.py:914} INFO - Processing file /opt/airflow/dags/fraud_detection_training.py for tasks to queue
[2025-11-22T09:33:02.911+0000] {logging_mixin.py:190} INFO - [2025-11-22T09:33:02.906+0000] {dagbag.py:588} INFO - Filling up the DagBag from /opt/airflow/dags/fraud_detection_training.py
[2025-11-22T09:33:03.012+0000] {processor.py:927} WARNING - No viable dags retrieved from /opt/airflow/dags/fraud_detection_training.py
[2025-11-22T09:33:03.073+0000] {processor.py:208} INFO - Processing /opt/airflow/dags/fraud_detection_training.py took 0.245 seconds
[2025-11-22T09:33:33.864+0000] {processor.py:186} INFO - Started process (PID=324) to work on /opt/airflow/dags/fraud_detection_training.py
[2025-11-22T09:33:33.867+0000] {processor.py:914} INFO - Processing file /opt/airflow/dags/fraud_detection_training.py for tasks to queue
[2025-11-22T09:33:33.874+0000] {logging_mixin.py:190} INFO - [2025-11-22T09:33:33.873+0000] {dagbag.py:588} INFO - Filling up the DagBag from /opt/airflow/dags/fraud_detection_training.py
[2025-11-22T09:33:33.923+0000] {processor.py:927} WARNING - No viable dags retrieved from /opt/airflow/dags/fraud_detection_training.py
[2025-11-22T09:33:33.959+0000] {processor.py:208} INFO - Processing /opt/airflow/dags/fraud_detection_training.py took 0.112 seconds
[2025-11-22T09:34:04.529+0000] {processor.py:186} INFO - Started process (PID=333) to work on /opt/airflow/dags/fraud_detection_training.py
[2025-11-22T09:34:04.532+0000] {processor.py:914} INFO - Processing file /opt/airflow/dags/fraud_detection_training.py for tasks to queue
[2025-11-22T09:34:04.540+0000] {logging_mixin.py:190} INFO - [2025-11-22T09:34:04.536+0000] {dagbag.py:588} INFO - Filling up the DagBag from /opt/airflow/dags/fraud_detection_training.py
[2025-11-22T09:34:04.646+0000] {processor.py:927} WARNING - No viable dags retrieved from /opt/airflow/dags/fraud_detection_training.py
[2025-11-22T09:34:04.726+0000] {processor.py:208} INFO - Processing /opt/airflow/dags/fraud_detection_training.py took 0.242 seconds
[2025-11-22T09:34:35.503+0000] {processor.py:186} INFO - Started process (PID=343) to work on /opt/airflow/dags/fraud_detection_training.py
[2025-11-22T09:34:35.519+0000] {processor.py:914} INFO - Processing file /opt/airflow/dags/fraud_detection_training.py for tasks to queue
[2025-11-22T09:34:35.551+0000] {logging_mixin.py:190} INFO - [2025-11-22T09:34:35.550+0000] {dagbag.py:588} INFO - Filling up the DagBag from /opt/airflow/dags/fraud_detection_training.py
[2025-11-22T09:34:35.801+0000] {processor.py:927} WARNING - No viable dags retrieved from /opt/airflow/dags/fraud_detection_training.py
[2025-11-22T09:34:35.948+0000] {processor.py:208} INFO - Processing /opt/airflow/dags/fraud_detection_training.py took 0.532 seconds
[2025-11-22T09:35:06.604+0000] {processor.py:186} INFO - Started process (PID=352) to work on /opt/airflow/dags/fraud_detection_training.py
[2025-11-22T09:35:06.609+0000] {processor.py:914} INFO - Processing file /opt/airflow/dags/fraud_detection_training.py for tasks to queue
[2025-11-22T09:35:06.617+0000] {logging_mixin.py:190} INFO - [2025-11-22T09:35:06.617+0000] {dagbag.py:588} INFO - Filling up the DagBag from /opt/airflow/dags/fraud_detection_training.py
[2025-11-22T09:35:06.713+0000] {processor.py:927} WARNING - No viable dags retrieved from /opt/airflow/dags/fraud_detection_training.py
[2025-11-22T09:35:06.795+0000] {processor.py:208} INFO - Processing /opt/airflow/dags/fraud_detection_training.py took 0.230 seconds
[2025-11-22T09:35:37.043+0000] {processor.py:186} INFO - Started process (PID=360) to work on /opt/airflow/dags/fraud_detection_training.py
[2025-11-22T09:35:37.049+0000] {processor.py:914} INFO - Processing file /opt/airflow/dags/fraud_detection_training.py for tasks to queue
[2025-11-22T09:35:37.054+0000] {logging_mixin.py:190} INFO - [2025-11-22T09:35:37.053+0000] {dagbag.py:588} INFO - Filling up the DagBag from /opt/airflow/dags/fraud_detection_training.py
[2025-11-22T09:35:37.095+0000] {processor.py:927} WARNING - No viable dags retrieved from /opt/airflow/dags/fraud_detection_training.py
[2025-11-22T09:35:37.121+0000] {processor.py:208} INFO - Processing /opt/airflow/dags/fraud_detection_training.py took 0.095 seconds
[2025-11-22T09:36:07.964+0000] {processor.py:186} INFO - Started process (PID=369) to work on /opt/airflow/dags/fraud_detection_training.py
[2025-11-22T09:36:07.966+0000] {processor.py:914} INFO - Processing file /opt/airflow/dags/fraud_detection_training.py for tasks to queue
[2025-11-22T09:36:07.971+0000] {logging_mixin.py:190} INFO - [2025-11-22T09:36:07.970+0000] {dagbag.py:588} INFO - Filling up the DagBag from /opt/airflow/dags/fraud_detection_training.py
[2025-11-22T09:36:08.015+0000] {processor.py:927} WARNING - No viable dags retrieved from /opt/airflow/dags/fraud_detection_training.py
[2025-11-22T09:36:08.065+0000] {processor.py:208} INFO - Processing /opt/airflow/dags/fraud_detection_training.py took 0.117 seconds
[2025-11-22T09:36:38.478+0000] {processor.py:186} INFO - Started process (PID=378) to work on /opt/airflow/dags/fraud_detection_training.py
[2025-11-22T09:36:38.481+0000] {processor.py:914} INFO - Processing file /opt/airflow/dags/fraud_detection_training.py for tasks to queue
[2025-11-22T09:36:38.488+0000] {logging_mixin.py:190} INFO - [2025-11-22T09:36:38.487+0000] {dagbag.py:588} INFO - Filling up the DagBag from /opt/airflow/dags/fraud_detection_training.py
[2025-11-22T09:36:38.551+0000] {processor.py:927} WARNING - No viable dags retrieved from /opt/airflow/dags/fraud_detection_training.py
[2025-11-22T09:36:38.666+0000] {processor.py:208} INFO - Processing /opt/airflow/dags/fraud_detection_training.py took 0.211 seconds
[2025-11-22T09:37:09.080+0000] {processor.py:186} INFO - Started process (PID=387) to work on /opt/airflow/dags/fraud_detection_training.py
[2025-11-22T09:37:09.083+0000] {processor.py:914} INFO - Processing file /opt/airflow/dags/fraud_detection_training.py for tasks to queue
[2025-11-22T09:37:09.090+0000] {logging_mixin.py:190} INFO - [2025-11-22T09:37:09.089+0000] {dagbag.py:588} INFO - Filling up the DagBag from /opt/airflow/dags/fraud_detection_training.py
[2025-11-22T09:37:09.147+0000] {processor.py:927} WARNING - No viable dags retrieved from /opt/airflow/dags/fraud_detection_training.py
[2025-11-22T09:37:09.198+0000] {processor.py:208} INFO - Processing /opt/airflow/dags/fraud_detection_training.py took 0.135 seconds
[2025-11-22T09:37:39.584+0000] {processor.py:186} INFO - Started process (PID=396) to work on /opt/airflow/dags/fraud_detection_training.py
[2025-11-22T09:37:39.593+0000] {processor.py:914} INFO - Processing file /opt/airflow/dags/fraud_detection_training.py for tasks to queue
[2025-11-22T09:37:39.609+0000] {logging_mixin.py:190} INFO - [2025-11-22T09:37:39.608+0000] {dagbag.py:588} INFO - Filling up the DagBag from /opt/airflow/dags/fraud_detection_training.py
[2025-11-22T09:37:39.728+0000] {processor.py:927} WARNING - No viable dags retrieved from /opt/airflow/dags/fraud_detection_training.py
[2025-11-22T09:37:39.874+0000] {processor.py:208} INFO - Processing /opt/airflow/dags/fraud_detection_training.py took 0.310 seconds
[2025-11-22T09:38:10.570+0000] {processor.py:186} INFO - Started process (PID=404) to work on /opt/airflow/dags/fraud_detection_training.py
[2025-11-22T09:38:10.572+0000] {processor.py:914} INFO - Processing file /opt/airflow/dags/fraud_detection_training.py for tasks to queue
[2025-11-22T09:38:10.577+0000] {logging_mixin.py:190} INFO - [2025-11-22T09:38:10.576+0000] {dagbag.py:588} INFO - Filling up the DagBag from /opt/airflow/dags/fraud_detection_training.py
[2025-11-22T09:38:10.615+0000] {processor.py:927} WARNING - No viable dags retrieved from /opt/airflow/dags/fraud_detection_training.py
[2025-11-22T09:38:10.644+0000] {processor.py:208} INFO - Processing /opt/airflow/dags/fraud_detection_training.py took 0.085 seconds
[2025-11-22T09:38:40.805+0000] {processor.py:186} INFO - Started process (PID=413) to work on /opt/airflow/dags/fraud_detection_training.py
[2025-11-22T09:38:40.807+0000] {processor.py:914} INFO - Processing file /opt/airflow/dags/fraud_detection_training.py for tasks to queue
[2025-11-22T09:38:40.815+0000] {logging_mixin.py:190} INFO - [2025-11-22T09:38:40.814+0000] {dagbag.py:588} INFO - Filling up the DagBag from /opt/airflow/dags/fraud_detection_training.py
[2025-11-22T09:38:40.852+0000] {processor.py:927} WARNING - No viable dags retrieved from /opt/airflow/dags/fraud_detection_training.py
[2025-11-22T09:38:40.879+0000] {processor.py:208} INFO - Processing /opt/airflow/dags/fraud_detection_training.py took 0.088 seconds
[2025-11-22T09:39:11.485+0000] {processor.py:186} INFO - Started process (PID=423) to work on /opt/airflow/dags/fraud_detection_training.py
[2025-11-22T09:39:11.489+0000] {processor.py:914} INFO - Processing file /opt/airflow/dags/fraud_detection_training.py for tasks to queue
[2025-11-22T09:39:11.498+0000] {logging_mixin.py:190} INFO - [2025-11-22T09:39:11.497+0000] {dagbag.py:588} INFO - Filling up the DagBag from /opt/airflow/dags/fraud_detection_training.py
[2025-11-22T09:39:11.551+0000] {processor.py:927} WARNING - No viable dags retrieved from /opt/airflow/dags/fraud_detection_training.py
[2025-11-22T09:39:11.598+0000] {processor.py:208} INFO - Processing /opt/airflow/dags/fraud_detection_training.py took 0.137 seconds
[2025-11-22T09:39:42.144+0000] {processor.py:186} INFO - Started process (PID=431) to work on /opt/airflow/dags/fraud_detection_training.py
[2025-11-22T09:39:42.147+0000] {processor.py:914} INFO - Processing file /opt/airflow/dags/fraud_detection_training.py for tasks to queue
[2025-11-22T09:39:42.166+0000] {logging_mixin.py:190} INFO - [2025-11-22T09:39:42.164+0000] {dagbag.py:588} INFO - Filling up the DagBag from /opt/airflow/dags/fraud_detection_training.py
[2025-11-22T09:39:42.225+0000] {processor.py:927} WARNING - No viable dags retrieved from /opt/airflow/dags/fraud_detection_training.py
[2025-11-22T09:39:42.267+0000] {processor.py:208} INFO - Processing /opt/airflow/dags/fraud_detection_training.py took 0.202 seconds
[2025-11-22T09:40:13.202+0000] {processor.py:186} INFO - Started process (PID=441) to work on /opt/airflow/dags/fraud_detection_training.py
[2025-11-22T09:40:13.203+0000] {processor.py:914} INFO - Processing file /opt/airflow/dags/fraud_detection_training.py for tasks to queue
[2025-11-22T09:40:13.209+0000] {logging_mixin.py:190} INFO - [2025-11-22T09:40:13.208+0000] {dagbag.py:588} INFO - Filling up the DagBag from /opt/airflow/dags/fraud_detection_training.py
[2025-11-22T09:40:13.275+0000] {processor.py:927} WARNING - No viable dags retrieved from /opt/airflow/dags/fraud_detection_training.py
[2025-11-22T09:40:13.314+0000] {processor.py:208} INFO - Processing /opt/airflow/dags/fraud_detection_training.py took 0.135 seconds
[2025-11-22T09:40:43.992+0000] {processor.py:186} INFO - Started process (PID=450) to work on /opt/airflow/dags/fraud_detection_training.py
[2025-11-22T09:40:43.996+0000] {processor.py:914} INFO - Processing file /opt/airflow/dags/fraud_detection_training.py for tasks to queue
[2025-11-22T09:40:44.003+0000] {logging_mixin.py:190} INFO - [2025-11-22T09:40:44.002+0000] {dagbag.py:588} INFO - Filling up the DagBag from /opt/airflow/dags/fraud_detection_training.py
[2025-11-22T09:40:44.054+0000] {processor.py:927} WARNING - No viable dags retrieved from /opt/airflow/dags/fraud_detection_training.py
[2025-11-22T09:40:44.079+0000] {processor.py:208} INFO - Processing /opt/airflow/dags/fraud_detection_training.py took 0.110 seconds
[2025-11-22T09:41:15.135+0000] {processor.py:186} INFO - Started process (PID=459) to work on /opt/airflow/dags/fraud_detection_training.py
[2025-11-22T09:41:15.137+0000] {processor.py:914} INFO - Processing file /opt/airflow/dags/fraud_detection_training.py for tasks to queue
[2025-11-22T09:41:15.142+0000] {logging_mixin.py:190} INFO - [2025-11-22T09:41:15.142+0000] {dagbag.py:588} INFO - Filling up the DagBag from /opt/airflow/dags/fraud_detection_training.py
[2025-11-22T09:41:15.523+0000] {processor.py:927} WARNING - No viable dags retrieved from /opt/airflow/dags/fraud_detection_training.py
[2025-11-22T09:41:15.543+0000] {processor.py:208} INFO - Processing /opt/airflow/dags/fraud_detection_training.py took 0.423 seconds
[2025-11-22T09:41:45.927+0000] {processor.py:186} INFO - Started process (PID=468) to work on /opt/airflow/dags/fraud_detection_training.py
[2025-11-22T09:41:45.930+0000] {processor.py:914} INFO - Processing file /opt/airflow/dags/fraud_detection_training.py for tasks to queue
[2025-11-22T09:41:45.935+0000] {logging_mixin.py:190} INFO - [2025-11-22T09:41:45.935+0000] {dagbag.py:588} INFO - Filling up the DagBag from /opt/airflow/dags/fraud_detection_training.py
[2025-11-22T09:41:45.989+0000] {processor.py:927} WARNING - No viable dags retrieved from /opt/airflow/dags/fraud_detection_training.py
[2025-11-22T09:41:46.018+0000] {processor.py:208} INFO - Processing /opt/airflow/dags/fraud_detection_training.py took 0.107 seconds
[2025-11-22T09:42:17.822+0000] {processor.py:186} INFO - Started process (PID=477) to work on /opt/airflow/dags/fraud_detection_training.py
[2025-11-22T09:42:17.867+0000] {processor.py:914} INFO - Processing file /opt/airflow/dags/fraud_detection_training.py for tasks to queue
[2025-11-22T09:42:17.906+0000] {logging_mixin.py:190} INFO - [2025-11-22T09:42:17.905+0000] {dagbag.py:588} INFO - Filling up the DagBag from /opt/airflow/dags/fraud_detection_training.py
[2025-11-22T09:42:19.783+0000] {processor.py:927} WARNING - No viable dags retrieved from /opt/airflow/dags/fraud_detection_training.py
[2025-11-22T09:42:20.098+0000] {processor.py:208} INFO - Processing /opt/airflow/dags/fraud_detection_training.py took 2.531 seconds
[2025-11-22T09:42:50.921+0000] {processor.py:186} INFO - Started process (PID=485) to work on /opt/airflow/dags/fraud_detection_training.py
[2025-11-22T09:42:50.926+0000] {processor.py:914} INFO - Processing file /opt/airflow/dags/fraud_detection_training.py for tasks to queue
[2025-11-22T09:42:50.938+0000] {logging_mixin.py:190} INFO - [2025-11-22T09:42:50.936+0000] {dagbag.py:588} INFO - Filling up the DagBag from /opt/airflow/dags/fraud_detection_training.py
[2025-11-22T09:42:51.055+0000] {processor.py:927} WARNING - No viable dags retrieved from /opt/airflow/dags/fraud_detection_training.py
[2025-11-22T09:42:51.103+0000] {processor.py:208} INFO - Processing /opt/airflow/dags/fraud_detection_training.py took 0.218 seconds
[2025-11-22T09:43:21.228+0000] {processor.py:186} INFO - Started process (PID=495) to work on /opt/airflow/dags/fraud_detection_training.py
[2025-11-22T09:43:21.229+0000] {processor.py:914} INFO - Processing file /opt/airflow/dags/fraud_detection_training.py for tasks to queue
[2025-11-22T09:43:21.234+0000] {logging_mixin.py:190} INFO - [2025-11-22T09:43:21.233+0000] {dagbag.py:588} INFO - Filling up the DagBag from /opt/airflow/dags/fraud_detection_training.py
[2025-11-22T09:43:21.287+0000] {processor.py:927} WARNING - No viable dags retrieved from /opt/airflow/dags/fraud_detection_training.py
[2025-11-22T09:43:21.311+0000] {processor.py:208} INFO - Processing /opt/airflow/dags/fraud_detection_training.py took 0.093 seconds
[2025-11-22T09:43:52.150+0000] {processor.py:186} INFO - Started process (PID=504) to work on /opt/airflow/dags/fraud_detection_training.py
[2025-11-22T09:43:52.151+0000] {processor.py:914} INFO - Processing file /opt/airflow/dags/fraud_detection_training.py for tasks to queue
[2025-11-22T09:43:52.155+0000] {logging_mixin.py:190} INFO - [2025-11-22T09:43:52.155+0000] {dagbag.py:588} INFO - Filling up the DagBag from /opt/airflow/dags/fraud_detection_training.py
[2025-11-22T09:43:52.226+0000] {processor.py:927} WARNING - No viable dags retrieved from /opt/airflow/dags/fraud_detection_training.py
[2025-11-22T09:43:52.255+0000] {processor.py:208} INFO - Processing /opt/airflow/dags/fraud_detection_training.py took 0.116 seconds
[2025-11-22T09:44:23.794+0000] {processor.py:186} INFO - Started process (PID=513) to work on /opt/airflow/dags/fraud_detection_training.py
[2025-11-22T09:44:23.839+0000] {processor.py:914} INFO - Processing file /opt/airflow/dags/fraud_detection_training.py for tasks to queue
[2025-11-22T09:44:23.856+0000] {logging_mixin.py:190} INFO - [2025-11-22T09:44:23.855+0000] {dagbag.py:588} INFO - Filling up the DagBag from /opt/airflow/dags/fraud_detection_training.py
[2025-11-22T09:44:24.351+0000] {processor.py:927} WARNING - No viable dags retrieved from /opt/airflow/dags/fraud_detection_training.py
[2025-11-22T09:44:24.567+0000] {processor.py:208} INFO - Processing /opt/airflow/dags/fraud_detection_training.py took 0.830 seconds
[2025-11-22T09:44:55.968+0000] {processor.py:186} INFO - Started process (PID=521) to work on /opt/airflow/dags/fraud_detection_training.py
[2025-11-22T09:44:55.984+0000] {processor.py:914} INFO - Processing file /opt/airflow/dags/fraud_detection_training.py for tasks to queue
[2025-11-22T09:44:56.018+0000] {logging_mixin.py:190} INFO - [2025-11-22T09:44:56.018+0000] {dagbag.py:588} INFO - Filling up the DagBag from /opt/airflow/dags/fraud_detection_training.py
[2025-11-22T09:44:56.436+0000] {processor.py:927} WARNING - No viable dags retrieved from /opt/airflow/dags/fraud_detection_training.py
[2025-11-22T09:44:56.556+0000] {processor.py:208} INFO - Processing /opt/airflow/dags/fraud_detection_training.py took 0.698 seconds
[2025-11-22T09:45:28.960+0000] {processor.py:186} INFO - Started process (PID=530) to work on /opt/airflow/dags/fraud_detection_training.py
[2025-11-22T09:45:29.003+0000] {processor.py:914} INFO - Processing file /opt/airflow/dags/fraud_detection_training.py for tasks to queue
[2025-11-22T09:45:29.052+0000] {logging_mixin.py:190} INFO - [2025-11-22T09:45:29.048+0000] {dagbag.py:588} INFO - Filling up the DagBag from /opt/airflow/dags/fraud_detection_training.py
[2025-11-22T09:45:30.169+0000] {processor.py:927} WARNING - No viable dags retrieved from /opt/airflow/dags/fraud_detection_training.py
[2025-11-22T09:45:30.281+0000] {processor.py:208} INFO - Processing /opt/airflow/dags/fraud_detection_training.py took 1.420 seconds
[2025-11-22T09:46:02.684+0000] {processor.py:186} INFO - Started process (PID=538) to work on /opt/airflow/dags/fraud_detection_training.py
[2025-11-22T09:46:02.698+0000] {processor.py:914} INFO - Processing file /opt/airflow/dags/fraud_detection_training.py for tasks to queue
[2025-11-22T09:46:02.982+0000] {logging_mixin.py:190} INFO - [2025-11-22T09:46:02.958+0000] {dagbag.py:588} INFO - Filling up the DagBag from /opt/airflow/dags/fraud_detection_training.py
[2025-11-22T09:46:06.983+0000] {processor.py:927} WARNING - No viable dags retrieved from /opt/airflow/dags/fraud_detection_training.py
[2025-11-22T09:46:07.440+0000] {processor.py:208} INFO - Processing /opt/airflow/dags/fraud_detection_training.py took 5.671 seconds
[2025-11-22T09:46:39.268+0000] {processor.py:186} INFO - Started process (PID=547) to work on /opt/airflow/dags/fraud_detection_training.py
[2025-11-22T09:46:39.311+0000] {processor.py:914} INFO - Processing file /opt/airflow/dags/fraud_detection_training.py for tasks to queue
[2025-11-22T09:46:39.411+0000] {logging_mixin.py:190} INFO - [2025-11-22T09:46:39.371+0000] {dagbag.py:588} INFO - Filling up the DagBag from /opt/airflow/dags/fraud_detection_training.py
[2025-11-22T09:46:40.037+0000] {processor.py:927} WARNING - No viable dags retrieved from /opt/airflow/dags/fraud_detection_training.py
[2025-11-22T09:46:40.699+0000] {processor.py:208} INFO - Processing /opt/airflow/dags/fraud_detection_training.py took 1.646 seconds
[2025-11-22T09:47:11.079+0000] {processor.py:186} INFO - Started process (PID=556) to work on /opt/airflow/dags/fraud_detection_training.py
[2025-11-22T09:47:11.082+0000] {processor.py:914} INFO - Processing file /opt/airflow/dags/fraud_detection_training.py for tasks to queue
[2025-11-22T09:47:11.091+0000] {logging_mixin.py:190} INFO - [2025-11-22T09:47:11.090+0000] {dagbag.py:588} INFO - Filling up the DagBag from /opt/airflow/dags/fraud_detection_training.py
[2025-11-22T09:47:11.132+0000] {processor.py:927} WARNING - No viable dags retrieved from /opt/airflow/dags/fraud_detection_training.py
[2025-11-22T09:47:11.182+0000] {processor.py:208} INFO - Processing /opt/airflow/dags/fraud_detection_training.py took 0.120 seconds
[2025-11-22T09:47:41.343+0000] {processor.py:186} INFO - Started process (PID=565) to work on /opt/airflow/dags/fraud_detection_training.py
[2025-11-22T09:47:41.345+0000] {processor.py:914} INFO - Processing file /opt/airflow/dags/fraud_detection_training.py for tasks to queue
[2025-11-22T09:47:41.358+0000] {logging_mixin.py:190} INFO - [2025-11-22T09:47:41.358+0000] {dagbag.py:588} INFO - Filling up the DagBag from /opt/airflow/dags/fraud_detection_training.py
[2025-11-22T09:47:41.418+0000] {processor.py:927} WARNING - No viable dags retrieved from /opt/airflow/dags/fraud_detection_training.py
[2025-11-22T09:47:41.444+0000] {processor.py:208} INFO - Processing /opt/airflow/dags/fraud_detection_training.py took 0.119 seconds
[2025-11-22T09:48:12.695+0000] {processor.py:186} INFO - Started process (PID=574) to work on /opt/airflow/dags/fraud_detection_training.py
[2025-11-22T09:48:12.706+0000] {processor.py:914} INFO - Processing file /opt/airflow/dags/fraud_detection_training.py for tasks to queue
[2025-11-22T09:48:12.771+0000] {logging_mixin.py:190} INFO - [2025-11-22T09:48:12.744+0000] {dagbag.py:588} INFO - Filling up the DagBag from /opt/airflow/dags/fraud_detection_training.py
[2025-11-22T09:48:12.887+0000] {processor.py:927} WARNING - No viable dags retrieved from /opt/airflow/dags/fraud_detection_training.py
[2025-11-22T09:48:12.961+0000] {processor.py:208} INFO - Processing /opt/airflow/dags/fraud_detection_training.py took 0.331 seconds
[2025-11-22T09:56:26.158+0000] {processor.py:186} INFO - Started process (PID=70) to work on /opt/airflow/dags/fraud_detection_training.py
[2025-11-22T09:56:26.180+0000] {processor.py:914} INFO - Processing file /opt/airflow/dags/fraud_detection_training.py for tasks to queue
[2025-11-22T09:56:26.190+0000] {logging_mixin.py:190} INFO - [2025-11-22T09:56:26.189+0000] {dagbag.py:588} INFO - Filling up the DagBag from /opt/airflow/dags/fraud_detection_training.py
[2025-11-22T09:56:26.347+0000] {processor.py:927} WARNING - No viable dags retrieved from /opt/airflow/dags/fraud_detection_training.py
[2025-11-22T09:56:26.423+0000] {processor.py:208} INFO - Processing /opt/airflow/dags/fraud_detection_training.py took 0.327 seconds
[2025-11-22T09:56:56.940+0000] {processor.py:186} INFO - Started process (PID=78) to work on /opt/airflow/dags/fraud_detection_training.py
[2025-11-22T09:56:56.942+0000] {processor.py:914} INFO - Processing file /opt/airflow/dags/fraud_detection_training.py for tasks to queue
[2025-11-22T09:56:56.947+0000] {logging_mixin.py:190} INFO - [2025-11-22T09:56:56.946+0000] {dagbag.py:588} INFO - Filling up the DagBag from /opt/airflow/dags/fraud_detection_training.py
[2025-11-22T09:56:57.064+0000] {processor.py:927} WARNING - No viable dags retrieved from /opt/airflow/dags/fraud_detection_training.py
[2025-11-22T09:56:57.409+0000] {processor.py:208} INFO - Processing /opt/airflow/dags/fraud_detection_training.py took 0.487 seconds
[2025-11-22T09:57:34.516+0000] {processor.py:186} INFO - Started process (PID=92) to work on /opt/airflow/dags/fraud_detection_training.py
[2025-11-22T09:57:34.525+0000] {processor.py:914} INFO - Processing file /opt/airflow/dags/fraud_detection_training.py for tasks to queue
[2025-11-22T09:57:34.544+0000] {logging_mixin.py:190} INFO - [2025-11-22T09:57:34.543+0000] {dagbag.py:588} INFO - Filling up the DagBag from /opt/airflow/dags/fraud_detection_training.py
[2025-11-22T09:57:34.743+0000] {processor.py:927} WARNING - No viable dags retrieved from /opt/airflow/dags/fraud_detection_training.py
[2025-11-22T09:57:34.922+0000] {processor.py:208} INFO - Processing /opt/airflow/dags/fraud_detection_training.py took 0.565 seconds
