[2025-11-22T05:51:26.385+0000] {processor.py:186} INFO - Started process (PID=95) to work on /opt/airflow/dags/fraud_detection_training_dag.py
[2025-11-22T05:51:26.392+0000] {processor.py:914} INFO - Processing file /opt/airflow/dags/fraud_detection_training_dag.py for tasks to queue
[2025-11-22T05:51:26.456+0000] {logging_mixin.py:190} INFO - [2025-11-22T05:51:26.447+0000] {dagbag.py:588} INFO - Filling up the DagBag from /opt/airflow/dags/fraud_detection_training_dag.py
[2025-11-22T05:51:27.149+0000] {processor.py:925} INFO - DAG(s) 'fraud_detection_training' retrieved from /opt/airflow/dags/fraud_detection_training_dag.py
[2025-11-22T06:09:48.133+0000] {processor.py:186} INFO - Started process (PID=91) to work on /opt/airflow/dags/fraud_detection_training_dag.py
[2025-11-22T06:09:48.152+0000] {processor.py:914} INFO - Processing file /opt/airflow/dags/fraud_detection_training_dag.py for tasks to queue
[2025-11-22T06:09:48.170+0000] {logging_mixin.py:190} INFO - [2025-11-22T06:09:48.169+0000] {dagbag.py:588} INFO - Filling up the DagBag from /opt/airflow/dags/fraud_detection_training_dag.py
[2025-11-22T06:09:48.563+0000] {processor.py:925} INFO - DAG(s) 'fraud_detection_training' retrieved from /opt/airflow/dags/fraud_detection_training_dag.py
[2025-11-22T06:09:51.154+0000] {logging_mixin.py:190} INFO - [2025-11-22T06:09:51.153+0000] {dag.py:3239} INFO - Sync 1 DAGs
[2025-11-22T06:09:51.290+0000] {logging_mixin.py:190} INFO - [2025-11-22T06:09:51.290+0000] {dag.py:4180} INFO - Setting next_dagrun for fraud_detection_training to 2025-11-21 12:00:00+00:00, run_after=2025-11-22 12:00:00+00:00
[2025-11-22T06:09:51.470+0000] {processor.py:208} INFO - Processing /opt/airflow/dags/fraud_detection_training_dag.py took 3.387 seconds
[2025-11-22T06:10:22.602+0000] {processor.py:186} INFO - Started process (PID=102) to work on /opt/airflow/dags/fraud_detection_training_dag.py
[2025-11-22T06:10:22.632+0000] {processor.py:914} INFO - Processing file /opt/airflow/dags/fraud_detection_training_dag.py for tasks to queue
[2025-11-22T06:10:22.656+0000] {logging_mixin.py:190} INFO - [2025-11-22T06:10:22.656+0000] {dagbag.py:588} INFO - Filling up the DagBag from /opt/airflow/dags/fraud_detection_training_dag.py
[2025-11-22T06:10:22.839+0000] {processor.py:925} INFO - DAG(s) 'fraud_detection_training' retrieved from /opt/airflow/dags/fraud_detection_training_dag.py
[2025-11-22T06:10:22.928+0000] {logging_mixin.py:190} INFO - [2025-11-22T06:10:22.927+0000] {dag.py:3239} INFO - Sync 1 DAGs
[2025-11-22T06:10:23.085+0000] {logging_mixin.py:190} INFO - [2025-11-22T06:10:23.084+0000] {dag.py:4180} INFO - Setting next_dagrun for fraud_detection_training to 2025-11-21 12:00:00+00:00, run_after=2025-11-22 12:00:00+00:00
[2025-11-22T06:10:23.224+0000] {processor.py:208} INFO - Processing /opt/airflow/dags/fraud_detection_training_dag.py took 0.743 seconds
[2025-11-22T06:10:53.641+0000] {processor.py:186} INFO - Started process (PID=112) to work on /opt/airflow/dags/fraud_detection_training_dag.py
[2025-11-22T06:10:53.654+0000] {processor.py:914} INFO - Processing file /opt/airflow/dags/fraud_detection_training_dag.py for tasks to queue
[2025-11-22T06:10:53.714+0000] {logging_mixin.py:190} INFO - [2025-11-22T06:10:53.679+0000] {dagbag.py:588} INFO - Filling up the DagBag from /opt/airflow/dags/fraud_detection_training_dag.py
[2025-11-22T06:10:54.012+0000] {processor.py:925} INFO - DAG(s) 'fraud_detection_training' retrieved from /opt/airflow/dags/fraud_detection_training_dag.py
[2025-11-22T06:10:54.129+0000] {logging_mixin.py:190} INFO - [2025-11-22T06:10:54.129+0000] {dag.py:3239} INFO - Sync 1 DAGs
[2025-11-22T06:10:54.297+0000] {logging_mixin.py:190} INFO - [2025-11-22T06:10:54.297+0000] {dag.py:4180} INFO - Setting next_dagrun for fraud_detection_training to 2025-11-21 12:00:00+00:00, run_after=2025-11-22 12:00:00+00:00
[2025-11-22T06:10:54.438+0000] {processor.py:208} INFO - Processing /opt/airflow/dags/fraud_detection_training_dag.py took 0.881 seconds
[2025-11-22T06:11:26.375+0000] {processor.py:186} INFO - Started process (PID=121) to work on /opt/airflow/dags/fraud_detection_training_dag.py
[2025-11-22T06:11:26.432+0000] {processor.py:914} INFO - Processing file /opt/airflow/dags/fraud_detection_training_dag.py for tasks to queue
[2025-11-22T06:11:26.464+0000] {logging_mixin.py:190} INFO - [2025-11-22T06:11:26.463+0000] {dagbag.py:588} INFO - Filling up the DagBag from /opt/airflow/dags/fraud_detection_training_dag.py
[2025-11-22T06:11:27.594+0000] {processor.py:925} INFO - DAG(s) 'fraud_detection_training' retrieved from /opt/airflow/dags/fraud_detection_training_dag.py
[2025-11-22T06:11:28.010+0000] {logging_mixin.py:190} INFO - [2025-11-22T06:11:27.994+0000] {dag.py:3239} INFO - Sync 1 DAGs
[2025-11-22T06:11:28.556+0000] {logging_mixin.py:190} INFO - [2025-11-22T06:11:28.555+0000] {dag.py:4180} INFO - Setting next_dagrun for fraud_detection_training to 2025-11-21 12:00:00+00:00, run_after=2025-11-22 12:00:00+00:00
[2025-11-22T06:11:29.203+0000] {processor.py:208} INFO - Processing /opt/airflow/dags/fraud_detection_training_dag.py took 3.051 seconds
[2025-11-22T06:12:00.870+0000] {processor.py:186} INFO - Started process (PID=130) to work on /opt/airflow/dags/fraud_detection_training_dag.py
[2025-11-22T06:12:00.896+0000] {processor.py:914} INFO - Processing file /opt/airflow/dags/fraud_detection_training_dag.py for tasks to queue
[2025-11-22T06:12:00.915+0000] {logging_mixin.py:190} INFO - [2025-11-22T06:12:00.914+0000] {dagbag.py:588} INFO - Filling up the DagBag from /opt/airflow/dags/fraud_detection_training_dag.py
[2025-11-22T06:12:01.434+0000] {processor.py:925} INFO - DAG(s) 'fraud_detection_training' retrieved from /opt/airflow/dags/fraud_detection_training_dag.py
[2025-11-22T06:12:01.796+0000] {logging_mixin.py:190} INFO - [2025-11-22T06:12:01.796+0000] {dag.py:3239} INFO - Sync 1 DAGs
[2025-11-22T06:12:02.192+0000] {logging_mixin.py:190} INFO - [2025-11-22T06:12:02.184+0000] {dag.py:4180} INFO - Setting next_dagrun for fraud_detection_training to 2025-11-21 12:00:00+00:00, run_after=2025-11-22 12:00:00+00:00
[2025-11-22T06:12:02.426+0000] {processor.py:208} INFO - Processing /opt/airflow/dags/fraud_detection_training_dag.py took 1.959 seconds
[2025-11-22T06:12:33.791+0000] {processor.py:186} INFO - Started process (PID=138) to work on /opt/airflow/dags/fraud_detection_training_dag.py
[2025-11-22T06:12:33.809+0000] {processor.py:914} INFO - Processing file /opt/airflow/dags/fraud_detection_training_dag.py for tasks to queue
[2025-11-22T06:12:33.869+0000] {logging_mixin.py:190} INFO - [2025-11-22T06:12:33.842+0000] {dagbag.py:588} INFO - Filling up the DagBag from /opt/airflow/dags/fraud_detection_training_dag.py
[2025-11-22T06:12:34.312+0000] {processor.py:925} INFO - DAG(s) 'fraud_detection_training' retrieved from /opt/airflow/dags/fraud_detection_training_dag.py
[2025-11-22T06:12:34.525+0000] {logging_mixin.py:190} INFO - [2025-11-22T06:12:34.520+0000] {dag.py:3239} INFO - Sync 1 DAGs
[2025-11-22T06:12:34.725+0000] {logging_mixin.py:190} INFO - [2025-11-22T06:12:34.720+0000] {dag.py:4180} INFO - Setting next_dagrun for fraud_detection_training to 2025-11-21 12:00:00+00:00, run_after=2025-11-22 12:00:00+00:00
[2025-11-22T06:12:34.867+0000] {processor.py:208} INFO - Processing /opt/airflow/dags/fraud_detection_training_dag.py took 1.185 seconds
[2025-11-22T06:13:06.720+0000] {processor.py:186} INFO - Started process (PID=148) to work on /opt/airflow/dags/fraud_detection_training_dag.py
[2025-11-22T06:13:06.731+0000] {processor.py:914} INFO - Processing file /opt/airflow/dags/fraud_detection_training_dag.py for tasks to queue
[2025-11-22T06:13:06.757+0000] {logging_mixin.py:190} INFO - [2025-11-22T06:13:06.756+0000] {dagbag.py:588} INFO - Filling up the DagBag from /opt/airflow/dags/fraud_detection_training_dag.py
[2025-11-22T06:13:07.173+0000] {processor.py:925} INFO - DAG(s) 'fraud_detection_training' retrieved from /opt/airflow/dags/fraud_detection_training_dag.py
[2025-11-22T06:13:07.435+0000] {logging_mixin.py:190} INFO - [2025-11-22T06:13:07.434+0000] {dag.py:3239} INFO - Sync 1 DAGs
[2025-11-22T06:13:07.773+0000] {logging_mixin.py:190} INFO - [2025-11-22T06:13:07.772+0000] {dag.py:4180} INFO - Setting next_dagrun for fraud_detection_training to 2025-11-21 12:00:00+00:00, run_after=2025-11-22 12:00:00+00:00
[2025-11-22T06:13:07.955+0000] {processor.py:208} INFO - Processing /opt/airflow/dags/fraud_detection_training_dag.py took 1.308 seconds
[2025-11-22T06:13:38.391+0000] {processor.py:186} INFO - Started process (PID=158) to work on /opt/airflow/dags/fraud_detection_training_dag.py
[2025-11-22T06:13:38.393+0000] {processor.py:914} INFO - Processing file /opt/airflow/dags/fraud_detection_training_dag.py for tasks to queue
[2025-11-22T06:13:38.408+0000] {logging_mixin.py:190} INFO - [2025-11-22T06:13:38.407+0000] {dagbag.py:588} INFO - Filling up the DagBag from /opt/airflow/dags/fraud_detection_training_dag.py
[2025-11-22T06:13:38.780+0000] {processor.py:925} INFO - DAG(s) 'fraud_detection_training' retrieved from /opt/airflow/dags/fraud_detection_training_dag.py
[2025-11-22T06:13:38.943+0000] {logging_mixin.py:190} INFO - [2025-11-22T06:13:38.942+0000] {dag.py:3239} INFO - Sync 1 DAGs
[2025-11-22T06:13:39.145+0000] {logging_mixin.py:190} INFO - [2025-11-22T06:13:39.144+0000] {dag.py:4180} INFO - Setting next_dagrun for fraud_detection_training to 2025-11-21 12:00:00+00:00, run_after=2025-11-22 12:00:00+00:00
[2025-11-22T06:13:39.528+0000] {processor.py:208} INFO - Processing /opt/airflow/dags/fraud_detection_training_dag.py took 1.184 seconds
[2025-11-22T06:14:24.017+0000] {processor.py:186} INFO - Started process (PID=167) to work on /opt/airflow/dags/fraud_detection_training_dag.py
[2025-11-22T06:14:24.155+0000] {processor.py:914} INFO - Processing file /opt/airflow/dags/fraud_detection_training_dag.py for tasks to queue
[2025-11-22T06:14:24.551+0000] {logging_mixin.py:190} INFO - [2025-11-22T06:14:24.515+0000] {dagbag.py:588} INFO - Filling up the DagBag from /opt/airflow/dags/fraud_detection_training_dag.py
[2025-11-22T06:14:26.212+0000] {processor.py:925} INFO - DAG(s) 'fraud_detection_training' retrieved from /opt/airflow/dags/fraud_detection_training_dag.py
[2025-11-22T06:14:29.005+0000] {logging_mixin.py:190} INFO - [2025-11-22T06:14:29.004+0000] {dag.py:3239} INFO - Sync 1 DAGs
[2025-11-22T06:14:34.445+0000] {logging_mixin.py:190} INFO - [2025-11-22T06:14:34.444+0000] {dag.py:4180} INFO - Setting next_dagrun for fraud_detection_training to 2025-11-21 12:00:00+00:00, run_after=2025-11-22 12:00:00+00:00
[2025-11-22T06:14:35.594+0000] {processor.py:208} INFO - Processing /opt/airflow/dags/fraud_detection_training_dag.py took 12.851 seconds
[2025-11-22T06:15:13.852+0000] {processor.py:186} INFO - Started process (PID=182) to work on /opt/airflow/dags/fraud_detection_training_dag.py
[2025-11-22T06:15:13.866+0000] {processor.py:914} INFO - Processing file /opt/airflow/dags/fraud_detection_training_dag.py for tasks to queue
[2025-11-22T06:15:13.940+0000] {logging_mixin.py:190} INFO - [2025-11-22T06:15:13.938+0000] {dagbag.py:588} INFO - Filling up the DagBag from /opt/airflow/dags/fraud_detection_training_dag.py
[2025-11-22T06:15:16.936+0000] {processor.py:925} INFO - DAG(s) 'fraud_detection_training' retrieved from /opt/airflow/dags/fraud_detection_training_dag.py
[2025-11-22T06:15:23.148+0000] {logging_mixin.py:190} INFO - [2025-11-22T06:15:23.139+0000] {dag.py:3239} INFO - Sync 1 DAGs
[2025-11-22T06:15:26.322+0000] {logging_mixin.py:190} INFO - [2025-11-22T06:15:26.321+0000] {dag.py:4180} INFO - Setting next_dagrun for fraud_detection_training to 2025-11-21 12:00:00+00:00, run_after=2025-11-22 12:00:00+00:00
[2025-11-22T06:15:27.519+0000] {processor.py:208} INFO - Processing /opt/airflow/dags/fraud_detection_training_dag.py took 14.003 seconds
[2025-11-22T06:15:58.781+0000] {processor.py:186} INFO - Started process (PID=191) to work on /opt/airflow/dags/fraud_detection_training_dag.py
[2025-11-22T06:15:58.811+0000] {processor.py:914} INFO - Processing file /opt/airflow/dags/fraud_detection_training_dag.py for tasks to queue
[2025-11-22T06:15:59.258+0000] {logging_mixin.py:190} INFO - [2025-11-22T06:15:59.243+0000] {dagbag.py:588} INFO - Filling up the DagBag from /opt/airflow/dags/fraud_detection_training_dag.py
[2025-11-22T06:16:00.204+0000] {processor.py:925} INFO - DAG(s) 'fraud_detection_training' retrieved from /opt/airflow/dags/fraud_detection_training_dag.py
[2025-11-22T06:16:00.697+0000] {logging_mixin.py:190} INFO - [2025-11-22T06:16:00.697+0000] {dag.py:3239} INFO - Sync 1 DAGs
[2025-11-22T06:16:01.373+0000] {logging_mixin.py:190} INFO - [2025-11-22T06:16:01.343+0000] {dag.py:4180} INFO - Setting next_dagrun for fraud_detection_training to 2025-11-21 12:00:00+00:00, run_after=2025-11-22 12:00:00+00:00
[2025-11-22T06:16:02.976+0000] {processor.py:208} INFO - Processing /opt/airflow/dags/fraud_detection_training_dag.py took 4.507 seconds
[2025-11-22T06:16:38.792+0000] {processor.py:186} INFO - Started process (PID=200) to work on /opt/airflow/dags/fraud_detection_training_dag.py
[2025-11-22T06:16:38.943+0000] {processor.py:914} INFO - Processing file /opt/airflow/dags/fraud_detection_training_dag.py for tasks to queue
[2025-11-22T06:16:39.322+0000] {logging_mixin.py:190} INFO - [2025-11-22T06:16:39.306+0000] {dagbag.py:588} INFO - Filling up the DagBag from /opt/airflow/dags/fraud_detection_training_dag.py
[2025-11-22T06:16:48.169+0000] {processor.py:925} INFO - DAG(s) 'fraud_detection_training' retrieved from /opt/airflow/dags/fraud_detection_training_dag.py
[2025-11-22T06:17:11.503+0000] {logging_mixin.py:190} INFO - [2025-11-22T06:17:11.502+0000] {dag.py:3239} INFO - Sync 1 DAGs
[2025-11-22T06:17:18.944+0000] {logging_mixin.py:190} INFO - [2025-11-22T06:17:18.827+0000] {dag.py:4180} INFO - Setting next_dagrun for fraud_detection_training to 2025-11-21 12:00:00+00:00, run_after=2025-11-22 12:00:00+00:00
[2025-11-22T06:18:11.871+0000] {processor.py:186} INFO - Started process (PID=217) to work on /opt/airflow/dags/fraud_detection_training_dag.py
[2025-11-22T06:18:11.989+0000] {processor.py:914} INFO - Processing file /opt/airflow/dags/fraud_detection_training_dag.py for tasks to queue
[2025-11-22T06:18:13.500+0000] {logging_mixin.py:190} INFO - [2025-11-22T06:18:12.062+0000] {dagbag.py:588} INFO - Filling up the DagBag from /opt/airflow/dags/fraud_detection_training_dag.py
[2025-11-22T06:20:14.324+0000] {processor.py:186} INFO - Started process (PID=220) to work on /opt/airflow/dags/fraud_detection_training_dag.py
[2025-11-22T06:20:14.601+0000] {processor.py:914} INFO - Processing file /opt/airflow/dags/fraud_detection_training_dag.py for tasks to queue
[2025-11-22T06:20:14.872+0000] {logging_mixin.py:190} INFO - [2025-11-22T06:20:14.716+0000] {dagbag.py:588} INFO - Filling up the DagBag from /opt/airflow/dags/fraud_detection_training_dag.py
[2025-11-22T06:20:54.748+0000] {processor.py:186} INFO - Started process (PID=228) to work on /opt/airflow/dags/fraud_detection_training_dag.py
[2025-11-22T06:20:54.762+0000] {processor.py:914} INFO - Processing file /opt/airflow/dags/fraud_detection_training_dag.py for tasks to queue
[2025-11-22T06:20:54.820+0000] {logging_mixin.py:190} INFO - [2025-11-22T06:20:54.819+0000] {dagbag.py:588} INFO - Filling up the DagBag from /opt/airflow/dags/fraud_detection_training_dag.py
[2025-11-22T06:28:28.714+0000] {processor.py:186} INFO - Started process (PID=70) to work on /opt/airflow/dags/fraud_detection_training_dag.py
[2025-11-22T06:28:28.750+0000] {processor.py:914} INFO - Processing file /opt/airflow/dags/fraud_detection_training_dag.py for tasks to queue
[2025-11-22T06:28:28.801+0000] {logging_mixin.py:190} INFO - [2025-11-22T06:28:28.780+0000] {dagbag.py:588} INFO - Filling up the DagBag from /opt/airflow/dags/fraud_detection_training_dag.py
[2025-11-22T06:28:29.590+0000] {processor.py:925} INFO - DAG(s) 'fraud_detection_training' retrieved from /opt/airflow/dags/fraud_detection_training_dag.py
[2025-11-22T06:28:31.957+0000] {logging_mixin.py:190} INFO - [2025-11-22T06:28:31.957+0000] {dag.py:3239} INFO - Sync 1 DAGs
[2025-11-22T06:28:32.406+0000] {logging_mixin.py:190} INFO - [2025-11-22T06:28:32.390+0000] {dag.py:4180} INFO - Setting next_dagrun for fraud_detection_training to 2025-11-21 12:00:00+00:00, run_after=2025-11-22 12:00:00+00:00
[2025-11-22T06:28:32.988+0000] {processor.py:208} INFO - Processing /opt/airflow/dags/fraud_detection_training_dag.py took 4.393 seconds
[2025-11-22T06:29:03.776+0000] {processor.py:186} INFO - Started process (PID=81) to work on /opt/airflow/dags/fraud_detection_training_dag.py
[2025-11-22T06:29:03.785+0000] {processor.py:914} INFO - Processing file /opt/airflow/dags/fraud_detection_training_dag.py for tasks to queue
[2025-11-22T06:29:03.802+0000] {logging_mixin.py:190} INFO - [2025-11-22T06:29:03.801+0000] {dagbag.py:588} INFO - Filling up the DagBag from /opt/airflow/dags/fraud_detection_training_dag.py
[2025-11-22T06:29:04.249+0000] {processor.py:925} INFO - DAG(s) 'fraud_detection_training' retrieved from /opt/airflow/dags/fraud_detection_training_dag.py
[2025-11-22T06:29:04.694+0000] {logging_mixin.py:190} INFO - [2025-11-22T06:29:04.694+0000] {dag.py:3239} INFO - Sync 1 DAGs
[2025-11-22T06:29:05.057+0000] {logging_mixin.py:190} INFO - [2025-11-22T06:29:05.057+0000] {dag.py:4180} INFO - Setting next_dagrun for fraud_detection_training to 2025-11-21 12:00:00+00:00, run_after=2025-11-22 12:00:00+00:00
[2025-11-22T06:29:05.182+0000] {processor.py:208} INFO - Processing /opt/airflow/dags/fraud_detection_training_dag.py took 1.448 seconds
[2025-11-22T06:29:35.708+0000] {processor.py:186} INFO - Started process (PID=91) to work on /opt/airflow/dags/fraud_detection_training_dag.py
[2025-11-22T06:29:35.711+0000] {processor.py:914} INFO - Processing file /opt/airflow/dags/fraud_detection_training_dag.py for tasks to queue
[2025-11-22T06:29:35.722+0000] {logging_mixin.py:190} INFO - [2025-11-22T06:29:35.721+0000] {dagbag.py:588} INFO - Filling up the DagBag from /opt/airflow/dags/fraud_detection_training_dag.py
[2025-11-22T06:29:36.102+0000] {processor.py:925} INFO - DAG(s) 'fraud_detection_training' retrieved from /opt/airflow/dags/fraud_detection_training_dag.py
[2025-11-22T06:29:36.392+0000] {logging_mixin.py:190} INFO - [2025-11-22T06:29:36.392+0000] {dag.py:3239} INFO - Sync 1 DAGs
[2025-11-22T06:29:36.573+0000] {logging_mixin.py:190} INFO - [2025-11-22T06:29:36.573+0000] {dag.py:4180} INFO - Setting next_dagrun for fraud_detection_training to 2025-11-21 12:00:00+00:00, run_after=2025-11-22 12:00:00+00:00
[2025-11-22T06:29:36.727+0000] {processor.py:208} INFO - Processing /opt/airflow/dags/fraud_detection_training_dag.py took 1.075 seconds
[2025-11-22T06:30:08.879+0000] {processor.py:186} INFO - Started process (PID=99) to work on /opt/airflow/dags/fraud_detection_training_dag.py
[2025-11-22T06:30:08.928+0000] {processor.py:914} INFO - Processing file /opt/airflow/dags/fraud_detection_training_dag.py for tasks to queue
[2025-11-22T06:30:09.113+0000] {logging_mixin.py:190} INFO - [2025-11-22T06:30:09.093+0000] {dagbag.py:588} INFO - Filling up the DagBag from /opt/airflow/dags/fraud_detection_training_dag.py
[2025-11-22T06:30:11.127+0000] {processor.py:925} INFO - DAG(s) 'fraud_detection_training' retrieved from /opt/airflow/dags/fraud_detection_training_dag.py
[2025-11-22T06:30:12.976+0000] {logging_mixin.py:190} INFO - [2025-11-22T06:30:12.975+0000] {dag.py:3239} INFO - Sync 1 DAGs
[2025-11-22T06:30:14.326+0000] {logging_mixin.py:190} INFO - [2025-11-22T06:30:14.325+0000] {dag.py:4180} INFO - Setting next_dagrun for fraud_detection_training to 2025-11-21 12:00:00+00:00, run_after=2025-11-22 12:00:00+00:00
[2025-11-22T06:30:14.558+0000] {processor.py:208} INFO - Processing /opt/airflow/dags/fraud_detection_training_dag.py took 6.318 seconds
[2025-11-22T06:30:46.022+0000] {processor.py:186} INFO - Started process (PID=107) to work on /opt/airflow/dags/fraud_detection_training_dag.py
[2025-11-22T06:30:46.025+0000] {processor.py:914} INFO - Processing file /opt/airflow/dags/fraud_detection_training_dag.py for tasks to queue
[2025-11-22T06:30:46.034+0000] {logging_mixin.py:190} INFO - [2025-11-22T06:30:46.032+0000] {dagbag.py:588} INFO - Filling up the DagBag from /opt/airflow/dags/fraud_detection_training_dag.py
[2025-11-22T06:30:49.263+0000] {processor.py:925} INFO - DAG(s) 'fraud_detection_training' retrieved from /opt/airflow/dags/fraud_detection_training_dag.py
[2025-11-22T06:30:49.695+0000] {logging_mixin.py:190} INFO - [2025-11-22T06:30:49.694+0000] {dag.py:3239} INFO - Sync 1 DAGs
[2025-11-22T06:30:50.987+0000] {logging_mixin.py:190} INFO - [2025-11-22T06:30:50.986+0000] {dag.py:4180} INFO - Setting next_dagrun for fraud_detection_training to 2025-11-21 12:00:00+00:00, run_after=2025-11-22 12:00:00+00:00
[2025-11-22T06:30:51.224+0000] {processor.py:208} INFO - Processing /opt/airflow/dags/fraud_detection_training_dag.py took 5.240 seconds
[2025-11-22T06:31:21.680+0000] {processor.py:186} INFO - Started process (PID=116) to work on /opt/airflow/dags/fraud_detection_training_dag.py
[2025-11-22T06:31:21.688+0000] {processor.py:914} INFO - Processing file /opt/airflow/dags/fraud_detection_training_dag.py for tasks to queue
[2025-11-22T06:31:21.702+0000] {logging_mixin.py:190} INFO - [2025-11-22T06:31:21.699+0000] {dagbag.py:588} INFO - Filling up the DagBag from /opt/airflow/dags/fraud_detection_training_dag.py
[2025-11-22T06:31:21.915+0000] {processor.py:925} INFO - DAG(s) 'fraud_detection_training' retrieved from /opt/airflow/dags/fraud_detection_training_dag.py
[2025-11-22T06:31:22.026+0000] {logging_mixin.py:190} INFO - [2025-11-22T06:31:22.025+0000] {dag.py:3239} INFO - Sync 1 DAGs
[2025-11-22T06:31:22.193+0000] {logging_mixin.py:190} INFO - [2025-11-22T06:31:22.192+0000] {dag.py:4180} INFO - Setting next_dagrun for fraud_detection_training to 2025-11-21 12:00:00+00:00, run_after=2025-11-22 12:00:00+00:00
[2025-11-22T06:31:22.340+0000] {processor.py:208} INFO - Processing /opt/airflow/dags/fraud_detection_training_dag.py took 0.765 seconds
[2025-11-22T06:31:52.816+0000] {processor.py:186} INFO - Started process (PID=125) to work on /opt/airflow/dags/fraud_detection_training_dag.py
[2025-11-22T06:31:52.827+0000] {processor.py:914} INFO - Processing file /opt/airflow/dags/fraud_detection_training_dag.py for tasks to queue
[2025-11-22T06:31:52.846+0000] {logging_mixin.py:190} INFO - [2025-11-22T06:31:52.844+0000] {dagbag.py:588} INFO - Filling up the DagBag from /opt/airflow/dags/fraud_detection_training_dag.py
[2025-11-22T06:31:53.229+0000] {processor.py:925} INFO - DAG(s) 'fraud_detection_training' retrieved from /opt/airflow/dags/fraud_detection_training_dag.py
[2025-11-22T06:31:53.545+0000] {logging_mixin.py:190} INFO - [2025-11-22T06:31:53.525+0000] {dag.py:3239} INFO - Sync 1 DAGs
[2025-11-22T06:31:53.864+0000] {logging_mixin.py:190} INFO - [2025-11-22T06:31:53.864+0000] {dag.py:4180} INFO - Setting next_dagrun for fraud_detection_training to 2025-11-21 12:00:00+00:00, run_after=2025-11-22 12:00:00+00:00
[2025-11-22T06:31:53.987+0000] {processor.py:208} INFO - Processing /opt/airflow/dags/fraud_detection_training_dag.py took 1.222 seconds
[2025-11-22T06:54:47.332+0000] {processor.py:186} INFO - Started process (PID=119) to work on /opt/airflow/dags/fraud_detection_training_dag.py
[2025-11-22T06:54:47.630+0000] {processor.py:914} INFO - Processing file /opt/airflow/dags/fraud_detection_training_dag.py for tasks to queue
[2025-11-22T06:54:47.994+0000] {logging_mixin.py:190} INFO - [2025-11-22T06:54:47.986+0000] {dagbag.py:588} INFO - Filling up the DagBag from /opt/airflow/dags/fraud_detection_training_dag.py
[2025-11-22T06:54:53.997+0000] {processor.py:925} INFO - DAG(s) 'fraud_detection_training' retrieved from /opt/airflow/dags/fraud_detection_training_dag.py
[2025-11-22T06:54:59.341+0000] {logging_mixin.py:190} INFO - [2025-11-22T06:54:59.340+0000] {dag.py:3239} INFO - Sync 1 DAGs
[2025-11-22T06:55:05.763+0000] {logging_mixin.py:190} INFO - [2025-11-22T06:55:05.762+0000] {dag.py:4180} INFO - Setting next_dagrun for fraud_detection_training to 2025-11-21 12:00:00+00:00, run_after=2025-11-22 12:00:00+00:00
[2025-11-22T06:55:05.969+0000] {processor.py:208} INFO - Processing /opt/airflow/dags/fraud_detection_training_dag.py took 20.383 seconds
[2025-11-22T06:55:42.818+0000] {processor.py:186} INFO - Started process (PID=135) to work on /opt/airflow/dags/fraud_detection_training_dag.py
[2025-11-22T06:55:42.833+0000] {processor.py:914} INFO - Processing file /opt/airflow/dags/fraud_detection_training_dag.py for tasks to queue
[2025-11-22T06:55:42.928+0000] {logging_mixin.py:190} INFO - [2025-11-22T06:55:42.923+0000] {dagbag.py:588} INFO - Filling up the DagBag from /opt/airflow/dags/fraud_detection_training_dag.py
[2025-11-22T06:55:47.167+0000] {processor.py:925} INFO - DAG(s) 'fraud_detection_training' retrieved from /opt/airflow/dags/fraud_detection_training_dag.py
[2025-11-22T06:55:47.515+0000] {logging_mixin.py:190} INFO - [2025-11-22T06:55:47.514+0000] {dag.py:3239} INFO - Sync 1 DAGs
[2025-11-22T06:55:49.327+0000] {logging_mixin.py:190} INFO - [2025-11-22T06:55:49.326+0000] {dag.py:4180} INFO - Setting next_dagrun for fraud_detection_training to 2025-11-21 12:00:00+00:00, run_after=2025-11-22 12:00:00+00:00
[2025-11-22T06:55:49.563+0000] {processor.py:208} INFO - Processing /opt/airflow/dags/fraud_detection_training_dag.py took 7.485 seconds
[2025-11-22T06:56:51.524+0000] {processor.py:186} INFO - Started process (PID=152) to work on /opt/airflow/dags/fraud_detection_training_dag.py
[2025-11-22T06:56:51.558+0000] {processor.py:914} INFO - Processing file /opt/airflow/dags/fraud_detection_training_dag.py for tasks to queue
[2025-11-22T06:56:51.684+0000] {logging_mixin.py:190} INFO - [2025-11-22T06:56:51.682+0000] {dagbag.py:588} INFO - Filling up the DagBag from /opt/airflow/dags/fraud_detection_training_dag.py
[2025-11-22T06:56:52.564+0000] {processor.py:925} INFO - DAG(s) 'fraud_detection_training' retrieved from /opt/airflow/dags/fraud_detection_training_dag.py
[2025-11-22T06:56:52.798+0000] {logging_mixin.py:190} INFO - [2025-11-22T06:56:52.797+0000] {dag.py:3239} INFO - Sync 1 DAGs
[2025-11-22T06:56:53.250+0000] {logging_mixin.py:190} INFO - [2025-11-22T06:56:53.247+0000] {dag.py:4180} INFO - Setting next_dagrun for fraud_detection_training to 2025-11-21 12:00:00+00:00, run_after=2025-11-22 12:00:00+00:00
[2025-11-22T06:56:53.481+0000] {processor.py:208} INFO - Processing /opt/airflow/dags/fraud_detection_training_dag.py took 2.232 seconds
[2025-11-22T06:57:31.936+0000] {processor.py:186} INFO - Started process (PID=160) to work on /opt/airflow/dags/fraud_detection_training_dag.py
[2025-11-22T06:57:31.939+0000] {processor.py:914} INFO - Processing file /opt/airflow/dags/fraud_detection_training_dag.py for tasks to queue
[2025-11-22T06:57:31.949+0000] {logging_mixin.py:190} INFO - [2025-11-22T06:57:31.946+0000] {dagbag.py:588} INFO - Filling up the DagBag from /opt/airflow/dags/fraud_detection_training_dag.py
[2025-11-22T06:57:32.255+0000] {processor.py:925} INFO - DAG(s) 'fraud_detection_training' retrieved from /opt/airflow/dags/fraud_detection_training_dag.py
[2025-11-22T06:57:37.985+0000] {logging_mixin.py:190} INFO - [2025-11-22T06:57:37.984+0000] {dag.py:3239} INFO - Sync 1 DAGs
[2025-11-22T06:57:38.779+0000] {logging_mixin.py:190} INFO - [2025-11-22T06:57:38.778+0000] {dag.py:4180} INFO - Setting next_dagrun for fraud_detection_training to 2025-11-21 12:00:00+00:00, run_after=2025-11-22 12:00:00+00:00
[2025-11-22T06:57:38.982+0000] {processor.py:208} INFO - Processing /opt/airflow/dags/fraud_detection_training_dag.py took 7.091 seconds
[2025-11-22T06:58:10.791+0000] {processor.py:186} INFO - Started process (PID=169) to work on /opt/airflow/dags/fraud_detection_training_dag.py
[2025-11-22T06:58:10.797+0000] {processor.py:914} INFO - Processing file /opt/airflow/dags/fraud_detection_training_dag.py for tasks to queue
[2025-11-22T06:58:10.917+0000] {logging_mixin.py:190} INFO - [2025-11-22T06:58:10.907+0000] {dagbag.py:588} INFO - Filling up the DagBag from /opt/airflow/dags/fraud_detection_training_dag.py
[2025-11-22T06:58:42.258+0000] {logging_mixin.py:190} INFO - [2025-11-22T06:58:42.255+0000] {timeout.py:68} ERROR - Process timed out, PID: 169
[2025-11-22T06:58:48.423+0000] {logging_mixin.py:190} INFO - [2025-11-22T06:58:42.441+0000] {dagbag.py:387} ERROR - Failed to import: /opt/airflow/dags/fraud_detection_training_dag.py
Traceback (most recent call last):
  File "/home/airflow/.local/lib/python3.12/site-packages/airflow/models/dagbag.py", line 383, in parse
    loader.exec_module(new_module)
  File "<frozen importlib._bootstrap_external>", line 999, in exec_module
  File "<frozen importlib._bootstrap>", line 488, in _call_with_frames_removed
  File "/opt/airflow/dags/fraud_detection_training_dag.py", line 117, in <module>
    env={'CONFIG_PATH': Variable.get('config_path', default_var='/app/config.yaml')}
                        ^^^^^^^^^^^^^^^^^^^^^^^^^^^^^^^^^^^^^^^^^^^^^^^^^^^^^^^^^^^
  File "/home/airflow/.local/lib/python3.12/site-packages/airflow/models/variable.py", line 140, in get
    var_val = Variable.get_variable_from_secrets(key=key)
              ^^^^^^^^^^^^^^^^^^^^^^^^^^^^^^^^^^^^^^^^^^^
  File "/home/airflow/.local/lib/python3.12/site-packages/airflow/models/variable.py", line 353, in get_variable_from_secrets
    var_val = secrets_backend.get_variable(key=key)
              ^^^^^^^^^^^^^^^^^^^^^^^^^^^^^^^^^^^^^
  File "/home/airflow/.local/lib/python3.12/site-packages/airflow/utils/session.py", line 97, in wrapper
    return func(*args, session=session, **kwargs)
           ^^^^^^^^^^^^^^^^^^^^^^^^^^^^^^^^^^^^^^
  File "/home/airflow/.local/lib/python3.12/site-packages/airflow/secrets/metastore.py", line 66, in get_variable
    return MetastoreBackend._fetch_variable(key=key, session=session)
           ^^^^^^^^^^^^^^^^^^^^^^^^^^^^^^^^^^^^^^^^^^^^^^^^^^^^^^^^^^
  File "/home/airflow/.local/lib/python3.12/site-packages/airflow/api_internal/internal_api_call.py", line 166, in wrapper
    return func(*args, **kwargs)
           ^^^^^^^^^^^^^^^^^^^^^
  File "/home/airflow/.local/lib/python3.12/site-packages/airflow/utils/session.py", line 94, in wrapper
    return func(*args, **kwargs)
           ^^^^^^^^^^^^^^^^^^^^^
  File "/home/airflow/.local/lib/python3.12/site-packages/airflow/secrets/metastore.py", line 84, in _fetch_variable
    var_value = session.scalar(select(Variable).where(Variable.key == key).limit(1))
                ^^^^^^^^^^^^^^^^^^^^^^^^^^^^^^^^^^^^^^^^^^^^^^^^^^^^^^^^^^^^^^^^^^^^
  File "/home/airflow/.local/lib/python3.12/site-packages/sqlalchemy/orm/session.py", line 1747, in scalar
    return self.execute(
           ^^^^^^^^^^^^^
  File "/home/airflow/.local/lib/python3.12/site-packages/sqlalchemy/orm/session.py", line 1716, in execute
    conn = self._connection_for_bind(bind)
           ^^^^^^^^^^^^^^^^^^^^^^^^^^^^^^^
  File "/home/airflow/.local/lib/python3.12/site-packages/sqlalchemy/orm/session.py", line 1555, in _connection_for_bind
    return self._transaction._connection_for_bind(
           ^^^^^^^^^^^^^^^^^^^^^^^^^^^^^^^^^^^^^^^
  File "/home/airflow/.local/lib/python3.12/site-packages/sqlalchemy/orm/session.py", line 750, in _connection_for_bind
    conn = bind.connect()
           ^^^^^^^^^^^^^^
  File "/home/airflow/.local/lib/python3.12/site-packages/sqlalchemy/future/engine.py", line 412, in connect
    return super(Engine, self).connect()
           ^^^^^^^^^^^^^^^^^^^^^^^^^^^^^
  File "/home/airflow/.local/lib/python3.12/site-packages/sqlalchemy/engine/base.py", line 3325, in connect
    return self._connection_cls(self, close_with_result=close_with_result)
           ^^^^^^^^^^^^^^^^^^^^^^^^^^^^^^^^^^^^^^^^^^^^^^^^^^^^^^^^^^^^^^^
  File "/home/airflow/.local/lib/python3.12/site-packages/sqlalchemy/engine/base.py", line 96, in __init__
    else engine.raw_connection()
         ^^^^^^^^^^^^^^^^^^^^^^^
  File "/home/airflow/.local/lib/python3.12/site-packages/sqlalchemy/engine/base.py", line 3404, in raw_connection
    return self._wrap_pool_connect(self.pool.connect, _connection)
           ^^^^^^^^^^^^^^^^^^^^^^^^^^^^^^^^^^^^^^^^^^^^^^^^^^^^^^^
  File "/home/airflow/.local/lib/python3.12/site-packages/sqlalchemy/engine/base.py", line 3371, in _wrap_pool_connect
    return fn()
           ^^^^
  File "/home/airflow/.local/lib/python3.12/site-packages/sqlalchemy/pool/base.py", line 327, in connect
    return _ConnectionFairy._checkout(self)
           ^^^^^^^^^^^^^^^^^^^^^^^^^^^^^^^^
  File "/home/airflow/.local/lib/python3.12/site-packages/sqlalchemy/pool/base.py", line 894, in _checkout
    fairy = _ConnectionRecord.checkout(pool)
            ^^^^^^^^^^^^^^^^^^^^^^^^^^^^^^^^
  File "/home/airflow/.local/lib/python3.12/site-packages/sqlalchemy/pool/base.py", line 493, in checkout
    rec = pool._do_get()
          ^^^^^^^^^^^^^^
  File "/home/airflow/.local/lib/python3.12/site-packages/sqlalchemy/pool/impl.py", line 145, in _do_get
    with util.safe_reraise():
         ^^^^^^^^^^^^^^^^^^^
  File "/home/airflow/.local/lib/python3.12/site-packages/sqlalchemy/util/langhelpers.py", line 70, in __exit__
    compat.raise_(
  File "/home/airflow/.local/lib/python3.12/site-packages/sqlalchemy/util/compat.py", line 211, in raise_
    raise exception
  File "/home/airflow/.local/lib/python3.12/site-packages/sqlalchemy/pool/impl.py", line 143, in _do_get
    return self._create_connection()
           ^^^^^^^^^^^^^^^^^^^^^^^^^
  File "/home/airflow/.local/lib/python3.12/site-packages/sqlalchemy/pool/base.py", line 273, in _create_connection
    return _ConnectionRecord(self)
           ^^^^^^^^^^^^^^^^^^^^^^^
  File "/home/airflow/.local/lib/python3.12/site-packages/sqlalchemy/pool/base.py", line 388, in __init__
    self.__connect()
  File "/home/airflow/.local/lib/python3.12/site-packages/sqlalchemy/pool/base.py", line 690, in __connect
    with util.safe_reraise():
         ^^^^^^^^^^^^^^^^^^^
  File "/home/airflow/.local/lib/python3.12/site-packages/sqlalchemy/util/langhelpers.py", line 70, in __exit__
    compat.raise_(
  File "/home/airflow/.local/lib/python3.12/site-packages/sqlalchemy/util/compat.py", line 211, in raise_
    raise exception
  File "/home/airflow/.local/lib/python3.12/site-packages/sqlalchemy/pool/base.py", line 686, in __connect
    self.dbapi_connection = connection = pool._invoke_creator(self)
                                         ^^^^^^^^^^^^^^^^^^^^^^^^^^
  File "/home/airflow/.local/lib/python3.12/site-packages/sqlalchemy/engine/create.py", line 574, in connect
    return dialect.connect(*cargs, **cparams)
           ^^^^^^^^^^^^^^^^^^^^^^^^^^^^^^^^^^
  File "/home/airflow/.local/lib/python3.12/site-packages/sqlalchemy/engine/default.py", line 598, in connect
    return self.dbapi.connect(*cargs, **cparams)
           ^^^^^^^^^^^^^^^^^^^^^^^^^^^^^^^^^^^^^
  File "/home/airflow/.local/lib/python3.12/site-packages/psycopg2/__init__.py", line 122, in connect
    conn = _connect(dsn, connection_factory=connection_factory, **kwasync)
           ^^^^^^^^^^^^^^^^^^^^^^^^^^^^^^^^^^^^^^^^^^^^^^^^^^^^^^^^^^^^^^^
  File "/home/airflow/.local/lib/python3.12/site-packages/airflow/utils/timeout.py", line 69, in handle_timeout
    raise AirflowTaskTimeout(self.error_message)
airflow.exceptions.AirflowTaskTimeout: DagBag import timeout for /opt/airflow/dags/fraud_detection_training_dag.py after 30.0s.
Please take a look at these docs to improve your DAG import time:
* https://airflow.apache.org/docs/apache-airflow/2.10.5/best-practices.html#top-level-python-code
* https://airflow.apache.org/docs/apache-airflow/2.10.5/best-practices.html#reducing-dag-complexity, PID: 169
[2025-11-22T06:58:48.525+0000] {processor.py:927} WARNING - No viable dags retrieved from /opt/airflow/dags/fraud_detection_training_dag.py
[2025-11-22T06:58:59.412+0000] {processor.py:208} INFO - Processing /opt/airflow/dags/fraud_detection_training_dag.py took 48.889 seconds
[2025-11-22T06:59:35.973+0000] {processor.py:186} INFO - Started process (PID=186) to work on /opt/airflow/dags/fraud_detection_training_dag.py
[2025-11-22T06:59:35.981+0000] {processor.py:914} INFO - Processing file /opt/airflow/dags/fraud_detection_training_dag.py for tasks to queue
[2025-11-22T06:59:35.992+0000] {logging_mixin.py:190} INFO - [2025-11-22T06:59:35.991+0000] {dagbag.py:588} INFO - Filling up the DagBag from /opt/airflow/dags/fraud_detection_training_dag.py
[2025-11-22T06:59:41.590+0000] {processor.py:925} INFO - DAG(s) 'fraud_detection_training' retrieved from /opt/airflow/dags/fraud_detection_training_dag.py
[2025-11-22T06:59:42.971+0000] {logging_mixin.py:190} INFO - [2025-11-22T06:59:42.957+0000] {dag.py:3239} INFO - Sync 1 DAGs
[2025-11-22T06:59:52.317+0000] {logging_mixin.py:190} INFO - [2025-11-22T06:59:52.317+0000] {dag.py:4180} INFO - Setting next_dagrun for fraud_detection_training to 2025-11-21 12:00:00+00:00, run_after=2025-11-22 12:00:00+00:00
[2025-11-22T06:59:54.878+0000] {processor.py:208} INFO - Processing /opt/airflow/dags/fraud_detection_training_dag.py took 18.944 seconds
[2025-11-22T07:00:25.558+0000] {processor.py:186} INFO - Started process (PID=203) to work on /opt/airflow/dags/fraud_detection_training_dag.py
[2025-11-22T07:00:28.320+0000] {processor.py:914} INFO - Processing file /opt/airflow/dags/fraud_detection_training_dag.py for tasks to queue
[2025-11-22T07:00:28.343+0000] {logging_mixin.py:190} INFO - [2025-11-22T07:00:28.327+0000] {dagbag.py:588} INFO - Filling up the DagBag from /opt/airflow/dags/fraud_detection_training_dag.py
[2025-11-22T07:00:29.095+0000] {processor.py:925} INFO - DAG(s) 'fraud_detection_training' retrieved from /opt/airflow/dags/fraud_detection_training_dag.py
[2025-11-22T07:00:32.460+0000] {logging_mixin.py:190} INFO - [2025-11-22T07:00:32.459+0000] {dag.py:3239} INFO - Sync 1 DAGs
[2025-11-22T07:00:33.732+0000] {logging_mixin.py:190} INFO - [2025-11-22T07:00:33.716+0000] {dag.py:4180} INFO - Setting next_dagrun for fraud_detection_training to 2025-11-21 12:00:00+00:00, run_after=2025-11-22 12:00:00+00:00
[2025-11-22T07:00:36.367+0000] {processor.py:208} INFO - Processing /opt/airflow/dags/fraud_detection_training_dag.py took 10.827 seconds
[2025-11-22T07:01:15.682+0000] {processor.py:186} INFO - Started process (PID=214) to work on /opt/airflow/dags/fraud_detection_training_dag.py
[2025-11-22T07:01:15.700+0000] {processor.py:914} INFO - Processing file /opt/airflow/dags/fraud_detection_training_dag.py for tasks to queue
[2025-11-22T07:01:15.807+0000] {logging_mixin.py:190} INFO - [2025-11-22T07:01:15.806+0000] {dagbag.py:588} INFO - Filling up the DagBag from /opt/airflow/dags/fraud_detection_training_dag.py
[2025-11-22T07:01:18.007+0000] {processor.py:925} INFO - DAG(s) 'fraud_detection_training' retrieved from /opt/airflow/dags/fraud_detection_training_dag.py
[2025-11-22T07:01:22.906+0000] {logging_mixin.py:190} INFO - [2025-11-22T07:01:22.902+0000] {dag.py:3239} INFO - Sync 1 DAGs
[2025-11-22T07:01:25.270+0000] {logging_mixin.py:190} INFO - [2025-11-22T07:01:25.269+0000] {dag.py:4180} INFO - Setting next_dagrun for fraud_detection_training to 2025-11-21 12:00:00+00:00, run_after=2025-11-22 12:00:00+00:00
[2025-11-22T07:01:28.483+0000] {processor.py:208} INFO - Processing /opt/airflow/dags/fraud_detection_training_dag.py took 12.834 seconds
[2025-11-22T07:02:05.484+0000] {processor.py:186} INFO - Started process (PID=223) to work on /opt/airflow/dags/fraud_detection_training_dag.py
[2025-11-22T07:02:05.493+0000] {processor.py:914} INFO - Processing file /opt/airflow/dags/fraud_detection_training_dag.py for tasks to queue
[2025-11-22T07:02:05.557+0000] {logging_mixin.py:190} INFO - [2025-11-22T07:02:05.536+0000] {dagbag.py:588} INFO - Filling up the DagBag from /opt/airflow/dags/fraud_detection_training_dag.py
[2025-11-22T07:02:12.033+0000] {processor.py:925} INFO - DAG(s) 'fraud_detection_training' retrieved from /opt/airflow/dags/fraud_detection_training_dag.py
[2025-11-22T07:02:12.746+0000] {logging_mixin.py:190} INFO - [2025-11-22T07:02:12.705+0000] {dag.py:3239} INFO - Sync 1 DAGs
[2025-11-22T07:02:13.423+0000] {logging_mixin.py:190} INFO - [2025-11-22T07:02:13.418+0000] {dag.py:4180} INFO - Setting next_dagrun for fraud_detection_training to 2025-11-21 12:00:00+00:00, run_after=2025-11-22 12:00:00+00:00
[2025-11-22T07:02:14.037+0000] {processor.py:208} INFO - Processing /opt/airflow/dags/fraud_detection_training_dag.py took 13.112 seconds
[2025-11-22T07:02:59.064+0000] {processor.py:186} INFO - Started process (PID=231) to work on /opt/airflow/dags/fraud_detection_training_dag.py
[2025-11-22T07:02:59.095+0000] {processor.py:914} INFO - Processing file /opt/airflow/dags/fraud_detection_training_dag.py for tasks to queue
[2025-11-22T07:03:00.176+0000] {logging_mixin.py:190} INFO - [2025-11-22T07:03:00.174+0000] {dagbag.py:588} INFO - Filling up the DagBag from /opt/airflow/dags/fraud_detection_training_dag.py
[2025-11-22T07:03:26.685+0000] {processor.py:925} INFO - DAG(s) 'fraud_detection_training' retrieved from /opt/airflow/dags/fraud_detection_training_dag.py
[2025-11-22T07:03:27.739+0000] {logging_mixin.py:190} INFO - [2025-11-22T07:03:27.739+0000] {dag.py:3239} INFO - Sync 1 DAGs
[2025-11-22T07:03:28.754+0000] {logging_mixin.py:190} INFO - [2025-11-22T07:03:28.753+0000] {dag.py:4180} INFO - Setting next_dagrun for fraud_detection_training to 2025-11-21 12:00:00+00:00, run_after=2025-11-22 12:00:00+00:00
[2025-11-22T07:03:29.661+0000] {processor.py:208} INFO - Processing /opt/airflow/dags/fraud_detection_training_dag.py took 32.826 seconds
[2025-11-22T07:04:01.464+0000] {processor.py:186} INFO - Started process (PID=242) to work on /opt/airflow/dags/fraud_detection_training_dag.py
[2025-11-22T07:04:01.500+0000] {processor.py:914} INFO - Processing file /opt/airflow/dags/fraud_detection_training_dag.py for tasks to queue
[2025-11-22T07:04:01.652+0000] {logging_mixin.py:190} INFO - [2025-11-22T07:04:01.634+0000] {dagbag.py:588} INFO - Filling up the DagBag from /opt/airflow/dags/fraud_detection_training_dag.py
[2025-11-22T07:04:25.051+0000] {logging_mixin.py:190} INFO - [2025-11-22T07:04:21.675+0000] {variable.py:357} ERROR - Unable to retrieve variable from secrets backend (MetastoreBackend). Checking subsequent secrets backend.
Traceback (most recent call last):
  File "/home/airflow/.local/lib/python3.12/site-packages/sqlalchemy/engine/base.py", line 3371, in _wrap_pool_connect
    return fn()
           ^^^^
  File "/home/airflow/.local/lib/python3.12/site-packages/sqlalchemy/pool/base.py", line 327, in connect
    return _ConnectionFairy._checkout(self)
           ^^^^^^^^^^^^^^^^^^^^^^^^^^^^^^^^
  File "/home/airflow/.local/lib/python3.12/site-packages/sqlalchemy/pool/base.py", line 894, in _checkout
    fairy = _ConnectionRecord.checkout(pool)
            ^^^^^^^^^^^^^^^^^^^^^^^^^^^^^^^^
  File "/home/airflow/.local/lib/python3.12/site-packages/sqlalchemy/pool/base.py", line 493, in checkout
    rec = pool._do_get()
          ^^^^^^^^^^^^^^
  File "/home/airflow/.local/lib/python3.12/site-packages/sqlalchemy/pool/impl.py", line 145, in _do_get
    with util.safe_reraise():
         ^^^^^^^^^^^^^^^^^^^
  File "/home/airflow/.local/lib/python3.12/site-packages/sqlalchemy/util/langhelpers.py", line 70, in __exit__
    compat.raise_(
  File "/home/airflow/.local/lib/python3.12/site-packages/sqlalchemy/util/compat.py", line 211, in raise_
    raise exception
  File "/home/airflow/.local/lib/python3.12/site-packages/sqlalchemy/pool/impl.py", line 143, in _do_get
    return self._create_connection()
           ^^^^^^^^^^^^^^^^^^^^^^^^^
  File "/home/airflow/.local/lib/python3.12/site-packages/sqlalchemy/pool/base.py", line 273, in _create_connection
    return _ConnectionRecord(self)
           ^^^^^^^^^^^^^^^^^^^^^^^
  File "/home/airflow/.local/lib/python3.12/site-packages/sqlalchemy/pool/base.py", line 388, in __init__
    self.__connect()
  File "/home/airflow/.local/lib/python3.12/site-packages/sqlalchemy/pool/base.py", line 690, in __connect
    with util.safe_reraise():
         ^^^^^^^^^^^^^^^^^^^
  File "/home/airflow/.local/lib/python3.12/site-packages/sqlalchemy/util/langhelpers.py", line 70, in __exit__
    compat.raise_(
  File "/home/airflow/.local/lib/python3.12/site-packages/sqlalchemy/util/compat.py", line 211, in raise_
    raise exception
  File "/home/airflow/.local/lib/python3.12/site-packages/sqlalchemy/pool/base.py", line 686, in __connect
    self.dbapi_connection = connection = pool._invoke_creator(self)
                                         ^^^^^^^^^^^^^^^^^^^^^^^^^^
  File "/home/airflow/.local/lib/python3.12/site-packages/sqlalchemy/engine/create.py", line 574, in connect
    return dialect.connect(*cargs, **cparams)
           ^^^^^^^^^^^^^^^^^^^^^^^^^^^^^^^^^^
  File "/home/airflow/.local/lib/python3.12/site-packages/sqlalchemy/engine/default.py", line 598, in connect
    return self.dbapi.connect(*cargs, **cparams)
           ^^^^^^^^^^^^^^^^^^^^^^^^^^^^^^^^^^^^^
  File "/home/airflow/.local/lib/python3.12/site-packages/psycopg2/__init__.py", line 122, in connect
    conn = _connect(dsn, connection_factory=connection_factory, **kwasync)
           ^^^^^^^^^^^^^^^^^^^^^^^^^^^^^^^^^^^^^^^^^^^^^^^^^^^^^^^^^^^^^^^
psycopg2.OperationalError: could not translate host name "postgres" to address: Temporary failure in name resolution


The above exception was the direct cause of the following exception:

Traceback (most recent call last):
  File "/home/airflow/.local/lib/python3.12/site-packages/airflow/models/variable.py", line 353, in get_variable_from_secrets
    var_val = secrets_backend.get_variable(key=key)
              ^^^^^^^^^^^^^^^^^^^^^^^^^^^^^^^^^^^^^
  File "/home/airflow/.local/lib/python3.12/site-packages/airflow/utils/session.py", line 97, in wrapper
    return func(*args, session=session, **kwargs)
           ^^^^^^^^^^^^^^^^^^^^^^^^^^^^^^^^^^^^^^
  File "/home/airflow/.local/lib/python3.12/site-packages/airflow/secrets/metastore.py", line 66, in get_variable
    return MetastoreBackend._fetch_variable(key=key, session=session)
           ^^^^^^^^^^^^^^^^^^^^^^^^^^^^^^^^^^^^^^^^^^^^^^^^^^^^^^^^^^
  File "/home/airflow/.local/lib/python3.12/site-packages/airflow/api_internal/internal_api_call.py", line 166, in wrapper
    return func(*args, **kwargs)
           ^^^^^^^^^^^^^^^^^^^^^
  File "/home/airflow/.local/lib/python3.12/site-packages/airflow/utils/session.py", line 94, in wrapper
    return func(*args, **kwargs)
           ^^^^^^^^^^^^^^^^^^^^^
  File "/home/airflow/.local/lib/python3.12/site-packages/airflow/secrets/metastore.py", line 84, in _fetch_variable
    var_value = session.scalar(select(Variable).where(Variable.key == key).limit(1))
                ^^^^^^^^^^^^^^^^^^^^^^^^^^^^^^^^^^^^^^^^^^^^^^^^^^^^^^^^^^^^^^^^^^^^
  File "/home/airflow/.local/lib/python3.12/site-packages/sqlalchemy/orm/session.py", line 1747, in scalar
    return self.execute(
           ^^^^^^^^^^^^^
  File "/home/airflow/.local/lib/python3.12/site-packages/sqlalchemy/orm/session.py", line 1716, in execute
    conn = self._connection_for_bind(bind)
           ^^^^^^^^^^^^^^^^^^^^^^^^^^^^^^^
  File "/home/airflow/.local/lib/python3.12/site-packages/sqlalchemy/orm/session.py", line 1555, in _connection_for_bind
    return self._transaction._connection_for_bind(
           ^^^^^^^^^^^^^^^^^^^^^^^^^^^^^^^^^^^^^^^
  File "/home/airflow/.local/lib/python3.12/site-packages/sqlalchemy/orm/session.py", line 750, in _connection_for_bind
    conn = bind.connect()
           ^^^^^^^^^^^^^^
  File "/home/airflow/.local/lib/python3.12/site-packages/sqlalchemy/future/engine.py", line 412, in connect
    return super(Engine, self).connect()
           ^^^^^^^^^^^^^^^^^^^^^^^^^^^^^
  File "/home/airflow/.local/lib/python3.12/site-packages/sqlalchemy/engine/base.py", line 3325, in connect
    return self._connection_cls(self, close_with_result=close_with_result)
           ^^^^^^^^^^^^^^^^^^^^^^^^^^^^^^^^^^^^^^^^^^^^^^^^^^^^^^^^^^^^^^^
  File "/home/airflow/.local/lib/python3.12/site-packages/sqlalchemy/engine/base.py", line 96, in __init__
    else engine.raw_connection()
         ^^^^^^^^^^^^^^^^^^^^^^^
  File "/home/airflow/.local/lib/python3.12/site-packages/sqlalchemy/engine/base.py", line 3404, in raw_connection
    return self._wrap_pool_connect(self.pool.connect, _connection)
           ^^^^^^^^^^^^^^^^^^^^^^^^^^^^^^^^^^^^^^^^^^^^^^^^^^^^^^^
  File "/home/airflow/.local/lib/python3.12/site-packages/sqlalchemy/engine/base.py", line 3374, in _wrap_pool_connect
    Connection._handle_dbapi_exception_noconnection(
  File "/home/airflow/.local/lib/python3.12/site-packages/sqlalchemy/engine/base.py", line 2208, in _handle_dbapi_exception_noconnection
    util.raise_(
  File "/home/airflow/.local/lib/python3.12/site-packages/sqlalchemy/util/compat.py", line 211, in raise_
    raise exception
  File "/home/airflow/.local/lib/python3.12/site-packages/sqlalchemy/engine/base.py", line 3371, in _wrap_pool_connect
    return fn()
           ^^^^
  File "/home/airflow/.local/lib/python3.12/site-packages/sqlalchemy/pool/base.py", line 327, in connect
    return _ConnectionFairy._checkout(self)
           ^^^^^^^^^^^^^^^^^^^^^^^^^^^^^^^^
  File "/home/airflow/.local/lib/python3.12/site-packages/sqlalchemy/pool/base.py", line 894, in _checkout
    fairy = _ConnectionRecord.checkout(pool)
            ^^^^^^^^^^^^^^^^^^^^^^^^^^^^^^^^
  File "/home/airflow/.local/lib/python3.12/site-packages/sqlalchemy/pool/base.py", line 493, in checkout
    rec = pool._do_get()
          ^^^^^^^^^^^^^^
  File "/home/airflow/.local/lib/python3.12/site-packages/sqlalchemy/pool/impl.py", line 145, in _do_get
    with util.safe_reraise():
         ^^^^^^^^^^^^^^^^^^^
  File "/home/airflow/.local/lib/python3.12/site-packages/sqlalchemy/util/langhelpers.py", line 70, in __exit__
    compat.raise_(
  File "/home/airflow/.local/lib/python3.12/site-packages/sqlalchemy/util/compat.py", line 211, in raise_
    raise exception
  File "/home/airflow/.local/lib/python3.12/site-packages/sqlalchemy/pool/impl.py", line 143, in _do_get
    return self._create_connection()
           ^^^^^^^^^^^^^^^^^^^^^^^^^
  File "/home/airflow/.local/lib/python3.12/site-packages/sqlalchemy/pool/base.py", line 273, in _create_connection
    return _ConnectionRecord(self)
           ^^^^^^^^^^^^^^^^^^^^^^^
  File "/home/airflow/.local/lib/python3.12/site-packages/sqlalchemy/pool/base.py", line 388, in __init__
    self.__connect()
  File "/home/airflow/.local/lib/python3.12/site-packages/sqlalchemy/pool/base.py", line 690, in __connect
    with util.safe_reraise():
         ^^^^^^^^^^^^^^^^^^^
  File "/home/airflow/.local/lib/python3.12/site-packages/sqlalchemy/util/langhelpers.py", line 70, in __exit__
    compat.raise_(
  File "/home/airflow/.local/lib/python3.12/site-packages/sqlalchemy/util/compat.py", line 211, in raise_
    raise exception
  File "/home/airflow/.local/lib/python3.12/site-packages/sqlalchemy/pool/base.py", line 686, in __connect
    self.dbapi_connection = connection = pool._invoke_creator(self)
                                         ^^^^^^^^^^^^^^^^^^^^^^^^^^
  File "/home/airflow/.local/lib/python3.12/site-packages/sqlalchemy/engine/create.py", line 574, in connect
    return dialect.connect(*cargs, **cparams)
           ^^^^^^^^^^^^^^^^^^^^^^^^^^^^^^^^^^
  File "/home/airflow/.local/lib/python3.12/site-packages/sqlalchemy/engine/default.py", line 598, in connect
    return self.dbapi.connect(*cargs, **cparams)
           ^^^^^^^^^^^^^^^^^^^^^^^^^^^^^^^^^^^^^
  File "/home/airflow/.local/lib/python3.12/site-packages/psycopg2/__init__.py", line 122, in connect
    conn = _connect(dsn, connection_factory=connection_factory, **kwasync)
           ^^^^^^^^^^^^^^^^^^^^^^^^^^^^^^^^^^^^^^^^^^^^^^^^^^^^^^^^^^^^^^^
sqlalchemy.exc.OperationalError: (psycopg2.OperationalError) could not translate host name "postgres" to address: Temporary failure in name resolution

(Background on this error at: https://sqlalche.me/e/14/e3q8)
[2025-11-22T07:04:33.898+0000] {processor.py:925} INFO - DAG(s) 'fraud_detection_training' retrieved from /opt/airflow/dags/fraud_detection_training_dag.py
[2025-11-22T07:05:19.472+0000] {processor.py:211} ERROR - Got an exception! Propagating...
Traceback (most recent call last):
  File "/home/airflow/.local/lib/python3.12/site-packages/sqlalchemy/engine/base.py", line 3371, in _wrap_pool_connect
    return fn()
           ^^^^
  File "/home/airflow/.local/lib/python3.12/site-packages/sqlalchemy/pool/base.py", line 327, in connect
    return _ConnectionFairy._checkout(self)
           ^^^^^^^^^^^^^^^^^^^^^^^^^^^^^^^^
  File "/home/airflow/.local/lib/python3.12/site-packages/sqlalchemy/pool/base.py", line 894, in _checkout
    fairy = _ConnectionRecord.checkout(pool)
            ^^^^^^^^^^^^^^^^^^^^^^^^^^^^^^^^
  File "/home/airflow/.local/lib/python3.12/site-packages/sqlalchemy/pool/base.py", line 493, in checkout
    rec = pool._do_get()
          ^^^^^^^^^^^^^^
  File "/home/airflow/.local/lib/python3.12/site-packages/sqlalchemy/pool/impl.py", line 145, in _do_get
    with util.safe_reraise():
         ^^^^^^^^^^^^^^^^^^^
  File "/home/airflow/.local/lib/python3.12/site-packages/sqlalchemy/util/langhelpers.py", line 70, in __exit__
    compat.raise_(
  File "/home/airflow/.local/lib/python3.12/site-packages/sqlalchemy/util/compat.py", line 211, in raise_
    raise exception
  File "/home/airflow/.local/lib/python3.12/site-packages/sqlalchemy/pool/impl.py", line 143, in _do_get
    return self._create_connection()
           ^^^^^^^^^^^^^^^^^^^^^^^^^
  File "/home/airflow/.local/lib/python3.12/site-packages/sqlalchemy/pool/base.py", line 273, in _create_connection
    return _ConnectionRecord(self)
           ^^^^^^^^^^^^^^^^^^^^^^^
  File "/home/airflow/.local/lib/python3.12/site-packages/sqlalchemy/pool/base.py", line 388, in __init__
    self.__connect()
  File "/home/airflow/.local/lib/python3.12/site-packages/sqlalchemy/pool/base.py", line 690, in __connect
    with util.safe_reraise():
         ^^^^^^^^^^^^^^^^^^^
  File "/home/airflow/.local/lib/python3.12/site-packages/sqlalchemy/util/langhelpers.py", line 70, in __exit__
    compat.raise_(
  File "/home/airflow/.local/lib/python3.12/site-packages/sqlalchemy/util/compat.py", line 211, in raise_
    raise exception
  File "/home/airflow/.local/lib/python3.12/site-packages/sqlalchemy/pool/base.py", line 686, in __connect
    self.dbapi_connection = connection = pool._invoke_creator(self)
                                         ^^^^^^^^^^^^^^^^^^^^^^^^^^
  File "/home/airflow/.local/lib/python3.12/site-packages/sqlalchemy/engine/create.py", line 574, in connect
    return dialect.connect(*cargs, **cparams)
           ^^^^^^^^^^^^^^^^^^^^^^^^^^^^^^^^^^
  File "/home/airflow/.local/lib/python3.12/site-packages/sqlalchemy/engine/default.py", line 598, in connect
    return self.dbapi.connect(*cargs, **cparams)
           ^^^^^^^^^^^^^^^^^^^^^^^^^^^^^^^^^^^^^
  File "/home/airflow/.local/lib/python3.12/site-packages/psycopg2/__init__.py", line 122, in connect
    conn = _connect(dsn, connection_factory=connection_factory, **kwasync)
           ^^^^^^^^^^^^^^^^^^^^^^^^^^^^^^^^^^^^^^^^^^^^^^^^^^^^^^^^^^^^^^^
psycopg2.OperationalError: could not translate host name "postgres" to address: Temporary failure in name resolution


The above exception was the direct cause of the following exception:

Traceback (most recent call last):
  File "/home/airflow/.local/lib/python3.12/site-packages/airflow/dag_processing/processor.py", line 207, in _run_file_processor
    _handle_dag_file_processing()
  File "/home/airflow/.local/lib/python3.12/site-packages/airflow/dag_processing/processor.py", line 188, in _handle_dag_file_processing
    result: tuple[int, int, int] = dag_file_processor.process_file(
                                   ^^^^^^^^^^^^^^^^^^^^^^^^^^^^^^^^
  File "/home/airflow/.local/lib/python3.12/site-packages/airflow/utils/session.py", line 97, in wrapper
    return func(*args, session=session, **kwargs)
           ^^^^^^^^^^^^^^^^^^^^^^^^^^^^^^^^^^^^^^
  File "/home/airflow/.local/lib/python3.12/site-packages/airflow/dag_processing/processor.py", line 942, in process_file
    serialize_errors = DagFileProcessor.save_dag_to_db(
                       ^^^^^^^^^^^^^^^^^^^^^^^^^^^^^^^^
  File "/home/airflow/.local/lib/python3.12/site-packages/airflow/api_internal/internal_api_call.py", line 166, in wrapper
    return func(*args, **kwargs)
           ^^^^^^^^^^^^^^^^^^^^^
  File "/home/airflow/.local/lib/python3.12/site-packages/airflow/utils/session.py", line 97, in wrapper
    return func(*args, session=session, **kwargs)
           ^^^^^^^^^^^^^^^^^^^^^^^^^^^^^^^^^^^^^^
  File "/home/airflow/.local/lib/python3.12/site-packages/airflow/dag_processing/processor.py", line 982, in save_dag_to_db
    import_errors = DagBag._sync_to_db(dags=dags, processor_subdir=dag_directory, session=session)
                    ^^^^^^^^^^^^^^^^^^^^^^^^^^^^^^^^^^^^^^^^^^^^^^^^^^^^^^^^^^^^^^^^^^^^^^^^^^^^^^
  File "/home/airflow/.local/lib/python3.12/site-packages/airflow/utils/session.py", line 94, in wrapper
    return func(*args, **kwargs)
           ^^^^^^^^^^^^^^^^^^^^^
  File "/home/airflow/.local/lib/python3.12/site-packages/airflow/models/dagbag.py", line 708, in _sync_to_db
    for attempt in run_with_db_retries(logger=log):
                   ^^^^^^^^^^^^^^^^^^^^^^^^^^^^^^^
  File "/home/airflow/.local/lib/python3.12/site-packages/tenacity/__init__.py", line 443, in __iter__
    do = self.iter(retry_state=retry_state)
         ^^^^^^^^^^^^^^^^^^^^^^^^^^^^^^^^^^
  File "/home/airflow/.local/lib/python3.12/site-packages/tenacity/__init__.py", line 376, in iter
    result = action(retry_state)
             ^^^^^^^^^^^^^^^^^^^
  File "/home/airflow/.local/lib/python3.12/site-packages/tenacity/__init__.py", line 418, in exc_check
    raise retry_exc.reraise()
          ^^^^^^^^^^^^^^^^^^^
  File "/home/airflow/.local/lib/python3.12/site-packages/tenacity/__init__.py", line 185, in reraise
    raise self.last_attempt.result()
          ^^^^^^^^^^^^^^^^^^^^^^^^^^
  File "/usr/local/lib/python3.12/concurrent/futures/_base.py", line 449, in result
    return self.__get_result()
           ^^^^^^^^^^^^^^^^^^^
  File "/usr/local/lib/python3.12/concurrent/futures/_base.py", line 401, in __get_result
    raise self._exception
  File "/home/airflow/.local/lib/python3.12/site-packages/airflow/models/dagbag.py", line 721, in _sync_to_db
    _serialize_dag_capturing_errors(dag, session, processor_subdir)
  File "/home/airflow/.local/lib/python3.12/site-packages/airflow/models/dagbag.py", line 686, in _serialize_dag_capturing_errors
    dag_was_updated = SerializedDagModel.write_dag(
                      ^^^^^^^^^^^^^^^^^^^^^^^^^^^^^
  File "/home/airflow/.local/lib/python3.12/site-packages/airflow/utils/session.py", line 94, in wrapper
    return func(*args, **kwargs)
           ^^^^^^^^^^^^^^^^^^^^^
  File "/home/airflow/.local/lib/python3.12/site-packages/airflow/models/serialized_dag.py", line 160, in write_dag
    if session.scalar(
       ^^^^^^^^^^^^^^^
  File "/home/airflow/.local/lib/python3.12/site-packages/sqlalchemy/orm/session.py", line 1747, in scalar
    return self.execute(
           ^^^^^^^^^^^^^
  File "/home/airflow/.local/lib/python3.12/site-packages/sqlalchemy/orm/session.py", line 1716, in execute
    conn = self._connection_for_bind(bind)
           ^^^^^^^^^^^^^^^^^^^^^^^^^^^^^^^
  File "/home/airflow/.local/lib/python3.12/site-packages/sqlalchemy/orm/session.py", line 1555, in _connection_for_bind
    return self._transaction._connection_for_bind(
           ^^^^^^^^^^^^^^^^^^^^^^^^^^^^^^^^^^^^^^^
  File "/home/airflow/.local/lib/python3.12/site-packages/sqlalchemy/orm/session.py", line 750, in _connection_for_bind
    conn = bind.connect()
           ^^^^^^^^^^^^^^
  File "/home/airflow/.local/lib/python3.12/site-packages/sqlalchemy/future/engine.py", line 412, in connect
    return super(Engine, self).connect()
           ^^^^^^^^^^^^^^^^^^^^^^^^^^^^^
  File "/home/airflow/.local/lib/python3.12/site-packages/sqlalchemy/engine/base.py", line 3325, in connect
    return self._connection_cls(self, close_with_result=close_with_result)
           ^^^^^^^^^^^^^^^^^^^^^^^^^^^^^^^^^^^^^^^^^^^^^^^^^^^^^^^^^^^^^^^
  File "/home/airflow/.local/lib/python3.12/site-packages/sqlalchemy/engine/base.py", line 96, in __init__
    else engine.raw_connection()
         ^^^^^^^^^^^^^^^^^^^^^^^
  File "/home/airflow/.local/lib/python3.12/site-packages/sqlalchemy/engine/base.py", line 3404, in raw_connection
    return self._wrap_pool_connect(self.pool.connect, _connection)
           ^^^^^^^^^^^^^^^^^^^^^^^^^^^^^^^^^^^^^^^^^^^^^^^^^^^^^^^
  File "/home/airflow/.local/lib/python3.12/site-packages/sqlalchemy/engine/base.py", line 3374, in _wrap_pool_connect
    Connection._handle_dbapi_exception_noconnection(
  File "/home/airflow/.local/lib/python3.12/site-packages/sqlalchemy/engine/base.py", line 2208, in _handle_dbapi_exception_noconnection
    util.raise_(
  File "/home/airflow/.local/lib/python3.12/site-packages/sqlalchemy/util/compat.py", line 211, in raise_
    raise exception
  File "/home/airflow/.local/lib/python3.12/site-packages/sqlalchemy/engine/base.py", line 3371, in _wrap_pool_connect
    return fn()
           ^^^^
  File "/home/airflow/.local/lib/python3.12/site-packages/sqlalchemy/pool/base.py", line 327, in connect
    return _ConnectionFairy._checkout(self)
           ^^^^^^^^^^^^^^^^^^^^^^^^^^^^^^^^
  File "/home/airflow/.local/lib/python3.12/site-packages/sqlalchemy/pool/base.py", line 894, in _checkout
    fairy = _ConnectionRecord.checkout(pool)
            ^^^^^^^^^^^^^^^^^^^^^^^^^^^^^^^^
  File "/home/airflow/.local/lib/python3.12/site-packages/sqlalchemy/pool/base.py", line 493, in checkout
    rec = pool._do_get()
          ^^^^^^^^^^^^^^
  File "/home/airflow/.local/lib/python3.12/site-packages/sqlalchemy/pool/impl.py", line 145, in _do_get
    with util.safe_reraise():
         ^^^^^^^^^^^^^^^^^^^
  File "/home/airflow/.local/lib/python3.12/site-packages/sqlalchemy/util/langhelpers.py", line 70, in __exit__
    compat.raise_(
  File "/home/airflow/.local/lib/python3.12/site-packages/sqlalchemy/util/compat.py", line 211, in raise_
    raise exception
  File "/home/airflow/.local/lib/python3.12/site-packages/sqlalchemy/pool/impl.py", line 143, in _do_get
    return self._create_connection()
           ^^^^^^^^^^^^^^^^^^^^^^^^^
  File "/home/airflow/.local/lib/python3.12/site-packages/sqlalchemy/pool/base.py", line 273, in _create_connection
    return _ConnectionRecord(self)
           ^^^^^^^^^^^^^^^^^^^^^^^
  File "/home/airflow/.local/lib/python3.12/site-packages/sqlalchemy/pool/base.py", line 388, in __init__
    self.__connect()
  File "/home/airflow/.local/lib/python3.12/site-packages/sqlalchemy/pool/base.py", line 690, in __connect
    with util.safe_reraise():
         ^^^^^^^^^^^^^^^^^^^
  File "/home/airflow/.local/lib/python3.12/site-packages/sqlalchemy/util/langhelpers.py", line 70, in __exit__
    compat.raise_(
  File "/home/airflow/.local/lib/python3.12/site-packages/sqlalchemy/util/compat.py", line 211, in raise_
    raise exception
  File "/home/airflow/.local/lib/python3.12/site-packages/sqlalchemy/pool/base.py", line 686, in __connect
    self.dbapi_connection = connection = pool._invoke_creator(self)
                                         ^^^^^^^^^^^^^^^^^^^^^^^^^^
  File "/home/airflow/.local/lib/python3.12/site-packages/sqlalchemy/engine/create.py", line 574, in connect
    return dialect.connect(*cargs, **cparams)
           ^^^^^^^^^^^^^^^^^^^^^^^^^^^^^^^^^^
  File "/home/airflow/.local/lib/python3.12/site-packages/sqlalchemy/engine/default.py", line 598, in connect
    return self.dbapi.connect(*cargs, **cparams)
           ^^^^^^^^^^^^^^^^^^^^^^^^^^^^^^^^^^^^^
  File "/home/airflow/.local/lib/python3.12/site-packages/psycopg2/__init__.py", line 122, in connect
    conn = _connect(dsn, connection_factory=connection_factory, **kwasync)
           ^^^^^^^^^^^^^^^^^^^^^^^^^^^^^^^^^^^^^^^^^^^^^^^^^^^^^^^^^^^^^^^
sqlalchemy.exc.OperationalError: (psycopg2.OperationalError) could not translate host name "postgres" to address: Temporary failure in name resolution

(Background on this error at: https://sqlalche.me/e/14/e3q8)
[2025-11-22T07:09:15.784+0000] {processor.py:186} INFO - Started process (PID=245) to work on /opt/airflow/dags/fraud_detection_training_dag.py
[2025-11-22T07:09:16.074+0000] {processor.py:914} INFO - Processing file /opt/airflow/dags/fraud_detection_training_dag.py for tasks to queue
[2025-11-22T07:09:16.272+0000] {logging_mixin.py:190} INFO - [2025-11-22T07:09:16.216+0000] {dagbag.py:588} INFO - Filling up the DagBag from /opt/airflow/dags/fraud_detection_training_dag.py
