[2025-11-22T13:24:21.604+0000] {local_task_job_runner.py:123} INFO - ::group::Pre task execution logs
[2025-11-22T13:24:21.641+0000] {taskinstance.py:2614} INFO - Dependencies all met for dep_context=non-requeueable deps ti=<TaskInstance: fraud_detection_training.cleanup_resources manual__2025-11-22T13:11:19.675047+00:00 [queued]>
[2025-11-22T13:24:21.658+0000] {taskinstance.py:2614} INFO - Dependencies all met for dep_context=requeueable deps ti=<TaskInstance: fraud_detection_training.cleanup_resources manual__2025-11-22T13:11:19.675047+00:00 [queued]>
[2025-11-22T13:24:21.662+0000] {taskinstance.py:2867} INFO - Starting attempt 1 of 2
[2025-11-22T13:24:21.684+0000] {taskinstance.py:2890} INFO - Executing <Task(PythonOperator): cleanup_resources> on 2025-11-22 13:11:19.675047+00:00
[2025-11-22T13:24:21.697+0000] {warnings.py:112} WARNING - /home/***/.local/lib/python3.12/site-packages/***/task/task_runner/standard_task_runner.py:70: DeprecationWarning: This process (pid=266) is multi-threaded, use of fork() may lead to deadlocks in the child.
  pid = os.fork()

[2025-11-22T13:24:21.700+0000] {standard_task_runner.py:72} INFO - Started process 267 to run task
[2025-11-22T13:24:21.700+0000] {standard_task_runner.py:104} INFO - Running: ['***', 'tasks', 'run', 'fraud_detection_training', 'cleanup_resources', 'manual__2025-11-22T13:11:19.675047+00:00', '--job-id', '126', '--raw', '--subdir', 'DAGS_FOLDER/fraud_detection_training_dag.py', '--cfg-path', '/tmp/tmp_ckfd9rc']
[2025-11-22T13:24:21.702+0000] {standard_task_runner.py:105} INFO - Job 126: Subtask cleanup_resources
[2025-11-22T13:24:21.808+0000] {task_command.py:467} INFO - Running <TaskInstance: fraud_detection_training.cleanup_resources manual__2025-11-22T13:11:19.675047+00:00 [running]> on host 2d37344ecf31
[2025-11-22T13:24:21.967+0000] {taskinstance.py:3134} INFO - Exporting env vars: AIRFLOW_CTX_DAG_OWNER='datamasterylab.com' AIRFLOW_CTX_DAG_ID='fraud_detection_training' AIRFLOW_CTX_TASK_ID='cleanup_resources' AIRFLOW_CTX_EXECUTION_DATE='2025-11-22T13:11:19.675047+00:00' AIRFLOW_CTX_TRY_NUMBER='1' AIRFLOW_CTX_DAG_RUN_ID='manual__2025-11-22T13:11:19.675047+00:00'
[2025-11-22T13:24:21.969+0000] {taskinstance.py:732} INFO - ::endgroup::
[2025-11-22T13:24:22.018+0000] {fraud_detection_training_dag.py:87} INFO - No tmp dir to clean: /app/tmp
[2025-11-22T13:24:22.021+0000] {python.py:240} INFO - Done. Returned value was: None
[2025-11-22T13:24:22.039+0000] {taskinstance.py:341} INFO - ::group::Post task execution logs
[2025-11-22T13:24:22.040+0000] {taskinstance.py:353} INFO - Marking task as SUCCESS. dag_id=fraud_detection_training, task_id=cleanup_resources, run_id=manual__2025-11-22T13:11:19.675047+00:00, execution_date=20251122T131119, start_date=20251122T132421, end_date=20251122T132422
[2025-11-22T13:24:22.118+0000] {local_task_job_runner.py:266} INFO - Task exited with return code 0
[2025-11-22T13:24:22.143+0000] {taskinstance.py:3901} INFO - 0 downstream tasks scheduled from follow-on schedule check
[2025-11-22T13:24:22.153+0000] {local_task_job_runner.py:245} INFO - ::endgroup::
