[2025-11-19T14:34:48.280+0000] {processor.py:186} INFO - Started process (PID=120) to work on /opt/airflow/dags/__init__.py
[2025-11-19T14:34:48.678+0000] {processor.py:914} INFO - Processing file /opt/airflow/dags/__init__.py for tasks to queue
[2025-11-19T14:34:49.651+0000] {logging_mixin.py:190} INFO - [2025-11-19T14:34:49.605+0000] {dagbag.py:588} INFO - Filling up the DagBag from /opt/airflow/dags/__init__.py
[2025-11-19T14:34:50.402+0000] {processor.py:927} WARNING - No viable dags retrieved from /opt/airflow/dags/__init__.py
[2025-11-19T14:34:50.633+0000] {processor.py:208} INFO - Processing /opt/airflow/dags/__init__.py took 4.193 seconds
[2025-11-19T14:35:21.672+0000] {processor.py:186} INFO - Started process (PID=134) to work on /opt/airflow/dags/__init__.py
[2025-11-19T14:35:21.706+0000] {processor.py:914} INFO - Processing file /opt/airflow/dags/__init__.py for tasks to queue
[2025-11-19T14:35:21.847+0000] {logging_mixin.py:190} INFO - [2025-11-19T14:35:21.846+0000] {dagbag.py:588} INFO - Filling up the DagBag from /opt/airflow/dags/__init__.py
[2025-11-19T14:35:22.018+0000] {processor.py:927} WARNING - No viable dags retrieved from /opt/airflow/dags/__init__.py
[2025-11-19T14:35:22.189+0000] {processor.py:208} INFO - Processing /opt/airflow/dags/__init__.py took 0.638 seconds
[2025-11-19T14:35:54.752+0000] {processor.py:186} INFO - Started process (PID=144) to work on /opt/airflow/dags/__init__.py
[2025-11-19T14:35:54.764+0000] {processor.py:914} INFO - Processing file /opt/airflow/dags/__init__.py for tasks to queue
[2025-11-19T14:35:54.981+0000] {logging_mixin.py:190} INFO - [2025-11-19T14:35:54.980+0000] {dagbag.py:588} INFO - Filling up the DagBag from /opt/airflow/dags/__init__.py
[2025-11-19T14:35:55.385+0000] {processor.py:927} WARNING - No viable dags retrieved from /opt/airflow/dags/__init__.py
[2025-11-19T14:35:55.823+0000] {processor.py:208} INFO - Processing /opt/airflow/dags/__init__.py took 1.578 seconds
[2025-11-19T14:36:27.977+0000] {processor.py:186} INFO - Started process (PID=153) to work on /opt/airflow/dags/__init__.py
[2025-11-19T14:36:28.009+0000] {processor.py:914} INFO - Processing file /opt/airflow/dags/__init__.py for tasks to queue
[2025-11-19T14:36:28.069+0000] {logging_mixin.py:190} INFO - [2025-11-19T14:36:28.063+0000] {dagbag.py:588} INFO - Filling up the DagBag from /opt/airflow/dags/__init__.py
[2025-11-19T14:36:28.406+0000] {processor.py:927} WARNING - No viable dags retrieved from /opt/airflow/dags/__init__.py
[2025-11-19T14:36:29.672+0000] {processor.py:208} INFO - Processing /opt/airflow/dags/__init__.py took 2.447 seconds
[2025-11-19T14:37:02.036+0000] {processor.py:186} INFO - Started process (PID=162) to work on /opt/airflow/dags/__init__.py
[2025-11-19T14:37:02.195+0000] {processor.py:914} INFO - Processing file /opt/airflow/dags/__init__.py for tasks to queue
[2025-11-19T14:37:06.177+0000] {logging_mixin.py:190} INFO - [2025-11-19T14:37:05.796+0000] {dagbag.py:588} INFO - Filling up the DagBag from /opt/airflow/dags/__init__.py
[2025-11-19T14:37:11.148+0000] {processor.py:927} WARNING - No viable dags retrieved from /opt/airflow/dags/__init__.py
[2025-11-19T14:37:12.270+0000] {processor.py:208} INFO - Processing /opt/airflow/dags/__init__.py took 11.103 seconds
[2025-11-19T14:37:47.999+0000] {processor.py:186} INFO - Started process (PID=171) to work on /opt/airflow/dags/__init__.py
[2025-11-19T14:37:48.079+0000] {processor.py:914} INFO - Processing file /opt/airflow/dags/__init__.py for tasks to queue
[2025-11-19T14:37:48.540+0000] {logging_mixin.py:190} INFO - [2025-11-19T14:37:48.521+0000] {dagbag.py:588} INFO - Filling up the DagBag from /opt/airflow/dags/__init__.py
[2025-11-19T14:37:48.772+0000] {processor.py:927} WARNING - No viable dags retrieved from /opt/airflow/dags/__init__.py
[2025-11-19T14:37:49.053+0000] {processor.py:208} INFO - Processing /opt/airflow/dags/__init__.py took 5.259 seconds
[2025-11-19T14:38:20.707+0000] {processor.py:186} INFO - Started process (PID=180) to work on /opt/airflow/dags/__init__.py
[2025-11-19T14:38:20.723+0000] {processor.py:914} INFO - Processing file /opt/airflow/dags/__init__.py for tasks to queue
[2025-11-19T14:38:20.888+0000] {logging_mixin.py:190} INFO - [2025-11-19T14:38:20.887+0000] {dagbag.py:588} INFO - Filling up the DagBag from /opt/airflow/dags/__init__.py
[2025-11-19T14:38:21.028+0000] {processor.py:927} WARNING - No viable dags retrieved from /opt/airflow/dags/__init__.py
[2025-11-19T14:38:21.158+0000] {processor.py:208} INFO - Processing /opt/airflow/dags/__init__.py took 0.768 seconds
[2025-11-19T14:38:58.959+0000] {processor.py:186} INFO - Started process (PID=188) to work on /opt/airflow/dags/__init__.py
[2025-11-19T14:38:59.675+0000] {processor.py:914} INFO - Processing file /opt/airflow/dags/__init__.py for tasks to queue
[2025-11-19T14:39:00.537+0000] {logging_mixin.py:190} INFO - [2025-11-19T14:39:00.494+0000] {dagbag.py:588} INFO - Filling up the DagBag from /opt/airflow/dags/__init__.py
[2025-11-19T14:39:03.245+0000] {processor.py:927} WARNING - No viable dags retrieved from /opt/airflow/dags/__init__.py
[2025-11-19T14:39:06.596+0000] {processor.py:208} INFO - Processing /opt/airflow/dags/__init__.py took 9.166 seconds
[2025-11-19T14:47:58.255+0000] {processor.py:186} INFO - Started process (PID=94) to work on /opt/airflow/dags/__init__.py
[2025-11-19T14:47:58.268+0000] {processor.py:914} INFO - Processing file /opt/airflow/dags/__init__.py for tasks to queue
[2025-11-19T14:47:58.282+0000] {logging_mixin.py:190} INFO - [2025-11-19T14:47:58.281+0000] {dagbag.py:588} INFO - Filling up the DagBag from /opt/airflow/dags/__init__.py
[2025-11-19T14:47:58.370+0000] {processor.py:927} WARNING - No viable dags retrieved from /opt/airflow/dags/__init__.py
[2025-11-19T14:47:58.565+0000] {processor.py:208} INFO - Processing /opt/airflow/dags/__init__.py took 0.367 seconds
[2025-11-19T14:48:28.782+0000] {processor.py:186} INFO - Started process (PID=101) to work on /opt/airflow/dags/__init__.py
[2025-11-19T14:48:28.789+0000] {processor.py:914} INFO - Processing file /opt/airflow/dags/__init__.py for tasks to queue
[2025-11-19T14:48:28.815+0000] {logging_mixin.py:190} INFO - [2025-11-19T14:48:28.814+0000] {dagbag.py:588} INFO - Filling up the DagBag from /opt/airflow/dags/__init__.py
[2025-11-19T14:48:28.496+0000] {processor.py:927} WARNING - No viable dags retrieved from /opt/airflow/dags/__init__.py
[2025-11-19T14:48:28.720+0000] {processor.py:208} INFO - Processing /opt/airflow/dags/__init__.py took 0.466 seconds
[2025-11-19T14:48:59.635+0000] {processor.py:186} INFO - Started process (PID=110) to work on /opt/airflow/dags/__init__.py
[2025-11-19T14:48:59.660+0000] {processor.py:914} INFO - Processing file /opt/airflow/dags/__init__.py for tasks to queue
[2025-11-19T14:48:59.691+0000] {logging_mixin.py:190} INFO - [2025-11-19T14:48:59.690+0000] {dagbag.py:588} INFO - Filling up the DagBag from /opt/airflow/dags/__init__.py
[2025-11-19T14:48:59.818+0000] {processor.py:927} WARNING - No viable dags retrieved from /opt/airflow/dags/__init__.py
[2025-11-19T14:48:59.947+0000] {processor.py:208} INFO - Processing /opt/airflow/dags/__init__.py took 0.424 seconds
[2025-11-19T14:49:33.991+0000] {processor.py:186} INFO - Started process (PID=118) to work on /opt/airflow/dags/__init__.py
[2025-11-19T14:49:34.028+0000] {processor.py:914} INFO - Processing file /opt/airflow/dags/__init__.py for tasks to queue
[2025-11-19T14:49:34.102+0000] {logging_mixin.py:190} INFO - [2025-11-19T14:49:34.073+0000] {dagbag.py:588} INFO - Filling up the DagBag from /opt/airflow/dags/__init__.py
[2025-11-19T14:49:34.308+0000] {processor.py:927} WARNING - No viable dags retrieved from /opt/airflow/dags/__init__.py
[2025-11-19T14:49:35.510+0000] {processor.py:208} INFO - Processing /opt/airflow/dags/__init__.py took 1.716 seconds
[2025-11-19T14:50:06.630+0000] {processor.py:186} INFO - Started process (PID=126) to work on /opt/airflow/dags/__init__.py
[2025-11-19T14:50:06.654+0000] {processor.py:914} INFO - Processing file /opt/airflow/dags/__init__.py for tasks to queue
[2025-11-19T14:50:06.751+0000] {logging_mixin.py:190} INFO - [2025-11-19T14:50:06.728+0000] {dagbag.py:588} INFO - Filling up the DagBag from /opt/airflow/dags/__init__.py
[2025-11-19T14:50:07.342+0000] {processor.py:927} WARNING - No viable dags retrieved from /opt/airflow/dags/__init__.py
[2025-11-19T14:50:07.538+0000] {processor.py:208} INFO - Processing /opt/airflow/dags/__init__.py took 1.098 seconds
[2025-11-19T14:50:39.336+0000] {processor.py:186} INFO - Started process (PID=134) to work on /opt/airflow/dags/__init__.py
[2025-11-19T14:50:39.436+0000] {processor.py:914} INFO - Processing file /opt/airflow/dags/__init__.py for tasks to queue
[2025-11-19T14:50:39.781+0000] {logging_mixin.py:190} INFO - [2025-11-19T14:50:39.685+0000] {dagbag.py:588} INFO - Filling up the DagBag from /opt/airflow/dags/__init__.py
[2025-11-19T14:50:42.963+0000] {processor.py:927} WARNING - No viable dags retrieved from /opt/airflow/dags/__init__.py
[2025-11-19T14:50:44.791+0000] {processor.py:208} INFO - Processing /opt/airflow/dags/__init__.py took 5.892 seconds
[2025-11-19T14:51:16.476+0000] {processor.py:186} INFO - Started process (PID=144) to work on /opt/airflow/dags/__init__.py
[2025-11-19T14:51:16.484+0000] {processor.py:914} INFO - Processing file /opt/airflow/dags/__init__.py for tasks to queue
[2025-11-19T14:51:16.556+0000] {logging_mixin.py:190} INFO - [2025-11-19T14:51:16.516+0000] {dagbag.py:588} INFO - Filling up the DagBag from /opt/airflow/dags/__init__.py
[2025-11-19T14:51:16.660+0000] {processor.py:927} WARNING - No viable dags retrieved from /opt/airflow/dags/__init__.py
[2025-11-19T14:51:16.845+0000] {processor.py:208} INFO - Processing /opt/airflow/dags/__init__.py took 0.476 seconds
[2025-11-19T14:51:48.009+0000] {processor.py:186} INFO - Started process (PID=153) to work on /opt/airflow/dags/__init__.py
[2025-11-19T14:51:48.052+0000] {processor.py:914} INFO - Processing file /opt/airflow/dags/__init__.py for tasks to queue
[2025-11-19T14:51:48.077+0000] {logging_mixin.py:190} INFO - [2025-11-19T14:51:48.076+0000] {dagbag.py:588} INFO - Filling up the DagBag from /opt/airflow/dags/__init__.py
[2025-11-19T14:51:48.167+0000] {processor.py:927} WARNING - No viable dags retrieved from /opt/airflow/dags/__init__.py
[2025-11-19T14:51:48.386+0000] {processor.py:208} INFO - Processing /opt/airflow/dags/__init__.py took 0.470 seconds
[2025-11-19T14:52:20.047+0000] {processor.py:186} INFO - Started process (PID=163) to work on /opt/airflow/dags/__init__.py
[2025-11-19T14:52:20.082+0000] {processor.py:914} INFO - Processing file /opt/airflow/dags/__init__.py for tasks to queue
[2025-11-19T14:52:20.175+0000] {logging_mixin.py:190} INFO - [2025-11-19T14:52:20.167+0000] {dagbag.py:588} INFO - Filling up the DagBag from /opt/airflow/dags/__init__.py
[2025-11-19T14:52:20.569+0000] {processor.py:927} WARNING - No viable dags retrieved from /opt/airflow/dags/__init__.py
[2025-11-19T14:52:21.742+0000] {processor.py:208} INFO - Processing /opt/airflow/dags/__init__.py took 1.998 seconds
[2025-11-19T14:52:54.126+0000] {processor.py:186} INFO - Started process (PID=171) to work on /opt/airflow/dags/__init__.py
[2025-11-19T14:52:54.161+0000] {processor.py:914} INFO - Processing file /opt/airflow/dags/__init__.py for tasks to queue
[2025-11-19T14:52:54.581+0000] {logging_mixin.py:190} INFO - [2025-11-19T14:52:54.483+0000] {dagbag.py:588} INFO - Filling up the DagBag from /opt/airflow/dags/__init__.py
[2025-11-19T14:52:55.165+0000] {processor.py:927} WARNING - No viable dags retrieved from /opt/airflow/dags/__init__.py
[2025-11-19T14:52:56.574+0000] {processor.py:208} INFO - Processing /opt/airflow/dags/__init__.py took 3.928 seconds
[2025-11-19T14:53:29.971+0000] {processor.py:186} INFO - Started process (PID=180) to work on /opt/airflow/dags/__init__.py
[2025-11-19T14:53:30.056+0000] {processor.py:914} INFO - Processing file /opt/airflow/dags/__init__.py for tasks to queue
[2025-11-19T14:53:30.392+0000] {logging_mixin.py:190} INFO - [2025-11-19T14:53:30.383+0000] {dagbag.py:588} INFO - Filling up the DagBag from /opt/airflow/dags/__init__.py
[2025-11-19T14:53:31.161+0000] {processor.py:927} WARNING - No viable dags retrieved from /opt/airflow/dags/__init__.py
[2025-11-19T14:53:31.783+0000] {processor.py:208} INFO - Processing /opt/airflow/dags/__init__.py took 3.059 seconds
[2025-11-19T14:54:03.146+0000] {processor.py:186} INFO - Started process (PID=194) to work on /opt/airflow/dags/__init__.py
[2025-11-19T14:54:03.161+0000] {processor.py:914} INFO - Processing file /opt/airflow/dags/__init__.py for tasks to queue
[2025-11-19T14:54:03.336+0000] {logging_mixin.py:190} INFO - [2025-11-19T14:54:03.334+0000] {dagbag.py:588} INFO - Filling up the DagBag from /opt/airflow/dags/__init__.py
[2025-11-19T14:54:03.547+0000] {processor.py:927} WARNING - No viable dags retrieved from /opt/airflow/dags/__init__.py
[2025-11-19T14:54:03.854+0000] {processor.py:208} INFO - Processing /opt/airflow/dags/__init__.py took 0.867 seconds
[2025-11-19T14:54:37.471+0000] {processor.py:186} INFO - Started process (PID=203) to work on /opt/airflow/dags/__init__.py
[2025-11-19T14:54:37.587+0000] {processor.py:914} INFO - Processing file /opt/airflow/dags/__init__.py for tasks to queue
[2025-11-19T14:54:37.653+0000] {logging_mixin.py:190} INFO - [2025-11-19T14:54:37.634+0000] {dagbag.py:588} INFO - Filling up the DagBag from /opt/airflow/dags/__init__.py
[2025-11-19T14:54:38.197+0000] {processor.py:927} WARNING - No viable dags retrieved from /opt/airflow/dags/__init__.py
[2025-11-19T14:54:39.342+0000] {processor.py:208} INFO - Processing /opt/airflow/dags/__init__.py took 2.470 seconds
[2025-11-19T14:55:10.041+0000] {processor.py:186} INFO - Started process (PID=212) to work on /opt/airflow/dags/__init__.py
[2025-11-19T14:55:10.045+0000] {processor.py:914} INFO - Processing file /opt/airflow/dags/__init__.py for tasks to queue
[2025-11-19T14:55:10.062+0000] {logging_mixin.py:190} INFO - [2025-11-19T14:55:10.061+0000] {dagbag.py:588} INFO - Filling up the DagBag from /opt/airflow/dags/__init__.py
[2025-11-19T14:55:10.112+0000] {processor.py:927} WARNING - No viable dags retrieved from /opt/airflow/dags/__init__.py
[2025-11-19T14:55:10.289+0000] {processor.py:208} INFO - Processing /opt/airflow/dags/__init__.py took 0.296 seconds
[2025-11-19T14:55:42.151+0000] {processor.py:186} INFO - Started process (PID=220) to work on /opt/airflow/dags/__init__.py
[2025-11-19T14:55:42.287+0000] {processor.py:914} INFO - Processing file /opt/airflow/dags/__init__.py for tasks to queue
[2025-11-19T14:55:42.362+0000] {logging_mixin.py:190} INFO - [2025-11-19T14:55:42.297+0000] {dagbag.py:588} INFO - Filling up the DagBag from /opt/airflow/dags/__init__.py
[2025-11-19T14:55:42.757+0000] {processor.py:927} WARNING - No viable dags retrieved from /opt/airflow/dags/__init__.py
[2025-11-19T14:55:42.929+0000] {processor.py:208} INFO - Processing /opt/airflow/dags/__init__.py took 0.829 seconds
[2025-11-19T14:56:13.547+0000] {processor.py:186} INFO - Started process (PID=230) to work on /opt/airflow/dags/__init__.py
[2025-11-19T14:56:13.556+0000] {processor.py:914} INFO - Processing file /opt/airflow/dags/__init__.py for tasks to queue
[2025-11-19T14:56:13.574+0000] {logging_mixin.py:190} INFO - [2025-11-19T14:56:13.573+0000] {dagbag.py:588} INFO - Filling up the DagBag from /opt/airflow/dags/__init__.py
[2025-11-19T14:56:13.623+0000] {processor.py:927} WARNING - No viable dags retrieved from /opt/airflow/dags/__init__.py
[2025-11-19T14:56:13.752+0000] {processor.py:208} INFO - Processing /opt/airflow/dags/__init__.py took 0.361 seconds
[2025-11-19T14:56:44.694+0000] {processor.py:186} INFO - Started process (PID=239) to work on /opt/airflow/dags/__init__.py
[2025-11-19T14:56:44.710+0000] {processor.py:914} INFO - Processing file /opt/airflow/dags/__init__.py for tasks to queue
[2025-11-19T14:56:44.783+0000] {logging_mixin.py:190} INFO - [2025-11-19T14:56:44.782+0000] {dagbag.py:588} INFO - Filling up the DagBag from /opt/airflow/dags/__init__.py
[2025-11-19T14:56:45.976+0000] {processor.py:927} WARNING - No viable dags retrieved from /opt/airflow/dags/__init__.py
[2025-11-19T14:56:46.550+0000] {processor.py:208} INFO - Processing /opt/airflow/dags/__init__.py took 2.010 seconds
[2025-11-19T14:57:33.306+0000] {processor.py:186} INFO - Started process (PID=248) to work on /opt/airflow/dags/__init__.py
[2025-11-19T14:57:33.455+0000] {processor.py:914} INFO - Processing file /opt/airflow/dags/__init__.py for tasks to queue
[2025-11-19T14:57:33.660+0000] {logging_mixin.py:190} INFO - [2025-11-19T14:57:33.654+0000] {dagbag.py:588} INFO - Filling up the DagBag from /opt/airflow/dags/__init__.py
[2025-11-19T14:57:36.139+0000] {processor.py:927} WARNING - No viable dags retrieved from /opt/airflow/dags/__init__.py
[2025-11-19T14:57:39.981+0000] {processor.py:208} INFO - Processing /opt/airflow/dags/__init__.py took 8.632 seconds
[2025-11-19T14:58:11.506+0000] {processor.py:186} INFO - Started process (PID=256) to work on /opt/airflow/dags/__init__.py
[2025-11-19T14:58:11.521+0000] {processor.py:914} INFO - Processing file /opt/airflow/dags/__init__.py for tasks to queue
[2025-11-19T14:58:11.575+0000] {logging_mixin.py:190} INFO - [2025-11-19T14:58:11.573+0000] {dagbag.py:588} INFO - Filling up the DagBag from /opt/airflow/dags/__init__.py
[2025-11-19T14:58:11.644+0000] {processor.py:927} WARNING - No viable dags retrieved from /opt/airflow/dags/__init__.py
[2025-11-19T14:58:11.794+0000] {processor.py:208} INFO - Processing /opt/airflow/dags/__init__.py took 0.628 seconds
[2025-11-19T14:58:43.509+0000] {processor.py:186} INFO - Started process (PID=265) to work on /opt/airflow/dags/__init__.py
[2025-11-19T14:58:43.517+0000] {processor.py:914} INFO - Processing file /opt/airflow/dags/__init__.py for tasks to queue
[2025-11-19T14:58:43.595+0000] {logging_mixin.py:190} INFO - [2025-11-19T14:58:43.594+0000] {dagbag.py:588} INFO - Filling up the DagBag from /opt/airflow/dags/__init__.py
[2025-11-19T14:58:43.838+0000] {processor.py:927} WARNING - No viable dags retrieved from /opt/airflow/dags/__init__.py
[2025-11-19T14:58:44.627+0000] {processor.py:208} INFO - Processing /opt/airflow/dags/__init__.py took 1.321 seconds
[2025-11-19T14:59:16.809+0000] {processor.py:186} INFO - Started process (PID=275) to work on /opt/airflow/dags/__init__.py
[2025-11-19T14:59:16.818+0000] {processor.py:914} INFO - Processing file /opt/airflow/dags/__init__.py for tasks to queue
[2025-11-19T14:59:16.859+0000] {logging_mixin.py:190} INFO - [2025-11-19T14:59:16.858+0000] {dagbag.py:588} INFO - Filling up the DagBag from /opt/airflow/dags/__init__.py
[2025-11-19T14:59:17.289+0000] {processor.py:927} WARNING - No viable dags retrieved from /opt/airflow/dags/__init__.py
[2025-11-19T14:59:17.401+0000] {processor.py:208} INFO - Processing /opt/airflow/dags/__init__.py took 0.662 seconds
[2025-11-19T14:59:48.684+0000] {processor.py:186} INFO - Started process (PID=283) to work on /opt/airflow/dags/__init__.py
[2025-11-19T14:59:48.755+0000] {processor.py:914} INFO - Processing file /opt/airflow/dags/__init__.py for tasks to queue
[2025-11-19T14:59:48.913+0000] {logging_mixin.py:190} INFO - [2025-11-19T14:59:48.901+0000] {dagbag.py:588} INFO - Filling up the DagBag from /opt/airflow/dags/__init__.py
[2025-11-19T14:59:48.993+0000] {processor.py:927} WARNING - No viable dags retrieved from /opt/airflow/dags/__init__.py
[2025-11-19T14:59:49.246+0000] {processor.py:208} INFO - Processing /opt/airflow/dags/__init__.py took 1.158 seconds
[2025-11-19T15:00:20.188+0000] {processor.py:186} INFO - Started process (PID=291) to work on /opt/airflow/dags/__init__.py
[2025-11-19T15:00:20.244+0000] {processor.py:914} INFO - Processing file /opt/airflow/dags/__init__.py for tasks to queue
[2025-11-19T15:00:20.503+0000] {logging_mixin.py:190} INFO - [2025-11-19T15:00:20.487+0000] {dagbag.py:588} INFO - Filling up the DagBag from /opt/airflow/dags/__init__.py
[2025-11-19T15:00:20.886+0000] {processor.py:927} WARNING - No viable dags retrieved from /opt/airflow/dags/__init__.py
[2025-11-19T15:00:21.324+0000] {processor.py:208} INFO - Processing /opt/airflow/dags/__init__.py took 1.433 seconds
[2025-11-19T15:01:04.179+0000] {processor.py:186} INFO - Started process (PID=306) to work on /opt/airflow/dags/__init__.py
[2025-11-19T15:01:04.286+0000] {processor.py:914} INFO - Processing file /opt/airflow/dags/__init__.py for tasks to queue
[2025-11-19T15:01:04.610+0000] {logging_mixin.py:190} INFO - [2025-11-19T15:01:04.609+0000] {dagbag.py:588} INFO - Filling up the DagBag from /opt/airflow/dags/__init__.py
[2025-11-19T15:01:04.938+0000] {processor.py:927} WARNING - No viable dags retrieved from /opt/airflow/dags/__init__.py
[2025-11-19T15:01:05.140+0000] {processor.py:208} INFO - Processing /opt/airflow/dags/__init__.py took 1.713 seconds
[2025-11-19T15:01:52.687+0000] {processor.py:186} INFO - Started process (PID=314) to work on /opt/airflow/dags/__init__.py
[2025-11-19T15:01:52.732+0000] {processor.py:914} INFO - Processing file /opt/airflow/dags/__init__.py for tasks to queue
[2025-11-19T15:01:52.768+0000] {logging_mixin.py:190} INFO - [2025-11-19T15:01:52.767+0000] {dagbag.py:588} INFO - Filling up the DagBag from /opt/airflow/dags/__init__.py
[2025-11-19T15:01:53.059+0000] {processor.py:927} WARNING - No viable dags retrieved from /opt/airflow/dags/__init__.py
[2025-11-19T15:01:53.490+0000] {processor.py:208} INFO - Processing /opt/airflow/dags/__init__.py took 0.977 seconds
[2025-11-19T15:02:24.580+0000] {processor.py:186} INFO - Started process (PID=323) to work on /opt/airflow/dags/__init__.py
[2025-11-19T15:02:24.601+0000] {processor.py:914} INFO - Processing file /opt/airflow/dags/__init__.py for tasks to queue
[2025-11-19T15:02:24.626+0000] {logging_mixin.py:190} INFO - [2025-11-19T15:02:24.625+0000] {dagbag.py:588} INFO - Filling up the DagBag from /opt/airflow/dags/__init__.py
[2025-11-19T15:02:24.697+0000] {processor.py:927} WARNING - No viable dags retrieved from /opt/airflow/dags/__init__.py
[2025-11-19T15:02:24.871+0000] {processor.py:208} INFO - Processing /opt/airflow/dags/__init__.py took 0.354 seconds
[2025-11-19T15:02:55.388+0000] {processor.py:186} INFO - Started process (PID=332) to work on /opt/airflow/dags/__init__.py
[2025-11-19T15:02:55.401+0000] {processor.py:914} INFO - Processing file /opt/airflow/dags/__init__.py for tasks to queue
[2025-11-19T15:02:55.503+0000] {logging_mixin.py:190} INFO - [2025-11-19T15:02:55.493+0000] {dagbag.py:588} INFO - Filling up the DagBag from /opt/airflow/dags/__init__.py
[2025-11-19T15:02:55.599+0000] {processor.py:927} WARNING - No viable dags retrieved from /opt/airflow/dags/__init__.py
[2025-11-19T15:02:55.891+0000] {processor.py:208} INFO - Processing /opt/airflow/dags/__init__.py took 0.565 seconds
[2025-11-19T15:03:26.673+0000] {processor.py:186} INFO - Started process (PID=341) to work on /opt/airflow/dags/__init__.py
[2025-11-19T15:03:26.687+0000] {processor.py:914} INFO - Processing file /opt/airflow/dags/__init__.py for tasks to queue
[2025-11-19T15:03:26.705+0000] {logging_mixin.py:190} INFO - [2025-11-19T15:03:26.704+0000] {dagbag.py:588} INFO - Filling up the DagBag from /opt/airflow/dags/__init__.py
[2025-11-19T15:03:26.780+0000] {processor.py:927} WARNING - No viable dags retrieved from /opt/airflow/dags/__init__.py
[2025-11-19T15:03:26.905+0000] {processor.py:208} INFO - Processing /opt/airflow/dags/__init__.py took 0.307 seconds
[2025-11-19T15:03:59.414+0000] {processor.py:186} INFO - Started process (PID=350) to work on /opt/airflow/dags/__init__.py
[2025-11-19T15:03:59.476+0000] {processor.py:914} INFO - Processing file /opt/airflow/dags/__init__.py for tasks to queue
[2025-11-19T15:03:59.617+0000] {logging_mixin.py:190} INFO - [2025-11-19T15:03:59.615+0000] {dagbag.py:588} INFO - Filling up the DagBag from /opt/airflow/dags/__init__.py
[2025-11-19T15:04:00.285+0000] {processor.py:927} WARNING - No viable dags retrieved from /opt/airflow/dags/__init__.py
[2025-11-19T15:04:00.855+0000] {processor.py:208} INFO - Processing /opt/airflow/dags/__init__.py took 2.343 seconds
[2025-11-19T15:05:03.867+0000] {processor.py:186} INFO - Started process (PID=365) to work on /opt/airflow/dags/__init__.py
[2025-11-19T15:05:04.691+0000] {processor.py:914} INFO - Processing file /opt/airflow/dags/__init__.py for tasks to queue
[2025-11-19T15:05:06.125+0000] {logging_mixin.py:190} INFO - [2025-11-19T15:05:05.892+0000] {dagbag.py:588} INFO - Filling up the DagBag from /opt/airflow/dags/__init__.py
[2025-11-19T15:05:06.899+0000] {processor.py:927} WARNING - No viable dags retrieved from /opt/airflow/dags/__init__.py
[2025-11-19T15:05:08.005+0000] {processor.py:208} INFO - Processing /opt/airflow/dags/__init__.py took 6.027 seconds
[2025-11-19T15:05:39.526+0000] {processor.py:186} INFO - Started process (PID=373) to work on /opt/airflow/dags/__init__.py
[2025-11-19T15:05:39.664+0000] {processor.py:914} INFO - Processing file /opt/airflow/dags/__init__.py for tasks to queue
[2025-11-19T15:05:49.650+0000] {logging_mixin.py:190} INFO - [2025-11-19T15:05:49.610+0000] {dagbag.py:588} INFO - Filling up the DagBag from /opt/airflow/dags/__init__.py
[2025-11-19T15:05:49.985+0000] {processor.py:927} WARNING - No viable dags retrieved from /opt/airflow/dags/__init__.py
[2025-11-19T15:05:50.444+0000] {processor.py:208} INFO - Processing /opt/airflow/dags/__init__.py took 12.046 seconds
[2025-11-19T15:06:41.519+0000] {processor.py:186} INFO - Started process (PID=382) to work on /opt/airflow/dags/__init__.py
[2025-11-19T15:06:41.680+0000] {processor.py:914} INFO - Processing file /opt/airflow/dags/__init__.py for tasks to queue
[2025-11-19T15:06:42.803+0000] {logging_mixin.py:190} INFO - [2025-11-19T15:06:42.800+0000] {dagbag.py:588} INFO - Filling up the DagBag from /opt/airflow/dags/__init__.py
[2025-11-19T15:06:45.415+0000] {processor.py:927} WARNING - No viable dags retrieved from /opt/airflow/dags/__init__.py
[2025-11-19T15:06:45.910+0000] {processor.py:208} INFO - Processing /opt/airflow/dags/__init__.py took 25.202 seconds
[2025-11-19T15:07:35.371+0000] {processor.py:186} INFO - Started process (PID=399) to work on /opt/airflow/dags/__init__.py
[2025-11-19T15:07:35.385+0000] {processor.py:914} INFO - Processing file /opt/airflow/dags/__init__.py for tasks to queue
[2025-11-19T15:07:35.539+0000] {logging_mixin.py:190} INFO - [2025-11-19T15:07:35.528+0000] {dagbag.py:588} INFO - Filling up the DagBag from /opt/airflow/dags/__init__.py
[2025-11-19T15:07:35.730+0000] {processor.py:927} WARNING - No viable dags retrieved from /opt/airflow/dags/__init__.py
[2025-11-19T15:07:36.153+0000] {processor.py:208} INFO - Processing /opt/airflow/dags/__init__.py took 0.854 seconds
[2025-11-19T15:08:29.723+0000] {processor.py:186} INFO - Started process (PID=407) to work on /opt/airflow/dags/__init__.py
[2025-11-19T15:08:29.731+0000] {processor.py:914} INFO - Processing file /opt/airflow/dags/__init__.py for tasks to queue
[2025-11-19T15:08:29.781+0000] {logging_mixin.py:190} INFO - [2025-11-19T15:08:29.777+0000] {dagbag.py:588} INFO - Filling up the DagBag from /opt/airflow/dags/__init__.py
[2025-11-19T15:08:29.874+0000] {processor.py:927} WARNING - No viable dags retrieved from /opt/airflow/dags/__init__.py
[2025-11-19T15:08:31.353+0000] {processor.py:208} INFO - Processing /opt/airflow/dags/__init__.py took 2.049 seconds
[2025-11-19T15:09:04.321+0000] {processor.py:186} INFO - Started process (PID=414) to work on /opt/airflow/dags/__init__.py
[2025-11-19T15:09:04.400+0000] {processor.py:914} INFO - Processing file /opt/airflow/dags/__init__.py for tasks to queue
[2025-11-19T15:09:05.041+0000] {logging_mixin.py:190} INFO - [2025-11-19T15:09:05.040+0000] {dagbag.py:588} INFO - Filling up the DagBag from /opt/airflow/dags/__init__.py
[2025-11-19T15:09:05.226+0000] {processor.py:927} WARNING - No viable dags retrieved from /opt/airflow/dags/__init__.py
[2025-11-19T15:09:06.513+0000] {processor.py:208} INFO - Processing /opt/airflow/dags/__init__.py took 2.972 seconds
[2025-11-19T15:09:37.627+0000] {processor.py:186} INFO - Started process (PID=417) to work on /opt/airflow/dags/__init__.py
[2025-11-19T15:09:37.630+0000] {processor.py:914} INFO - Processing file /opt/airflow/dags/__init__.py for tasks to queue
[2025-11-19T15:09:37.636+0000] {logging_mixin.py:190} INFO - [2025-11-19T15:09:37.635+0000] {dagbag.py:588} INFO - Filling up the DagBag from /opt/airflow/dags/__init__.py
[2025-11-19T15:09:37.670+0000] {processor.py:927} WARNING - No viable dags retrieved from /opt/airflow/dags/__init__.py
[2025-11-19T15:09:37.725+0000] {processor.py:208} INFO - Processing /opt/airflow/dags/__init__.py took 0.112 seconds
[2025-11-19T15:20:16.235+0000] {processor.py:186} INFO - Started process (PID=95) to work on /opt/airflow/dags/__init__.py
[2025-11-19T15:20:16.316+0000] {processor.py:914} INFO - Processing file /opt/airflow/dags/__init__.py for tasks to queue
[2025-11-19T15:20:16.332+0000] {logging_mixin.py:190} INFO - [2025-11-19T15:20:16.326+0000] {dagbag.py:588} INFO - Filling up the DagBag from /opt/airflow/dags/__init__.py
[2025-11-19T15:20:16.523+0000] {processor.py:927} WARNING - No viable dags retrieved from /opt/airflow/dags/__init__.py
[2025-11-19T15:20:16.656+0000] {processor.py:208} INFO - Processing /opt/airflow/dags/__init__.py took 0.601 seconds
[2025-11-19T15:20:49.577+0000] {processor.py:186} INFO - Started process (PID=103) to work on /opt/airflow/dags/__init__.py
[2025-11-19T15:20:49.585+0000] {processor.py:914} INFO - Processing file /opt/airflow/dags/__init__.py for tasks to queue
[2025-11-19T15:20:49.602+0000] {logging_mixin.py:190} INFO - [2025-11-19T15:20:49.601+0000] {dagbag.py:588} INFO - Filling up the DagBag from /opt/airflow/dags/__init__.py
[2025-11-19T15:20:49.690+0000] {processor.py:927} WARNING - No viable dags retrieved from /opt/airflow/dags/__init__.py
[2025-11-19T15:20:49.765+0000] {processor.py:208} INFO - Processing /opt/airflow/dags/__init__.py took 0.240 seconds
[2025-11-19T15:21:21.855+0000] {processor.py:186} INFO - Started process (PID=118) to work on /opt/airflow/dags/__init__.py
[2025-11-19T15:21:21.874+0000] {processor.py:914} INFO - Processing file /opt/airflow/dags/__init__.py for tasks to queue
[2025-11-19T15:21:21.895+0000] {logging_mixin.py:190} INFO - [2025-11-19T15:21:21.894+0000] {dagbag.py:588} INFO - Filling up the DagBag from /opt/airflow/dags/__init__.py
[2025-11-19T15:21:21.974+0000] {processor.py:927} WARNING - No viable dags retrieved from /opt/airflow/dags/__init__.py
[2025-11-19T15:21:22.141+0000] {processor.py:208} INFO - Processing /opt/airflow/dags/__init__.py took 0.414 seconds
[2025-11-19T15:21:52.952+0000] {processor.py:186} INFO - Started process (PID=127) to work on /opt/airflow/dags/__init__.py
[2025-11-19T15:21:52.961+0000] {processor.py:914} INFO - Processing file /opt/airflow/dags/__init__.py for tasks to queue
[2025-11-19T15:21:52.980+0000] {logging_mixin.py:190} INFO - [2025-11-19T15:21:52.979+0000] {dagbag.py:588} INFO - Filling up the DagBag from /opt/airflow/dags/__init__.py
[2025-11-19T15:21:53.043+0000] {processor.py:927} WARNING - No viable dags retrieved from /opt/airflow/dags/__init__.py
[2025-11-19T15:21:53.127+0000] {processor.py:208} INFO - Processing /opt/airflow/dags/__init__.py took 0.214 seconds
[2025-11-19T15:22:23.920+0000] {processor.py:186} INFO - Started process (PID=136) to work on /opt/airflow/dags/__init__.py
[2025-11-19T15:22:23.927+0000] {processor.py:914} INFO - Processing file /opt/airflow/dags/__init__.py for tasks to queue
[2025-11-19T15:22:23.952+0000] {logging_mixin.py:190} INFO - [2025-11-19T15:22:23.951+0000] {dagbag.py:588} INFO - Filling up the DagBag from /opt/airflow/dags/__init__.py
[2025-11-19T15:22:24.056+0000] {processor.py:927} WARNING - No viable dags retrieved from /opt/airflow/dags/__init__.py
[2025-11-19T15:22:24.437+0000] {processor.py:208} INFO - Processing /opt/airflow/dags/__init__.py took 0.568 seconds
[2025-11-19T15:23:07.373+0000] {processor.py:186} INFO - Started process (PID=147) to work on /opt/airflow/dags/__init__.py
[2025-11-19T15:23:07.772+0000] {processor.py:914} INFO - Processing file /opt/airflow/dags/__init__.py for tasks to queue
[2025-11-19T15:23:08.037+0000] {logging_mixin.py:190} INFO - [2025-11-19T15:23:08.034+0000] {dagbag.py:588} INFO - Filling up the DagBag from /opt/airflow/dags/__init__.py
[2025-11-19T15:23:10.720+0000] {processor.py:927} WARNING - No viable dags retrieved from /opt/airflow/dags/__init__.py
[2025-11-19T15:23:11.766+0000] {processor.py:208} INFO - Processing /opt/airflow/dags/__init__.py took 5.069 seconds
[2025-11-19T15:24:45.497+0000] {processor.py:186} INFO - Started process (PID=161) to work on /opt/airflow/dags/__init__.py
[2025-11-19T15:24:45.824+0000] {processor.py:914} INFO - Processing file /opt/airflow/dags/__init__.py for tasks to queue
[2025-11-19T15:24:47.670+0000] {logging_mixin.py:190} INFO - [2025-11-19T15:24:47.669+0000] {dagbag.py:588} INFO - Filling up the DagBag from /opt/airflow/dags/__init__.py
[2025-11-19T15:24:58.410+0000] {processor.py:927} WARNING - No viable dags retrieved from /opt/airflow/dags/__init__.py
[2025-11-19T15:24:58.993+0000] {processor.py:208} INFO - Processing /opt/airflow/dags/__init__.py took 16.023 seconds
[2025-11-19T15:25:46.056+0000] {processor.py:186} INFO - Started process (PID=174) to work on /opt/airflow/dags/__init__.py
[2025-11-19T15:25:46.060+0000] {processor.py:914} INFO - Processing file /opt/airflow/dags/__init__.py for tasks to queue
[2025-11-19T15:25:46.078+0000] {logging_mixin.py:190} INFO - [2025-11-19T15:25:46.077+0000] {dagbag.py:588} INFO - Filling up the DagBag from /opt/airflow/dags/__init__.py
[2025-11-19T15:25:55.482+0000] {processor.py:927} WARNING - No viable dags retrieved from /opt/airflow/dags/__init__.py
[2025-11-19T15:25:57.739+0000] {processor.py:208} INFO - Processing /opt/airflow/dags/__init__.py took 15.461 seconds
[2025-11-19T15:26:40.662+0000] {processor.py:186} INFO - Started process (PID=183) to work on /opt/airflow/dags/__init__.py
[2025-11-19T15:26:40.692+0000] {processor.py:914} INFO - Processing file /opt/airflow/dags/__init__.py for tasks to queue
[2025-11-19T15:26:40.794+0000] {logging_mixin.py:190} INFO - [2025-11-19T15:26:40.792+0000] {dagbag.py:588} INFO - Filling up the DagBag from /opt/airflow/dags/__init__.py
[2025-11-19T15:26:40.966+0000] {processor.py:927} WARNING - No viable dags retrieved from /opt/airflow/dags/__init__.py
[2025-11-19T15:26:42.014+0000] {processor.py:208} INFO - Processing /opt/airflow/dags/__init__.py took 4.964 seconds
[2025-11-19T15:27:23.459+0000] {processor.py:186} INFO - Started process (PID=192) to work on /opt/airflow/dags/__init__.py
[2025-11-19T15:27:23.667+0000] {processor.py:914} INFO - Processing file /opt/airflow/dags/__init__.py for tasks to queue
[2025-11-19T15:27:24.035+0000] {logging_mixin.py:190} INFO - [2025-11-19T15:27:23.717+0000] {dagbag.py:588} INFO - Filling up the DagBag from /opt/airflow/dags/__init__.py
[2025-11-19T15:27:26.517+0000] {processor.py:927} WARNING - No viable dags retrieved from /opt/airflow/dags/__init__.py
[2025-11-19T15:27:26.737+0000] {processor.py:208} INFO - Processing /opt/airflow/dags/__init__.py took 6.887 seconds
[2025-11-19T15:28:13.934+0000] {processor.py:186} INFO - Started process (PID=208) to work on /opt/airflow/dags/__init__.py
[2025-11-19T15:28:14.307+0000] {processor.py:914} INFO - Processing file /opt/airflow/dags/__init__.py for tasks to queue
[2025-11-19T15:28:14.686+0000] {logging_mixin.py:190} INFO - [2025-11-19T15:28:14.596+0000] {dagbag.py:588} INFO - Filling up the DagBag from /opt/airflow/dags/__init__.py
[2025-11-19T15:28:16.488+0000] {processor.py:927} WARNING - No viable dags retrieved from /opt/airflow/dags/__init__.py
[2025-11-19T15:28:17.260+0000] {processor.py:208} INFO - Processing /opt/airflow/dags/__init__.py took 12.692 seconds
[2025-11-19T15:29:24.761+0000] {processor.py:186} INFO - Started process (PID=224) to work on /opt/airflow/dags/__init__.py
[2025-11-19T15:29:25.085+0000] {processor.py:914} INFO - Processing file /opt/airflow/dags/__init__.py for tasks to queue
[2025-11-19T15:29:25.106+0000] {logging_mixin.py:190} INFO - [2025-11-19T15:29:25.100+0000] {dagbag.py:588} INFO - Filling up the DagBag from /opt/airflow/dags/__init__.py
[2025-11-19T15:29:26.295+0000] {processor.py:927} WARNING - No viable dags retrieved from /opt/airflow/dags/__init__.py
[2025-11-19T15:29:45.103+0000] {processor.py:208} INFO - Processing /opt/airflow/dags/__init__.py took 23.849 seconds
[2025-11-19T15:31:00.686+0000] {processor.py:186} INFO - Started process (PID=240) to work on /opt/airflow/dags/__init__.py
[2025-11-19T15:31:01.272+0000] {processor.py:914} INFO - Processing file /opt/airflow/dags/__init__.py for tasks to queue
[2025-11-19T15:31:01.902+0000] {logging_mixin.py:190} INFO - [2025-11-19T15:31:01.615+0000] {dagbag.py:588} INFO - Filling up the DagBag from /opt/airflow/dags/__init__.py
[2025-11-19T15:31:02.482+0000] {processor.py:927} WARNING - No viable dags retrieved from /opt/airflow/dags/__init__.py
[2025-11-19T15:31:03.386+0000] {processor.py:208} INFO - Processing /opt/airflow/dags/__init__.py took 3.698 seconds
[2025-11-19T15:31:44.152+0000] {processor.py:186} INFO - Started process (PID=250) to work on /opt/airflow/dags/__init__.py
[2025-11-19T15:31:44.832+0000] {processor.py:914} INFO - Processing file /opt/airflow/dags/__init__.py for tasks to queue
[2025-11-19T15:31:45.253+0000] {logging_mixin.py:190} INFO - [2025-11-19T15:31:45.122+0000] {dagbag.py:588} INFO - Filling up the DagBag from /opt/airflow/dags/__init__.py
[2025-11-19T15:31:47.123+0000] {processor.py:927} WARNING - No viable dags retrieved from /opt/airflow/dags/__init__.py
[2025-11-19T15:31:52.822+0000] {processor.py:208} INFO - Processing /opt/airflow/dags/__init__.py took 11.135 seconds
[2025-11-19T15:32:31.416+0000] {processor.py:186} INFO - Started process (PID=264) to work on /opt/airflow/dags/__init__.py
[2025-11-19T15:32:31.857+0000] {processor.py:914} INFO - Processing file /opt/airflow/dags/__init__.py for tasks to queue
[2025-11-19T15:32:32.367+0000] {logging_mixin.py:190} INFO - [2025-11-19T15:32:32.151+0000] {dagbag.py:588} INFO - Filling up the DagBag from /opt/airflow/dags/__init__.py
[2025-11-19T15:32:34.099+0000] {processor.py:927} WARNING - No viable dags retrieved from /opt/airflow/dags/__init__.py
[2025-11-19T15:32:45.808+0000] {processor.py:208} INFO - Processing /opt/airflow/dags/__init__.py took 16.089 seconds
[2025-11-19T15:33:22.507+0000] {processor.py:186} INFO - Started process (PID=274) to work on /opt/airflow/dags/__init__.py
[2025-11-19T15:33:22.634+0000] {processor.py:914} INFO - Processing file /opt/airflow/dags/__init__.py for tasks to queue
[2025-11-19T15:33:22.733+0000] {logging_mixin.py:190} INFO - [2025-11-19T15:33:22.733+0000] {dagbag.py:588} INFO - Filling up the DagBag from /opt/airflow/dags/__init__.py
[2025-11-19T15:33:23.288+0000] {processor.py:927} WARNING - No viable dags retrieved from /opt/airflow/dags/__init__.py
[2025-11-19T15:33:24.547+0000] {processor.py:208} INFO - Processing /opt/airflow/dags/__init__.py took 4.712 seconds
[2025-11-19T15:33:59.647+0000] {processor.py:186} INFO - Started process (PID=288) to work on /opt/airflow/dags/__init__.py
[2025-11-19T15:33:59.697+0000] {processor.py:914} INFO - Processing file /opt/airflow/dags/__init__.py for tasks to queue
[2025-11-19T15:33:59.703+0000] {logging_mixin.py:190} INFO - [2025-11-19T15:33:59.702+0000] {dagbag.py:588} INFO - Filling up the DagBag from /opt/airflow/dags/__init__.py
[2025-11-19T15:34:00.330+0000] {processor.py:927} WARNING - No viable dags retrieved from /opt/airflow/dags/__init__.py
[2025-11-19T15:34:01.015+0000] {processor.py:208} INFO - Processing /opt/airflow/dags/__init__.py took 3.854 seconds
[2025-11-19T15:34:46.952+0000] {processor.py:186} INFO - Started process (PID=297) to work on /opt/airflow/dags/__init__.py
[2025-11-19T15:34:48.026+0000] {processor.py:914} INFO - Processing file /opt/airflow/dags/__init__.py for tasks to queue
[2025-11-19T15:34:49.480+0000] {logging_mixin.py:190} INFO - [2025-11-19T15:34:48.782+0000] {dagbag.py:588} INFO - Filling up the DagBag from /opt/airflow/dags/__init__.py
[2025-11-19T15:34:49.990+0000] {processor.py:927} WARNING - No viable dags retrieved from /opt/airflow/dags/__init__.py
[2025-11-19T15:34:51.185+0000] {processor.py:208} INFO - Processing /opt/airflow/dags/__init__.py took 12.511 seconds
[2025-11-19T15:35:22.678+0000] {processor.py:186} INFO - Started process (PID=305) to work on /opt/airflow/dags/__init__.py
[2025-11-19T15:35:22.704+0000] {processor.py:914} INFO - Processing file /opt/airflow/dags/__init__.py for tasks to queue
[2025-11-19T15:35:22.742+0000] {logging_mixin.py:190} INFO - [2025-11-19T15:35:22.717+0000] {dagbag.py:588} INFO - Filling up the DagBag from /opt/airflow/dags/__init__.py
[2025-11-19T15:35:22.870+0000] {processor.py:927} WARNING - No viable dags retrieved from /opt/airflow/dags/__init__.py
[2025-11-19T15:35:23.246+0000] {processor.py:208} INFO - Processing /opt/airflow/dags/__init__.py took 0.639 seconds
[2025-11-19T15:36:05.263+0000] {processor.py:186} INFO - Started process (PID=314) to work on /opt/airflow/dags/__init__.py
[2025-11-19T15:36:05.266+0000] {processor.py:914} INFO - Processing file /opt/airflow/dags/__init__.py for tasks to queue
[2025-11-19T15:36:05.451+0000] {logging_mixin.py:190} INFO - [2025-11-19T15:36:05.277+0000] {dagbag.py:588} INFO - Filling up the DagBag from /opt/airflow/dags/__init__.py
[2025-11-19T15:36:05.995+0000] {processor.py:927} WARNING - No viable dags retrieved from /opt/airflow/dags/__init__.py
[2025-11-19T15:36:06.369+0000] {processor.py:208} INFO - Processing /opt/airflow/dags/__init__.py took 8.250 seconds
[2025-11-19T15:36:39.942+0000] {processor.py:186} INFO - Started process (PID=322) to work on /opt/airflow/dags/__init__.py
[2025-11-19T15:36:39.953+0000] {processor.py:914} INFO - Processing file /opt/airflow/dags/__init__.py for tasks to queue
[2025-11-19T15:36:40.083+0000] {logging_mixin.py:190} INFO - [2025-11-19T15:36:40.082+0000] {dagbag.py:588} INFO - Filling up the DagBag from /opt/airflow/dags/__init__.py
[2025-11-19T15:36:41.588+0000] {processor.py:927} WARNING - No viable dags retrieved from /opt/airflow/dags/__init__.py
[2025-11-19T15:36:43.621+0000] {processor.py:208} INFO - Processing /opt/airflow/dags/__init__.py took 5.388 seconds
[2025-11-19T15:37:31.929+0000] {processor.py:186} INFO - Started process (PID=337) to work on /opt/airflow/dags/__init__.py
[2025-11-19T15:37:31.950+0000] {processor.py:914} INFO - Processing file /opt/airflow/dags/__init__.py for tasks to queue
[2025-11-19T15:37:31.978+0000] {logging_mixin.py:190} INFO - [2025-11-19T15:37:31.977+0000] {dagbag.py:588} INFO - Filling up the DagBag from /opt/airflow/dags/__init__.py
[2025-11-19T15:37:32.076+0000] {processor.py:927} WARNING - No viable dags retrieved from /opt/airflow/dags/__init__.py
[2025-11-19T15:37:32.216+0000] {processor.py:208} INFO - Processing /opt/airflow/dags/__init__.py took 0.353 seconds
[2025-11-19T15:38:14.626+0000] {processor.py:186} INFO - Started process (PID=345) to work on /opt/airflow/dags/__init__.py
[2025-11-19T15:38:15.154+0000] {processor.py:914} INFO - Processing file /opt/airflow/dags/__init__.py for tasks to queue
[2025-11-19T15:38:15.636+0000] {logging_mixin.py:190} INFO - [2025-11-19T15:38:15.504+0000] {dagbag.py:588} INFO - Filling up the DagBag from /opt/airflow/dags/__init__.py
[2025-11-19T15:38:17.676+0000] {processor.py:927} WARNING - No viable dags retrieved from /opt/airflow/dags/__init__.py
[2025-11-19T15:38:20.393+0000] {processor.py:208} INFO - Processing /opt/airflow/dags/__init__.py took 7.802 seconds
[2025-11-19T15:39:09.359+0000] {processor.py:186} INFO - Started process (PID=352) to work on /opt/airflow/dags/__init__.py
[2025-11-19T15:39:09.367+0000] {processor.py:914} INFO - Processing file /opt/airflow/dags/__init__.py for tasks to queue
[2025-11-19T15:39:09.001+0000] {logging_mixin.py:190} INFO - [2025-11-19T15:39:09.000+0000] {dagbag.py:588} INFO - Filling up the DagBag from /opt/airflow/dags/__init__.py
[2025-11-19T15:39:21.825+0000] {processor.py:927} WARNING - No viable dags retrieved from /opt/airflow/dags/__init__.py
[2025-11-19T15:39:24.206+0000] {processor.py:208} INFO - Processing /opt/airflow/dags/__init__.py took 24.506 seconds
[2025-11-19T15:40:00.473+0000] {processor.py:186} INFO - Started process (PID=360) to work on /opt/airflow/dags/__init__.py
[2025-11-19T15:40:00.795+0000] {processor.py:914} INFO - Processing file /opt/airflow/dags/__init__.py for tasks to queue
[2025-11-19T15:40:01.174+0000] {logging_mixin.py:190} INFO - [2025-11-19T15:40:01.151+0000] {dagbag.py:588} INFO - Filling up the DagBag from /opt/airflow/dags/__init__.py
[2025-11-19T15:40:03.741+0000] {processor.py:927} WARNING - No viable dags retrieved from /opt/airflow/dags/__init__.py
[2025-11-19T15:42:10.445+0000] {processor.py:186} INFO - Started process (PID=376) to work on /opt/airflow/dags/__init__.py
[2025-11-19T15:42:10.449+0000] {processor.py:914} INFO - Processing file /opt/airflow/dags/__init__.py for tasks to queue
[2025-11-19T15:42:10.456+0000] {logging_mixin.py:190} INFO - [2025-11-19T15:42:10.455+0000] {dagbag.py:588} INFO - Filling up the DagBag from /opt/airflow/dags/__init__.py
[2025-11-19T15:42:10.674+0000] {processor.py:927} WARNING - No viable dags retrieved from /opt/airflow/dags/__init__.py
[2025-11-19T15:42:10.953+0000] {processor.py:208} INFO - Processing /opt/airflow/dags/__init__.py took 0.583 seconds
[2025-11-19T15:43:07.583+0000] {processor.py:186} INFO - Started process (PID=386) to work on /opt/airflow/dags/__init__.py
[2025-11-19T15:43:07.697+0000] {processor.py:914} INFO - Processing file /opt/airflow/dags/__init__.py for tasks to queue
[2025-11-19T15:43:07.825+0000] {logging_mixin.py:190} INFO - [2025-11-19T15:43:07.815+0000] {dagbag.py:588} INFO - Filling up the DagBag from /opt/airflow/dags/__init__.py
[2025-11-19T15:43:07.928+0000] {processor.py:927} WARNING - No viable dags retrieved from /opt/airflow/dags/__init__.py
[2025-11-19T15:43:08.635+0000] {processor.py:208} INFO - Processing /opt/airflow/dags/__init__.py took 1.845 seconds
[2025-11-19T15:44:01.400+0000] {processor.py:186} INFO - Started process (PID=395) to work on /opt/airflow/dags/__init__.py
[2025-11-19T15:44:01.442+0000] {processor.py:914} INFO - Processing file /opt/airflow/dags/__init__.py for tasks to queue
[2025-11-19T15:44:01.462+0000] {logging_mixin.py:190} INFO - [2025-11-19T15:44:01.460+0000] {dagbag.py:588} INFO - Filling up the DagBag from /opt/airflow/dags/__init__.py
[2025-11-19T15:44:01.564+0000] {processor.py:927} WARNING - No viable dags retrieved from /opt/airflow/dags/__init__.py
[2025-11-19T15:44:02.368+0000] {processor.py:208} INFO - Processing /opt/airflow/dags/__init__.py took 1.026 seconds
[2025-11-19T15:44:59.366+0000] {processor.py:186} INFO - Started process (PID=405) to work on /opt/airflow/dags/__init__.py
[2025-11-19T15:44:59.425+0000] {processor.py:914} INFO - Processing file /opt/airflow/dags/__init__.py for tasks to queue
[2025-11-19T15:44:59.431+0000] {logging_mixin.py:190} INFO - [2025-11-19T15:44:59.430+0000] {dagbag.py:588} INFO - Filling up the DagBag from /opt/airflow/dags/__init__.py
[2025-11-19T15:45:16.806+0000] {processor.py:927} WARNING - No viable dags retrieved from /opt/airflow/dags/__init__.py
[2025-11-19T15:45:17.182+0000] {processor.py:208} INFO - Processing /opt/airflow/dags/__init__.py took 18.779 seconds
[2025-11-19T15:46:21.183+0000] {processor.py:186} INFO - Started process (PID=414) to work on /opt/airflow/dags/__init__.py
[2025-11-19T15:46:21.289+0000] {processor.py:914} INFO - Processing file /opt/airflow/dags/__init__.py for tasks to queue
[2025-11-19T15:46:21.357+0000] {logging_mixin.py:190} INFO - [2025-11-19T15:46:21.333+0000] {dagbag.py:588} INFO - Filling up the DagBag from /opt/airflow/dags/__init__.py
[2025-11-19T15:46:21.910+0000] {processor.py:927} WARNING - No viable dags retrieved from /opt/airflow/dags/__init__.py
[2025-11-19T15:46:29.373+0000] {processor.py:208} INFO - Processing /opt/airflow/dags/__init__.py took 8.915 seconds
[2025-11-19T15:47:18.221+0000] {processor.py:186} INFO - Started process (PID=422) to work on /opt/airflow/dags/__init__.py
[2025-11-19T15:47:18.328+0000] {processor.py:914} INFO - Processing file /opt/airflow/dags/__init__.py for tasks to queue
[2025-11-19T15:47:18.408+0000] {logging_mixin.py:190} INFO - [2025-11-19T15:47:18.342+0000] {dagbag.py:588} INFO - Filling up the DagBag from /opt/airflow/dags/__init__.py
[2025-11-19T15:47:19.844+0000] {processor.py:927} WARNING - No viable dags retrieved from /opt/airflow/dags/__init__.py
[2025-11-19T15:47:37.047+0000] {processor.py:208} INFO - Processing /opt/airflow/dags/__init__.py took 21.952 seconds
[2025-11-19T15:48:13.353+0000] {processor.py:186} INFO - Started process (PID=439) to work on /opt/airflow/dags/__init__.py
[2025-11-19T15:48:13.426+0000] {processor.py:914} INFO - Processing file /opt/airflow/dags/__init__.py for tasks to queue
[2025-11-19T15:48:13.489+0000] {logging_mixin.py:190} INFO - [2025-11-19T15:48:13.471+0000] {dagbag.py:588} INFO - Filling up the DagBag from /opt/airflow/dags/__init__.py
[2025-11-19T15:48:13.626+0000] {processor.py:927} WARNING - No viable dags retrieved from /opt/airflow/dags/__init__.py
[2025-11-19T15:48:13.749+0000] {processor.py:208} INFO - Processing /opt/airflow/dags/__init__.py took 0.750 seconds
[2025-11-19T15:49:05.563+0000] {processor.py:186} INFO - Started process (PID=448) to work on /opt/airflow/dags/__init__.py
[2025-11-19T15:49:06.503+0000] {processor.py:914} INFO - Processing file /opt/airflow/dags/__init__.py for tasks to queue
[2025-11-19T15:49:06.632+0000] {logging_mixin.py:190} INFO - [2025-11-19T15:49:06.616+0000] {dagbag.py:588} INFO - Filling up the DagBag from /opt/airflow/dags/__init__.py
[2025-11-19T15:49:08.933+0000] {processor.py:927} WARNING - No viable dags retrieved from /opt/airflow/dags/__init__.py
[2025-11-19T15:49:20.546+0000] {processor.py:208} INFO - Processing /opt/airflow/dags/__init__.py took 20.286 seconds
[2025-11-19T15:49:57.577+0000] {processor.py:186} INFO - Started process (PID=457) to work on /opt/airflow/dags/__init__.py
[2025-11-19T15:49:57.612+0000] {processor.py:914} INFO - Processing file /opt/airflow/dags/__init__.py for tasks to queue
[2025-11-19T15:49:57.637+0000] {logging_mixin.py:190} INFO - [2025-11-19T15:49:57.630+0000] {dagbag.py:588} INFO - Filling up the DagBag from /opt/airflow/dags/__init__.py
[2025-11-19T15:49:57.868+0000] {processor.py:927} WARNING - No viable dags retrieved from /opt/airflow/dags/__init__.py
[2025-11-19T15:49:58.317+0000] {processor.py:208} INFO - Processing /opt/airflow/dags/__init__.py took 1.494 seconds
[2025-11-19T15:50:37.707+0000] {processor.py:186} INFO - Started process (PID=465) to work on /opt/airflow/dags/__init__.py
[2025-11-19T15:50:37.727+0000] {processor.py:914} INFO - Processing file /opt/airflow/dags/__init__.py for tasks to queue
[2025-11-19T15:50:37.774+0000] {logging_mixin.py:190} INFO - [2025-11-19T15:50:37.760+0000] {dagbag.py:588} INFO - Filling up the DagBag from /opt/airflow/dags/__init__.py
[2025-11-19T15:50:37.973+0000] {processor.py:927} WARNING - No viable dags retrieved from /opt/airflow/dags/__init__.py
[2025-11-19T15:50:38.315+0000] {processor.py:208} INFO - Processing /opt/airflow/dags/__init__.py took 0.925 seconds
[2025-11-19T15:51:12.008+0000] {processor.py:186} INFO - Started process (PID=474) to work on /opt/airflow/dags/__init__.py
[2025-11-19T15:51:12.023+0000] {processor.py:914} INFO - Processing file /opt/airflow/dags/__init__.py for tasks to queue
[2025-11-19T15:51:12.032+0000] {logging_mixin.py:190} INFO - [2025-11-19T15:51:12.030+0000] {dagbag.py:588} INFO - Filling up the DagBag from /opt/airflow/dags/__init__.py
[2025-11-19T15:51:12.171+0000] {processor.py:927} WARNING - No viable dags retrieved from /opt/airflow/dags/__init__.py
[2025-11-19T15:51:12.463+0000] {processor.py:208} INFO - Processing /opt/airflow/dags/__init__.py took 0.546 seconds
[2025-11-19T15:51:55.743+0000] {processor.py:186} INFO - Started process (PID=482) to work on /opt/airflow/dags/__init__.py
[2025-11-19T15:51:55.753+0000] {processor.py:914} INFO - Processing file /opt/airflow/dags/__init__.py for tasks to queue
[2025-11-19T15:51:56.448+0000] {logging_mixin.py:190} INFO - [2025-11-19T15:51:55.774+0000] {dagbag.py:588} INFO - Filling up the DagBag from /opt/airflow/dags/__init__.py
[2025-11-19T15:51:58.214+0000] {processor.py:927} WARNING - No viable dags retrieved from /opt/airflow/dags/__init__.py
