[2025-11-19T14:34:41.487+0000] {processor.py:186} INFO - Started process (PID=119) to work on /opt/airflow/dags/fraud_detection_training_dag.py
[2025-11-19T14:34:41.562+0000] {processor.py:914} INFO - Processing file /opt/airflow/dags/fraud_detection_training_dag.py for tasks to queue
[2025-11-19T14:34:41.674+0000] {logging_mixin.py:190} INFO - [2025-11-19T14:34:41.673+0000] {dagbag.py:588} INFO - Filling up the DagBag from /opt/airflow/dags/fraud_detection_training_dag.py
[2025-11-19T14:34:45.001+0000] {processor.py:925} INFO - DAG(s) 'fraud_detection_training' retrieved from /opt/airflow/dags/fraud_detection_training_dag.py
[2025-11-19T14:34:55.496+0000] {logging_mixin.py:190} INFO - [2025-11-19T14:34:55.495+0000] {dag.py:3239} INFO - Sync 1 DAGs
[2025-11-19T14:34:57.533+0000] {logging_mixin.py:190} INFO - [2025-11-19T14:34:57.532+0000] {dag.py:4180} INFO - Setting next_dagrun for fraud_detection_training to 2025-11-18 03:00:00+00:00, run_after=2025-11-19 03:00:00+00:00
[2025-11-19T14:34:58.268+0000] {processor.py:208} INFO - Processing /opt/airflow/dags/fraud_detection_training_dag.py took 18.726 seconds
[2025-11-19T14:35:30.858+0000] {processor.py:186} INFO - Started process (PID=135) to work on /opt/airflow/dags/fraud_detection_training_dag.py
[2025-11-19T14:35:30.872+0000] {processor.py:914} INFO - Processing file /opt/airflow/dags/fraud_detection_training_dag.py for tasks to queue
[2025-11-19T14:35:30.902+0000] {logging_mixin.py:190} INFO - [2025-11-19T14:35:30.901+0000] {dagbag.py:588} INFO - Filling up the DagBag from /opt/airflow/dags/fraud_detection_training_dag.py
[2025-11-19T14:35:31.356+0000] {processor.py:925} INFO - DAG(s) 'fraud_detection_training' retrieved from /opt/airflow/dags/fraud_detection_training_dag.py
[2025-11-19T14:35:31.731+0000] {logging_mixin.py:190} INFO - [2025-11-19T14:35:31.730+0000] {dag.py:3239} INFO - Sync 1 DAGs
[2025-11-19T14:35:32.210+0000] {logging_mixin.py:190} INFO - [2025-11-19T14:35:32.209+0000] {dag.py:4180} INFO - Setting next_dagrun for fraud_detection_training to 2025-11-18 03:00:00+00:00, run_after=2025-11-19 03:00:00+00:00
[2025-11-19T14:35:32.744+0000] {processor.py:208} INFO - Processing /opt/airflow/dags/fraud_detection_training_dag.py took 2.695 seconds
[2025-11-19T14:36:06.727+0000] {processor.py:186} INFO - Started process (PID=145) to work on /opt/airflow/dags/fraud_detection_training_dag.py
[2025-11-19T14:36:06.990+0000] {processor.py:914} INFO - Processing file /opt/airflow/dags/fraud_detection_training_dag.py for tasks to queue
[2025-11-19T14:36:07.425+0000] {logging_mixin.py:190} INFO - [2025-11-19T14:36:07.424+0000] {dagbag.py:588} INFO - Filling up the DagBag from /opt/airflow/dags/fraud_detection_training_dag.py
[2025-11-19T14:36:08.430+0000] {processor.py:925} INFO - DAG(s) 'fraud_detection_training' retrieved from /opt/airflow/dags/fraud_detection_training_dag.py
[2025-11-19T14:36:09.034+0000] {logging_mixin.py:190} INFO - [2025-11-19T14:36:09.033+0000] {dag.py:3239} INFO - Sync 1 DAGs
[2025-11-19T14:36:09.799+0000] {logging_mixin.py:190} INFO - [2025-11-19T14:36:09.799+0000] {dag.py:4180} INFO - Setting next_dagrun for fraud_detection_training to 2025-11-18 03:00:00+00:00, run_after=2025-11-19 03:00:00+00:00
[2025-11-19T14:36:10.267+0000] {processor.py:208} INFO - Processing /opt/airflow/dags/fraud_detection_training_dag.py took 6.580 seconds
[2025-11-19T14:36:43.769+0000] {processor.py:186} INFO - Started process (PID=154) to work on /opt/airflow/dags/fraud_detection_training_dag.py
[2025-11-19T14:36:43.798+0000] {processor.py:914} INFO - Processing file /opt/airflow/dags/fraud_detection_training_dag.py for tasks to queue
[2025-11-19T14:36:43.988+0000] {logging_mixin.py:190} INFO - [2025-11-19T14:36:43.962+0000] {dagbag.py:588} INFO - Filling up the DagBag from /opt/airflow/dags/fraud_detection_training_dag.py
[2025-11-19T14:36:45.411+0000] {processor.py:925} INFO - DAG(s) 'fraud_detection_training' retrieved from /opt/airflow/dags/fraud_detection_training_dag.py
[2025-11-19T14:36:45.905+0000] {logging_mixin.py:190} INFO - [2025-11-19T14:36:45.904+0000] {dag.py:3239} INFO - Sync 1 DAGs
[2025-11-19T14:36:46.473+0000] {logging_mixin.py:190} INFO - [2025-11-19T14:36:46.472+0000] {dag.py:4180} INFO - Setting next_dagrun for fraud_detection_training to 2025-11-18 03:00:00+00:00, run_after=2025-11-19 03:00:00+00:00
[2025-11-19T14:36:47.567+0000] {processor.py:208} INFO - Processing /opt/airflow/dags/fraud_detection_training_dag.py took 4.889 seconds
[2025-11-19T14:37:20.597+0000] {processor.py:186} INFO - Started process (PID=163) to work on /opt/airflow/dags/fraud_detection_training_dag.py
[2025-11-19T14:37:20.638+0000] {processor.py:914} INFO - Processing file /opt/airflow/dags/fraud_detection_training_dag.py for tasks to queue
[2025-11-19T14:37:20.911+0000] {logging_mixin.py:190} INFO - [2025-11-19T14:37:20.873+0000] {dagbag.py:588} INFO - Filling up the DagBag from /opt/airflow/dags/fraud_detection_training_dag.py
[2025-11-19T14:37:22.384+0000] {processor.py:925} INFO - DAG(s) 'fraud_detection_training' retrieved from /opt/airflow/dags/fraud_detection_training_dag.py
[2025-11-19T14:37:22.961+0000] {logging_mixin.py:190} INFO - [2025-11-19T14:37:22.952+0000] {dag.py:3239} INFO - Sync 1 DAGs
[2025-11-19T14:37:23.931+0000] {logging_mixin.py:190} INFO - [2025-11-19T14:37:23.931+0000] {dag.py:4180} INFO - Setting next_dagrun for fraud_detection_training to 2025-11-18 03:00:00+00:00, run_after=2025-11-19 03:00:00+00:00
[2025-11-19T14:37:24.198+0000] {processor.py:208} INFO - Processing /opt/airflow/dags/fraud_detection_training_dag.py took 4.256 seconds
[2025-11-19T14:37:54.598+0000] {processor.py:186} INFO - Started process (PID=172) to work on /opt/airflow/dags/fraud_detection_training_dag.py
[2025-11-19T14:37:54.601+0000] {processor.py:914} INFO - Processing file /opt/airflow/dags/fraud_detection_training_dag.py for tasks to queue
[2025-11-19T14:37:54.615+0000] {logging_mixin.py:190} INFO - [2025-11-19T14:37:54.610+0000] {dagbag.py:588} INFO - Filling up the DagBag from /opt/airflow/dags/fraud_detection_training_dag.py
[2025-11-19T14:37:54.923+0000] {processor.py:925} INFO - DAG(s) 'fraud_detection_training' retrieved from /opt/airflow/dags/fraud_detection_training_dag.py
[2025-11-19T14:37:55.064+0000] {logging_mixin.py:190} INFO - [2025-11-19T14:37:55.057+0000] {dag.py:3239} INFO - Sync 1 DAGs
[2025-11-19T14:37:55.373+0000] {logging_mixin.py:190} INFO - [2025-11-19T14:37:55.372+0000] {dag.py:4180} INFO - Setting next_dagrun for fraud_detection_training to 2025-11-18 03:00:00+00:00, run_after=2025-11-19 03:00:00+00:00
[2025-11-19T14:37:55.489+0000] {processor.py:208} INFO - Processing /opt/airflow/dags/fraud_detection_training_dag.py took 0.932 seconds
[2025-11-19T14:38:27.095+0000] {processor.py:186} INFO - Started process (PID=181) to work on /opt/airflow/dags/fraud_detection_training_dag.py
[2025-11-19T14:38:27.100+0000] {processor.py:914} INFO - Processing file /opt/airflow/dags/fraud_detection_training_dag.py for tasks to queue
[2025-11-19T14:38:27.136+0000] {logging_mixin.py:190} INFO - [2025-11-19T14:38:27.135+0000] {dagbag.py:588} INFO - Filling up the DagBag from /opt/airflow/dags/fraud_detection_training_dag.py
[2025-11-19T14:38:28.470+0000] {processor.py:925} INFO - DAG(s) 'fraud_detection_training' retrieved from /opt/airflow/dags/fraud_detection_training_dag.py
[2025-11-19T14:38:28.773+0000] {logging_mixin.py:190} INFO - [2025-11-19T14:38:28.764+0000] {dag.py:3239} INFO - Sync 1 DAGs
[2025-11-19T14:38:30.940+0000] {logging_mixin.py:190} INFO - [2025-11-19T14:38:30.939+0000] {dag.py:4180} INFO - Setting next_dagrun for fraud_detection_training to 2025-11-18 03:00:00+00:00, run_after=2025-11-19 03:00:00+00:00
[2025-11-19T14:38:34.471+0000] {processor.py:208} INFO - Processing /opt/airflow/dags/fraud_detection_training_dag.py took 7.655 seconds
[2025-11-19T14:39:11.278+0000] {processor.py:186} INFO - Started process (PID=189) to work on /opt/airflow/dags/fraud_detection_training_dag.py
[2025-11-19T14:39:11.299+0000] {processor.py:914} INFO - Processing file /opt/airflow/dags/fraud_detection_training_dag.py for tasks to queue
[2025-11-19T14:39:11.332+0000] {logging_mixin.py:190} INFO - [2025-11-19T14:39:11.331+0000] {dagbag.py:588} INFO - Filling up the DagBag from /opt/airflow/dags/fraud_detection_training_dag.py
[2025-11-19T14:39:21.189+0000] {processor.py:925} INFO - DAG(s) 'fraud_detection_training' retrieved from /opt/airflow/dags/fraud_detection_training_dag.py
[2025-11-19T14:47:57.674+0000] {processor.py:186} INFO - Started process (PID=93) to work on /opt/airflow/dags/fraud_detection_training_dag.py
[2025-11-19T14:47:57.696+0000] {processor.py:914} INFO - Processing file /opt/airflow/dags/fraud_detection_training_dag.py for tasks to queue
[2025-11-19T14:47:57.736+0000] {logging_mixin.py:190} INFO - [2025-11-19T14:47:57.711+0000] {dagbag.py:588} INFO - Filling up the DagBag from /opt/airflow/dags/fraud_detection_training_dag.py
[2025-11-19T14:47:58.196+0000] {processor.py:925} INFO - DAG(s) 'fraud_detection_training' retrieved from /opt/airflow/dags/fraud_detection_training_dag.py
[2025-11-19T14:47:59.674+0000] {logging_mixin.py:190} INFO - [2025-11-19T14:47:59.672+0000] {override.py:1912} INFO - Created Permission View: can delete on DAG:fraud_detection_training
[2025-11-19T14:47:59.771+0000] {logging_mixin.py:190} INFO - [2025-11-19T14:47:59.770+0000] {override.py:1912} INFO - Created Permission View: can read on DAG:fraud_detection_training
[2025-11-19T14:47:59.841+0000] {logging_mixin.py:190} INFO - [2025-11-19T14:47:59.840+0000] {override.py:1912} INFO - Created Permission View: can edit on DAG:fraud_detection_training
[2025-11-19T14:47:59.907+0000] {logging_mixin.py:190} INFO - [2025-11-19T14:47:59.906+0000] {override.py:1912} INFO - Created Permission View: can delete on DAG Run:fraud_detection_training
[2025-11-19T14:47:59.971+0000] {logging_mixin.py:190} INFO - [2025-11-19T14:47:59.971+0000] {override.py:1912} INFO - Created Permission View: menu access on DAG Run:fraud_detection_training
[2025-11-19T14:48:00.040+0000] {logging_mixin.py:190} INFO - [2025-11-19T14:48:00.039+0000] {override.py:1912} INFO - Created Permission View: can read on DAG Run:fraud_detection_training
[2025-11-19T14:48:00.093+0000] {logging_mixin.py:190} INFO - [2025-11-19T14:48:00.092+0000] {override.py:1912} INFO - Created Permission View: can create on DAG Run:fraud_detection_training
[2025-11-19T14:48:00.101+0000] {logging_mixin.py:190} INFO - [2025-11-19T14:48:00.100+0000] {dag.py:3239} INFO - Sync 1 DAGs
[2025-11-19T14:48:00.179+0000] {logging_mixin.py:190} INFO - [2025-11-19T14:48:00.179+0000] {dag.py:3262} INFO - Creating ORM DAG for fraud_detection_training
[2025-11-19T14:48:00.266+0000] {logging_mixin.py:190} INFO - [2025-11-19T14:48:00.266+0000] {dag.py:4180} INFO - Setting next_dagrun for fraud_detection_training to 2025-11-18 03:00:00+00:00, run_after=2025-11-19 03:00:00+00:00
[2025-11-19T14:48:00.409+0000] {processor.py:208} INFO - Processing /opt/airflow/dags/fraud_detection_training_dag.py took 3.861 seconds
[2025-11-19T14:48:31.240+0000] {processor.py:186} INFO - Started process (PID=102) to work on /opt/airflow/dags/fraud_detection_training_dag.py
[2025-11-19T14:48:31.247+0000] {processor.py:914} INFO - Processing file /opt/airflow/dags/fraud_detection_training_dag.py for tasks to queue
[2025-11-19T14:48:31.275+0000] {logging_mixin.py:190} INFO - [2025-11-19T14:48:31.270+0000] {dagbag.py:588} INFO - Filling up the DagBag from /opt/airflow/dags/fraud_detection_training_dag.py
[2025-11-19T14:48:32.046+0000] {processor.py:925} INFO - DAG(s) 'fraud_detection_training' retrieved from /opt/airflow/dags/fraud_detection_training_dag.py
[2025-11-19T14:48:32.994+0000] {logging_mixin.py:190} INFO - [2025-11-19T14:48:32.994+0000] {dag.py:3239} INFO - Sync 1 DAGs
[2025-11-19T14:48:33.360+0000] {logging_mixin.py:190} INFO - [2025-11-19T14:48:33.359+0000] {dag.py:4180} INFO - Setting next_dagrun for fraud_detection_training to 2025-11-18 03:00:00+00:00, run_after=2025-11-19 03:00:00+00:00
[2025-11-19T14:48:33.698+0000] {processor.py:208} INFO - Processing /opt/airflow/dags/fraud_detection_training_dag.py took 2.499 seconds
[2025-11-19T14:49:04.710+0000] {processor.py:186} INFO - Started process (PID=111) to work on /opt/airflow/dags/fraud_detection_training_dag.py
[2025-11-19T14:49:04.727+0000] {processor.py:914} INFO - Processing file /opt/airflow/dags/fraud_detection_training_dag.py for tasks to queue
[2025-11-19T14:49:04.752+0000] {logging_mixin.py:190} INFO - [2025-11-19T14:49:04.751+0000] {dagbag.py:588} INFO - Filling up the DagBag from /opt/airflow/dags/fraud_detection_training_dag.py
[2025-11-19T14:49:05.276+0000] {processor.py:925} INFO - DAG(s) 'fraud_detection_training' retrieved from /opt/airflow/dags/fraud_detection_training_dag.py
[2025-11-19T14:49:05.467+0000] {logging_mixin.py:190} INFO - [2025-11-19T14:49:05.466+0000] {dag.py:3239} INFO - Sync 1 DAGs
[2025-11-19T14:49:05.930+0000] {logging_mixin.py:190} INFO - [2025-11-19T14:49:05.921+0000] {dag.py:4180} INFO - Setting next_dagrun for fraud_detection_training to 2025-11-18 03:00:00+00:00, run_after=2025-11-19 03:00:00+00:00
[2025-11-19T14:49:06.280+0000] {processor.py:208} INFO - Processing /opt/airflow/dags/fraud_detection_training_dag.py took 1.637 seconds
[2025-11-19T14:49:38.907+0000] {processor.py:186} INFO - Started process (PID=119) to work on /opt/airflow/dags/fraud_detection_training_dag.py
[2025-11-19T14:49:38.933+0000] {processor.py:914} INFO - Processing file /opt/airflow/dags/fraud_detection_training_dag.py for tasks to queue
[2025-11-19T14:49:39.022+0000] {logging_mixin.py:190} INFO - [2025-11-19T14:49:38.943+0000] {dagbag.py:588} INFO - Filling up the DagBag from /opt/airflow/dags/fraud_detection_training_dag.py
[2025-11-19T14:49:39.435+0000] {processor.py:925} INFO - DAG(s) 'fraud_detection_training' retrieved from /opt/airflow/dags/fraud_detection_training_dag.py
[2025-11-19T14:49:39.746+0000] {logging_mixin.py:190} INFO - [2025-11-19T14:49:39.732+0000] {dag.py:3239} INFO - Sync 1 DAGs
[2025-11-19T14:49:40.336+0000] {logging_mixin.py:190} INFO - [2025-11-19T14:49:40.335+0000] {dag.py:4180} INFO - Setting next_dagrun for fraud_detection_training to 2025-11-18 03:00:00+00:00, run_after=2025-11-19 03:00:00+00:00
[2025-11-19T14:49:40.825+0000] {processor.py:208} INFO - Processing /opt/airflow/dags/fraud_detection_training_dag.py took 2.160 seconds
[2025-11-19T14:50:12.812+0000] {processor.py:186} INFO - Started process (PID=128) to work on /opt/airflow/dags/fraud_detection_training_dag.py
[2025-11-19T14:50:12.895+0000] {processor.py:914} INFO - Processing file /opt/airflow/dags/fraud_detection_training_dag.py for tasks to queue
[2025-11-19T14:50:13.608+0000] {logging_mixin.py:190} INFO - [2025-11-19T14:50:13.445+0000] {dagbag.py:588} INFO - Filling up the DagBag from /opt/airflow/dags/fraud_detection_training_dag.py
[2025-11-19T14:50:16.629+0000] {processor.py:925} INFO - DAG(s) 'fraud_detection_training' retrieved from /opt/airflow/dags/fraud_detection_training_dag.py
[2025-11-19T14:50:17.104+0000] {logging_mixin.py:190} INFO - [2025-11-19T14:50:17.103+0000] {dag.py:3239} INFO - Sync 1 DAGs
[2025-11-19T14:50:18.133+0000] {logging_mixin.py:190} INFO - [2025-11-19T14:50:18.132+0000] {dag.py:4180} INFO - Setting next_dagrun for fraud_detection_training to 2025-11-18 03:00:00+00:00, run_after=2025-11-19 03:00:00+00:00
[2025-11-19T14:50:19.184+0000] {processor.py:208} INFO - Processing /opt/airflow/dags/fraud_detection_training_dag.py took 6.969 seconds
[2025-11-19T14:50:51.566+0000] {processor.py:186} INFO - Started process (PID=136) to work on /opt/airflow/dags/fraud_detection_training_dag.py
[2025-11-19T14:50:51.573+0000] {processor.py:914} INFO - Processing file /opt/airflow/dags/fraud_detection_training_dag.py for tasks to queue
[2025-11-19T14:50:51.603+0000] {logging_mixin.py:190} INFO - [2025-11-19T14:50:51.593+0000] {dagbag.py:588} INFO - Filling up the DagBag from /opt/airflow/dags/fraud_detection_training_dag.py
[2025-11-19T14:50:55.421+0000] {processor.py:925} INFO - DAG(s) 'fraud_detection_training' retrieved from /opt/airflow/dags/fraud_detection_training_dag.py
[2025-11-19T14:50:57.207+0000] {logging_mixin.py:190} INFO - [2025-11-19T14:50:57.201+0000] {dag.py:3239} INFO - Sync 1 DAGs
[2025-11-19T14:50:59.221+0000] {logging_mixin.py:190} INFO - [2025-11-19T14:50:59.203+0000] {dag.py:4180} INFO - Setting next_dagrun for fraud_detection_training to 2025-11-18 03:00:00+00:00, run_after=2025-11-19 03:00:00+00:00
[2025-11-19T14:50:59.808+0000] {processor.py:208} INFO - Processing /opt/airflow/dags/fraud_detection_training_dag.py took 9.080 seconds
[2025-11-19T14:51:30.732+0000] {processor.py:186} INFO - Started process (PID=152) to work on /opt/airflow/dags/fraud_detection_training_dag.py
[2025-11-19T14:51:30.753+0000] {processor.py:914} INFO - Processing file /opt/airflow/dags/fraud_detection_training_dag.py for tasks to queue
[2025-11-19T14:51:30.774+0000] {logging_mixin.py:190} INFO - [2025-11-19T14:51:30.772+0000] {dagbag.py:588} INFO - Filling up the DagBag from /opt/airflow/dags/fraud_detection_training_dag.py
[2025-11-19T14:51:31.187+0000] {processor.py:925} INFO - DAG(s) 'fraud_detection_training' retrieved from /opt/airflow/dags/fraud_detection_training_dag.py
[2025-11-19T14:51:31.408+0000] {logging_mixin.py:190} INFO - [2025-11-19T14:51:31.408+0000] {dag.py:3239} INFO - Sync 1 DAGs
[2025-11-19T14:51:32.234+0000] {logging_mixin.py:190} INFO - [2025-11-19T14:51:32.222+0000] {dag.py:4180} INFO - Setting next_dagrun for fraud_detection_training to 2025-11-18 03:00:00+00:00, run_after=2025-11-19 03:00:00+00:00
[2025-11-19T14:51:32.537+0000] {processor.py:208} INFO - Processing /opt/airflow/dags/fraud_detection_training_dag.py took 1.858 seconds
[2025-11-19T14:52:03.146+0000] {processor.py:186} INFO - Started process (PID=162) to work on /opt/airflow/dags/fraud_detection_training_dag.py
[2025-11-19T14:52:03.157+0000] {processor.py:914} INFO - Processing file /opt/airflow/dags/fraud_detection_training_dag.py for tasks to queue
[2025-11-19T14:52:03.223+0000] {logging_mixin.py:190} INFO - [2025-11-19T14:52:03.222+0000] {dagbag.py:588} INFO - Filling up the DagBag from /opt/airflow/dags/fraud_detection_training_dag.py
[2025-11-19T14:52:03.857+0000] {processor.py:925} INFO - DAG(s) 'fraud_detection_training' retrieved from /opt/airflow/dags/fraud_detection_training_dag.py
[2025-11-19T14:52:04.091+0000] {logging_mixin.py:190} INFO - [2025-11-19T14:52:04.091+0000] {dag.py:3239} INFO - Sync 1 DAGs
[2025-11-19T14:52:04.593+0000] {logging_mixin.py:190} INFO - [2025-11-19T14:52:04.579+0000] {dag.py:4180} INFO - Setting next_dagrun for fraud_detection_training to 2025-11-18 03:00:00+00:00, run_after=2025-11-19 03:00:00+00:00
[2025-11-19T14:52:05.274+0000] {processor.py:208} INFO - Processing /opt/airflow/dags/fraud_detection_training_dag.py took 2.225 seconds
[2025-11-19T14:52:37.352+0000] {processor.py:186} INFO - Started process (PID=170) to work on /opt/airflow/dags/fraud_detection_training_dag.py
[2025-11-19T14:52:37.357+0000] {processor.py:914} INFO - Processing file /opt/airflow/dags/fraud_detection_training_dag.py for tasks to queue
[2025-11-19T14:52:37.399+0000] {logging_mixin.py:190} INFO - [2025-11-19T14:52:37.397+0000] {dagbag.py:588} INFO - Filling up the DagBag from /opt/airflow/dags/fraud_detection_training_dag.py
[2025-11-19T14:52:38.466+0000] {processor.py:925} INFO - DAG(s) 'fraud_detection_training' retrieved from /opt/airflow/dags/fraud_detection_training_dag.py
[2025-11-19T14:52:38.900+0000] {logging_mixin.py:190} INFO - [2025-11-19T14:52:38.879+0000] {dag.py:3239} INFO - Sync 1 DAGs
[2025-11-19T14:52:41.489+0000] {logging_mixin.py:190} INFO - [2025-11-19T14:52:41.488+0000] {dag.py:4180} INFO - Setting next_dagrun for fraud_detection_training to 2025-11-18 03:00:00+00:00, run_after=2025-11-19 03:00:00+00:00
[2025-11-19T14:52:42.180+0000] {processor.py:208} INFO - Processing /opt/airflow/dags/fraud_detection_training_dag.py took 5.148 seconds
[2025-11-19T14:53:15.779+0000] {processor.py:186} INFO - Started process (PID=179) to work on /opt/airflow/dags/fraud_detection_training_dag.py
[2025-11-19T14:53:15.792+0000] {processor.py:914} INFO - Processing file /opt/airflow/dags/fraud_detection_training_dag.py for tasks to queue
[2025-11-19T14:53:15.870+0000] {logging_mixin.py:190} INFO - [2025-11-19T14:53:15.869+0000] {dagbag.py:588} INFO - Filling up the DagBag from /opt/airflow/dags/fraud_detection_training_dag.py
[2025-11-19T14:53:16.971+0000] {processor.py:925} INFO - DAG(s) 'fraud_detection_training' retrieved from /opt/airflow/dags/fraud_detection_training_dag.py
[2025-11-19T14:53:18.046+0000] {logging_mixin.py:190} INFO - [2025-11-19T14:53:18.045+0000] {dag.py:3239} INFO - Sync 1 DAGs
[2025-11-19T14:53:19.914+0000] {logging_mixin.py:190} INFO - [2025-11-19T14:53:19.913+0000] {dag.py:4180} INFO - Setting next_dagrun for fraud_detection_training to 2025-11-18 03:00:00+00:00, run_after=2025-11-19 03:00:00+00:00
[2025-11-19T14:53:21.799+0000] {processor.py:208} INFO - Processing /opt/airflow/dags/fraud_detection_training_dag.py took 6.309 seconds
[2025-11-19T14:53:55.949+0000] {processor.py:186} INFO - Started process (PID=187) to work on /opt/airflow/dags/fraud_detection_training_dag.py
[2025-11-19T14:53:55.987+0000] {processor.py:914} INFO - Processing file /opt/airflow/dags/fraud_detection_training_dag.py for tasks to queue
[2025-11-19T14:53:56.207+0000] {logging_mixin.py:190} INFO - [2025-11-19T14:53:56.206+0000] {dagbag.py:588} INFO - Filling up the DagBag from /opt/airflow/dags/fraud_detection_training_dag.py
[2025-11-19T14:53:56.851+0000] {processor.py:925} INFO - DAG(s) 'fraud_detection_training' retrieved from /opt/airflow/dags/fraud_detection_training_dag.py
[2025-11-19T14:53:57.026+0000] {logging_mixin.py:190} INFO - [2025-11-19T14:53:57.025+0000] {dag.py:3239} INFO - Sync 1 DAGs
[2025-11-19T14:53:57.389+0000] {logging_mixin.py:190} INFO - [2025-11-19T14:53:57.370+0000] {dag.py:4180} INFO - Setting next_dagrun for fraud_detection_training to 2025-11-18 03:00:00+00:00, run_after=2025-11-19 03:00:00+00:00
[2025-11-19T14:53:58.003+0000] {processor.py:208} INFO - Processing /opt/airflow/dags/fraud_detection_training_dag.py took 3.125 seconds
[2025-11-19T14:54:30.699+0000] {processor.py:186} INFO - Started process (PID=196) to work on /opt/airflow/dags/fraud_detection_training_dag.py
[2025-11-19T14:54:30.711+0000] {processor.py:914} INFO - Processing file /opt/airflow/dags/fraud_detection_training_dag.py for tasks to queue
[2025-11-19T14:54:30.744+0000] {logging_mixin.py:190} INFO - [2025-11-19T14:54:30.739+0000] {dagbag.py:588} INFO - Filling up the DagBag from /opt/airflow/dags/fraud_detection_training_dag.py
[2025-11-19T14:54:31.352+0000] {processor.py:925} INFO - DAG(s) 'fraud_detection_training' retrieved from /opt/airflow/dags/fraud_detection_training_dag.py
[2025-11-19T14:54:31.617+0000] {logging_mixin.py:190} INFO - [2025-11-19T14:54:31.617+0000] {dag.py:3239} INFO - Sync 1 DAGs
[2025-11-19T14:54:31.855+0000] {logging_mixin.py:190} INFO - [2025-11-19T14:54:31.854+0000] {dag.py:4180} INFO - Setting next_dagrun for fraud_detection_training to 2025-11-18 03:00:00+00:00, run_after=2025-11-19 03:00:00+00:00
[2025-11-19T14:54:31.978+0000] {processor.py:208} INFO - Processing /opt/airflow/dags/fraud_detection_training_dag.py took 1.588 seconds
[2025-11-19T14:55:02.626+0000] {processor.py:186} INFO - Started process (PID=211) to work on /opt/airflow/dags/fraud_detection_training_dag.py
[2025-11-19T14:55:02.637+0000] {processor.py:914} INFO - Processing file /opt/airflow/dags/fraud_detection_training_dag.py for tasks to queue
[2025-11-19T14:55:02.654+0000] {logging_mixin.py:190} INFO - [2025-11-19T14:55:02.653+0000] {dagbag.py:588} INFO - Filling up the DagBag from /opt/airflow/dags/fraud_detection_training_dag.py
[2025-11-19T14:55:03.054+0000] {processor.py:925} INFO - DAG(s) 'fraud_detection_training' retrieved from /opt/airflow/dags/fraud_detection_training_dag.py
[2025-11-19T14:55:03.284+0000] {logging_mixin.py:190} INFO - [2025-11-19T14:55:03.277+0000] {dag.py:3239} INFO - Sync 1 DAGs
[2025-11-19T14:55:03.568+0000] {logging_mixin.py:190} INFO - [2025-11-19T14:55:03.567+0000] {dag.py:4180} INFO - Setting next_dagrun for fraud_detection_training to 2025-11-18 03:00:00+00:00, run_after=2025-11-19 03:00:00+00:00
[2025-11-19T14:55:03.791+0000] {processor.py:208} INFO - Processing /opt/airflow/dags/fraud_detection_training_dag.py took 1.215 seconds
[2025-11-19T14:55:34.190+0000] {processor.py:186} INFO - Started process (PID=219) to work on /opt/airflow/dags/fraud_detection_training_dag.py
[2025-11-19T14:55:34.198+0000] {processor.py:914} INFO - Processing file /opt/airflow/dags/fraud_detection_training_dag.py for tasks to queue
[2025-11-19T14:55:34.225+0000] {logging_mixin.py:190} INFO - [2025-11-19T14:55:34.216+0000] {dagbag.py:588} INFO - Filling up the DagBag from /opt/airflow/dags/fraud_detection_training_dag.py
[2025-11-19T14:55:34.872+0000] {processor.py:925} INFO - DAG(s) 'fraud_detection_training' retrieved from /opt/airflow/dags/fraud_detection_training_dag.py
[2025-11-19T14:55:35.554+0000] {logging_mixin.py:190} INFO - [2025-11-19T14:55:35.553+0000] {dag.py:3239} INFO - Sync 1 DAGs
[2025-11-19T14:55:35.913+0000] {logging_mixin.py:190} INFO - [2025-11-19T14:55:35.913+0000] {dag.py:4180} INFO - Setting next_dagrun for fraud_detection_training to 2025-11-18 03:00:00+00:00, run_after=2025-11-19 03:00:00+00:00
[2025-11-19T14:55:36.070+0000] {processor.py:208} INFO - Processing /opt/airflow/dags/fraud_detection_training_dag.py took 1.979 seconds
[2025-11-19T14:56:07.102+0000] {processor.py:186} INFO - Started process (PID=229) to work on /opt/airflow/dags/fraud_detection_training_dag.py
[2025-11-19T14:56:07.111+0000] {processor.py:914} INFO - Processing file /opt/airflow/dags/fraud_detection_training_dag.py for tasks to queue
[2025-11-19T14:56:07.124+0000] {logging_mixin.py:190} INFO - [2025-11-19T14:56:07.123+0000] {dagbag.py:588} INFO - Filling up the DagBag from /opt/airflow/dags/fraud_detection_training_dag.py
[2025-11-19T14:56:07.381+0000] {processor.py:925} INFO - DAG(s) 'fraud_detection_training' retrieved from /opt/airflow/dags/fraud_detection_training_dag.py
[2025-11-19T14:56:07.565+0000] {logging_mixin.py:190} INFO - [2025-11-19T14:56:07.560+0000] {dag.py:3239} INFO - Sync 1 DAGs
[2025-11-19T14:56:07.831+0000] {logging_mixin.py:190} INFO - [2025-11-19T14:56:07.830+0000] {dag.py:4180} INFO - Setting next_dagrun for fraud_detection_training to 2025-11-18 03:00:00+00:00, run_after=2025-11-19 03:00:00+00:00
[2025-11-19T14:56:07.988+0000] {processor.py:208} INFO - Processing /opt/airflow/dags/fraud_detection_training_dag.py took 0.926 seconds
[2025-11-19T14:56:43.240+0000] {processor.py:186} INFO - Started process (PID=238) to work on /opt/airflow/dags/fraud_detection_training_dag.py
[2025-11-19T14:56:43.263+0000] {processor.py:914} INFO - Processing file /opt/airflow/dags/fraud_detection_training_dag.py for tasks to queue
[2025-11-19T14:56:43.294+0000] {logging_mixin.py:190} INFO - [2025-11-19T14:56:43.293+0000] {dagbag.py:588} INFO - Filling up the DagBag from /opt/airflow/dags/fraud_detection_training_dag.py
[2025-11-19T14:56:44.113+0000] {processor.py:925} INFO - DAG(s) 'fraud_detection_training' retrieved from /opt/airflow/dags/fraud_detection_training_dag.py
[2025-11-19T14:56:44.671+0000] {logging_mixin.py:190} INFO - [2025-11-19T14:56:44.670+0000] {dag.py:3239} INFO - Sync 1 DAGs
[2025-11-19T14:56:46.536+0000] {logging_mixin.py:190} INFO - [2025-11-19T14:56:46.433+0000] {dag.py:4180} INFO - Setting next_dagrun for fraud_detection_training to 2025-11-18 03:00:00+00:00, run_after=2025-11-19 03:00:00+00:00
[2025-11-19T14:56:47.597+0000] {processor.py:208} INFO - Processing /opt/airflow/dags/fraud_detection_training_dag.py took 4.464 seconds
[2025-11-19T14:57:33.090+0000] {processor.py:186} INFO - Started process (PID=247) to work on /opt/airflow/dags/fraud_detection_training_dag.py
[2025-11-19T14:57:33.448+0000] {processor.py:914} INFO - Processing file /opt/airflow/dags/fraud_detection_training_dag.py for tasks to queue
[2025-11-19T14:57:33.529+0000] {logging_mixin.py:190} INFO - [2025-11-19T14:57:33.528+0000] {dagbag.py:588} INFO - Filling up the DagBag from /opt/airflow/dags/fraud_detection_training_dag.py
[2025-11-19T14:57:38.736+0000] {processor.py:925} INFO - DAG(s) 'fraud_detection_training' retrieved from /opt/airflow/dags/fraud_detection_training_dag.py
[2025-11-19T14:57:43.146+0000] {logging_mixin.py:190} INFO - [2025-11-19T14:57:43.063+0000] {dag.py:3239} INFO - Sync 1 DAGs
[2025-11-19T14:57:47.252+0000] {logging_mixin.py:190} INFO - [2025-11-19T14:57:47.250+0000] {dag.py:4180} INFO - Setting next_dagrun for fraud_detection_training to 2025-11-18 03:00:00+00:00, run_after=2025-11-19 03:00:00+00:00
[2025-11-19T14:57:47.760+0000] {processor.py:208} INFO - Processing /opt/airflow/dags/fraud_detection_training_dag.py took 15.999 seconds
[2025-11-19T14:58:26.376+0000] {processor.py:186} INFO - Started process (PID=264) to work on /opt/airflow/dags/fraud_detection_training_dag.py
[2025-11-19T14:58:26.422+0000] {processor.py:914} INFO - Processing file /opt/airflow/dags/fraud_detection_training_dag.py for tasks to queue
[2025-11-19T14:58:26.608+0000] {logging_mixin.py:190} INFO - [2025-11-19T14:58:26.553+0000] {dagbag.py:588} INFO - Filling up the DagBag from /opt/airflow/dags/fraud_detection_training_dag.py
[2025-11-19T14:58:29.154+0000] {processor.py:925} INFO - DAG(s) 'fraud_detection_training' retrieved from /opt/airflow/dags/fraud_detection_training_dag.py
[2025-11-19T14:58:29.994+0000] {logging_mixin.py:190} INFO - [2025-11-19T14:58:29.994+0000] {dag.py:3239} INFO - Sync 1 DAGs
[2025-11-19T14:58:31.213+0000] {logging_mixin.py:190} INFO - [2025-11-19T14:58:31.187+0000] {dag.py:4180} INFO - Setting next_dagrun for fraud_detection_training to 2025-11-18 03:00:00+00:00, run_after=2025-11-19 03:00:00+00:00
[2025-11-19T14:58:32.497+0000] {processor.py:208} INFO - Processing /opt/airflow/dags/fraud_detection_training_dag.py took 6.442 seconds
[2025-11-19T14:59:05.476+0000] {processor.py:186} INFO - Started process (PID=274) to work on /opt/airflow/dags/fraud_detection_training_dag.py
[2025-11-19T14:59:05.493+0000] {processor.py:914} INFO - Processing file /opt/airflow/dags/fraud_detection_training_dag.py for tasks to queue
[2025-11-19T14:59:06.005+0000] {logging_mixin.py:190} INFO - [2025-11-19T14:59:05.957+0000] {dagbag.py:588} INFO - Filling up the DagBag from /opt/airflow/dags/fraud_detection_training_dag.py
[2025-11-19T14:59:08.396+0000] {processor.py:925} INFO - DAG(s) 'fraud_detection_training' retrieved from /opt/airflow/dags/fraud_detection_training_dag.py
[2025-11-19T14:59:09.920+0000] {logging_mixin.py:190} INFO - [2025-11-19T14:59:09.919+0000] {dag.py:3239} INFO - Sync 1 DAGs
[2025-11-19T14:59:10.741+0000] {logging_mixin.py:190} INFO - [2025-11-19T14:59:10.731+0000] {dag.py:4180} INFO - Setting next_dagrun for fraud_detection_training to 2025-11-18 03:00:00+00:00, run_after=2025-11-19 03:00:00+00:00
[2025-11-19T14:59:11.003+0000] {processor.py:208} INFO - Processing /opt/airflow/dags/fraud_detection_training_dag.py took 6.024 seconds
[2025-11-19T14:59:44.748+0000] {processor.py:186} INFO - Started process (PID=282) to work on /opt/airflow/dags/fraud_detection_training_dag.py
[2025-11-19T14:59:44.786+0000] {processor.py:914} INFO - Processing file /opt/airflow/dags/fraud_detection_training_dag.py for tasks to queue
[2025-11-19T14:59:44.859+0000] {logging_mixin.py:190} INFO - [2025-11-19T14:59:44.854+0000] {dagbag.py:588} INFO - Filling up the DagBag from /opt/airflow/dags/fraud_detection_training_dag.py
[2025-11-19T14:59:48.783+0000] {processor.py:925} INFO - DAG(s) 'fraud_detection_training' retrieved from /opt/airflow/dags/fraud_detection_training_dag.py
[2025-11-19T14:59:49.171+0000] {logging_mixin.py:190} INFO - [2025-11-19T14:59:49.169+0000] {dag.py:3239} INFO - Sync 1 DAGs
[2025-11-19T14:59:49.506+0000] {logging_mixin.py:190} INFO - [2025-11-19T14:59:49.505+0000] {dag.py:4180} INFO - Setting next_dagrun for fraud_detection_training to 2025-11-18 03:00:00+00:00, run_after=2025-11-19 03:00:00+00:00
[2025-11-19T14:59:49.779+0000] {processor.py:208} INFO - Processing /opt/airflow/dags/fraud_detection_training_dag.py took 5.198 seconds
[2025-11-19T15:00:21.776+0000] {processor.py:186} INFO - Started process (PID=292) to work on /opt/airflow/dags/fraud_detection_training_dag.py
[2025-11-19T15:00:21.803+0000] {processor.py:914} INFO - Processing file /opt/airflow/dags/fraud_detection_training_dag.py for tasks to queue
[2025-11-19T15:00:21.835+0000] {logging_mixin.py:190} INFO - [2025-11-19T15:00:21.830+0000] {dagbag.py:588} INFO - Filling up the DagBag from /opt/airflow/dags/fraud_detection_training_dag.py
[2025-11-19T15:00:22.280+0000] {processor.py:925} INFO - DAG(s) 'fraud_detection_training' retrieved from /opt/airflow/dags/fraud_detection_training_dag.py
[2025-11-19T15:00:22.404+0000] {logging_mixin.py:190} INFO - [2025-11-19T15:00:22.404+0000] {dag.py:3239} INFO - Sync 1 DAGs
[2025-11-19T15:00:22.614+0000] {logging_mixin.py:190} INFO - [2025-11-19T15:00:22.613+0000] {dag.py:4180} INFO - Setting next_dagrun for fraud_detection_training to 2025-11-18 03:00:00+00:00, run_after=2025-11-19 03:00:00+00:00
[2025-11-19T15:01:09.216+0000] {processor.py:208} INFO - Processing /opt/airflow/dags/fraud_detection_training_dag.py took 48.218 seconds
[2025-11-19T15:01:53.651+0000] {processor.py:186} INFO - Started process (PID=315) to work on /opt/airflow/dags/fraud_detection_training_dag.py
[2025-11-19T15:01:53.676+0000] {processor.py:914} INFO - Processing file /opt/airflow/dags/fraud_detection_training_dag.py for tasks to queue
[2025-11-19T15:01:53.731+0000] {logging_mixin.py:190} INFO - [2025-11-19T15:01:53.720+0000] {dagbag.py:588} INFO - Filling up the DagBag from /opt/airflow/dags/fraud_detection_training_dag.py
[2025-11-19T15:01:54.256+0000] {processor.py:925} INFO - DAG(s) 'fraud_detection_training' retrieved from /opt/airflow/dags/fraud_detection_training_dag.py
[2025-11-19T15:01:54.518+0000] {logging_mixin.py:190} INFO - [2025-11-19T15:01:54.517+0000] {dag.py:3239} INFO - Sync 1 DAGs
[2025-11-19T15:01:55.691+0000] {logging_mixin.py:190} INFO - [2025-11-19T15:01:55.690+0000] {dag.py:4180} INFO - Setting next_dagrun for fraud_detection_training to 2025-11-18 03:00:00+00:00, run_after=2025-11-19 03:00:00+00:00
[2025-11-19T15:01:55.938+0000] {processor.py:208} INFO - Processing /opt/airflow/dags/fraud_detection_training_dag.py took 2.330 seconds
[2025-11-19T15:02:35.046+0000] {processor.py:186} INFO - Started process (PID=331) to work on /opt/airflow/dags/fraud_detection_training_dag.py
[2025-11-19T15:02:35.083+0000] {processor.py:914} INFO - Processing file /opt/airflow/dags/fraud_detection_training_dag.py for tasks to queue
[2025-11-19T15:02:35.162+0000] {logging_mixin.py:190} INFO - [2025-11-19T15:02:35.161+0000] {dagbag.py:588} INFO - Filling up the DagBag from /opt/airflow/dags/fraud_detection_training_dag.py
[2025-11-19T15:02:35.368+0000] {processor.py:925} INFO - DAG(s) 'fraud_detection_training' retrieved from /opt/airflow/dags/fraud_detection_training_dag.py
[2025-11-19T15:02:35.532+0000] {logging_mixin.py:190} INFO - [2025-11-19T15:02:35.531+0000] {dag.py:3239} INFO - Sync 1 DAGs
[2025-11-19T15:02:35.788+0000] {logging_mixin.py:190} INFO - [2025-11-19T15:02:35.788+0000] {dag.py:4180} INFO - Setting next_dagrun for fraud_detection_training to 2025-11-18 03:00:00+00:00, run_after=2025-11-19 03:00:00+00:00
[2025-11-19T15:02:35.947+0000] {processor.py:208} INFO - Processing /opt/airflow/dags/fraud_detection_training_dag.py took 1.136 seconds
[2025-11-19T15:03:16.920+0000] {processor.py:186} INFO - Started process (PID=340) to work on /opt/airflow/dags/fraud_detection_training_dag.py
[2025-11-19T15:03:16.996+0000] {processor.py:914} INFO - Processing file /opt/airflow/dags/fraud_detection_training_dag.py for tasks to queue
[2025-11-19T15:03:17.105+0000] {logging_mixin.py:190} INFO - [2025-11-19T15:03:17.074+0000] {dagbag.py:588} INFO - Filling up the DagBag from /opt/airflow/dags/fraud_detection_training_dag.py
[2025-11-19T15:03:18.971+0000] {processor.py:925} INFO - DAG(s) 'fraud_detection_training' retrieved from /opt/airflow/dags/fraud_detection_training_dag.py
[2025-11-19T15:03:19.794+0000] {logging_mixin.py:190} INFO - [2025-11-19T15:03:19.792+0000] {dag.py:3239} INFO - Sync 1 DAGs
[2025-11-19T15:03:20.746+0000] {logging_mixin.py:190} INFO - [2025-11-19T15:03:20.745+0000] {dag.py:4180} INFO - Setting next_dagrun for fraud_detection_training to 2025-11-18 03:00:00+00:00, run_after=2025-11-19 03:00:00+00:00
[2025-11-19T15:03:21.174+0000] {processor.py:208} INFO - Processing /opt/airflow/dags/fraud_detection_training_dag.py took 5.095 seconds
[2025-11-19T15:03:57.178+0000] {processor.py:186} INFO - Started process (PID=349) to work on /opt/airflow/dags/fraud_detection_training_dag.py
[2025-11-19T15:03:57.215+0000] {processor.py:914} INFO - Processing file /opt/airflow/dags/fraud_detection_training_dag.py for tasks to queue
[2025-11-19T15:03:57.737+0000] {logging_mixin.py:190} INFO - [2025-11-19T15:03:57.736+0000] {dagbag.py:588} INFO - Filling up the DagBag from /opt/airflow/dags/fraud_detection_training_dag.py
[2025-11-19T15:04:02.507+0000] {processor.py:925} INFO - DAG(s) 'fraud_detection_training' retrieved from /opt/airflow/dags/fraud_detection_training_dag.py
[2025-11-19T15:04:06.438+0000] {logging_mixin.py:190} INFO - [2025-11-19T15:04:06.438+0000] {dag.py:3239} INFO - Sync 1 DAGs
[2025-11-19T15:04:07.827+0000] {logging_mixin.py:190} INFO - [2025-11-19T15:04:07.820+0000] {dag.py:4180} INFO - Setting next_dagrun for fraud_detection_training to 2025-11-18 03:00:00+00:00, run_after=2025-11-19 03:00:00+00:00
[2025-11-19T15:04:08.648+0000] {processor.py:208} INFO - Processing /opt/airflow/dags/fraud_detection_training_dag.py took 12.203 seconds
[2025-11-19T15:04:53.812+0000] {processor.py:186} INFO - Started process (PID=364) to work on /opt/airflow/dags/fraud_detection_training_dag.py
[2025-11-19T15:04:53.852+0000] {processor.py:914} INFO - Processing file /opt/airflow/dags/fraud_detection_training_dag.py for tasks to queue
[2025-11-19T15:04:54.549+0000] {logging_mixin.py:190} INFO - [2025-11-19T15:04:54.432+0000] {dagbag.py:588} INFO - Filling up the DagBag from /opt/airflow/dags/fraud_detection_training_dag.py
[2025-11-19T15:04:59.955+0000] {processor.py:925} INFO - DAG(s) 'fraud_detection_training' retrieved from /opt/airflow/dags/fraud_detection_training_dag.py
[2025-11-19T15:05:06.688+0000] {logging_mixin.py:190} INFO - [2025-11-19T15:05:06.666+0000] {dag.py:3239} INFO - Sync 1 DAGs
[2025-11-19T15:05:08.175+0000] {logging_mixin.py:190} INFO - [2025-11-19T15:05:08.174+0000] {dag.py:4180} INFO - Setting next_dagrun for fraud_detection_training to 2025-11-18 03:00:00+00:00, run_after=2025-11-19 03:00:00+00:00
[2025-11-19T15:05:08.673+0000] {processor.py:208} INFO - Processing /opt/airflow/dags/fraud_detection_training_dag.py took 15.196 seconds
[2025-11-19T15:05:49.976+0000] {processor.py:186} INFO - Started process (PID=374) to work on /opt/airflow/dags/fraud_detection_training_dag.py
[2025-11-19T15:05:50.026+0000] {processor.py:914} INFO - Processing file /opt/airflow/dags/fraud_detection_training_dag.py for tasks to queue
[2025-11-19T15:05:50.186+0000] {logging_mixin.py:190} INFO - [2025-11-19T15:05:50.185+0000] {dagbag.py:588} INFO - Filling up the DagBag from /opt/airflow/dags/fraud_detection_training_dag.py
[2025-11-19T15:05:50.826+0000] {processor.py:925} INFO - DAG(s) 'fraud_detection_training' retrieved from /opt/airflow/dags/fraud_detection_training_dag.py
[2025-11-19T15:05:51.261+0000] {logging_mixin.py:190} INFO - [2025-11-19T15:05:51.261+0000] {dag.py:3239} INFO - Sync 1 DAGs
[2025-11-19T15:06:01.126+0000] {logging_mixin.py:190} INFO - [2025-11-19T15:06:01.124+0000] {dag.py:4180} INFO - Setting next_dagrun for fraud_detection_training to 2025-11-18 03:00:00+00:00, run_after=2025-11-19 03:00:00+00:00
[2025-11-19T15:06:03.115+0000] {processor.py:208} INFO - Processing /opt/airflow/dags/fraud_detection_training_dag.py took 13.669 seconds
[2025-11-19T15:06:46.315+0000] {processor.py:186} INFO - Started process (PID=390) to work on /opt/airflow/dags/fraud_detection_training_dag.py
[2025-11-19T15:06:46.323+0000] {processor.py:914} INFO - Processing file /opt/airflow/dags/fraud_detection_training_dag.py for tasks to queue
[2025-11-19T15:06:46.359+0000] {logging_mixin.py:190} INFO - [2025-11-19T15:06:46.358+0000] {dagbag.py:588} INFO - Filling up the DagBag from /opt/airflow/dags/fraud_detection_training_dag.py
[2025-11-19T15:06:46.962+0000] {processor.py:925} INFO - DAG(s) 'fraud_detection_training' retrieved from /opt/airflow/dags/fraud_detection_training_dag.py
[2025-11-19T15:06:47.327+0000] {logging_mixin.py:190} INFO - [2025-11-19T15:06:47.327+0000] {dag.py:3239} INFO - Sync 1 DAGs
[2025-11-19T15:06:48.132+0000] {logging_mixin.py:190} INFO - [2025-11-19T15:06:48.131+0000] {dag.py:4180} INFO - Setting next_dagrun for fraud_detection_training to 2025-11-18 03:00:00+00:00, run_after=2025-11-19 03:00:00+00:00
[2025-11-19T15:06:48.294+0000] {processor.py:208} INFO - Processing /opt/airflow/dags/fraud_detection_training_dag.py took 2.065 seconds
[2025-11-19T15:07:34.068+0000] {processor.py:186} INFO - Started process (PID=398) to work on /opt/airflow/dags/fraud_detection_training_dag.py
[2025-11-19T15:07:34.086+0000] {processor.py:914} INFO - Processing file /opt/airflow/dags/fraud_detection_training_dag.py for tasks to queue
[2025-11-19T15:07:34.225+0000] {logging_mixin.py:190} INFO - [2025-11-19T15:07:34.223+0000] {dagbag.py:588} INFO - Filling up the DagBag from /opt/airflow/dags/fraud_detection_training_dag.py
[2025-11-19T15:07:35.123+0000] {processor.py:925} INFO - DAG(s) 'fraud_detection_training' retrieved from /opt/airflow/dags/fraud_detection_training_dag.py
[2025-11-19T15:07:35.514+0000] {logging_mixin.py:190} INFO - [2025-11-19T15:07:35.513+0000] {dag.py:3239} INFO - Sync 1 DAGs
[2025-11-19T15:07:36.061+0000] {logging_mixin.py:190} INFO - [2025-11-19T15:07:36.060+0000] {dag.py:4180} INFO - Setting next_dagrun for fraud_detection_training to 2025-11-18 03:00:00+00:00, run_after=2025-11-19 03:00:00+00:00
[2025-11-19T15:07:36.523+0000] {processor.py:208} INFO - Processing /opt/airflow/dags/fraud_detection_training_dag.py took 2.806 seconds
[2025-11-19T15:08:16.865+0000] {processor.py:186} INFO - Started process (PID=401) to work on /opt/airflow/dags/fraud_detection_training_dag.py
[2025-11-19T15:08:16.884+0000] {processor.py:914} INFO - Processing file /opt/airflow/dags/fraud_detection_training_dag.py for tasks to queue
[2025-11-19T15:08:16.931+0000] {logging_mixin.py:190} INFO - [2025-11-19T15:08:16.915+0000] {dagbag.py:588} INFO - Filling up the DagBag from /opt/airflow/dags/fraud_detection_training_dag.py
[2025-11-19T15:08:28.885+0000] {processor.py:925} INFO - DAG(s) 'fraud_detection_training' retrieved from /opt/airflow/dags/fraud_detection_training_dag.py
[2025-11-19T15:08:29.047+0000] {logging_mixin.py:190} INFO - [2025-11-19T15:08:29.047+0000] {dag.py:3239} INFO - Sync 1 DAGs
[2025-11-19T15:08:29.282+0000] {logging_mixin.py:190} INFO - [2025-11-19T15:08:29.282+0000] {dag.py:4180} INFO - Setting next_dagrun for fraud_detection_training to 2025-11-18 03:00:00+00:00, run_after=2025-11-19 03:00:00+00:00
[2025-11-19T15:08:44.108+0000] {processor.py:208} INFO - Processing /opt/airflow/dags/fraud_detection_training_dag.py took 28.936 seconds
[2025-11-19T15:09:15.313+0000] {processor.py:186} INFO - Started process (PID=415) to work on /opt/airflow/dags/fraud_detection_training_dag.py
[2025-11-19T15:09:15.319+0000] {processor.py:914} INFO - Processing file /opt/airflow/dags/fraud_detection_training_dag.py for tasks to queue
[2025-11-19T15:09:15.352+0000] {logging_mixin.py:190} INFO - [2025-11-19T15:09:15.348+0000] {dagbag.py:588} INFO - Filling up the DagBag from /opt/airflow/dags/fraud_detection_training_dag.py
[2025-11-19T15:09:23.445+0000] {processor.py:925} INFO - DAG(s) 'fraud_detection_training' retrieved from /opt/airflow/dags/fraud_detection_training_dag.py
[2025-11-19T15:09:23.629+0000] {logging_mixin.py:190} INFO - [2025-11-19T15:09:23.628+0000] {dag.py:3239} INFO - Sync 1 DAGs
[2025-11-19T15:09:23.808+0000] {logging_mixin.py:190} INFO - [2025-11-19T15:09:23.808+0000] {dag.py:4180} INFO - Setting next_dagrun for fraud_detection_training to 2025-11-18 03:00:00+00:00, run_after=2025-11-19 03:00:00+00:00
[2025-11-19T15:09:55.584+0000] {processor.py:208} INFO - Processing /opt/airflow/dags/fraud_detection_training_dag.py took 40.667 seconds
[2025-11-19T15:20:16.034+0000] {processor.py:186} INFO - Started process (PID=94) to work on /opt/airflow/dags/fraud_detection_training_dag.py
[2025-11-19T15:20:16.042+0000] {processor.py:914} INFO - Processing file /opt/airflow/dags/fraud_detection_training_dag.py for tasks to queue
[2025-11-19T15:20:16.058+0000] {logging_mixin.py:190} INFO - [2025-11-19T15:20:16.058+0000] {dagbag.py:588} INFO - Filling up the DagBag from /opt/airflow/dags/fraud_detection_training_dag.py
[2025-11-19T15:20:17.210+0000] {processor.py:925} INFO - DAG(s) 'fraud_detection_training' retrieved from /opt/airflow/dags/fraud_detection_training_dag.py
[2025-11-19T15:20:20.337+0000] {logging_mixin.py:190} INFO - [2025-11-19T15:20:20.337+0000] {dag.py:3239} INFO - Sync 1 DAGs
[2025-11-19T15:20:20.776+0000] {logging_mixin.py:190} INFO - [2025-11-19T15:20:20.775+0000] {dag.py:4180} INFO - Setting next_dagrun for fraud_detection_training to 2025-11-18 03:00:00+00:00, run_after=2025-11-19 03:00:00+00:00
[2025-11-19T15:20:20.921+0000] {processor.py:208} INFO - Processing /opt/airflow/dags/fraud_detection_training_dag.py took 8.368 seconds
[2025-11-19T15:20:52.122+0000] {processor.py:186} INFO - Started process (PID=110) to work on /opt/airflow/dags/fraud_detection_training_dag.py
[2025-11-19T15:20:52.151+0000] {processor.py:914} INFO - Processing file /opt/airflow/dags/fraud_detection_training_dag.py for tasks to queue
[2025-11-19T15:20:52.186+0000] {logging_mixin.py:190} INFO - [2025-11-19T15:20:52.185+0000] {dagbag.py:588} INFO - Filling up the DagBag from /opt/airflow/dags/fraud_detection_training_dag.py
[2025-11-19T15:20:52.446+0000] {processor.py:925} INFO - DAG(s) 'fraud_detection_training' retrieved from /opt/airflow/dags/fraud_detection_training_dag.py
[2025-11-19T15:20:52.541+0000] {logging_mixin.py:190} INFO - [2025-11-19T15:20:52.541+0000] {dag.py:3239} INFO - Sync 1 DAGs
[2025-11-19T15:20:52.718+0000] {logging_mixin.py:190} INFO - [2025-11-19T15:20:52.717+0000] {dag.py:4180} INFO - Setting next_dagrun for fraud_detection_training to 2025-11-18 03:00:00+00:00, run_after=2025-11-19 03:00:00+00:00
[2025-11-19T15:20:52.837+0000] {processor.py:208} INFO - Processing /opt/airflow/dags/fraud_detection_training_dag.py took 0.823 seconds
[2025-11-19T15:21:23.428+0000] {processor.py:186} INFO - Started process (PID=119) to work on /opt/airflow/dags/fraud_detection_training_dag.py
[2025-11-19T15:21:23.430+0000] {processor.py:914} INFO - Processing file /opt/airflow/dags/fraud_detection_training_dag.py for tasks to queue
[2025-11-19T15:21:23.453+0000] {logging_mixin.py:190} INFO - [2025-11-19T15:21:23.446+0000] {dagbag.py:588} INFO - Filling up the DagBag from /opt/airflow/dags/fraud_detection_training_dag.py
[2025-11-19T15:21:23.842+0000] {processor.py:925} INFO - DAG(s) 'fraud_detection_training' retrieved from /opt/airflow/dags/fraud_detection_training_dag.py
[2025-11-19T15:21:24.050+0000] {logging_mixin.py:190} INFO - [2025-11-19T15:21:24.049+0000] {dag.py:3239} INFO - Sync 1 DAGs
[2025-11-19T15:21:24.534+0000] {logging_mixin.py:190} INFO - [2025-11-19T15:21:24.534+0000] {dag.py:4180} INFO - Setting next_dagrun for fraud_detection_training to 2025-11-18 03:00:00+00:00, run_after=2025-11-19 03:00:00+00:00
[2025-11-19T15:21:24.739+0000] {processor.py:208} INFO - Processing /opt/airflow/dags/fraud_detection_training_dag.py took 1.355 seconds
[2025-11-19T15:21:55.063+0000] {processor.py:186} INFO - Started process (PID=129) to work on /opt/airflow/dags/fraud_detection_training_dag.py
[2025-11-19T15:21:55.071+0000] {processor.py:914} INFO - Processing file /opt/airflow/dags/fraud_detection_training_dag.py for tasks to queue
[2025-11-19T15:21:55.088+0000] {logging_mixin.py:190} INFO - [2025-11-19T15:21:55.087+0000] {dagbag.py:588} INFO - Filling up the DagBag from /opt/airflow/dags/fraud_detection_training_dag.py
[2025-11-19T15:21:55.268+0000] {processor.py:925} INFO - DAG(s) 'fraud_detection_training' retrieved from /opt/airflow/dags/fraud_detection_training_dag.py
[2025-11-19T15:21:55.516+0000] {logging_mixin.py:190} INFO - [2025-11-19T15:21:55.515+0000] {dag.py:3239} INFO - Sync 1 DAGs
[2025-11-19T15:21:55.715+0000] {logging_mixin.py:190} INFO - [2025-11-19T15:21:55.714+0000] {dag.py:4180} INFO - Setting next_dagrun for fraud_detection_training to 2025-11-18 03:00:00+00:00, run_after=2025-11-19 03:00:00+00:00
[2025-11-19T15:21:55.890+0000] {processor.py:208} INFO - Processing /opt/airflow/dags/fraud_detection_training_dag.py took 0.875 seconds
[2025-11-19T15:22:32.144+0000] {processor.py:186} INFO - Started process (PID=138) to work on /opt/airflow/dags/fraud_detection_training_dag.py
[2025-11-19T15:22:32.230+0000] {processor.py:914} INFO - Processing file /opt/airflow/dags/fraud_detection_training_dag.py for tasks to queue
[2025-11-19T15:22:32.266+0000] {logging_mixin.py:190} INFO - [2025-11-19T15:22:32.264+0000] {dagbag.py:588} INFO - Filling up the DagBag from /opt/airflow/dags/fraud_detection_training_dag.py
[2025-11-19T15:22:36.889+0000] {processor.py:925} INFO - DAG(s) 'fraud_detection_training' retrieved from /opt/airflow/dags/fraud_detection_training_dag.py
[2025-11-19T15:22:38.151+0000] {logging_mixin.py:190} INFO - [2025-11-19T15:22:38.151+0000] {dag.py:3239} INFO - Sync 1 DAGs
[2025-11-19T15:22:39.411+0000] {logging_mixin.py:190} INFO - [2025-11-19T15:22:39.410+0000] {dag.py:4180} INFO - Setting next_dagrun for fraud_detection_training to 2025-11-18 03:00:00+00:00, run_after=2025-11-19 03:00:00+00:00
[2025-11-19T15:22:41.084+0000] {processor.py:208} INFO - Processing /opt/airflow/dags/fraud_detection_training_dag.py took 9.370 seconds
[2025-11-19T15:23:26.330+0000] {processor.py:186} INFO - Started process (PID=148) to work on /opt/airflow/dags/fraud_detection_training_dag.py
[2025-11-19T15:23:26.357+0000] {processor.py:914} INFO - Processing file /opt/airflow/dags/fraud_detection_training_dag.py for tasks to queue
[2025-11-19T15:23:26.466+0000] {logging_mixin.py:190} INFO - [2025-11-19T15:23:26.465+0000] {dagbag.py:588} INFO - Filling up the DagBag from /opt/airflow/dags/fraud_detection_training_dag.py
[2025-11-19T15:23:58.035+0000] {logging_mixin.py:190} INFO - [2025-11-19T15:23:57.492+0000] {timeout.py:68} ERROR - Process timed out, PID: 148
[2025-11-19T15:24:03.018+0000] {logging_mixin.py:190} INFO - [2025-11-19T15:23:58.445+0000] {dagbag.py:387} ERROR - Failed to import: /opt/airflow/dags/fraud_detection_training_dag.py
Traceback (most recent call last):
  File "/home/airflow/.local/lib/python3.12/site-packages/airflow/models/dagbag.py", line 383, in parse
    loader.exec_module(new_module)
  File "<frozen importlib._bootstrap_external>", line 999, in exec_module
  File "<frozen importlib._bootstrap>", line 488, in _call_with_frames_removed
  File "/opt/airflow/dags/fraud_detection_training_dag.py", line 111, in <module>
    validate_environment = BashOperator(
                           ^^^^^^^^^^^^^
  File "/home/airflow/.local/lib/python3.12/site-packages/airflow/models/baseoperator.py", line 508, in apply_defaults
    result = func(self, **kwargs, default_args=default_args)
             ^^^^^^^^^^^^^^^^^^^^^^^^^^^^^^^^^^^^^^^^^^^^^^^
  File "/home/airflow/.local/lib/python3.12/site-packages/airflow/operators/bash.py", line 177, in __init__
    if isinstance(skip_on_exit_code, Container)
       ^^^^^^^^^^^^^^^^^^^^^^^^^^^^^^^^^^^^^^^^
  File "/usr/local/lib/python3.12/typing.py", line 1222, in __instancecheck__
    return self.__subclasscheck__(type(obj))
           ^^^^^^^^^^^^^^^^^^^^^^^^^^^^^^^^^
  File "/usr/local/lib/python3.12/typing.py", line 1496, in __subclasscheck__
    return issubclass(cls, self.__origin__)
           ^^^^^^^^^^^^^^^^^^^^^^^^^^^^^^^^
  File "<frozen abc>", line 123, in __subclasscheck__
  File "<frozen abc>", line 123, in __subclasscheck__
  File "<frozen abc>", line 123, in __subclasscheck__
  [Previous line repeated 1 more time]
  File "<frozen abc>", line 121, in __subclasscheck__
  File "/home/airflow/.local/lib/python3.12/site-packages/airflow/utils/timeout.py", line 69, in handle_timeout
    raise AirflowTaskTimeout(self.error_message)
airflow.exceptions.AirflowTaskTimeout: DagBag import timeout for /opt/airflow/dags/fraud_detection_training_dag.py after 30.0s.
Please take a look at these docs to improve your DAG import time:
* https://airflow.apache.org/docs/apache-airflow/2.10.5/best-practices.html#top-level-python-code
* https://airflow.apache.org/docs/apache-airflow/2.10.5/best-practices.html#reducing-dag-complexity, PID: 148
[2025-11-19T15:24:03.129+0000] {processor.py:927} WARNING - No viable dags retrieved from /opt/airflow/dags/fraud_detection_training_dag.py
[2025-11-19T15:25:02.002+0000] {processor.py:186} INFO - Started process (PID=162) to work on /opt/airflow/dags/fraud_detection_training_dag.py
[2025-11-19T15:25:02.055+0000] {processor.py:914} INFO - Processing file /opt/airflow/dags/fraud_detection_training_dag.py for tasks to queue
[2025-11-19T15:25:02.066+0000] {logging_mixin.py:190} INFO - [2025-11-19T15:25:02.065+0000] {dagbag.py:588} INFO - Filling up the DagBag from /opt/airflow/dags/fraud_detection_training_dag.py
[2025-11-19T15:25:02.850+0000] {processor.py:925} INFO - DAG(s) 'fraud_detection_training' retrieved from /opt/airflow/dags/fraud_detection_training_dag.py
[2025-11-19T15:25:22.279+0000] {logging_mixin.py:190} INFO - [2025-11-19T15:25:22.279+0000] {dag.py:3239} INFO - Sync 1 DAGs
[2025-11-19T15:25:23.901+0000] {logging_mixin.py:190} INFO - [2025-11-19T15:25:23.900+0000] {dag.py:4180} INFO - Setting next_dagrun for fraud_detection_training to 2025-11-18 03:00:00+00:00, run_after=2025-11-19 03:00:00+00:00
[2025-11-19T15:25:24.622+0000] {processor.py:208} INFO - Processing /opt/airflow/dags/fraud_detection_training_dag.py took 24.059 seconds
[2025-11-19T15:26:00.710+0000] {processor.py:186} INFO - Started process (PID=175) to work on /opt/airflow/dags/fraud_detection_training_dag.py
[2025-11-19T15:26:00.797+0000] {processor.py:914} INFO - Processing file /opt/airflow/dags/fraud_detection_training_dag.py for tasks to queue
[2025-11-19T15:26:00.816+0000] {logging_mixin.py:190} INFO - [2025-11-19T15:26:00.815+0000] {dagbag.py:588} INFO - Filling up the DagBag from /opt/airflow/dags/fraud_detection_training_dag.py
[2025-11-19T15:26:04.771+0000] {processor.py:925} INFO - DAG(s) 'fraud_detection_training' retrieved from /opt/airflow/dags/fraud_detection_training_dag.py
[2025-11-19T15:26:05.631+0000] {logging_mixin.py:190} INFO - [2025-11-19T15:26:05.630+0000] {dag.py:3239} INFO - Sync 1 DAGs
[2025-11-19T15:26:09.180+0000] {logging_mixin.py:190} INFO - [2025-11-19T15:26:09.178+0000] {dag.py:4180} INFO - Setting next_dagrun for fraud_detection_training to 2025-11-18 03:00:00+00:00, run_after=2025-11-19 03:00:00+00:00
[2025-11-19T15:26:12.788+0000] {processor.py:208} INFO - Processing /opt/airflow/dags/fraud_detection_training_dag.py took 12.836 seconds
[2025-11-19T15:26:48.048+0000] {processor.py:186} INFO - Started process (PID=184) to work on /opt/airflow/dags/fraud_detection_training_dag.py
[2025-11-19T15:26:48.445+0000] {processor.py:914} INFO - Processing file /opt/airflow/dags/fraud_detection_training_dag.py for tasks to queue
[2025-11-19T15:26:48.526+0000] {logging_mixin.py:190} INFO - [2025-11-19T15:26:48.526+0000] {dagbag.py:588} INFO - Filling up the DagBag from /opt/airflow/dags/fraud_detection_training_dag.py
[2025-11-19T15:26:50.420+0000] {processor.py:925} INFO - DAG(s) 'fraud_detection_training' retrieved from /opt/airflow/dags/fraud_detection_training_dag.py
[2025-11-19T15:26:51.865+0000] {logging_mixin.py:190} INFO - [2025-11-19T15:26:51.864+0000] {dag.py:3239} INFO - Sync 1 DAGs
[2025-11-19T15:26:54.088+0000] {logging_mixin.py:190} INFO - [2025-11-19T15:26:54.087+0000] {dag.py:4180} INFO - Setting next_dagrun for fraud_detection_training to 2025-11-18 03:00:00+00:00, run_after=2025-11-19 03:00:00+00:00
[2025-11-19T15:26:55.851+0000] {processor.py:208} INFO - Processing /opt/airflow/dags/fraud_detection_training_dag.py took 8.518 seconds
[2025-11-19T15:27:27.920+0000] {processor.py:186} INFO - Started process (PID=199) to work on /opt/airflow/dags/fraud_detection_training_dag.py
[2025-11-19T15:27:27.939+0000] {processor.py:914} INFO - Processing file /opt/airflow/dags/fraud_detection_training_dag.py for tasks to queue
[2025-11-19T15:27:28.395+0000] {logging_mixin.py:190} INFO - [2025-11-19T15:27:28.137+0000] {dagbag.py:588} INFO - Filling up the DagBag from /opt/airflow/dags/fraud_detection_training_dag.py
[2025-11-19T15:27:35.027+0000] {processor.py:925} INFO - DAG(s) 'fraud_detection_training' retrieved from /opt/airflow/dags/fraud_detection_training_dag.py
[2025-11-19T15:27:39.037+0000] {logging_mixin.py:190} INFO - [2025-11-19T15:27:39.036+0000] {dag.py:3239} INFO - Sync 1 DAGs
[2025-11-19T15:27:40.967+0000] {logging_mixin.py:190} INFO - [2025-11-19T15:27:40.946+0000] {dag.py:4180} INFO - Setting next_dagrun for fraud_detection_training to 2025-11-18 03:00:00+00:00, run_after=2025-11-19 03:00:00+00:00
[2025-11-19T15:27:42.755+0000] {processor.py:208} INFO - Processing /opt/airflow/dags/fraud_detection_training_dag.py took 15.172 seconds
[2025-11-19T15:28:18.344+0000] {processor.py:186} INFO - Started process (PID=209) to work on /opt/airflow/dags/fraud_detection_training_dag.py
[2025-11-19T15:28:18.440+0000] {processor.py:914} INFO - Processing file /opt/airflow/dags/fraud_detection_training_dag.py for tasks to queue
[2025-11-19T15:28:18.621+0000] {logging_mixin.py:190} INFO - [2025-11-19T15:28:18.620+0000] {dagbag.py:588} INFO - Filling up the DagBag from /opt/airflow/dags/fraud_detection_training_dag.py
[2025-11-19T15:28:22.469+0000] {processor.py:925} INFO - DAG(s) 'fraud_detection_training' retrieved from /opt/airflow/dags/fraud_detection_training_dag.py
[2025-11-19T15:28:23.877+0000] {logging_mixin.py:190} INFO - [2025-11-19T15:28:23.877+0000] {dag.py:3239} INFO - Sync 1 DAGs
[2025-11-19T15:28:24.702+0000] {logging_mixin.py:190} INFO - [2025-11-19T15:28:24.700+0000] {dag.py:4180} INFO - Setting next_dagrun for fraud_detection_training to 2025-11-18 03:00:00+00:00, run_after=2025-11-19 03:00:00+00:00
[2025-11-19T15:28:27.255+0000] {processor.py:208} INFO - Processing /opt/airflow/dags/fraud_detection_training_dag.py took 9.906 seconds
[2025-11-19T15:29:19.080+0000] {processor.py:186} INFO - Started process (PID=223) to work on /opt/airflow/dags/fraud_detection_training_dag.py
[2025-11-19T15:29:19.997+0000] {processor.py:914} INFO - Processing file /opt/airflow/dags/fraud_detection_training_dag.py for tasks to queue
[2025-11-19T15:29:20.313+0000] {logging_mixin.py:190} INFO - [2025-11-19T15:29:20.176+0000] {dagbag.py:588} INFO - Filling up the DagBag from /opt/airflow/dags/fraud_detection_training_dag.py
[2025-11-19T15:29:29.329+0000] {processor.py:925} INFO - DAG(s) 'fraud_detection_training' retrieved from /opt/airflow/dags/fraud_detection_training_dag.py
[2025-11-19T15:29:47.499+0000] {logging_mixin.py:190} INFO - [2025-11-19T15:29:47.179+0000] {dag.py:3239} INFO - Sync 1 DAGs
[2025-11-19T15:29:50.113+0000] {logging_mixin.py:190} INFO - [2025-11-19T15:29:50.112+0000] {dag.py:4180} INFO - Setting next_dagrun for fraud_detection_training to 2025-11-18 03:00:00+00:00, run_after=2025-11-19 03:00:00+00:00
[2025-11-19T15:29:52.715+0000] {processor.py:208} INFO - Processing /opt/airflow/dags/fraud_detection_training_dag.py took 43.290 seconds
[2025-11-19T15:30:48.987+0000] {processor.py:186} INFO - Started process (PID=239) to work on /opt/airflow/dags/fraud_detection_training_dag.py
[2025-11-19T15:30:49.066+0000] {processor.py:914} INFO - Processing file /opt/airflow/dags/fraud_detection_training_dag.py for tasks to queue
[2025-11-19T15:30:49.118+0000] {logging_mixin.py:190} INFO - [2025-11-19T15:30:49.116+0000] {dagbag.py:588} INFO - Filling up the DagBag from /opt/airflow/dags/fraud_detection_training_dag.py
[2025-11-19T15:30:51.845+0000] {processor.py:925} INFO - DAG(s) 'fraud_detection_training' retrieved from /opt/airflow/dags/fraud_detection_training_dag.py
[2025-11-19T15:30:56.015+0000] {logging_mixin.py:190} INFO - [2025-11-19T15:30:55.950+0000] {dag.py:3239} INFO - Sync 1 DAGs
[2025-11-19T15:31:02.486+0000] {logging_mixin.py:190} INFO - [2025-11-19T15:31:02.485+0000] {dag.py:4180} INFO - Setting next_dagrun for fraud_detection_training to 2025-11-18 03:00:00+00:00, run_after=2025-11-19 03:00:00+00:00
[2025-11-19T15:31:04.417+0000] {processor.py:208} INFO - Processing /opt/airflow/dags/fraud_detection_training_dag.py took 15.612 seconds
[2025-11-19T15:31:39.661+0000] {processor.py:186} INFO - Started process (PID=249) to work on /opt/airflow/dags/fraud_detection_training_dag.py
[2025-11-19T15:31:40.688+0000] {processor.py:914} INFO - Processing file /opt/airflow/dags/fraud_detection_training_dag.py for tasks to queue
[2025-11-19T15:31:41.156+0000] {logging_mixin.py:190} INFO - [2025-11-19T15:31:41.109+0000] {dagbag.py:588} INFO - Filling up the DagBag from /opt/airflow/dags/fraud_detection_training_dag.py
[2025-11-19T15:31:50.088+0000] {processor.py:925} INFO - DAG(s) 'fraud_detection_training' retrieved from /opt/airflow/dags/fraud_detection_training_dag.py
[2025-11-19T15:31:53.987+0000] {logging_mixin.py:190} INFO - [2025-11-19T15:31:53.971+0000] {dag.py:3239} INFO - Sync 1 DAGs
[2025-11-19T15:31:55.588+0000] {logging_mixin.py:190} INFO - [2025-11-19T15:31:55.569+0000] {dag.py:4180} INFO - Setting next_dagrun for fraud_detection_training to 2025-11-18 03:00:00+00:00, run_after=2025-11-19 03:00:00+00:00
[2025-11-19T15:31:55.925+0000] {processor.py:208} INFO - Processing /opt/airflow/dags/fraud_detection_training_dag.py took 19.374 seconds
[2025-11-19T15:32:44.897+0000] {processor.py:186} INFO - Started process (PID=265) to work on /opt/airflow/dags/fraud_detection_training_dag.py
[2025-11-19T15:32:45.445+0000] {processor.py:914} INFO - Processing file /opt/airflow/dags/fraud_detection_training_dag.py for tasks to queue
[2025-11-19T15:32:45.871+0000] {logging_mixin.py:190} INFO - [2025-11-19T15:32:45.807+0000] {dagbag.py:588} INFO - Filling up the DagBag from /opt/airflow/dags/fraud_detection_training_dag.py
[2025-11-19T15:32:50.000+0000] {processor.py:925} INFO - DAG(s) 'fraud_detection_training' retrieved from /opt/airflow/dags/fraud_detection_training_dag.py
[2025-11-19T15:32:53.299+0000] {logging_mixin.py:190} INFO - [2025-11-19T15:32:53.284+0000] {dag.py:3239} INFO - Sync 1 DAGs
[2025-11-19T15:33:01.644+0000] {logging_mixin.py:190} INFO - [2025-11-19T15:33:01.636+0000] {dag.py:4180} INFO - Setting next_dagrun for fraud_detection_training to 2025-11-18 03:00:00+00:00, run_after=2025-11-19 03:00:00+00:00
[2025-11-19T15:33:03.992+0000] {processor.py:208} INFO - Processing /opt/airflow/dags/fraud_detection_training_dag.py took 30.450 seconds
[2025-11-19T15:33:47.398+0000] {processor.py:186} INFO - Started process (PID=282) to work on /opt/airflow/dags/fraud_detection_training_dag.py
[2025-11-19T15:33:47.771+0000] {processor.py:914} INFO - Processing file /opt/airflow/dags/fraud_detection_training_dag.py for tasks to queue
[2025-11-19T15:33:48.578+0000] {logging_mixin.py:190} INFO - [2025-11-19T15:33:48.514+0000] {dagbag.py:588} INFO - Filling up the DagBag from /opt/airflow/dags/fraud_detection_training_dag.py
[2025-11-19T15:33:52.587+0000] {processor.py:925} INFO - DAG(s) 'fraud_detection_training' retrieved from /opt/airflow/dags/fraud_detection_training_dag.py
[2025-11-19T15:33:53.247+0000] {logging_mixin.py:190} INFO - [2025-11-19T15:33:53.247+0000] {dag.py:3239} INFO - Sync 1 DAGs
[2025-11-19T15:33:58.453+0000] {logging_mixin.py:190} INFO - [2025-11-19T15:33:58.452+0000] {dag.py:4180} INFO - Setting next_dagrun for fraud_detection_training to 2025-11-18 03:00:00+00:00, run_after=2025-11-19 03:00:00+00:00
[2025-11-19T15:34:00.515+0000] {processor.py:208} INFO - Processing /opt/airflow/dags/fraud_detection_training_dag.py took 19.002 seconds
[2025-11-19T15:34:38.364+0000] {processor.py:186} INFO - Started process (PID=296) to work on /opt/airflow/dags/fraud_detection_training_dag.py
[2025-11-19T15:34:39.059+0000] {processor.py:914} INFO - Processing file /opt/airflow/dags/fraud_detection_training_dag.py for tasks to queue
[2025-11-19T15:34:39.470+0000] {logging_mixin.py:190} INFO - [2025-11-19T15:34:39.429+0000] {dagbag.py:588} INFO - Filling up the DagBag from /opt/airflow/dags/fraud_detection_training_dag.py
[2025-11-19T15:34:51.817+0000] {processor.py:925} INFO - DAG(s) 'fraud_detection_training' retrieved from /opt/airflow/dags/fraud_detection_training_dag.py
[2025-11-19T15:34:52.820+0000] {logging_mixin.py:190} INFO - [2025-11-19T15:34:52.819+0000] {dag.py:3239} INFO - Sync 1 DAGs
[2025-11-19T15:34:55.909+0000] {logging_mixin.py:190} INFO - [2025-11-19T15:34:55.902+0000] {dag.py:4180} INFO - Setting next_dagrun for fraud_detection_training to 2025-11-18 03:00:00+00:00, run_after=2025-11-19 03:00:00+00:00
[2025-11-19T15:34:56.609+0000] {processor.py:208} INFO - Processing /opt/airflow/dags/fraud_detection_training_dag.py took 21.715 seconds
[2025-11-19T15:35:28.631+0000] {processor.py:186} INFO - Started process (PID=306) to work on /opt/airflow/dags/fraud_detection_training_dag.py
[2025-11-19T15:35:28.646+0000] {processor.py:914} INFO - Processing file /opt/airflow/dags/fraud_detection_training_dag.py for tasks to queue
[2025-11-19T15:35:28.668+0000] {logging_mixin.py:190} INFO - [2025-11-19T15:35:28.667+0000] {dagbag.py:588} INFO - Filling up the DagBag from /opt/airflow/dags/fraud_detection_training_dag.py
[2025-11-19T15:35:29.192+0000] {processor.py:925} INFO - DAG(s) 'fraud_detection_training' retrieved from /opt/airflow/dags/fraud_detection_training_dag.py
[2025-11-19T15:35:29.723+0000] {logging_mixin.py:190} INFO - [2025-11-19T15:35:29.676+0000] {dag.py:3239} INFO - Sync 1 DAGs
[2025-11-19T15:35:30.316+0000] {logging_mixin.py:190} INFO - [2025-11-19T15:35:30.316+0000] {dag.py:4180} INFO - Setting next_dagrun for fraud_detection_training to 2025-11-18 03:00:00+00:00, run_after=2025-11-19 03:00:00+00:00
[2025-11-19T15:35:30.509+0000] {processor.py:208} INFO - Processing /opt/airflow/dags/fraud_detection_training_dag.py took 1.994 seconds
[2025-11-19T15:36:08.574+0000] {processor.py:186} INFO - Started process (PID=315) to work on /opt/airflow/dags/fraud_detection_training_dag.py
[2025-11-19T15:36:09.055+0000] {processor.py:914} INFO - Processing file /opt/airflow/dags/fraud_detection_training_dag.py for tasks to queue
[2025-11-19T15:36:09.422+0000] {logging_mixin.py:190} INFO - [2025-11-19T15:36:09.314+0000] {dagbag.py:588} INFO - Filling up the DagBag from /opt/airflow/dags/fraud_detection_training_dag.py
[2025-11-19T15:36:19.206+0000] {processor.py:925} INFO - DAG(s) 'fraud_detection_training' retrieved from /opt/airflow/dags/fraud_detection_training_dag.py
[2025-11-19T15:36:21.813+0000] {logging_mixin.py:190} INFO - [2025-11-19T15:36:21.799+0000] {dag.py:3239} INFO - Sync 1 DAGs
[2025-11-19T15:36:26.586+0000] {logging_mixin.py:190} INFO - [2025-11-19T15:36:26.573+0000] {dag.py:4180} INFO - Setting next_dagrun for fraud_detection_training to 2025-11-18 03:00:00+00:00, run_after=2025-11-19 03:00:00+00:00
[2025-11-19T15:36:27.135+0000] {processor.py:208} INFO - Processing /opt/airflow/dags/fraud_detection_training_dag.py took 20.918 seconds
[2025-11-19T15:37:01.539+0000] {processor.py:186} INFO - Started process (PID=329) to work on /opt/airflow/dags/fraud_detection_training_dag.py
[2025-11-19T15:37:01.577+0000] {processor.py:914} INFO - Processing file /opt/airflow/dags/fraud_detection_training_dag.py for tasks to queue
[2025-11-19T15:37:01.780+0000] {logging_mixin.py:190} INFO - [2025-11-19T15:37:01.691+0000] {dagbag.py:588} INFO - Filling up the DagBag from /opt/airflow/dags/fraud_detection_training_dag.py
[2025-11-19T15:37:11.783+0000] {processor.py:925} INFO - DAG(s) 'fraud_detection_training' retrieved from /opt/airflow/dags/fraud_detection_training_dag.py
[2025-11-19T15:37:18.393+0000] {logging_mixin.py:190} INFO - [2025-11-19T15:37:18.372+0000] {dag.py:3239} INFO - Sync 1 DAGs
[2025-11-19T15:37:30.309+0000] {logging_mixin.py:190} INFO - [2025-11-19T15:37:30.186+0000] {dag.py:4180} INFO - Setting next_dagrun for fraud_detection_training to 2025-11-18 03:00:00+00:00, run_after=2025-11-19 03:00:00+00:00
[2025-11-19T15:37:31.354+0000] {processor.py:208} INFO - Processing /opt/airflow/dags/fraud_detection_training_dag.py took 33.355 seconds
[2025-11-19T15:38:07.131+0000] {processor.py:186} INFO - Started process (PID=344) to work on /opt/airflow/dags/fraud_detection_training_dag.py
[2025-11-19T15:38:07.871+0000] {processor.py:914} INFO - Processing file /opt/airflow/dags/fraud_detection_training_dag.py for tasks to queue
[2025-11-19T15:38:09.252+0000] {logging_mixin.py:190} INFO - [2025-11-19T15:38:08.706+0000] {dagbag.py:588} INFO - Filling up the DagBag from /opt/airflow/dags/fraud_detection_training_dag.py
[2025-11-19T15:38:19.908+0000] {processor.py:925} INFO - DAG(s) 'fraud_detection_training' retrieved from /opt/airflow/dags/fraud_detection_training_dag.py
[2025-11-19T15:38:31.669+0000] {logging_mixin.py:190} INFO - [2025-11-19T15:38:31.590+0000] {dag.py:3239} INFO - Sync 1 DAGs
[2025-11-19T15:38:35.074+0000] {logging_mixin.py:190} INFO - [2025-11-19T15:38:35.074+0000] {dag.py:4180} INFO - Setting next_dagrun for fraud_detection_training to 2025-11-18 03:00:00+00:00, run_after=2025-11-19 03:00:00+00:00
[2025-11-19T15:38:36.052+0000] {processor.py:208} INFO - Processing /opt/airflow/dags/fraud_detection_training_dag.py took 30.644 seconds
[2025-11-19T15:39:37.840+0000] {processor.py:186} INFO - Started process (PID=359) to work on /opt/airflow/dags/fraud_detection_training_dag.py
[2025-11-19T15:39:37.856+0000] {processor.py:914} INFO - Processing file /opt/airflow/dags/fraud_detection_training_dag.py for tasks to queue
[2025-11-19T15:39:37.956+0000] {logging_mixin.py:190} INFO - [2025-11-19T15:39:37.861+0000] {dagbag.py:588} INFO - Filling up the DagBag from /opt/airflow/dags/fraud_detection_training_dag.py
[2025-11-19T15:39:39.435+0000] {processor.py:925} INFO - DAG(s) 'fraud_detection_training' retrieved from /opt/airflow/dags/fraud_detection_training_dag.py
[2025-11-19T15:39:41.179+0000] {logging_mixin.py:190} INFO - [2025-11-19T15:39:41.178+0000] {dag.py:3239} INFO - Sync 1 DAGs
[2025-11-19T15:41:40.709+0000] {processor.py:186} INFO - Started process (PID=369) to work on /opt/airflow/dags/fraud_detection_training_dag.py
[2025-11-19T15:41:40.737+0000] {processor.py:914} INFO - Processing file /opt/airflow/dags/fraud_detection_training_dag.py for tasks to queue
[2025-11-19T15:41:40.903+0000] {logging_mixin.py:190} INFO - [2025-11-19T15:41:40.834+0000] {dagbag.py:588} INFO - Filling up the DagBag from /opt/airflow/dags/fraud_detection_training_dag.py
[2025-11-19T15:41:45.828+0000] {processor.py:925} INFO - DAG(s) 'fraud_detection_training' retrieved from /opt/airflow/dags/fraud_detection_training_dag.py
[2025-11-19T15:42:01.018+0000] {logging_mixin.py:190} INFO - [2025-11-19T15:42:01.004+0000] {dag.py:3239} INFO - Sync 1 DAGs
[2025-11-19T15:42:01.845+0000] {logging_mixin.py:190} INFO - [2025-11-19T15:42:01.843+0000] {dag.py:4180} INFO - Setting next_dagrun for fraud_detection_training to 2025-11-18 03:00:00+00:00, run_after=2025-11-19 03:00:00+00:00
[2025-11-19T15:42:04.673+0000] {processor.py:208} INFO - Processing /opt/airflow/dags/fraud_detection_training_dag.py took 24.514 seconds
[2025-11-19T15:42:39.874+0000] {processor.py:186} INFO - Started process (PID=377) to work on /opt/airflow/dags/fraud_detection_training_dag.py
[2025-11-19T15:42:39.986+0000] {processor.py:914} INFO - Processing file /opt/airflow/dags/fraud_detection_training_dag.py for tasks to queue
[2025-11-19T15:42:41.040+0000] {logging_mixin.py:190} INFO - [2025-11-19T15:42:40.139+0000] {dagbag.py:588} INFO - Filling up the DagBag from /opt/airflow/dags/fraud_detection_training_dag.py
[2025-11-19T15:43:06.500+0000] {processor.py:925} INFO - DAG(s) 'fraud_detection_training' retrieved from /opt/airflow/dags/fraud_detection_training_dag.py
[2025-11-19T15:43:07.144+0000] {logging_mixin.py:190} INFO - [2025-11-19T15:43:07.127+0000] {dag.py:3239} INFO - Sync 1 DAGs
[2025-11-19T15:43:08.675+0000] {logging_mixin.py:190} INFO - [2025-11-19T15:43:08.674+0000] {dag.py:4180} INFO - Setting next_dagrun for fraud_detection_training to 2025-11-18 03:00:00+00:00, run_after=2025-11-19 03:00:00+00:00
[2025-11-19T15:43:09.705+0000] {processor.py:208} INFO - Processing /opt/airflow/dags/fraud_detection_training_dag.py took 31.660 seconds
[2025-11-19T15:43:42.917+0000] {processor.py:186} INFO - Started process (PID=394) to work on /opt/airflow/dags/fraud_detection_training_dag.py
[2025-11-19T15:43:43.076+0000] {processor.py:914} INFO - Processing file /opt/airflow/dags/fraud_detection_training_dag.py for tasks to queue
[2025-11-19T15:43:43.301+0000] {logging_mixin.py:190} INFO - [2025-11-19T15:43:43.300+0000] {dagbag.py:588} INFO - Filling up the DagBag from /opt/airflow/dags/fraud_detection_training_dag.py
[2025-11-19T15:44:01.890+0000] {processor.py:925} INFO - DAG(s) 'fraud_detection_training' retrieved from /opt/airflow/dags/fraud_detection_training_dag.py
[2025-11-19T15:44:03.159+0000] {logging_mixin.py:190} INFO - [2025-11-19T15:44:03.159+0000] {dag.py:3239} INFO - Sync 1 DAGs
[2025-11-19T15:44:03.391+0000] {logging_mixin.py:190} INFO - [2025-11-19T15:44:03.390+0000] {dag.py:4180} INFO - Setting next_dagrun for fraud_detection_training to 2025-11-18 03:00:00+00:00, run_after=2025-11-19 03:00:00+00:00
[2025-11-19T15:44:03.851+0000] {processor.py:208} INFO - Processing /opt/airflow/dags/fraud_detection_training_dag.py took 21.390 seconds
[2025-11-19T15:44:44.133+0000] {processor.py:186} INFO - Started process (PID=397) to work on /opt/airflow/dags/fraud_detection_training_dag.py
[2025-11-19T15:44:44.165+0000] {processor.py:914} INFO - Processing file /opt/airflow/dags/fraud_detection_training_dag.py for tasks to queue
[2025-11-19T15:44:44.170+0000] {logging_mixin.py:190} INFO - [2025-11-19T15:44:44.169+0000] {dagbag.py:588} INFO - Filling up the DagBag from /opt/airflow/dags/fraud_detection_training_dag.py
[2025-11-19T15:44:58.806+0000] {processor.py:925} INFO - DAG(s) 'fraud_detection_training' retrieved from /opt/airflow/dags/fraud_detection_training_dag.py
[2025-11-19T15:44:59.415+0000] {logging_mixin.py:190} INFO - [2025-11-19T15:44:59.415+0000] {dag.py:3239} INFO - Sync 1 DAGs
[2025-11-19T15:45:16.584+0000] {logging_mixin.py:190} INFO - [2025-11-19T15:45:16.583+0000] {dag.py:4180} INFO - Setting next_dagrun for fraud_detection_training to 2025-11-18 03:00:00+00:00, run_after=2025-11-19 03:00:00+00:00
[2025-11-19T15:45:17.068+0000] {processor.py:208} INFO - Processing /opt/airflow/dags/fraud_detection_training_dag.py took 34.084 seconds
[2025-11-19T15:46:16.490+0000] {processor.py:186} INFO - Started process (PID=413) to work on /opt/airflow/dags/fraud_detection_training_dag.py
[2025-11-19T15:46:16.571+0000] {processor.py:914} INFO - Processing file /opt/airflow/dags/fraud_detection_training_dag.py for tasks to queue
[2025-11-19T15:46:16.746+0000] {logging_mixin.py:190} INFO - [2025-11-19T15:46:16.647+0000] {dagbag.py:588} INFO - Filling up the DagBag from /opt/airflow/dags/fraud_detection_training_dag.py
[2025-11-19T15:46:19.996+0000] {processor.py:925} INFO - DAG(s) 'fraud_detection_training' retrieved from /opt/airflow/dags/fraud_detection_training_dag.py
[2025-11-19T15:46:30.897+0000] {logging_mixin.py:190} INFO - [2025-11-19T15:46:30.895+0000] {dag.py:3239} INFO - Sync 1 DAGs
[2025-11-19T15:46:31.753+0000] {logging_mixin.py:190} INFO - [2025-11-19T15:46:31.752+0000] {dag.py:4180} INFO - Setting next_dagrun for fraud_detection_training to 2025-11-18 03:00:00+00:00, run_after=2025-11-19 03:00:00+00:00
[2025-11-19T15:46:32.410+0000] {processor.py:208} INFO - Processing /opt/airflow/dags/fraud_detection_training_dag.py took 43.937 seconds
[2025-11-19T15:47:18.188+0000] {processor.py:186} INFO - Started process (PID=423) to work on /opt/airflow/dags/fraud_detection_training_dag.py
[2025-11-19T15:47:18.288+0000] {processor.py:914} INFO - Processing file /opt/airflow/dags/fraud_detection_training_dag.py for tasks to queue
[2025-11-19T15:47:18.401+0000] {logging_mixin.py:190} INFO - [2025-11-19T15:47:18.362+0000] {dagbag.py:588} INFO - Filling up the DagBag from /opt/airflow/dags/fraud_detection_training_dag.py
[2025-11-19T15:47:38.053+0000] {processor.py:925} INFO - DAG(s) 'fraud_detection_training' retrieved from /opt/airflow/dags/fraud_detection_training_dag.py
[2025-11-19T15:48:28.480+0000] {processor.py:186} INFO - Started process (PID=441) to work on /opt/airflow/dags/fraud_detection_training_dag.py
[2025-11-19T15:48:28.556+0000] {processor.py:914} INFO - Processing file /opt/airflow/dags/fraud_detection_training_dag.py for tasks to queue
[2025-11-19T15:48:28.639+0000] {logging_mixin.py:190} INFO - [2025-11-19T15:48:28.638+0000] {dagbag.py:588} INFO - Filling up the DagBag from /opt/airflow/dags/fraud_detection_training_dag.py
[2025-11-19T15:48:58.889+0000] {logging_mixin.py:190} INFO - [2025-11-19T15:48:58.884+0000] {timeout.py:68} ERROR - Process timed out, PID: 441
[2025-11-19T15:49:02.795+0000] {logging_mixin.py:190} INFO - [2025-11-19T15:48:59.199+0000] {dagbag.py:387} ERROR - Failed to import: /opt/airflow/dags/fraud_detection_training_dag.py
Traceback (most recent call last):
  File "/home/airflow/.local/lib/python3.12/site-packages/airflow/models/dagbag.py", line 383, in parse
    loader.exec_module(new_module)
  File "<frozen importlib._bootstrap_external>", line 999, in exec_module
  File "<frozen importlib._bootstrap>", line 488, in _call_with_frames_removed
  File "/opt/airflow/dags/fraud_detection_training_dag.py", line 111, in <module>
    validate_environment = BashOperator(
                           ^^^^^^^^^^^^^
  File "/home/airflow/.local/lib/python3.12/site-packages/airflow/models/baseoperator.py", line 508, in apply_defaults
    result = func(self, **kwargs, default_args=default_args)
             ^^^^^^^^^^^^^^^^^^^^^^^^^^^^^^^^^^^^^^^^^^^^^^^
  File "/home/airflow/.local/lib/python3.12/site-packages/airflow/operators/bash.py", line 166, in __init__
    super().__init__(**kwargs)
  File "/home/airflow/.local/lib/python3.12/site-packages/airflow/models/baseoperator.py", line 508, in apply_defaults
    result = func(self, **kwargs, default_args=default_args)
             ^^^^^^^^^^^^^^^^^^^^^^^^^^^^^^^^^^^^^^^^^^^^^^^
  File "/home/airflow/.local/lib/python3.12/site-packages/airflow/models/baseoperator.py", line 1053, in __init__
    self.retry_delay = coerce_timedelta(retry_delay, key="retry_delay")
                       ^^^^^^^^^^^^^^^^^^^^^^^^^^^^^^^^^^^^^^^^^^^^^^^^
  File "/home/airflow/.local/lib/python3.12/site-packages/airflow/models/baseoperator.py", line 147, in coerce_timedelta
    def coerce_timedelta(value: float | timedelta, *, key: str) -> timedelta:
    
  File "/home/airflow/.local/lib/python3.12/site-packages/airflow/utils/timeout.py", line 69, in handle_timeout
    raise AirflowTaskTimeout(self.error_message)
airflow.exceptions.AirflowTaskTimeout: DagBag import timeout for /opt/airflow/dags/fraud_detection_training_dag.py after 30.0s.
Please take a look at these docs to improve your DAG import time:
* https://airflow.apache.org/docs/apache-airflow/2.10.5/best-practices.html#top-level-python-code
* https://airflow.apache.org/docs/apache-airflow/2.10.5/best-practices.html#reducing-dag-complexity, PID: 441
[2025-11-19T15:49:03.060+0000] {processor.py:927} WARNING - No viable dags retrieved from /opt/airflow/dags/fraud_detection_training_dag.py
[2025-11-19T15:49:57.581+0000] {processor.py:186} INFO - Started process (PID=456) to work on /opt/airflow/dags/fraud_detection_training_dag.py
[2025-11-19T15:49:57.601+0000] {processor.py:914} INFO - Processing file /opt/airflow/dags/fraud_detection_training_dag.py for tasks to queue
[2025-11-19T15:49:57.627+0000] {logging_mixin.py:190} INFO - [2025-11-19T15:49:57.614+0000] {dagbag.py:588} INFO - Filling up the DagBag from /opt/airflow/dags/fraud_detection_training_dag.py
[2025-11-19T15:49:59.183+0000] {processor.py:925} INFO - DAG(s) 'fraud_detection_training' retrieved from /opt/airflow/dags/fraud_detection_training_dag.py
[2025-11-19T15:51:10.333+0000] {processor.py:186} INFO - Started process (PID=473) to work on /opt/airflow/dags/fraud_detection_training_dag.py
[2025-11-19T15:51:10.381+0000] {processor.py:914} INFO - Processing file /opt/airflow/dags/fraud_detection_training_dag.py for tasks to queue
[2025-11-19T15:51:10.404+0000] {logging_mixin.py:190} INFO - [2025-11-19T15:51:10.396+0000] {dagbag.py:588} INFO - Filling up the DagBag from /opt/airflow/dags/fraud_detection_training_dag.py
[2025-11-19T15:51:12.055+0000] {processor.py:925} INFO - DAG(s) 'fraud_detection_training' retrieved from /opt/airflow/dags/fraud_detection_training_dag.py
