[2025-10-28T07:08:46.838+0000] {processor.py:186} INFO - Started process (PID=124) to work on /opt/airflow/dags/fraud_detection_training_dag.py
[2025-10-28T07:08:46.853+0000] {processor.py:914} INFO - Processing file /opt/airflow/dags/fraud_detection_training_dag.py for tasks to queue
[2025-10-28T07:08:46.935+0000] {logging_mixin.py:190} INFO - [2025-10-28T07:08:46.934+0000] {dagbag.py:588} INFO - Filling up the DagBag from /opt/airflow/dags/fraud_detection_training_dag.py
[2025-10-28T07:08:51.096+0000] {processor.py:925} INFO - DAG(s) 'fraud_detection_training' retrieved from /opt/airflow/dags/fraud_detection_training_dag.py
[2025-10-28T07:08:51.955+0000] {logging_mixin.py:190} INFO - [2025-10-28T07:08:51.939+0000] {dag.py:3239} INFO - Sync 1 DAGs
[2025-10-28T07:08:52.679+0000] {logging_mixin.py:190} INFO - [2025-10-28T07:08:52.678+0000] {dag.py:4180} INFO - Setting next_dagrun for fraud_detection_training to 2025-10-27 03:00:00+00:00, run_after=2025-10-28 03:00:00+00:00
[2025-10-28T07:08:53.576+0000] {processor.py:208} INFO - Processing /opt/airflow/dags/fraud_detection_training_dag.py took 6.878 seconds
[2025-10-28T07:09:29.059+0000] {processor.py:186} INFO - Started process (PID=139) to work on /opt/airflow/dags/fraud_detection_training_dag.py
[2025-10-28T07:09:29.180+0000] {processor.py:914} INFO - Processing file /opt/airflow/dags/fraud_detection_training_dag.py for tasks to queue
[2025-10-28T07:09:29.555+0000] {logging_mixin.py:190} INFO - [2025-10-28T07:09:29.544+0000] {dagbag.py:588} INFO - Filling up the DagBag from /opt/airflow/dags/fraud_detection_training_dag.py
[2025-10-28T07:09:31.803+0000] {processor.py:925} INFO - DAG(s) 'fraud_detection_training' retrieved from /opt/airflow/dags/fraud_detection_training_dag.py
[2025-10-28T07:09:32.470+0000] {logging_mixin.py:190} INFO - [2025-10-28T07:09:32.469+0000] {dag.py:3239} INFO - Sync 1 DAGs
[2025-10-28T07:09:33.035+0000] {logging_mixin.py:190} INFO - [2025-10-28T07:09:33.034+0000] {dag.py:4180} INFO - Setting next_dagrun for fraud_detection_training to 2025-10-27 03:00:00+00:00, run_after=2025-10-28 03:00:00+00:00
[2025-10-28T07:09:33.848+0000] {processor.py:208} INFO - Processing /opt/airflow/dags/fraud_detection_training_dag.py took 5.045 seconds
[2025-10-28T07:10:10.590+0000] {processor.py:186} INFO - Started process (PID=148) to work on /opt/airflow/dags/fraud_detection_training_dag.py
[2025-10-28T07:10:10.841+0000] {processor.py:914} INFO - Processing file /opt/airflow/dags/fraud_detection_training_dag.py for tasks to queue
[2025-10-28T07:10:10.937+0000] {logging_mixin.py:190} INFO - [2025-10-28T07:10:10.936+0000] {dagbag.py:588} INFO - Filling up the DagBag from /opt/airflow/dags/fraud_detection_training_dag.py
[2025-10-28T07:10:17.890+0000] {processor.py:925} INFO - DAG(s) 'fraud_detection_training' retrieved from /opt/airflow/dags/fraud_detection_training_dag.py
[2025-10-28T07:10:19.026+0000] {logging_mixin.py:190} INFO - [2025-10-28T07:10:19.025+0000] {dag.py:3239} INFO - Sync 1 DAGs
[2025-10-28T07:10:20.348+0000] {logging_mixin.py:190} INFO - [2025-10-28T07:10:20.348+0000] {dag.py:4180} INFO - Setting next_dagrun for fraud_detection_training to 2025-10-27 03:00:00+00:00, run_after=2025-10-28 03:00:00+00:00
[2025-10-28T07:10:21.644+0000] {processor.py:208} INFO - Processing /opt/airflow/dags/fraud_detection_training_dag.py took 11.418 seconds
[2025-10-28T07:10:56.980+0000] {processor.py:186} INFO - Started process (PID=156) to work on /opt/airflow/dags/fraud_detection_training_dag.py
[2025-10-28T07:10:57.103+0000] {processor.py:914} INFO - Processing file /opt/airflow/dags/fraud_detection_training_dag.py for tasks to queue
[2025-10-28T07:10:57.208+0000] {logging_mixin.py:190} INFO - [2025-10-28T07:10:57.195+0000] {dagbag.py:588} INFO - Filling up the DagBag from /opt/airflow/dags/fraud_detection_training_dag.py
[2025-10-28T07:11:06.777+0000] {processor.py:925} INFO - DAG(s) 'fraud_detection_training' retrieved from /opt/airflow/dags/fraud_detection_training_dag.py
[2025-10-28T07:11:07.487+0000] {logging_mixin.py:190} INFO - [2025-10-28T07:11:07.487+0000] {dag.py:3239} INFO - Sync 1 DAGs
[2025-10-28T07:11:08.173+0000] {logging_mixin.py:190} INFO - [2025-10-28T07:11:08.172+0000] {dag.py:4180} INFO - Setting next_dagrun for fraud_detection_training to 2025-10-27 03:00:00+00:00, run_after=2025-10-28 03:00:00+00:00
[2025-10-28T07:11:08.651+0000] {processor.py:208} INFO - Processing /opt/airflow/dags/fraud_detection_training_dag.py took 12.767 seconds
