[2025-11-22T13:18:28.943+0000] {local_task_job_runner.py:123} INFO - ::group::Pre task execution logs
[2025-11-22T13:18:29.657+0000] {taskinstance.py:2614} INFO - Dependencies all met for dep_context=non-requeueable deps ti=<TaskInstance: fraud_detection_training.cleanup_resources scheduled__2025-11-21T12:00:00+00:00 [queued]>
[2025-11-22T13:18:29.830+0000] {taskinstance.py:2614} INFO - Dependencies all met for dep_context=requeueable deps ti=<TaskInstance: fraud_detection_training.cleanup_resources scheduled__2025-11-21T12:00:00+00:00 [queued]>
[2025-11-22T13:18:29.841+0000] {taskinstance.py:2867} INFO - Starting attempt 1 of 2
[2025-11-22T13:18:30.216+0000] {taskinstance.py:2890} INFO - Executing <Task(PythonOperator): cleanup_resources> on 2025-11-21 12:00:00+00:00
[2025-11-22T13:18:30.343+0000] {warnings.py:112} WARNING - /home/***/.local/lib/python3.12/site-packages/***/task/task_runner/standard_task_runner.py:70: DeprecationWarning: This process (pid=194) is multi-threaded, use of fork() may lead to deadlocks in the child.
  pid = os.fork()

[2025-11-22T13:18:30.378+0000] {standard_task_runner.py:72} INFO - Started process 202 to run task
[2025-11-22T13:18:30.384+0000] {standard_task_runner.py:104} INFO - Running: ['***', 'tasks', 'run', 'fraud_detection_training', 'cleanup_resources', 'scheduled__2025-11-21T12:00:00+00:00', '--job-id', '122', '--raw', '--subdir', 'DAGS_FOLDER/fraud_detection_training_dag.py', '--cfg-path', '/tmp/tmpzimg6163']
[2025-11-22T13:18:30.416+0000] {standard_task_runner.py:105} INFO - Job 122: Subtask cleanup_resources
[2025-11-22T13:18:31.046+0000] {task_command.py:467} INFO - Running <TaskInstance: fraud_detection_training.cleanup_resources scheduled__2025-11-21T12:00:00+00:00 [running]> on host 2d37344ecf31
[2025-11-22T13:18:32.202+0000] {taskinstance.py:3134} INFO - Exporting env vars: AIRFLOW_CTX_DAG_OWNER='datamasterylab.com' AIRFLOW_CTX_DAG_ID='fraud_detection_training' AIRFLOW_CTX_TASK_ID='cleanup_resources' AIRFLOW_CTX_EXECUTION_DATE='2025-11-21T12:00:00+00:00' AIRFLOW_CTX_TRY_NUMBER='1' AIRFLOW_CTX_DAG_RUN_ID='scheduled__2025-11-21T12:00:00+00:00'
[2025-11-22T13:18:32.239+0000] {taskinstance.py:732} INFO - ::endgroup::
[2025-11-22T13:18:32.699+0000] {fraud_detection_training_dag.py:87} INFO - No tmp dir to clean: /app/tmp
[2025-11-22T13:18:32.730+0000] {python.py:240} INFO - Done. Returned value was: None
[2025-11-22T13:18:33.352+0000] {taskinstance.py:341} INFO - ::group::Post task execution logs
[2025-11-22T13:18:33.381+0000] {taskinstance.py:353} INFO - Marking task as SUCCESS. dag_id=fraud_detection_training, task_id=cleanup_resources, run_id=scheduled__2025-11-21T12:00:00+00:00, execution_date=20251121T120000, start_date=20251122T131829, end_date=20251122T131833
[2025-11-22T13:18:34.424+0000] {local_task_job_runner.py:266} INFO - Task exited with return code 0
[2025-11-22T13:18:34.625+0000] {taskinstance.py:3901} INFO - 0 downstream tasks scheduled from follow-on schedule check
[2025-11-22T13:18:34.679+0000] {local_task_job_runner.py:245} INFO - ::endgroup::
