[2025-11-12T09:16:26.458+0000] {processor.py:186} INFO - Started process (PID=99) to work on /opt/airflow/dags/fraud_detection_training_dag.py
[2025-11-12T09:16:26.530+0000] {processor.py:914} INFO - Processing file /opt/airflow/dags/fraud_detection_training_dag.py for tasks to queue
[2025-11-12T09:16:26.912+0000] {logging_mixin.py:190} INFO - [2025-11-12T09:16:26.878+0000] {dagbag.py:588} INFO - Filling up the DagBag from /opt/airflow/dags/fraud_detection_training_dag.py
[2025-11-12T09:16:31.507+0000] {processor.py:925} INFO - DAG(s) 'fraud_detection_training' retrieved from /opt/airflow/dags/fraud_detection_training_dag.py
[2025-11-12T09:16:53.484+0000] {logging_mixin.py:190} INFO - [2025-11-12T09:16:53.483+0000] {dag.py:3239} INFO - Sync 1 DAGs
[2025-11-12T09:16:54.863+0000] {logging_mixin.py:190} INFO - [2025-11-12T09:16:54.861+0000] {dag.py:4180} INFO - Setting next_dagrun for fraud_detection_training to 2025-11-11 03:00:00+00:00, run_after=2025-11-12 03:00:00+00:00
[2025-11-12T09:16:56.688+0000] {processor.py:208} INFO - Processing /opt/airflow/dags/fraud_detection_training_dag.py took 28.076 seconds
[2025-11-12T09:17:59.861+0000] {processor.py:186} INFO - Started process (PID=117) to work on /opt/airflow/dags/fraud_detection_training_dag.py
[2025-11-12T09:17:59.876+0000] {processor.py:914} INFO - Processing file /opt/airflow/dags/fraud_detection_training_dag.py for tasks to queue
[2025-11-12T09:17:59.892+0000] {logging_mixin.py:190} INFO - [2025-11-12T09:17:59.891+0000] {dagbag.py:588} INFO - Filling up the DagBag from /opt/airflow/dags/fraud_detection_training_dag.py
[2025-11-12T09:18:03.152+0000] {processor.py:925} INFO - DAG(s) 'fraud_detection_training' retrieved from /opt/airflow/dags/fraud_detection_training_dag.py
[2025-11-12T09:18:06.868+0000] {logging_mixin.py:190} INFO - [2025-11-12T09:18:06.868+0000] {dag.py:3239} INFO - Sync 1 DAGs
[2025-11-12T09:18:08.763+0000] {logging_mixin.py:190} INFO - [2025-11-12T09:18:08.762+0000] {dag.py:4180} INFO - Setting next_dagrun for fraud_detection_training to 2025-11-11 03:00:00+00:00, run_after=2025-11-12 03:00:00+00:00
[2025-11-12T09:18:09.638+0000] {processor.py:208} INFO - Processing /opt/airflow/dags/fraud_detection_training_dag.py took 10.221 seconds
[2025-11-12T09:18:43.445+0000] {processor.py:186} INFO - Started process (PID=125) to work on /opt/airflow/dags/fraud_detection_training_dag.py
[2025-11-12T09:18:43.599+0000] {processor.py:914} INFO - Processing file /opt/airflow/dags/fraud_detection_training_dag.py for tasks to queue
[2025-11-12T09:18:43.675+0000] {logging_mixin.py:190} INFO - [2025-11-12T09:18:43.674+0000] {dagbag.py:588} INFO - Filling up the DagBag from /opt/airflow/dags/fraud_detection_training_dag.py
[2025-11-12T09:18:44.816+0000] {processor.py:925} INFO - DAG(s) 'fraud_detection_training' retrieved from /opt/airflow/dags/fraud_detection_training_dag.py
[2025-11-12T09:18:45.801+0000] {logging_mixin.py:190} INFO - [2025-11-12T09:18:45.762+0000] {dag.py:3239} INFO - Sync 1 DAGs
[2025-11-12T09:18:51.732+0000] {logging_mixin.py:190} INFO - [2025-11-12T09:18:51.731+0000] {dag.py:4180} INFO - Setting next_dagrun for fraud_detection_training to 2025-11-11 03:00:00+00:00, run_after=2025-11-12 03:00:00+00:00
[2025-11-12T09:18:52.441+0000] {processor.py:208} INFO - Processing /opt/airflow/dags/fraud_detection_training_dag.py took 6.424 seconds
[2025-11-12T09:19:25.475+0000] {processor.py:186} INFO - Started process (PID=134) to work on /opt/airflow/dags/fraud_detection_training_dag.py
[2025-11-12T09:19:25.597+0000] {processor.py:914} INFO - Processing file /opt/airflow/dags/fraud_detection_training_dag.py for tasks to queue
[2025-11-12T09:19:25.909+0000] {logging_mixin.py:190} INFO - [2025-11-12T09:19:25.896+0000] {dagbag.py:588} INFO - Filling up the DagBag from /opt/airflow/dags/fraud_detection_training_dag.py
[2025-11-12T09:19:27.087+0000] {processor.py:925} INFO - DAG(s) 'fraud_detection_training' retrieved from /opt/airflow/dags/fraud_detection_training_dag.py
[2025-11-12T09:19:27.495+0000] {logging_mixin.py:190} INFO - [2025-11-12T09:19:27.494+0000] {dag.py:3239} INFO - Sync 1 DAGs
[2025-11-12T09:19:33.590+0000] {logging_mixin.py:190} INFO - [2025-11-12T09:19:33.590+0000] {dag.py:4180} INFO - Setting next_dagrun for fraud_detection_training to 2025-11-11 03:00:00+00:00, run_after=2025-11-12 03:00:00+00:00
[2025-11-12T09:19:34.152+0000] {processor.py:208} INFO - Processing /opt/airflow/dags/fraud_detection_training_dag.py took 9.526 seconds
[2025-11-12T09:20:09.822+0000] {processor.py:186} INFO - Started process (PID=143) to work on /opt/airflow/dags/fraud_detection_training_dag.py
[2025-11-12T09:20:09.919+0000] {processor.py:914} INFO - Processing file /opt/airflow/dags/fraud_detection_training_dag.py for tasks to queue
[2025-11-12T09:20:10.309+0000] {logging_mixin.py:190} INFO - [2025-11-12T09:20:10.279+0000] {dagbag.py:588} INFO - Filling up the DagBag from /opt/airflow/dags/fraud_detection_training_dag.py
[2025-11-12T09:20:15.592+0000] {processor.py:925} INFO - DAG(s) 'fraud_detection_training' retrieved from /opt/airflow/dags/fraud_detection_training_dag.py
[2025-11-12T09:20:16.274+0000] {logging_mixin.py:190} INFO - [2025-11-12T09:20:16.273+0000] {dag.py:3239} INFO - Sync 1 DAGs
[2025-11-12T09:20:17.547+0000] {logging_mixin.py:190} INFO - [2025-11-12T09:20:17.546+0000] {dag.py:4180} INFO - Setting next_dagrun for fraud_detection_training to 2025-11-11 03:00:00+00:00, run_after=2025-11-12 03:00:00+00:00
[2025-11-12T09:20:18.117+0000] {processor.py:208} INFO - Processing /opt/airflow/dags/fraud_detection_training_dag.py took 9.721 seconds
[2025-11-12T09:29:12.928+0000] {processor.py:186} INFO - Started process (PID=115) to work on /opt/airflow/dags/fraud_detection_training_dag.py
[2025-11-12T09:29:12.953+0000] {processor.py:914} INFO - Processing file /opt/airflow/dags/fraud_detection_training_dag.py for tasks to queue
[2025-11-12T09:29:13.216+0000] {logging_mixin.py:190} INFO - [2025-11-12T09:29:13.190+0000] {dagbag.py:588} INFO - Filling up the DagBag from /opt/airflow/dags/fraud_detection_training_dag.py
[2025-11-12T09:29:17.091+0000] {processor.py:925} INFO - DAG(s) 'fraud_detection_training' retrieved from /opt/airflow/dags/fraud_detection_training_dag.py
[2025-11-12T09:29:18.829+0000] {logging_mixin.py:190} INFO - [2025-11-12T09:29:18.828+0000] {dag.py:3239} INFO - Sync 1 DAGs
[2025-11-12T09:29:20.248+0000] {logging_mixin.py:190} INFO - [2025-11-12T09:29:20.223+0000] {dag.py:4180} INFO - Setting next_dagrun for fraud_detection_training to 2025-11-11 03:00:00+00:00, run_after=2025-11-12 03:00:00+00:00
[2025-11-12T09:29:20.832+0000] {processor.py:208} INFO - Processing /opt/airflow/dags/fraud_detection_training_dag.py took 8.121 seconds
[2025-11-12T09:30:11.782+0000] {processor.py:186} INFO - Started process (PID=125) to work on /opt/airflow/dags/fraud_detection_training_dag.py
[2025-11-12T09:30:11.809+0000] {processor.py:914} INFO - Processing file /opt/airflow/dags/fraud_detection_training_dag.py for tasks to queue
[2025-11-12T09:30:12.367+0000] {logging_mixin.py:190} INFO - [2025-11-12T09:30:12.293+0000] {dagbag.py:588} INFO - Filling up the DagBag from /opt/airflow/dags/fraud_detection_training_dag.py
[2025-11-12T09:30:15.849+0000] {processor.py:925} INFO - DAG(s) 'fraud_detection_training' retrieved from /opt/airflow/dags/fraud_detection_training_dag.py
[2025-11-12T09:30:18.857+0000] {logging_mixin.py:190} INFO - [2025-11-12T09:30:18.830+0000] {dag.py:3239} INFO - Sync 1 DAGs
[2025-11-12T09:30:21.556+0000] {logging_mixin.py:190} INFO - [2025-11-12T09:30:21.463+0000] {dag.py:4180} INFO - Setting next_dagrun for fraud_detection_training to 2025-11-11 03:00:00+00:00, run_after=2025-11-12 03:00:00+00:00
[2025-11-12T09:30:31.800+0000] {processor.py:208} INFO - Processing /opt/airflow/dags/fraud_detection_training_dag.py took 17.196 seconds
[2025-11-12T09:31:07.325+0000] {processor.py:186} INFO - Started process (PID=134) to work on /opt/airflow/dags/fraud_detection_training_dag.py
[2025-11-12T09:31:07.511+0000] {processor.py:914} INFO - Processing file /opt/airflow/dags/fraud_detection_training_dag.py for tasks to queue
[2025-11-12T09:31:07.789+0000] {logging_mixin.py:190} INFO - [2025-11-12T09:31:07.719+0000] {dagbag.py:588} INFO - Filling up the DagBag from /opt/airflow/dags/fraud_detection_training_dag.py
[2025-11-12T09:31:09.836+0000] {processor.py:925} INFO - DAG(s) 'fraud_detection_training' retrieved from /opt/airflow/dags/fraud_detection_training_dag.py
[2025-11-12T09:31:16.924+0000] {logging_mixin.py:190} INFO - [2025-11-12T09:31:16.849+0000] {dag.py:3239} INFO - Sync 1 DAGs
[2025-11-12T09:31:21.923+0000] {logging_mixin.py:190} INFO - [2025-11-12T09:31:21.922+0000] {dag.py:4180} INFO - Setting next_dagrun for fraud_detection_training to 2025-11-11 03:00:00+00:00, run_after=2025-11-12 03:00:00+00:00
[2025-11-12T09:31:24.252+0000] {processor.py:208} INFO - Processing /opt/airflow/dags/fraud_detection_training_dag.py took 17.873 seconds
[2025-11-12T09:31:57.164+0000] {processor.py:186} INFO - Started process (PID=150) to work on /opt/airflow/dags/fraud_detection_training_dag.py
[2025-11-12T09:31:57.225+0000] {processor.py:914} INFO - Processing file /opt/airflow/dags/fraud_detection_training_dag.py for tasks to queue
[2025-11-12T09:31:57.385+0000] {logging_mixin.py:190} INFO - [2025-11-12T09:31:57.371+0000] {dagbag.py:588} INFO - Filling up the DagBag from /opt/airflow/dags/fraud_detection_training_dag.py
[2025-11-12T09:31:58.900+0000] {processor.py:925} INFO - DAG(s) 'fraud_detection_training' retrieved from /opt/airflow/dags/fraud_detection_training_dag.py
[2025-11-12T09:32:01.354+0000] {logging_mixin.py:190} INFO - [2025-11-12T09:32:01.292+0000] {dag.py:3239} INFO - Sync 1 DAGs
[2025-11-12T09:32:02.394+0000] {logging_mixin.py:190} INFO - [2025-11-12T09:32:02.394+0000] {dag.py:4180} INFO - Setting next_dagrun for fraud_detection_training to 2025-11-11 03:00:00+00:00, run_after=2025-11-12 03:00:00+00:00
[2025-11-12T09:32:03.463+0000] {processor.py:208} INFO - Processing /opt/airflow/dags/fraud_detection_training_dag.py took 6.813 seconds
[2025-11-12T09:32:36.839+0000] {processor.py:186} INFO - Started process (PID=159) to work on /opt/airflow/dags/fraud_detection_training_dag.py
[2025-11-12T09:32:36.891+0000] {processor.py:914} INFO - Processing file /opt/airflow/dags/fraud_detection_training_dag.py for tasks to queue
[2025-11-12T09:32:37.386+0000] {logging_mixin.py:190} INFO - [2025-11-12T09:32:37.382+0000] {dagbag.py:588} INFO - Filling up the DagBag from /opt/airflow/dags/fraud_detection_training_dag.py
[2025-11-12T09:32:37.983+0000] {processor.py:925} INFO - DAG(s) 'fraud_detection_training' retrieved from /opt/airflow/dags/fraud_detection_training_dag.py
[2025-11-12T09:32:38.352+0000] {logging_mixin.py:190} INFO - [2025-11-12T09:32:38.352+0000] {dag.py:3239} INFO - Sync 1 DAGs
[2025-11-12T09:32:38.966+0000] {logging_mixin.py:190} INFO - [2025-11-12T09:32:38.953+0000] {dag.py:4180} INFO - Setting next_dagrun for fraud_detection_training to 2025-11-11 03:00:00+00:00, run_after=2025-11-12 03:00:00+00:00
[2025-11-12T09:32:40.075+0000] {processor.py:208} INFO - Processing /opt/airflow/dags/fraud_detection_training_dag.py took 4.411 seconds
[2025-11-12T09:33:20.913+0000] {processor.py:186} INFO - Started process (PID=167) to work on /opt/airflow/dags/fraud_detection_training_dag.py
[2025-11-12T09:33:21.080+0000] {processor.py:914} INFO - Processing file /opt/airflow/dags/fraud_detection_training_dag.py for tasks to queue
[2025-11-12T09:33:21.608+0000] {logging_mixin.py:190} INFO - [2025-11-12T09:33:21.607+0000] {dagbag.py:588} INFO - Filling up the DagBag from /opt/airflow/dags/fraud_detection_training_dag.py
[2025-11-12T09:33:22.597+0000] {processor.py:925} INFO - DAG(s) 'fraud_detection_training' retrieved from /opt/airflow/dags/fraud_detection_training_dag.py
[2025-11-12T09:33:23.077+0000] {logging_mixin.py:190} INFO - [2025-11-12T09:33:23.061+0000] {dag.py:3239} INFO - Sync 1 DAGs
[2025-11-12T09:33:27.217+0000] {logging_mixin.py:190} INFO - [2025-11-12T09:33:27.194+0000] {dag.py:4180} INFO - Setting next_dagrun for fraud_detection_training to 2025-11-11 03:00:00+00:00, run_after=2025-11-12 03:00:00+00:00
[2025-11-12T09:33:28.809+0000] {processor.py:208} INFO - Processing /opt/airflow/dags/fraud_detection_training_dag.py took 12.708 seconds
[2025-11-12T09:33:59.554+0000] {processor.py:186} INFO - Started process (PID=176) to work on /opt/airflow/dags/fraud_detection_training_dag.py
[2025-11-12T09:33:59.561+0000] {processor.py:914} INFO - Processing file /opt/airflow/dags/fraud_detection_training_dag.py for tasks to queue
[2025-11-12T09:33:59.572+0000] {logging_mixin.py:190} INFO - [2025-11-12T09:33:59.571+0000] {dagbag.py:588} INFO - Filling up the DagBag from /opt/airflow/dags/fraud_detection_training_dag.py
[2025-11-12T09:33:59.766+0000] {processor.py:925} INFO - DAG(s) 'fraud_detection_training' retrieved from /opt/airflow/dags/fraud_detection_training_dag.py
[2025-11-12T09:33:59.999+0000] {logging_mixin.py:190} INFO - [2025-11-12T09:33:59.974+0000] {dag.py:3239} INFO - Sync 1 DAGs
[2025-11-12T09:34:00.421+0000] {logging_mixin.py:190} INFO - [2025-11-12T09:34:00.421+0000] {dag.py:4180} INFO - Setting next_dagrun for fraud_detection_training to 2025-11-11 03:00:00+00:00, run_after=2025-11-12 03:00:00+00:00
[2025-11-12T09:34:00.762+0000] {processor.py:208} INFO - Processing /opt/airflow/dags/fraud_detection_training_dag.py took 1.246 seconds
[2025-11-12T09:34:33.050+0000] {processor.py:186} INFO - Started process (PID=185) to work on /opt/airflow/dags/fraud_detection_training_dag.py
[2025-11-12T09:34:33.213+0000] {processor.py:914} INFO - Processing file /opt/airflow/dags/fraud_detection_training_dag.py for tasks to queue
[2025-11-12T09:34:33.366+0000] {logging_mixin.py:190} INFO - [2025-11-12T09:34:33.364+0000] {dagbag.py:588} INFO - Filling up the DagBag from /opt/airflow/dags/fraud_detection_training_dag.py
[2025-11-12T09:34:34.412+0000] {processor.py:925} INFO - DAG(s) 'fraud_detection_training' retrieved from /opt/airflow/dags/fraud_detection_training_dag.py
[2025-11-12T09:34:36.333+0000] {logging_mixin.py:190} INFO - [2025-11-12T09:34:36.332+0000] {dag.py:3239} INFO - Sync 1 DAGs
[2025-11-12T09:34:38.023+0000] {logging_mixin.py:190} INFO - [2025-11-12T09:34:38.022+0000] {dag.py:4180} INFO - Setting next_dagrun for fraud_detection_training to 2025-11-11 03:00:00+00:00, run_after=2025-11-12 03:00:00+00:00
[2025-11-12T09:34:38.541+0000] {processor.py:208} INFO - Processing /opt/airflow/dags/fraud_detection_training_dag.py took 6.632 seconds
[2025-11-12T09:35:11.884+0000] {processor.py:186} INFO - Started process (PID=195) to work on /opt/airflow/dags/fraud_detection_training_dag.py
[2025-11-12T09:35:12.559+0000] {processor.py:914} INFO - Processing file /opt/airflow/dags/fraud_detection_training_dag.py for tasks to queue
[2025-11-12T09:35:13.545+0000] {logging_mixin.py:190} INFO - [2025-11-12T09:35:13.542+0000] {dagbag.py:588} INFO - Filling up the DagBag from /opt/airflow/dags/fraud_detection_training_dag.py
[2025-11-12T09:35:15.322+0000] {processor.py:925} INFO - DAG(s) 'fraud_detection_training' retrieved from /opt/airflow/dags/fraud_detection_training_dag.py
[2025-11-12T09:35:15.922+0000] {logging_mixin.py:190} INFO - [2025-11-12T09:35:15.900+0000] {dag.py:3239} INFO - Sync 1 DAGs
[2025-11-12T09:35:18.440+0000] {logging_mixin.py:190} INFO - [2025-11-12T09:35:18.417+0000] {dag.py:4180} INFO - Setting next_dagrun for fraud_detection_training to 2025-11-11 03:00:00+00:00, run_after=2025-11-12 03:00:00+00:00
[2025-11-12T09:35:19.461+0000] {processor.py:208} INFO - Processing /opt/airflow/dags/fraud_detection_training_dag.py took 8.620 seconds
[2025-11-12T09:35:51.821+0000] {processor.py:186} INFO - Started process (PID=212) to work on /opt/airflow/dags/fraud_detection_training_dag.py
[2025-11-12T09:35:51.866+0000] {processor.py:914} INFO - Processing file /opt/airflow/dags/fraud_detection_training_dag.py for tasks to queue
[2025-11-12T09:35:52.428+0000] {logging_mixin.py:190} INFO - [2025-11-12T09:35:52.314+0000] {dagbag.py:588} INFO - Filling up the DagBag from /opt/airflow/dags/fraud_detection_training_dag.py
[2025-11-12T09:35:54.868+0000] {processor.py:925} INFO - DAG(s) 'fraud_detection_training' retrieved from /opt/airflow/dags/fraud_detection_training_dag.py
[2025-11-12T09:35:55.108+0000] {logging_mixin.py:190} INFO - [2025-11-12T09:35:55.107+0000] {dag.py:3239} INFO - Sync 1 DAGs
[2025-11-12T09:35:55.471+0000] {logging_mixin.py:190} INFO - [2025-11-12T09:35:55.459+0000] {dag.py:4180} INFO - Setting next_dagrun for fraud_detection_training to 2025-11-11 03:00:00+00:00, run_after=2025-11-12 03:00:00+00:00
[2025-11-12T09:35:55.705+0000] {processor.py:208} INFO - Processing /opt/airflow/dags/fraud_detection_training_dag.py took 4.991 seconds
[2025-11-12T09:36:38.295+0000] {processor.py:186} INFO - Started process (PID=222) to work on /opt/airflow/dags/fraud_detection_training_dag.py
[2025-11-12T09:36:38.301+0000] {processor.py:914} INFO - Processing file /opt/airflow/dags/fraud_detection_training_dag.py for tasks to queue
[2025-11-12T09:36:38.315+0000] {logging_mixin.py:190} INFO - [2025-11-12T09:36:38.312+0000] {dagbag.py:588} INFO - Filling up the DagBag from /opt/airflow/dags/fraud_detection_training_dag.py
[2025-11-12T09:36:45.596+0000] {processor.py:925} INFO - DAG(s) 'fraud_detection_training' retrieved from /opt/airflow/dags/fraud_detection_training_dag.py
[2025-11-12T09:36:46.158+0000] {logging_mixin.py:190} INFO - [2025-11-12T09:36:46.158+0000] {dag.py:3239} INFO - Sync 1 DAGs
[2025-11-12T09:36:53.637+0000] {logging_mixin.py:190} INFO - [2025-11-12T09:36:53.616+0000] {dag.py:4180} INFO - Setting next_dagrun for fraud_detection_training to 2025-11-11 03:00:00+00:00, run_after=2025-11-12 03:00:00+00:00
[2025-11-12T09:36:54.529+0000] {processor.py:208} INFO - Processing /opt/airflow/dags/fraud_detection_training_dag.py took 16.904 seconds
[2025-11-12T09:37:33.977+0000] {processor.py:186} INFO - Started process (PID=230) to work on /opt/airflow/dags/fraud_detection_training_dag.py
[2025-11-12T09:37:34.064+0000] {processor.py:914} INFO - Processing file /opt/airflow/dags/fraud_detection_training_dag.py for tasks to queue
[2025-11-12T09:37:34.898+0000] {logging_mixin.py:190} INFO - [2025-11-12T09:37:34.897+0000] {dagbag.py:588} INFO - Filling up the DagBag from /opt/airflow/dags/fraud_detection_training_dag.py
[2025-11-12T09:37:49.568+0000] {processor.py:925} INFO - DAG(s) 'fraud_detection_training' retrieved from /opt/airflow/dags/fraud_detection_training_dag.py
[2025-11-12T09:37:52.098+0000] {logging_mixin.py:190} INFO - [2025-11-12T09:37:52.061+0000] {dag.py:3239} INFO - Sync 1 DAGs
[2025-11-12T09:37:56.157+0000] {logging_mixin.py:190} INFO - [2025-11-12T09:37:56.156+0000] {dag.py:4180} INFO - Setting next_dagrun for fraud_detection_training to 2025-11-11 03:00:00+00:00, run_after=2025-11-12 03:00:00+00:00
[2025-11-12T09:37:58.196+0000] {processor.py:208} INFO - Processing /opt/airflow/dags/fraud_detection_training_dag.py took 23.080 seconds
[2025-11-12T09:38:45.014+0000] {processor.py:186} INFO - Started process (PID=246) to work on /opt/airflow/dags/fraud_detection_training_dag.py
[2025-11-12T09:38:45.029+0000] {processor.py:914} INFO - Processing file /opt/airflow/dags/fraud_detection_training_dag.py for tasks to queue
[2025-11-12T09:38:45.143+0000] {logging_mixin.py:190} INFO - [2025-11-12T09:38:45.142+0000] {dagbag.py:588} INFO - Filling up the DagBag from /opt/airflow/dags/fraud_detection_training_dag.py
[2025-11-12T09:38:46.827+0000] {processor.py:925} INFO - DAG(s) 'fraud_detection_training' retrieved from /opt/airflow/dags/fraud_detection_training_dag.py
[2025-11-12T09:38:57.022+0000] {logging_mixin.py:190} INFO - [2025-11-12T09:38:56.987+0000] {dag.py:3239} INFO - Sync 1 DAGs
[2025-11-12T09:38:57.476+0000] {logging_mixin.py:190} INFO - [2025-11-12T09:38:57.476+0000] {dag.py:4180} INFO - Setting next_dagrun for fraud_detection_training to 2025-11-11 03:00:00+00:00, run_after=2025-11-12 03:00:00+00:00
[2025-11-12T09:39:03.549+0000] {processor.py:208} INFO - Processing /opt/airflow/dags/fraud_detection_training_dag.py took 15.525 seconds
[2025-11-12T09:39:39.765+0000] {processor.py:186} INFO - Started process (PID=261) to work on /opt/airflow/dags/fraud_detection_training_dag.py
[2025-11-12T09:39:39.810+0000] {processor.py:914} INFO - Processing file /opt/airflow/dags/fraud_detection_training_dag.py for tasks to queue
[2025-11-12T09:39:39.831+0000] {logging_mixin.py:190} INFO - [2025-11-12T09:39:39.818+0000] {dagbag.py:588} INFO - Filling up the DagBag from /opt/airflow/dags/fraud_detection_training_dag.py
[2025-11-12T09:39:40.749+0000] {processor.py:925} INFO - DAG(s) 'fraud_detection_training' retrieved from /opt/airflow/dags/fraud_detection_training_dag.py
[2025-11-12T09:39:43.940+0000] {logging_mixin.py:190} INFO - [2025-11-12T09:39:43.939+0000] {dag.py:3239} INFO - Sync 1 DAGs
[2025-11-12T09:39:44.414+0000] {logging_mixin.py:190} INFO - [2025-11-12T09:39:44.414+0000] {dag.py:4180} INFO - Setting next_dagrun for fraud_detection_training to 2025-11-11 03:00:00+00:00, run_after=2025-11-12 03:00:00+00:00
[2025-11-12T09:39:44.543+0000] {processor.py:208} INFO - Processing /opt/airflow/dags/fraud_detection_training_dag.py took 4.890 seconds
[2025-11-12T09:40:24.936+0000] {processor.py:186} INFO - Started process (PID=270) to work on /opt/airflow/dags/fraud_detection_training_dag.py
[2025-11-12T09:40:24.944+0000] {processor.py:914} INFO - Processing file /opt/airflow/dags/fraud_detection_training_dag.py for tasks to queue
[2025-11-12T09:40:25.036+0000] {logging_mixin.py:190} INFO - [2025-11-12T09:40:25.034+0000] {dagbag.py:588} INFO - Filling up the DagBag from /opt/airflow/dags/fraud_detection_training_dag.py
[2025-11-12T09:40:26.109+0000] {processor.py:925} INFO - DAG(s) 'fraud_detection_training' retrieved from /opt/airflow/dags/fraud_detection_training_dag.py
[2025-11-12T09:40:26.907+0000] {logging_mixin.py:190} INFO - [2025-11-12T09:40:26.906+0000] {dag.py:3239} INFO - Sync 1 DAGs
[2025-11-12T09:40:31.563+0000] {logging_mixin.py:190} INFO - [2025-11-12T09:40:31.556+0000] {dag.py:4180} INFO - Setting next_dagrun for fraud_detection_training to 2025-11-11 03:00:00+00:00, run_after=2025-11-12 03:00:00+00:00
[2025-11-12T09:40:33.480+0000] {processor.py:208} INFO - Processing /opt/airflow/dags/fraud_detection_training_dag.py took 5.313 seconds
[2025-11-12T09:41:25.540+0000] {processor.py:186} INFO - Started process (PID=278) to work on /opt/airflow/dags/fraud_detection_training_dag.py
[2025-11-12T09:41:25.599+0000] {processor.py:914} INFO - Processing file /opt/airflow/dags/fraud_detection_training_dag.py for tasks to queue
[2025-11-12T09:41:25.907+0000] {logging_mixin.py:190} INFO - [2025-11-12T09:41:25.875+0000] {dagbag.py:588} INFO - Filling up the DagBag from /opt/airflow/dags/fraud_detection_training_dag.py
[2025-11-12T09:41:26.941+0000] {processor.py:925} INFO - DAG(s) 'fraud_detection_training' retrieved from /opt/airflow/dags/fraud_detection_training_dag.py
[2025-11-12T09:41:27.812+0000] {logging_mixin.py:190} INFO - [2025-11-12T09:41:27.812+0000] {dag.py:3239} INFO - Sync 1 DAGs
[2025-11-12T09:41:28.319+0000] {logging_mixin.py:190} INFO - [2025-11-12T09:41:28.319+0000] {dag.py:4180} INFO - Setting next_dagrun for fraud_detection_training to 2025-11-11 03:00:00+00:00, run_after=2025-11-12 03:00:00+00:00
[2025-11-12T09:41:28.535+0000] {processor.py:208} INFO - Processing /opt/airflow/dags/fraud_detection_training_dag.py took 3.382 seconds
[2025-11-12T09:41:59.694+0000] {processor.py:186} INFO - Started process (PID=288) to work on /opt/airflow/dags/fraud_detection_training_dag.py
[2025-11-12T09:41:59.701+0000] {processor.py:914} INFO - Processing file /opt/airflow/dags/fraud_detection_training_dag.py for tasks to queue
[2025-11-12T09:41:59.719+0000] {logging_mixin.py:190} INFO - [2025-11-12T09:41:59.718+0000] {dagbag.py:588} INFO - Filling up the DagBag from /opt/airflow/dags/fraud_detection_training_dag.py
[2025-11-12T09:42:16.614+0000] {processor.py:925} INFO - DAG(s) 'fraud_detection_training' retrieved from /opt/airflow/dags/fraud_detection_training_dag.py
[2025-11-12T09:42:18.775+0000] {logging_mixin.py:190} INFO - [2025-11-12T09:42:18.774+0000] {dag.py:3239} INFO - Sync 1 DAGs
[2025-11-12T09:42:20.676+0000] {logging_mixin.py:190} INFO - [2025-11-12T09:42:19.685+0000] {dag.py:4180} INFO - Setting next_dagrun for fraud_detection_training to 2025-11-11 03:00:00+00:00, run_after=2025-11-12 03:00:00+00:00
[2025-11-12T09:42:21.256+0000] {processor.py:208} INFO - Processing /opt/airflow/dags/fraud_detection_training_dag.py took 18.192 seconds
[2025-11-12T09:42:55.537+0000] {processor.py:186} INFO - Started process (PID=297) to work on /opt/airflow/dags/fraud_detection_training_dag.py
[2025-11-12T09:42:55.547+0000] {processor.py:914} INFO - Processing file /opt/airflow/dags/fraud_detection_training_dag.py for tasks to queue
[2025-11-12T09:42:55.626+0000] {logging_mixin.py:190} INFO - [2025-11-12T09:42:55.619+0000] {dagbag.py:588} INFO - Filling up the DagBag from /opt/airflow/dags/fraud_detection_training_dag.py
[2025-11-12T09:43:42.871+0000] {logging_mixin.py:190} INFO - [2025-11-12T09:43:42.869+0000] {timeout.py:68} ERROR - Process timed out, PID: 297
[2025-11-12T09:45:06.552+0000] {processor.py:186} INFO - Started process (PID=313) to work on /opt/airflow/dags/fraud_detection_training_dag.py
[2025-11-12T09:45:06.567+0000] {processor.py:914} INFO - Processing file /opt/airflow/dags/fraud_detection_training_dag.py for tasks to queue
[2025-11-12T09:45:06.607+0000] {logging_mixin.py:190} INFO - [2025-11-12T09:45:06.596+0000] {dagbag.py:588} INFO - Filling up the DagBag from /opt/airflow/dags/fraud_detection_training_dag.py
[2025-11-12T09:45:10.760+0000] {processor.py:925} INFO - DAG(s) 'fraud_detection_training' retrieved from /opt/airflow/dags/fraud_detection_training_dag.py
[2025-11-12T09:46:30.338+0000] {processor.py:186} INFO - Started process (PID=329) to work on /opt/airflow/dags/fraud_detection_training_dag.py
[2025-11-12T09:46:30.356+0000] {processor.py:914} INFO - Processing file /opt/airflow/dags/fraud_detection_training_dag.py for tasks to queue
[2025-11-12T09:46:30.371+0000] {logging_mixin.py:190} INFO - [2025-11-12T09:46:30.370+0000] {dagbag.py:588} INFO - Filling up the DagBag from /opt/airflow/dags/fraud_detection_training_dag.py
[2025-11-12T09:46:42.703+0000] {processor.py:925} INFO - DAG(s) 'fraud_detection_training' retrieved from /opt/airflow/dags/fraud_detection_training_dag.py
[2025-11-12T09:47:49.773+0000] {processor.py:186} INFO - Started process (PID=339) to work on /opt/airflow/dags/fraud_detection_training_dag.py
[2025-11-12T09:47:49.781+0000] {processor.py:914} INFO - Processing file /opt/airflow/dags/fraud_detection_training_dag.py for tasks to queue
[2025-11-12T09:47:56.702+0000] {logging_mixin.py:190} INFO - [2025-11-12T09:47:56.702+0000] {dagbag.py:588} INFO - Filling up the DagBag from /opt/airflow/dags/fraud_detection_training_dag.py
[2025-11-12T09:48:13.471+0000] {processor.py:925} INFO - DAG(s) 'fraud_detection_training' retrieved from /opt/airflow/dags/fraud_detection_training_dag.py
[2025-11-12T09:49:38.923+0000] {processor.py:186} INFO - Started process (PID=356) to work on /opt/airflow/dags/fraud_detection_training_dag.py
[2025-11-12T09:49:39.005+0000] {processor.py:914} INFO - Processing file /opt/airflow/dags/fraud_detection_training_dag.py for tasks to queue
[2025-11-12T09:49:39.100+0000] {logging_mixin.py:190} INFO - [2025-11-12T09:49:39.037+0000] {dagbag.py:588} INFO - Filling up the DagBag from /opt/airflow/dags/fraud_detection_training_dag.py
[2025-11-12T09:50:19.846+0000] {logging_mixin.py:190} INFO - [2025-11-12T09:50:19.828+0000] {timeout.py:68} ERROR - Process timed out, PID: 356
[2025-11-12T09:51:20.055+0000] {processor.py:186} INFO - Started process (PID=372) to work on /opt/airflow/dags/fraud_detection_training_dag.py
[2025-11-12T09:51:20.059+0000] {processor.py:914} INFO - Processing file /opt/airflow/dags/fraud_detection_training_dag.py for tasks to queue
[2025-11-12T09:51:20.064+0000] {logging_mixin.py:190} INFO - [2025-11-12T09:51:20.063+0000] {dagbag.py:588} INFO - Filling up the DagBag from /opt/airflow/dags/fraud_detection_training_dag.py
[2025-11-12T09:51:36.311+0000] {processor.py:925} INFO - DAG(s) 'fraud_detection_training' retrieved from /opt/airflow/dags/fraud_detection_training_dag.py
[2025-11-12T09:53:12.652+0000] {processor.py:186} INFO - Started process (PID=382) to work on /opt/airflow/dags/fraud_detection_training_dag.py
[2025-11-12T09:53:12.690+0000] {processor.py:914} INFO - Processing file /opt/airflow/dags/fraud_detection_training_dag.py for tasks to queue
[2025-11-12T09:53:12.940+0000] {logging_mixin.py:190} INFO - [2025-11-12T09:53:12.844+0000] {dagbag.py:588} INFO - Filling up the DagBag from /opt/airflow/dags/fraud_detection_training_dag.py
[2025-11-12T09:53:48.174+0000] {processor.py:186} INFO - Started process (PID=397) to work on /opt/airflow/dags/fraud_detection_training_dag.py
[2025-11-12T09:53:48.198+0000] {processor.py:914} INFO - Processing file /opt/airflow/dags/fraud_detection_training_dag.py for tasks to queue
[2025-11-12T09:53:48.467+0000] {logging_mixin.py:190} INFO - [2025-11-12T09:53:48.357+0000] {dagbag.py:588} INFO - Filling up the DagBag from /opt/airflow/dags/fraud_detection_training_dag.py
[2025-11-12T09:54:03.834+0000] {processor.py:925} INFO - DAG(s) 'fraud_detection_training' retrieved from /opt/airflow/dags/fraud_detection_training_dag.py
[2025-11-12T10:10:26.828+0000] {processor.py:186} INFO - Started process (PID=82) to work on /opt/airflow/dags/fraud_detection_training_dag.py
[2025-11-12T10:10:26.871+0000] {processor.py:914} INFO - Processing file /opt/airflow/dags/fraud_detection_training_dag.py for tasks to queue
[2025-11-12T10:10:26.879+0000] {logging_mixin.py:190} INFO - [2025-11-12T10:10:26.878+0000] {dagbag.py:588} INFO - Filling up the DagBag from /opt/airflow/dags/fraud_detection_training_dag.py
[2025-11-12T10:10:27.443+0000] {processor.py:925} INFO - DAG(s) 'fraud_detection_training' retrieved from /opt/airflow/dags/fraud_detection_training_dag.py
[2025-11-12T10:10:35.634+0000] {logging_mixin.py:190} INFO - [2025-11-12T10:10:35.610+0000] {dag.py:3239} INFO - Sync 1 DAGs
[2025-11-12T10:10:36.344+0000] {logging_mixin.py:190} INFO - [2025-11-12T10:10:36.323+0000] {dag.py:4180} INFO - Setting next_dagrun for fraud_detection_training to 2025-11-11 03:00:00+00:00, run_after=2025-11-12 03:00:00+00:00
[2025-11-12T10:10:37.073+0000] {processor.py:208} INFO - Processing /opt/airflow/dags/fraud_detection_training_dag.py took 10.313 seconds
[2025-11-12T10:11:07.724+0000] {processor.py:186} INFO - Started process (PID=100) to work on /opt/airflow/dags/fraud_detection_training_dag.py
[2025-11-12T10:11:07.736+0000] {processor.py:914} INFO - Processing file /opt/airflow/dags/fraud_detection_training_dag.py for tasks to queue
[2025-11-12T10:11:07.751+0000] {logging_mixin.py:190} INFO - [2025-11-12T10:11:07.750+0000] {dagbag.py:588} INFO - Filling up the DagBag from /opt/airflow/dags/fraud_detection_training_dag.py
[2025-11-12T10:11:08.689+0000] {processor.py:925} INFO - DAG(s) 'fraud_detection_training' retrieved from /opt/airflow/dags/fraud_detection_training_dag.py
[2025-11-12T10:11:09.721+0000] {logging_mixin.py:190} INFO - [2025-11-12T10:11:09.719+0000] {dag.py:3239} INFO - Sync 1 DAGs
[2025-11-12T10:11:10.245+0000] {logging_mixin.py:190} INFO - [2025-11-12T10:11:10.236+0000] {dag.py:4180} INFO - Setting next_dagrun for fraud_detection_training to 2025-11-11 03:00:00+00:00, run_after=2025-11-12 03:00:00+00:00
[2025-11-12T10:11:10.474+0000] {processor.py:208} INFO - Processing /opt/airflow/dags/fraud_detection_training_dag.py took 2.802 seconds
[2025-11-12T10:11:43.869+0000] {processor.py:186} INFO - Started process (PID=109) to work on /opt/airflow/dags/fraud_detection_training_dag.py
[2025-11-12T10:11:44.008+0000] {processor.py:914} INFO - Processing file /opt/airflow/dags/fraud_detection_training_dag.py for tasks to queue
[2025-11-12T10:11:44.574+0000] {logging_mixin.py:190} INFO - [2025-11-12T10:11:44.444+0000] {dagbag.py:588} INFO - Filling up the DagBag from /opt/airflow/dags/fraud_detection_training_dag.py
[2025-11-12T10:11:46.553+0000] {processor.py:925} INFO - DAG(s) 'fraud_detection_training' retrieved from /opt/airflow/dags/fraud_detection_training_dag.py
[2025-11-12T10:11:47.517+0000] {logging_mixin.py:190} INFO - [2025-11-12T10:11:47.517+0000] {dag.py:3239} INFO - Sync 1 DAGs
[2025-11-12T10:11:51.754+0000] {logging_mixin.py:190} INFO - [2025-11-12T10:11:51.753+0000] {dag.py:4180} INFO - Setting next_dagrun for fraud_detection_training to 2025-11-11 03:00:00+00:00, run_after=2025-11-12 03:00:00+00:00
[2025-11-12T10:11:52.186+0000] {processor.py:208} INFO - Processing /opt/airflow/dags/fraud_detection_training_dag.py took 6.046 seconds
[2025-11-12T10:12:24.183+0000] {processor.py:186} INFO - Started process (PID=117) to work on /opt/airflow/dags/fraud_detection_training_dag.py
[2025-11-12T10:12:24.186+0000] {processor.py:914} INFO - Processing file /opt/airflow/dags/fraud_detection_training_dag.py for tasks to queue
[2025-11-12T10:12:24.192+0000] {logging_mixin.py:190} INFO - [2025-11-12T10:12:24.191+0000] {dagbag.py:588} INFO - Filling up the DagBag from /opt/airflow/dags/fraud_detection_training_dag.py
[2025-11-12T10:12:24.465+0000] {processor.py:925} INFO - DAG(s) 'fraud_detection_training' retrieved from /opt/airflow/dags/fraud_detection_training_dag.py
[2025-11-12T10:12:24.737+0000] {logging_mixin.py:190} INFO - [2025-11-12T10:12:24.736+0000] {dag.py:3239} INFO - Sync 1 DAGs
[2025-11-12T10:12:25.059+0000] {logging_mixin.py:190} INFO - [2025-11-12T10:12:25.058+0000] {dag.py:4180} INFO - Setting next_dagrun for fraud_detection_training to 2025-11-11 03:00:00+00:00, run_after=2025-11-12 03:00:00+00:00
[2025-11-12T10:12:25.196+0000] {processor.py:208} INFO - Processing /opt/airflow/dags/fraud_detection_training_dag.py took 1.044 seconds
[2025-11-12T10:12:56.873+0000] {processor.py:186} INFO - Started process (PID=126) to work on /opt/airflow/dags/fraud_detection_training_dag.py
[2025-11-12T10:12:56.892+0000] {processor.py:914} INFO - Processing file /opt/airflow/dags/fraud_detection_training_dag.py for tasks to queue
[2025-11-12T10:12:56.944+0000] {logging_mixin.py:190} INFO - [2025-11-12T10:12:56.943+0000] {dagbag.py:588} INFO - Filling up the DagBag from /opt/airflow/dags/fraud_detection_training_dag.py
[2025-11-12T10:12:57.295+0000] {processor.py:925} INFO - DAG(s) 'fraud_detection_training' retrieved from /opt/airflow/dags/fraud_detection_training_dag.py
[2025-11-12T10:12:57.458+0000] {logging_mixin.py:190} INFO - [2025-11-12T10:12:57.458+0000] {dag.py:3239} INFO - Sync 1 DAGs
[2025-11-12T10:12:57.682+0000] {logging_mixin.py:190} INFO - [2025-11-12T10:12:57.681+0000] {dag.py:4180} INFO - Setting next_dagrun for fraud_detection_training to 2025-11-11 03:00:00+00:00, run_after=2025-11-12 03:00:00+00:00
[2025-11-12T10:12:57.807+0000] {processor.py:208} INFO - Processing /opt/airflow/dags/fraud_detection_training_dag.py took 1.056 seconds
[2025-11-12T10:13:30.791+0000] {processor.py:186} INFO - Started process (PID=134) to work on /opt/airflow/dags/fraud_detection_training_dag.py
[2025-11-12T10:13:30.800+0000] {processor.py:914} INFO - Processing file /opt/airflow/dags/fraud_detection_training_dag.py for tasks to queue
[2025-11-12T10:13:30.811+0000] {logging_mixin.py:190} INFO - [2025-11-12T10:13:30.810+0000] {dagbag.py:588} INFO - Filling up the DagBag from /opt/airflow/dags/fraud_detection_training_dag.py
[2025-11-12T10:13:31.184+0000] {processor.py:925} INFO - DAG(s) 'fraud_detection_training' retrieved from /opt/airflow/dags/fraud_detection_training_dag.py
[2025-11-12T10:13:31.332+0000] {logging_mixin.py:190} INFO - [2025-11-12T10:13:31.332+0000] {dag.py:3239} INFO - Sync 1 DAGs
[2025-11-12T10:13:31.547+0000] {logging_mixin.py:190} INFO - [2025-11-12T10:13:31.547+0000] {dag.py:4180} INFO - Setting next_dagrun for fraud_detection_training to 2025-11-11 03:00:00+00:00, run_after=2025-11-12 03:00:00+00:00
[2025-11-12T10:13:32.010+0000] {processor.py:208} INFO - Processing /opt/airflow/dags/fraud_detection_training_dag.py took 1.261 seconds
[2025-11-12T10:14:04.400+0000] {processor.py:186} INFO - Started process (PID=143) to work on /opt/airflow/dags/fraud_detection_training_dag.py
[2025-11-12T10:14:04.404+0000] {processor.py:914} INFO - Processing file /opt/airflow/dags/fraud_detection_training_dag.py for tasks to queue
[2025-11-12T10:14:04.416+0000] {logging_mixin.py:190} INFO - [2025-11-12T10:14:04.415+0000] {dagbag.py:588} INFO - Filling up the DagBag from /opt/airflow/dags/fraud_detection_training_dag.py
[2025-11-12T10:14:05.262+0000] {processor.py:925} INFO - DAG(s) 'fraud_detection_training' retrieved from /opt/airflow/dags/fraud_detection_training_dag.py
[2025-11-12T10:14:06.524+0000] {logging_mixin.py:190} INFO - [2025-11-12T10:14:06.523+0000] {dag.py:3239} INFO - Sync 1 DAGs
[2025-11-12T10:14:07.201+0000] {logging_mixin.py:190} INFO - [2025-11-12T10:14:07.159+0000] {dag.py:4180} INFO - Setting next_dagrun for fraud_detection_training to 2025-11-11 03:00:00+00:00, run_after=2025-11-12 03:00:00+00:00
[2025-11-12T10:14:08.774+0000] {processor.py:208} INFO - Processing /opt/airflow/dags/fraud_detection_training_dag.py took 4.448 seconds
[2025-11-12T10:14:40.147+0000] {processor.py:186} INFO - Started process (PID=152) to work on /opt/airflow/dags/fraud_detection_training_dag.py
[2025-11-12T10:14:40.149+0000] {processor.py:914} INFO - Processing file /opt/airflow/dags/fraud_detection_training_dag.py for tasks to queue
[2025-11-12T10:14:40.159+0000] {logging_mixin.py:190} INFO - [2025-11-12T10:14:40.159+0000] {dagbag.py:588} INFO - Filling up the DagBag from /opt/airflow/dags/fraud_detection_training_dag.py
[2025-11-12T10:14:40.297+0000] {processor.py:925} INFO - DAG(s) 'fraud_detection_training' retrieved from /opt/airflow/dags/fraud_detection_training_dag.py
[2025-11-12T10:14:40.430+0000] {logging_mixin.py:190} INFO - [2025-11-12T10:14:40.429+0000] {dag.py:3239} INFO - Sync 1 DAGs
[2025-11-12T10:14:40.558+0000] {logging_mixin.py:190} INFO - [2025-11-12T10:14:40.557+0000] {dag.py:4180} INFO - Setting next_dagrun for fraud_detection_training to 2025-11-11 03:00:00+00:00, run_after=2025-11-12 03:00:00+00:00
[2025-11-12T10:14:40.704+0000] {processor.py:208} INFO - Processing /opt/airflow/dags/fraud_detection_training_dag.py took 0.593 seconds
[2025-11-12T10:15:11.368+0000] {processor.py:186} INFO - Started process (PID=161) to work on /opt/airflow/dags/fraud_detection_training_dag.py
[2025-11-12T10:15:11.404+0000] {processor.py:914} INFO - Processing file /opt/airflow/dags/fraud_detection_training_dag.py for tasks to queue
[2025-11-12T10:15:11.411+0000] {logging_mixin.py:190} INFO - [2025-11-12T10:15:11.410+0000] {dagbag.py:588} INFO - Filling up the DagBag from /opt/airflow/dags/fraud_detection_training_dag.py
[2025-11-12T10:15:11.896+0000] {processor.py:925} INFO - DAG(s) 'fraud_detection_training' retrieved from /opt/airflow/dags/fraud_detection_training_dag.py
[2025-11-12T10:15:12.484+0000] {logging_mixin.py:190} INFO - [2025-11-12T10:15:12.478+0000] {dag.py:3239} INFO - Sync 1 DAGs
[2025-11-12T10:15:13.494+0000] {logging_mixin.py:190} INFO - [2025-11-12T10:15:13.492+0000] {dag.py:4180} INFO - Setting next_dagrun for fraud_detection_training to 2025-11-11 03:00:00+00:00, run_after=2025-11-12 03:00:00+00:00
[2025-11-12T10:15:14.126+0000] {processor.py:208} INFO - Processing /opt/airflow/dags/fraud_detection_training_dag.py took 2.801 seconds
[2025-11-12T10:15:44.579+0000] {processor.py:186} INFO - Started process (PID=170) to work on /opt/airflow/dags/fraud_detection_training_dag.py
[2025-11-12T10:15:44.586+0000] {processor.py:914} INFO - Processing file /opt/airflow/dags/fraud_detection_training_dag.py for tasks to queue
[2025-11-12T10:15:44.602+0000] {logging_mixin.py:190} INFO - [2025-11-12T10:15:44.601+0000] {dagbag.py:588} INFO - Filling up the DagBag from /opt/airflow/dags/fraud_detection_training_dag.py
[2025-11-12T10:15:51.416+0000] {processor.py:925} INFO - DAG(s) 'fraud_detection_training' retrieved from /opt/airflow/dags/fraud_detection_training_dag.py
[2025-11-12T10:15:51.814+0000] {logging_mixin.py:190} INFO - [2025-11-12T10:15:51.814+0000] {dag.py:3239} INFO - Sync 1 DAGs
[2025-11-12T10:15:52.113+0000] {logging_mixin.py:190} INFO - [2025-11-12T10:15:52.112+0000] {dag.py:4180} INFO - Setting next_dagrun for fraud_detection_training to 2025-11-11 03:00:00+00:00, run_after=2025-11-12 03:00:00+00:00
[2025-11-12T10:15:52.558+0000] {processor.py:208} INFO - Processing /opt/airflow/dags/fraud_detection_training_dag.py took 8.075 seconds
[2025-11-12T10:16:26.134+0000] {processor.py:186} INFO - Started process (PID=179) to work on /opt/airflow/dags/fraud_detection_training_dag.py
[2025-11-12T10:16:26.317+0000] {processor.py:914} INFO - Processing file /opt/airflow/dags/fraud_detection_training_dag.py for tasks to queue
[2025-11-12T10:16:27.100+0000] {logging_mixin.py:190} INFO - [2025-11-12T10:16:27.068+0000] {dagbag.py:588} INFO - Filling up the DagBag from /opt/airflow/dags/fraud_detection_training_dag.py
[2025-11-12T10:16:33.079+0000] {processor.py:925} INFO - DAG(s) 'fraud_detection_training' retrieved from /opt/airflow/dags/fraud_detection_training_dag.py
[2025-11-12T10:16:34.065+0000] {logging_mixin.py:190} INFO - [2025-11-12T10:16:34.064+0000] {dag.py:3239} INFO - Sync 1 DAGs
[2025-11-12T10:16:41.485+0000] {logging_mixin.py:190} INFO - [2025-11-12T10:16:41.266+0000] {dag.py:4180} INFO - Setting next_dagrun for fraud_detection_training to 2025-11-11 03:00:00+00:00, run_after=2025-11-12 03:00:00+00:00
[2025-11-12T10:16:51.963+0000] {processor.py:208} INFO - Processing /opt/airflow/dags/fraud_detection_training_dag.py took 23.797 seconds
[2025-11-12T10:17:25.330+0000] {processor.py:186} INFO - Started process (PID=189) to work on /opt/airflow/dags/fraud_detection_training_dag.py
[2025-11-12T10:17:25.334+0000] {processor.py:914} INFO - Processing file /opt/airflow/dags/fraud_detection_training_dag.py for tasks to queue
[2025-11-12T10:17:25.378+0000] {logging_mixin.py:190} INFO - [2025-11-12T10:17:25.377+0000] {dagbag.py:588} INFO - Filling up the DagBag from /opt/airflow/dags/fraud_detection_training_dag.py
[2025-11-12T10:17:26.741+0000] {processor.py:925} INFO - DAG(s) 'fraud_detection_training' retrieved from /opt/airflow/dags/fraud_detection_training_dag.py
[2025-11-12T10:17:29.857+0000] {logging_mixin.py:190} INFO - [2025-11-12T10:17:29.857+0000] {dag.py:3239} INFO - Sync 1 DAGs
[2025-11-12T10:17:31.229+0000] {logging_mixin.py:190} INFO - [2025-11-12T10:17:31.228+0000] {dag.py:4180} INFO - Setting next_dagrun for fraud_detection_training to 2025-11-11 03:00:00+00:00, run_after=2025-11-12 03:00:00+00:00
[2025-11-12T10:17:32.781+0000] {processor.py:208} INFO - Processing /opt/airflow/dags/fraud_detection_training_dag.py took 7.527 seconds
[2025-11-12T10:18:07.815+0000] {processor.py:186} INFO - Started process (PID=204) to work on /opt/airflow/dags/fraud_detection_training_dag.py
[2025-11-12T10:18:08.700+0000] {processor.py:914} INFO - Processing file /opt/airflow/dags/fraud_detection_training_dag.py for tasks to queue
[2025-11-12T10:18:10.386+0000] {logging_mixin.py:190} INFO - [2025-11-12T10:18:10.316+0000] {dagbag.py:588} INFO - Filling up the DagBag from /opt/airflow/dags/fraud_detection_training_dag.py
[2025-11-12T10:18:18.100+0000] {processor.py:925} INFO - DAG(s) 'fraud_detection_training' retrieved from /opt/airflow/dags/fraud_detection_training_dag.py
[2025-11-12T10:18:20.858+0000] {logging_mixin.py:190} INFO - [2025-11-12T10:18:20.741+0000] {dag.py:3239} INFO - Sync 1 DAGs
[2025-11-12T10:18:27.541+0000] {logging_mixin.py:190} INFO - [2025-11-12T10:18:27.535+0000] {dag.py:4180} INFO - Setting next_dagrun for fraud_detection_training to 2025-11-11 03:00:00+00:00, run_after=2025-11-12 03:00:00+00:00
[2025-11-12T10:18:33.302+0000] {processor.py:208} INFO - Processing /opt/airflow/dags/fraud_detection_training_dag.py took 25.985 seconds
[2025-11-12T10:19:08.043+0000] {processor.py:186} INFO - Started process (PID=214) to work on /opt/airflow/dags/fraud_detection_training_dag.py
[2025-11-12T10:19:08.372+0000] {processor.py:914} INFO - Processing file /opt/airflow/dags/fraud_detection_training_dag.py for tasks to queue
[2025-11-12T10:19:09.104+0000] {logging_mixin.py:190} INFO - [2025-11-12T10:19:09.050+0000] {dagbag.py:588} INFO - Filling up the DagBag from /opt/airflow/dags/fraud_detection_training_dag.py
[2025-11-12T10:19:15.910+0000] {processor.py:925} INFO - DAG(s) 'fraud_detection_training' retrieved from /opt/airflow/dags/fraud_detection_training_dag.py
[2025-11-12T10:19:16.561+0000] {logging_mixin.py:190} INFO - [2025-11-12T10:19:16.561+0000] {dag.py:3239} INFO - Sync 1 DAGs
[2025-11-12T10:19:17.344+0000] {logging_mixin.py:190} INFO - [2025-11-12T10:19:17.343+0000] {dag.py:4180} INFO - Setting next_dagrun for fraud_detection_training to 2025-11-11 03:00:00+00:00, run_after=2025-11-12 03:00:00+00:00
[2025-11-12T10:19:17.748+0000] {processor.py:208} INFO - Processing /opt/airflow/dags/fraud_detection_training_dag.py took 11.475 seconds
[2025-11-12T10:19:48.731+0000] {processor.py:186} INFO - Started process (PID=230) to work on /opt/airflow/dags/fraud_detection_training_dag.py
[2025-11-12T10:19:48.786+0000] {processor.py:914} INFO - Processing file /opt/airflow/dags/fraud_detection_training_dag.py for tasks to queue
[2025-11-12T10:19:55.287+0000] {logging_mixin.py:190} INFO - [2025-11-12T10:19:55.223+0000] {dagbag.py:588} INFO - Filling up the DagBag from /opt/airflow/dags/fraud_detection_training_dag.py
[2025-11-12T10:19:57.632+0000] {processor.py:925} INFO - DAG(s) 'fraud_detection_training' retrieved from /opt/airflow/dags/fraud_detection_training_dag.py
[2025-11-12T10:19:58.968+0000] {logging_mixin.py:190} INFO - [2025-11-12T10:19:58.936+0000] {dag.py:3239} INFO - Sync 1 DAGs
[2025-11-12T10:19:59.970+0000] {logging_mixin.py:190} INFO - [2025-11-12T10:19:59.969+0000] {dag.py:4180} INFO - Setting next_dagrun for fraud_detection_training to 2025-11-11 03:00:00+00:00, run_after=2025-11-12 03:00:00+00:00
[2025-11-12T10:20:06.262+0000] {processor.py:208} INFO - Processing /opt/airflow/dags/fraud_detection_training_dag.py took 16.553 seconds
[2025-11-12T10:20:42.155+0000] {processor.py:186} INFO - Started process (PID=239) to work on /opt/airflow/dags/fraud_detection_training_dag.py
[2025-11-12T10:20:42.169+0000] {processor.py:914} INFO - Processing file /opt/airflow/dags/fraud_detection_training_dag.py for tasks to queue
[2025-11-12T10:20:56.302+0000] {logging_mixin.py:190} INFO - [2025-11-12T10:20:56.113+0000] {dagbag.py:588} INFO - Filling up the DagBag from /opt/airflow/dags/fraud_detection_training_dag.py
[2025-11-12T10:20:58.518+0000] {processor.py:925} INFO - DAG(s) 'fraud_detection_training' retrieved from /opt/airflow/dags/fraud_detection_training_dag.py
[2025-11-12T10:21:00.425+0000] {logging_mixin.py:190} INFO - [2025-11-12T10:21:00.425+0000] {dag.py:3239} INFO - Sync 1 DAGs
[2025-11-12T10:21:01.494+0000] {logging_mixin.py:190} INFO - [2025-11-12T10:21:01.493+0000] {dag.py:4180} INFO - Setting next_dagrun for fraud_detection_training to 2025-11-11 03:00:00+00:00, run_after=2025-11-12 03:00:00+00:00
[2025-11-12T10:23:09.568+0000] {processor.py:186} INFO - Started process (PID=246) to work on /opt/airflow/dags/fraud_detection_training_dag.py
[2025-11-12T10:23:09.863+0000] {processor.py:914} INFO - Processing file /opt/airflow/dags/fraud_detection_training_dag.py for tasks to queue
[2025-11-12T10:23:09.927+0000] {logging_mixin.py:190} INFO - [2025-11-12T10:23:09.927+0000] {dagbag.py:588} INFO - Filling up the DagBag from /opt/airflow/dags/fraud_detection_training_dag.py
[2025-11-12T10:23:22.995+0000] {processor.py:925} INFO - DAG(s) 'fraud_detection_training' retrieved from /opt/airflow/dags/fraud_detection_training_dag.py
[2025-11-12T10:23:25.109+0000] {logging_mixin.py:190} INFO - [2025-11-12T10:23:25.109+0000] {dag.py:3239} INFO - Sync 1 DAGs
[2025-11-12T10:23:26.059+0000] {logging_mixin.py:190} INFO - [2025-11-12T10:23:26.058+0000] {dag.py:4180} INFO - Setting next_dagrun for fraud_detection_training to 2025-11-11 03:00:00+00:00, run_after=2025-11-12 03:00:00+00:00
[2025-11-12T10:23:37.286+0000] {processor.py:208} INFO - Processing /opt/airflow/dags/fraud_detection_training_dag.py took 27.786 seconds
[2025-11-12T10:24:09.680+0000] {processor.py:186} INFO - Started process (PID=258) to work on /opt/airflow/dags/fraud_detection_training_dag.py
[2025-11-12T10:24:10.372+0000] {processor.py:914} INFO - Processing file /opt/airflow/dags/fraud_detection_training_dag.py for tasks to queue
[2025-11-12T10:24:11.313+0000] {logging_mixin.py:190} INFO - [2025-11-12T10:24:11.128+0000] {dagbag.py:588} INFO - Filling up the DagBag from /opt/airflow/dags/fraud_detection_training_dag.py
[2025-11-12T10:24:15.339+0000] {processor.py:925} INFO - DAG(s) 'fraud_detection_training' retrieved from /opt/airflow/dags/fraud_detection_training_dag.py
[2025-11-12T10:24:16.204+0000] {logging_mixin.py:190} INFO - [2025-11-12T10:24:16.203+0000] {dag.py:3239} INFO - Sync 1 DAGs
[2025-11-12T10:24:17.617+0000] {logging_mixin.py:190} INFO - [2025-11-12T10:24:17.616+0000] {dag.py:4180} INFO - Setting next_dagrun for fraud_detection_training to 2025-11-11 03:00:00+00:00, run_after=2025-11-12 03:00:00+00:00
[2025-11-12T10:24:55.443+0000] {processor.py:208} INFO - Processing /opt/airflow/dags/fraud_detection_training_dag.py took 44.550 seconds
[2025-11-12T10:25:26.712+0000] {processor.py:186} INFO - Started process (PID=274) to work on /opt/airflow/dags/fraud_detection_training_dag.py
[2025-11-12T10:25:26.774+0000] {processor.py:914} INFO - Processing file /opt/airflow/dags/fraud_detection_training_dag.py for tasks to queue
[2025-11-12T10:25:27.326+0000] {logging_mixin.py:190} INFO - [2025-11-12T10:25:27.028+0000] {dagbag.py:588} INFO - Filling up the DagBag from /opt/airflow/dags/fraud_detection_training_dag.py
[2025-11-12T10:25:29.679+0000] {processor.py:925} INFO - DAG(s) 'fraud_detection_training' retrieved from /opt/airflow/dags/fraud_detection_training_dag.py
[2025-11-12T10:25:31.188+0000] {logging_mixin.py:190} INFO - [2025-11-12T10:25:31.187+0000] {dag.py:3239} INFO - Sync 1 DAGs
[2025-11-12T10:25:31.687+0000] {logging_mixin.py:190} INFO - [2025-11-12T10:25:31.686+0000] {dag.py:4180} INFO - Setting next_dagrun for fraud_detection_training to 2025-11-11 03:00:00+00:00, run_after=2025-11-12 03:00:00+00:00
[2025-11-12T10:25:32.077+0000] {processor.py:208} INFO - Processing /opt/airflow/dags/fraud_detection_training_dag.py took 5.717 seconds
[2025-11-12T10:26:08.346+0000] {processor.py:186} INFO - Started process (PID=282) to work on /opt/airflow/dags/fraud_detection_training_dag.py
[2025-11-12T10:26:08.390+0000] {processor.py:914} INFO - Processing file /opt/airflow/dags/fraud_detection_training_dag.py for tasks to queue
[2025-11-12T10:26:08.718+0000] {logging_mixin.py:190} INFO - [2025-11-12T10:26:08.716+0000] {dagbag.py:588} INFO - Filling up the DagBag from /opt/airflow/dags/fraud_detection_training_dag.py
[2025-11-12T10:26:13.892+0000] {processor.py:925} INFO - DAG(s) 'fraud_detection_training' retrieved from /opt/airflow/dags/fraud_detection_training_dag.py
[2025-11-12T10:26:47.612+0000] {logging_mixin.py:190} INFO - [2025-11-12T10:26:47.589+0000] {dag.py:3239} INFO - Sync 1 DAGs
[2025-11-12T10:26:51.748+0000] {logging_mixin.py:190} INFO - [2025-11-12T10:26:51.745+0000] {dag.py:4180} INFO - Setting next_dagrun for fraud_detection_training to 2025-11-11 03:00:00+00:00, run_after=2025-11-12 03:00:00+00:00
[2025-11-12T10:26:53.630+0000] {processor.py:208} INFO - Processing /opt/airflow/dags/fraud_detection_training_dag.py took 41.032 seconds
[2025-11-12T10:27:48.485+0000] {processor.py:186} INFO - Started process (PID=299) to work on /opt/airflow/dags/fraud_detection_training_dag.py
[2025-11-12T10:27:48.546+0000] {processor.py:914} INFO - Processing file /opt/airflow/dags/fraud_detection_training_dag.py for tasks to queue
[2025-11-12T10:27:49.321+0000] {logging_mixin.py:190} INFO - [2025-11-12T10:27:49.309+0000] {dagbag.py:588} INFO - Filling up the DagBag from /opt/airflow/dags/fraud_detection_training_dag.py
[2025-11-12T10:28:12.212+0000] {processor.py:925} INFO - DAG(s) 'fraud_detection_training' retrieved from /opt/airflow/dags/fraud_detection_training_dag.py
[2025-11-12T10:28:13.625+0000] {logging_mixin.py:190} INFO - [2025-11-12T10:28:13.625+0000] {dag.py:3239} INFO - Sync 1 DAGs
[2025-11-12T10:28:22.811+0000] {logging_mixin.py:190} INFO - [2025-11-12T10:28:22.810+0000] {dag.py:4180} INFO - Setting next_dagrun for fraud_detection_training to 2025-11-11 03:00:00+00:00, run_after=2025-11-12 03:00:00+00:00
[2025-11-12T10:28:24.074+0000] {processor.py:208} INFO - Processing /opt/airflow/dags/fraud_detection_training_dag.py took 36.801 seconds
[2025-11-12T10:28:58.755+0000] {processor.py:186} INFO - Started process (PID=309) to work on /opt/airflow/dags/fraud_detection_training_dag.py
[2025-11-12T10:28:58.771+0000] {processor.py:914} INFO - Processing file /opt/airflow/dags/fraud_detection_training_dag.py for tasks to queue
[2025-11-12T10:29:00.597+0000] {logging_mixin.py:190} INFO - [2025-11-12T10:28:58.894+0000] {dagbag.py:588} INFO - Filling up the DagBag from /opt/airflow/dags/fraud_detection_training_dag.py
[2025-11-12T10:29:06.400+0000] {processor.py:925} INFO - DAG(s) 'fraud_detection_training' retrieved from /opt/airflow/dags/fraud_detection_training_dag.py
[2025-11-12T10:29:12.268+0000] {logging_mixin.py:190} INFO - [2025-11-12T10:29:12.267+0000] {dag.py:3239} INFO - Sync 1 DAGs
[2025-11-12T10:29:18.267+0000] {logging_mixin.py:190} INFO - [2025-11-12T10:29:18.119+0000] {dag.py:4180} INFO - Setting next_dagrun for fraud_detection_training to 2025-11-11 03:00:00+00:00, run_after=2025-11-12 03:00:00+00:00
[2025-11-12T10:29:20.322+0000] {processor.py:208} INFO - Processing /opt/airflow/dags/fraud_detection_training_dag.py took 23.681 seconds
[2025-11-12T10:29:51.461+0000] {processor.py:186} INFO - Started process (PID=318) to work on /opt/airflow/dags/fraud_detection_training_dag.py
[2025-11-12T10:29:51.477+0000] {processor.py:914} INFO - Processing file /opt/airflow/dags/fraud_detection_training_dag.py for tasks to queue
[2025-11-12T10:29:51.535+0000] {logging_mixin.py:190} INFO - [2025-11-12T10:29:51.518+0000] {dagbag.py:588} INFO - Filling up the DagBag from /opt/airflow/dags/fraud_detection_training_dag.py
[2025-11-12T10:29:54.863+0000] {processor.py:925} INFO - DAG(s) 'fraud_detection_training' retrieved from /opt/airflow/dags/fraud_detection_training_dag.py
[2025-11-12T10:29:55.824+0000] {logging_mixin.py:190} INFO - [2025-11-12T10:29:55.823+0000] {dag.py:3239} INFO - Sync 1 DAGs
[2025-11-12T10:29:56.180+0000] {logging_mixin.py:190} INFO - [2025-11-12T10:29:56.180+0000] {dag.py:4180} INFO - Setting next_dagrun for fraud_detection_training to 2025-11-11 03:00:00+00:00, run_after=2025-11-12 03:00:00+00:00
[2025-11-12T10:29:56.426+0000] {processor.py:208} INFO - Processing /opt/airflow/dags/fraud_detection_training_dag.py took 5.109 seconds
[2025-11-12T10:30:27.181+0000] {processor.py:186} INFO - Started process (PID=328) to work on /opt/airflow/dags/fraud_detection_training_dag.py
[2025-11-12T10:30:27.184+0000] {processor.py:914} INFO - Processing file /opt/airflow/dags/fraud_detection_training_dag.py for tasks to queue
[2025-11-12T10:30:27.210+0000] {logging_mixin.py:190} INFO - [2025-11-12T10:30:27.208+0000] {dagbag.py:588} INFO - Filling up the DagBag from /opt/airflow/dags/fraud_detection_training_dag.py
[2025-11-12T10:31:27.244+0000] {logging_mixin.py:190} INFO - [2025-11-12T10:31:17.447+0000] {timeout.py:68} ERROR - Process timed out, PID: 328
[2025-11-12T10:42:37.554+0000] {processor.py:186} INFO - Started process (PID=120) to work on /opt/airflow/dags/fraud_detection_training_dag.py
[2025-11-12T10:42:37.905+0000] {processor.py:914} INFO - Processing file /opt/airflow/dags/fraud_detection_training_dag.py for tasks to queue
[2025-11-12T10:42:38.567+0000] {logging_mixin.py:190} INFO - [2025-11-12T10:42:38.560+0000] {dagbag.py:588} INFO - Filling up the DagBag from /opt/airflow/dags/fraud_detection_training_dag.py
[2025-11-12T10:42:48.484+0000] {processor.py:925} INFO - DAG(s) 'fraud_detection_training' retrieved from /opt/airflow/dags/fraud_detection_training_dag.py
[2025-11-12T10:42:58.556+0000] {logging_mixin.py:190} INFO - [2025-11-12T10:42:58.001+0000] {dag.py:3239} INFO - Sync 1 DAGs
[2025-11-12T10:43:42.358+0000] {processor.py:186} INFO - Started process (PID=131) to work on /opt/airflow/dags/fraud_detection_training_dag.py
[2025-11-12T10:43:42.512+0000] {processor.py:914} INFO - Processing file /opt/airflow/dags/fraud_detection_training_dag.py for tasks to queue
[2025-11-12T10:43:43.651+0000] {logging_mixin.py:190} INFO - [2025-11-12T10:43:43.534+0000] {dagbag.py:588} INFO - Filling up the DagBag from /opt/airflow/dags/fraud_detection_training_dag.py
[2025-11-12T10:43:49.136+0000] {processor.py:925} INFO - DAG(s) 'fraud_detection_training' retrieved from /opt/airflow/dags/fraud_detection_training_dag.py
[2025-11-12T10:43:59.358+0000] {logging_mixin.py:190} INFO - [2025-11-12T10:43:59.357+0000] {dag.py:3239} INFO - Sync 1 DAGs
[2025-11-12T10:44:00.995+0000] {logging_mixin.py:190} INFO - [2025-11-12T10:44:00.995+0000] {dag.py:4180} INFO - Setting next_dagrun for fraud_detection_training to 2025-11-11 03:00:00+00:00, run_after=2025-11-12 03:00:00+00:00
[2025-11-12T10:44:01.750+0000] {processor.py:208} INFO - Processing /opt/airflow/dags/fraud_detection_training_dag.py took 18.760 seconds
[2025-11-12T10:44:33.361+0000] {processor.py:186} INFO - Started process (PID=148) to work on /opt/airflow/dags/fraud_detection_training_dag.py
[2025-11-12T10:44:33.364+0000] {processor.py:914} INFO - Processing file /opt/airflow/dags/fraud_detection_training_dag.py for tasks to queue
[2025-11-12T10:44:33.370+0000] {logging_mixin.py:190} INFO - [2025-11-12T10:44:33.369+0000] {dagbag.py:588} INFO - Filling up the DagBag from /opt/airflow/dags/fraud_detection_training_dag.py
[2025-11-12T10:44:34.064+0000] {processor.py:925} INFO - DAG(s) 'fraud_detection_training' retrieved from /opt/airflow/dags/fraud_detection_training_dag.py
[2025-11-12T10:44:34.586+0000] {logging_mixin.py:190} INFO - [2025-11-12T10:44:34.571+0000] {dag.py:3239} INFO - Sync 1 DAGs
[2025-11-12T10:44:35.445+0000] {logging_mixin.py:190} INFO - [2025-11-12T10:44:35.444+0000] {dag.py:4180} INFO - Setting next_dagrun for fraud_detection_training to 2025-11-11 03:00:00+00:00, run_after=2025-11-12 03:00:00+00:00
[2025-11-12T10:44:36.036+0000] {processor.py:208} INFO - Processing /opt/airflow/dags/fraud_detection_training_dag.py took 2.768 seconds
[2025-11-12T10:45:06.796+0000] {processor.py:186} INFO - Started process (PID=158) to work on /opt/airflow/dags/fraud_detection_training_dag.py
[2025-11-12T10:45:06.825+0000] {processor.py:914} INFO - Processing file /opt/airflow/dags/fraud_detection_training_dag.py for tasks to queue
[2025-11-12T10:45:06.838+0000] {logging_mixin.py:190} INFO - [2025-11-12T10:45:06.837+0000] {dagbag.py:588} INFO - Filling up the DagBag from /opt/airflow/dags/fraud_detection_training_dag.py
[2025-11-12T10:45:07.376+0000] {processor.py:925} INFO - DAG(s) 'fraud_detection_training' retrieved from /opt/airflow/dags/fraud_detection_training_dag.py
[2025-11-12T10:45:07.503+0000] {logging_mixin.py:190} INFO - [2025-11-12T10:45:07.502+0000] {dag.py:3239} INFO - Sync 1 DAGs
[2025-11-12T10:45:07.730+0000] {logging_mixin.py:190} INFO - [2025-11-12T10:45:07.724+0000] {dag.py:4180} INFO - Setting next_dagrun for fraud_detection_training to 2025-11-11 03:00:00+00:00, run_after=2025-11-12 03:00:00+00:00
[2025-11-12T10:45:08.027+0000] {processor.py:208} INFO - Processing /opt/airflow/dags/fraud_detection_training_dag.py took 1.315 seconds
[2025-11-12T10:45:58.779+0000] {processor.py:186} INFO - Started process (PID=168) to work on /opt/airflow/dags/fraud_detection_training_dag.py
[2025-11-12T10:45:58.874+0000] {processor.py:914} INFO - Processing file /opt/airflow/dags/fraud_detection_training_dag.py for tasks to queue
[2025-11-12T10:45:59.182+0000] {logging_mixin.py:190} INFO - [2025-11-12T10:45:59.164+0000] {dagbag.py:588} INFO - Filling up the DagBag from /opt/airflow/dags/fraud_detection_training_dag.py
[2025-11-12T10:46:00.599+0000] {processor.py:925} INFO - DAG(s) 'fraud_detection_training' retrieved from /opt/airflow/dags/fraud_detection_training_dag.py
[2025-11-12T10:46:02.222+0000] {logging_mixin.py:190} INFO - [2025-11-12T10:46:02.220+0000] {dag.py:3239} INFO - Sync 1 DAGs
[2025-11-12T10:46:04.807+0000] {logging_mixin.py:190} INFO - [2025-11-12T10:46:04.807+0000] {dag.py:4180} INFO - Setting next_dagrun for fraud_detection_training to 2025-11-11 03:00:00+00:00, run_after=2025-11-12 03:00:00+00:00
[2025-11-12T10:46:05.277+0000] {processor.py:208} INFO - Processing /opt/airflow/dags/fraud_detection_training_dag.py took 7.322 seconds
[2025-11-12T10:46:39.271+0000] {processor.py:186} INFO - Started process (PID=177) to work on /opt/airflow/dags/fraud_detection_training_dag.py
[2025-11-12T10:46:42.235+0000] {processor.py:914} INFO - Processing file /opt/airflow/dags/fraud_detection_training_dag.py for tasks to queue
[2025-11-12T10:46:42.397+0000] {logging_mixin.py:190} INFO - [2025-11-12T10:46:42.341+0000] {dagbag.py:588} INFO - Filling up the DagBag from /opt/airflow/dags/fraud_detection_training_dag.py
[2025-11-12T10:46:44.428+0000] {processor.py:925} INFO - DAG(s) 'fraud_detection_training' retrieved from /opt/airflow/dags/fraud_detection_training_dag.py
[2025-11-12T10:46:44.921+0000] {logging_mixin.py:190} INFO - [2025-11-12T10:46:44.920+0000] {dag.py:3239} INFO - Sync 1 DAGs
[2025-11-12T10:46:46.862+0000] {logging_mixin.py:190} INFO - [2025-11-12T10:46:46.860+0000] {dag.py:4180} INFO - Setting next_dagrun for fraud_detection_training to 2025-11-11 03:00:00+00:00, run_after=2025-11-12 03:00:00+00:00
[2025-11-12T10:46:47.405+0000] {processor.py:208} INFO - Processing /opt/airflow/dags/fraud_detection_training_dag.py took 8.363 seconds
[2025-11-12T10:47:26.509+0000] {processor.py:186} INFO - Started process (PID=185) to work on /opt/airflow/dags/fraud_detection_training_dag.py
[2025-11-12T10:47:26.726+0000] {processor.py:914} INFO - Processing file /opt/airflow/dags/fraud_detection_training_dag.py for tasks to queue
[2025-11-12T10:47:26.867+0000] {logging_mixin.py:190} INFO - [2025-11-12T10:47:26.821+0000] {dagbag.py:588} INFO - Filling up the DagBag from /opt/airflow/dags/fraud_detection_training_dag.py
[2025-11-12T10:47:30.594+0000] {processor.py:925} INFO - DAG(s) 'fraud_detection_training' retrieved from /opt/airflow/dags/fraud_detection_training_dag.py
[2025-11-12T10:47:32.507+0000] {logging_mixin.py:190} INFO - [2025-11-12T10:47:32.505+0000] {dag.py:3239} INFO - Sync 1 DAGs
[2025-11-12T10:47:43.600+0000] {logging_mixin.py:190} INFO - [2025-11-12T10:47:43.599+0000] {dag.py:4180} INFO - Setting next_dagrun for fraud_detection_training to 2025-11-11 03:00:00+00:00, run_after=2025-11-12 03:00:00+00:00
[2025-11-12T10:47:47.526+0000] {processor.py:208} INFO - Processing /opt/airflow/dags/fraud_detection_training_dag.py took 18.752 seconds
[2025-11-12T10:48:22.640+0000] {processor.py:186} INFO - Started process (PID=200) to work on /opt/airflow/dags/fraud_detection_training_dag.py
[2025-11-12T10:48:22.727+0000] {processor.py:914} INFO - Processing file /opt/airflow/dags/fraud_detection_training_dag.py for tasks to queue
[2025-11-12T10:48:23.010+0000] {logging_mixin.py:190} INFO - [2025-11-12T10:48:22.948+0000] {dagbag.py:588} INFO - Filling up the DagBag from /opt/airflow/dags/fraud_detection_training_dag.py
[2025-11-12T10:48:27.173+0000] {processor.py:925} INFO - DAG(s) 'fraud_detection_training' retrieved from /opt/airflow/dags/fraud_detection_training_dag.py
[2025-11-12T10:48:27.726+0000] {logging_mixin.py:190} INFO - [2025-11-12T10:48:27.726+0000] {dag.py:3239} INFO - Sync 1 DAGs
[2025-11-12T10:48:28.630+0000] {logging_mixin.py:190} INFO - [2025-11-12T10:48:28.629+0000] {dag.py:4180} INFO - Setting next_dagrun for fraud_detection_training to 2025-11-11 03:00:00+00:00, run_after=2025-11-12 03:00:00+00:00
[2025-11-12T10:48:29.011+0000] {processor.py:208} INFO - Processing /opt/airflow/dags/fraud_detection_training_dag.py took 6.865 seconds
[2025-11-12T10:49:03.904+0000] {processor.py:186} INFO - Started process (PID=211) to work on /opt/airflow/dags/fraud_detection_training_dag.py
[2025-11-12T10:49:04.029+0000] {processor.py:914} INFO - Processing file /opt/airflow/dags/fraud_detection_training_dag.py for tasks to queue
[2025-11-12T10:49:04.135+0000] {logging_mixin.py:190} INFO - [2025-11-12T10:49:04.112+0000] {dagbag.py:588} INFO - Filling up the DagBag from /opt/airflow/dags/fraud_detection_training_dag.py
[2025-11-12T10:49:09.473+0000] {processor.py:925} INFO - DAG(s) 'fraud_detection_training' retrieved from /opt/airflow/dags/fraud_detection_training_dag.py
[2025-11-12T10:49:12.807+0000] {logging_mixin.py:190} INFO - [2025-11-12T10:49:12.806+0000] {dag.py:3239} INFO - Sync 1 DAGs
[2025-11-12T10:49:13.686+0000] {logging_mixin.py:190} INFO - [2025-11-12T10:49:13.685+0000] {dag.py:4180} INFO - Setting next_dagrun for fraud_detection_training to 2025-11-11 03:00:00+00:00, run_after=2025-11-12 03:00:00+00:00
[2025-11-12T10:49:15.524+0000] {processor.py:208} INFO - Processing /opt/airflow/dags/fraud_detection_training_dag.py took 12.208 seconds
[2025-11-12T10:49:46.736+0000] {processor.py:186} INFO - Started process (PID=220) to work on /opt/airflow/dags/fraud_detection_training_dag.py
[2025-11-12T10:49:46.776+0000] {processor.py:914} INFO - Processing file /opt/airflow/dags/fraud_detection_training_dag.py for tasks to queue
[2025-11-12T10:49:46.843+0000] {logging_mixin.py:190} INFO - [2025-11-12T10:49:46.786+0000] {dagbag.py:588} INFO - Filling up the DagBag from /opt/airflow/dags/fraud_detection_training_dag.py
[2025-11-12T10:49:47.921+0000] {processor.py:925} INFO - DAG(s) 'fraud_detection_training' retrieved from /opt/airflow/dags/fraud_detection_training_dag.py
[2025-11-12T10:49:48.820+0000] {logging_mixin.py:190} INFO - [2025-11-12T10:49:48.819+0000] {dag.py:3239} INFO - Sync 1 DAGs
[2025-11-12T10:49:51.183+0000] {logging_mixin.py:190} INFO - [2025-11-12T10:49:51.182+0000] {dag.py:4180} INFO - Setting next_dagrun for fraud_detection_training to 2025-11-11 03:00:00+00:00, run_after=2025-11-12 03:00:00+00:00
[2025-11-12T10:49:51.619+0000] {processor.py:208} INFO - Processing /opt/airflow/dags/fraud_detection_training_dag.py took 5.143 seconds
[2025-11-12T10:50:23.430+0000] {processor.py:186} INFO - Started process (PID=228) to work on /opt/airflow/dags/fraud_detection_training_dag.py
[2025-11-12T10:50:23.458+0000] {processor.py:914} INFO - Processing file /opt/airflow/dags/fraud_detection_training_dag.py for tasks to queue
[2025-11-12T10:50:23.487+0000] {logging_mixin.py:190} INFO - [2025-11-12T10:50:23.476+0000] {dagbag.py:588} INFO - Filling up the DagBag from /opt/airflow/dags/fraud_detection_training_dag.py
[2025-11-12T10:50:24.053+0000] {processor.py:925} INFO - DAG(s) 'fraud_detection_training' retrieved from /opt/airflow/dags/fraud_detection_training_dag.py
[2025-11-12T10:50:25.101+0000] {logging_mixin.py:190} INFO - [2025-11-12T10:50:25.101+0000] {dag.py:3239} INFO - Sync 1 DAGs
[2025-11-12T10:50:26.102+0000] {logging_mixin.py:190} INFO - [2025-11-12T10:50:26.101+0000] {dag.py:4180} INFO - Setting next_dagrun for fraud_detection_training to 2025-11-11 03:00:00+00:00, run_after=2025-11-12 03:00:00+00:00
[2025-11-12T10:50:26.613+0000] {processor.py:208} INFO - Processing /opt/airflow/dags/fraud_detection_training_dag.py took 3.234 seconds
[2025-11-12T10:51:06.670+0000] {processor.py:186} INFO - Started process (PID=237) to work on /opt/airflow/dags/fraud_detection_training_dag.py
[2025-11-12T10:51:06.675+0000] {processor.py:914} INFO - Processing file /opt/airflow/dags/fraud_detection_training_dag.py for tasks to queue
[2025-11-12T10:51:06.694+0000] {logging_mixin.py:190} INFO - [2025-11-12T10:51:06.693+0000] {dagbag.py:588} INFO - Filling up the DagBag from /opt/airflow/dags/fraud_detection_training_dag.py
[2025-11-12T10:51:22.140+0000] {processor.py:925} INFO - DAG(s) 'fraud_detection_training' retrieved from /opt/airflow/dags/fraud_detection_training_dag.py
[2025-11-12T10:51:23.716+0000] {logging_mixin.py:190} INFO - [2025-11-12T10:51:23.716+0000] {dag.py:3239} INFO - Sync 1 DAGs
[2025-11-12T10:51:32.805+0000] {logging_mixin.py:190} INFO - [2025-11-12T10:51:32.805+0000] {dag.py:4180} INFO - Setting next_dagrun for fraud_detection_training to 2025-11-11 03:00:00+00:00, run_after=2025-11-12 03:00:00+00:00
[2025-11-12T10:51:49.563+0000] {processor.py:208} INFO - Processing /opt/airflow/dags/fraud_detection_training_dag.py took 43.186 seconds
[2025-11-12T10:52:23.916+0000] {processor.py:186} INFO - Started process (PID=252) to work on /opt/airflow/dags/fraud_detection_training_dag.py
[2025-11-12T10:52:23.947+0000] {processor.py:914} INFO - Processing file /opt/airflow/dags/fraud_detection_training_dag.py for tasks to queue
[2025-11-12T10:52:23.992+0000] {logging_mixin.py:190} INFO - [2025-11-12T10:52:23.971+0000] {dagbag.py:588} INFO - Filling up the DagBag from /opt/airflow/dags/fraud_detection_training_dag.py
[2025-11-12T10:52:26.896+0000] {processor.py:925} INFO - DAG(s) 'fraud_detection_training' retrieved from /opt/airflow/dags/fraud_detection_training_dag.py
[2025-11-12T10:52:31.008+0000] {logging_mixin.py:190} INFO - [2025-11-12T10:52:31.007+0000] {dag.py:3239} INFO - Sync 1 DAGs
[2025-11-12T10:52:32.540+0000] {logging_mixin.py:190} INFO - [2025-11-12T10:52:32.539+0000] {dag.py:4180} INFO - Setting next_dagrun for fraud_detection_training to 2025-11-11 03:00:00+00:00, run_after=2025-11-12 03:00:00+00:00
[2025-11-12T10:52:33.090+0000] {processor.py:208} INFO - Processing /opt/airflow/dags/fraud_detection_training_dag.py took 9.339 seconds
[2025-11-12T10:53:09.184+0000] {processor.py:186} INFO - Started process (PID=261) to work on /opt/airflow/dags/fraud_detection_training_dag.py
[2025-11-12T10:53:09.191+0000] {processor.py:914} INFO - Processing file /opt/airflow/dags/fraud_detection_training_dag.py for tasks to queue
[2025-11-12T10:53:09.194+0000] {logging_mixin.py:190} INFO - [2025-11-12T10:53:09.193+0000] {dagbag.py:588} INFO - Filling up the DagBag from /opt/airflow/dags/fraud_detection_training_dag.py
[2025-11-12T10:53:15.475+0000] {processor.py:925} INFO - DAG(s) 'fraud_detection_training' retrieved from /opt/airflow/dags/fraud_detection_training_dag.py
[2025-11-12T10:53:18.282+0000] {logging_mixin.py:190} INFO - [2025-11-12T10:53:18.281+0000] {dag.py:3239} INFO - Sync 1 DAGs
[2025-11-12T10:53:46.122+0000] {logging_mixin.py:190} INFO - [2025-11-12T10:53:46.121+0000] {dag.py:4180} INFO - Setting next_dagrun for fraud_detection_training to 2025-11-11 03:00:00+00:00, run_after=2025-11-12 03:00:00+00:00
[2025-11-12T10:53:48.561+0000] {processor.py:208} INFO - Processing /opt/airflow/dags/fraud_detection_training_dag.py took 35.340 seconds
[2025-11-12T10:54:36.467+0000] {processor.py:186} INFO - Started process (PID=277) to work on /opt/airflow/dags/fraud_detection_training_dag.py
[2025-11-12T10:54:36.525+0000] {processor.py:914} INFO - Processing file /opt/airflow/dags/fraud_detection_training_dag.py for tasks to queue
[2025-11-12T10:54:36.705+0000] {logging_mixin.py:190} INFO - [2025-11-12T10:54:36.685+0000] {dagbag.py:588} INFO - Filling up the DagBag from /opt/airflow/dags/fraud_detection_training_dag.py
[2025-11-12T10:54:38.040+0000] {processor.py:925} INFO - DAG(s) 'fraud_detection_training' retrieved from /opt/airflow/dags/fraud_detection_training_dag.py
[2025-11-12T10:54:38.409+0000] {logging_mixin.py:190} INFO - [2025-11-12T10:54:38.409+0000] {dag.py:3239} INFO - Sync 1 DAGs
[2025-11-12T10:54:39.309+0000] {logging_mixin.py:190} INFO - [2025-11-12T10:54:39.308+0000] {dag.py:4180} INFO - Setting next_dagrun for fraud_detection_training to 2025-11-11 03:00:00+00:00, run_after=2025-11-12 03:00:00+00:00
[2025-11-12T10:54:39.636+0000] {processor.py:208} INFO - Processing /opt/airflow/dags/fraud_detection_training_dag.py took 3.809 seconds
[2025-11-12T10:55:11.564+0000] {processor.py:186} INFO - Started process (PID=286) to work on /opt/airflow/dags/fraud_detection_training_dag.py
[2025-11-12T10:55:11.583+0000] {processor.py:914} INFO - Processing file /opt/airflow/dags/fraud_detection_training_dag.py for tasks to queue
[2025-11-12T10:55:11.664+0000] {logging_mixin.py:190} INFO - [2025-11-12T10:55:11.662+0000] {dagbag.py:588} INFO - Filling up the DagBag from /opt/airflow/dags/fraud_detection_training_dag.py
[2025-11-12T10:55:29.938+0000] {processor.py:925} INFO - DAG(s) 'fraud_detection_training' retrieved from /opt/airflow/dags/fraud_detection_training_dag.py
[2025-11-12T10:55:30.227+0000] {logging_mixin.py:190} INFO - [2025-11-12T10:55:30.226+0000] {dag.py:3239} INFO - Sync 1 DAGs
[2025-11-12T10:55:30.752+0000] {logging_mixin.py:190} INFO - [2025-11-12T10:55:30.751+0000] {dag.py:4180} INFO - Setting next_dagrun for fraud_detection_training to 2025-11-11 03:00:00+00:00, run_after=2025-11-12 03:00:00+00:00
[2025-11-12T10:55:31.181+0000] {processor.py:208} INFO - Processing /opt/airflow/dags/fraud_detection_training_dag.py took 18.264 seconds
[2025-11-12T10:56:16.269+0000] {processor.py:186} INFO - Started process (PID=295) to work on /opt/airflow/dags/fraud_detection_training_dag.py
[2025-11-12T10:56:16.274+0000] {processor.py:914} INFO - Processing file /opt/airflow/dags/fraud_detection_training_dag.py for tasks to queue
[2025-11-12T10:56:16.304+0000] {logging_mixin.py:190} INFO - [2025-11-12T10:56:16.302+0000] {dagbag.py:588} INFO - Filling up the DagBag from /opt/airflow/dags/fraud_detection_training_dag.py
[2025-11-12T10:56:17.590+0000] {processor.py:925} INFO - DAG(s) 'fraud_detection_training' retrieved from /opt/airflow/dags/fraud_detection_training_dag.py
[2025-11-12T10:56:32.035+0000] {logging_mixin.py:190} INFO - [2025-11-12T10:56:32.034+0000] {dag.py:3239} INFO - Sync 1 DAGs
[2025-11-12T10:56:32.759+0000] {logging_mixin.py:190} INFO - [2025-11-12T10:56:32.759+0000] {dag.py:4180} INFO - Setting next_dagrun for fraud_detection_training to 2025-11-11 03:00:00+00:00, run_after=2025-11-12 03:00:00+00:00
[2025-11-12T10:56:36.525+0000] {processor.py:208} INFO - Processing /opt/airflow/dags/fraud_detection_training_dag.py took 20.078 seconds
[2025-11-12T10:57:12.843+0000] {processor.py:186} INFO - Started process (PID=304) to work on /opt/airflow/dags/fraud_detection_training_dag.py
[2025-11-12T10:57:12.860+0000] {processor.py:914} INFO - Processing file /opt/airflow/dags/fraud_detection_training_dag.py for tasks to queue
[2025-11-12T10:57:12.891+0000] {logging_mixin.py:190} INFO - [2025-11-12T10:57:12.878+0000] {dagbag.py:588} INFO - Filling up the DagBag from /opt/airflow/dags/fraud_detection_training_dag.py
[2025-11-12T10:57:49.316+0000] {logging_mixin.py:190} INFO - [2025-11-12T10:57:49.314+0000] {timeout.py:68} ERROR - Process timed out, PID: 304
[2025-11-12T10:57:51.855+0000] {logging_mixin.py:190} INFO - [2025-11-12T10:57:49.828+0000] {dagbag.py:387} ERROR - Failed to import: /opt/airflow/dags/fraud_detection_training_dag.py
Traceback (most recent call last):
  File "/home/airflow/.local/lib/python3.12/site-packages/airflow/models/dagbag.py", line 383, in parse
    loader.exec_module(new_module)
  File "<frozen importlib._bootstrap_external>", line 999, in exec_module
  File "<frozen importlib._bootstrap>", line 488, in _call_with_frames_removed
  File "/opt/airflow/dags/fraud_detection_training_dag.py", line 118, in <module>
    env={'CONFIG_PATH': Variable.get('config_path', default_var='/app/config.yaml')}
                        ^^^^^^^^^^^^^^^^^^^^^^^^^^^^^^^^^^^^^^^^^^^^^^^^^^^^^^^^^^^
  File "/home/airflow/.local/lib/python3.12/site-packages/airflow/models/variable.py", line 140, in get
    var_val = Variable.get_variable_from_secrets(key=key)
              ^^^^^^^^^^^^^^^^^^^^^^^^^^^^^^^^^^^^^^^^^^^
  File "/home/airflow/.local/lib/python3.12/site-packages/airflow/models/variable.py", line 353, in get_variable_from_secrets
    var_val = secrets_backend.get_variable(key=key)
              ^^^^^^^^^^^^^^^^^^^^^^^^^^^^^^^^^^^^^
  File "/home/airflow/.local/lib/python3.12/site-packages/airflow/utils/session.py", line 97, in wrapper
    return func(*args, session=session, **kwargs)
           ^^^^^^^^^^^^^^^^^^^^^^^^^^^^^^^^^^^^^^
  File "/home/airflow/.local/lib/python3.12/site-packages/airflow/secrets/metastore.py", line 66, in get_variable
    return MetastoreBackend._fetch_variable(key=key, session=session)
           ^^^^^^^^^^^^^^^^^^^^^^^^^^^^^^^^^^^^^^^^^^^^^^^^^^^^^^^^^^
  File "/home/airflow/.local/lib/python3.12/site-packages/airflow/api_internal/internal_api_call.py", line 166, in wrapper
    return func(*args, **kwargs)
           ^^^^^^^^^^^^^^^^^^^^^
  File "/home/airflow/.local/lib/python3.12/site-packages/airflow/utils/session.py", line 94, in wrapper
    return func(*args, **kwargs)
           ^^^^^^^^^^^^^^^^^^^^^
  File "/home/airflow/.local/lib/python3.12/site-packages/airflow/secrets/metastore.py", line 84, in _fetch_variable
    var_value = session.scalar(select(Variable).where(Variable.key == key).limit(1))
                ^^^^^^^^^^^^^^^^^^^^^^^^^^^^^^^^^^^^^^^^^^^^^^^^^^^^^^^^^^^^^^^^^^^^
  File "/home/airflow/.local/lib/python3.12/site-packages/sqlalchemy/orm/session.py", line 1747, in scalar
    return self.execute(
           ^^^^^^^^^^^^^
  File "/home/airflow/.local/lib/python3.12/site-packages/sqlalchemy/orm/session.py", line 1716, in execute
    conn = self._connection_for_bind(bind)
           ^^^^^^^^^^^^^^^^^^^^^^^^^^^^^^^
  File "/home/airflow/.local/lib/python3.12/site-packages/sqlalchemy/orm/session.py", line 1555, in _connection_for_bind
    return self._transaction._connection_for_bind(
           ^^^^^^^^^^^^^^^^^^^^^^^^^^^^^^^^^^^^^^^
  File "/home/airflow/.local/lib/python3.12/site-packages/sqlalchemy/orm/session.py", line 750, in _connection_for_bind
    conn = bind.connect()
           ^^^^^^^^^^^^^^
  File "/home/airflow/.local/lib/python3.12/site-packages/sqlalchemy/future/engine.py", line 412, in connect
    return super(Engine, self).connect()
           ^^^^^^^^^^^^^^^^^^^^^^^^^^^^^
  File "/home/airflow/.local/lib/python3.12/site-packages/sqlalchemy/engine/base.py", line 3325, in connect
    return self._connection_cls(self, close_with_result=close_with_result)
           ^^^^^^^^^^^^^^^^^^^^^^^^^^^^^^^^^^^^^^^^^^^^^^^^^^^^^^^^^^^^^^^
  File "/home/airflow/.local/lib/python3.12/site-packages/sqlalchemy/engine/base.py", line 96, in __init__
    else engine.raw_connection()
         ^^^^^^^^^^^^^^^^^^^^^^^
  File "/home/airflow/.local/lib/python3.12/site-packages/sqlalchemy/engine/base.py", line 3404, in raw_connection
    return self._wrap_pool_connect(self.pool.connect, _connection)
           ^^^^^^^^^^^^^^^^^^^^^^^^^^^^^^^^^^^^^^^^^^^^^^^^^^^^^^^
  File "/home/airflow/.local/lib/python3.12/site-packages/sqlalchemy/engine/base.py", line 3371, in _wrap_pool_connect
    return fn()
           ^^^^
  File "/home/airflow/.local/lib/python3.12/site-packages/sqlalchemy/pool/base.py", line 327, in connect
    return _ConnectionFairy._checkout(self)
           ^^^^^^^^^^^^^^^^^^^^^^^^^^^^^^^^
  File "/home/airflow/.local/lib/python3.12/site-packages/sqlalchemy/pool/base.py", line 894, in _checkout
    fairy = _ConnectionRecord.checkout(pool)
            ^^^^^^^^^^^^^^^^^^^^^^^^^^^^^^^^
  File "/home/airflow/.local/lib/python3.12/site-packages/sqlalchemy/pool/base.py", line 493, in checkout
    rec = pool._do_get()
          ^^^^^^^^^^^^^^
  File "/home/airflow/.local/lib/python3.12/site-packages/sqlalchemy/pool/impl.py", line 145, in _do_get
    with util.safe_reraise():
         ^^^^^^^^^^^^^^^^^^^
  File "/home/airflow/.local/lib/python3.12/site-packages/sqlalchemy/util/langhelpers.py", line 70, in __exit__
    compat.raise_(
  File "/home/airflow/.local/lib/python3.12/site-packages/sqlalchemy/util/compat.py", line 211, in raise_
    raise exception
  File "/home/airflow/.local/lib/python3.12/site-packages/sqlalchemy/pool/impl.py", line 143, in _do_get
    return self._create_connection()
           ^^^^^^^^^^^^^^^^^^^^^^^^^
  File "/home/airflow/.local/lib/python3.12/site-packages/sqlalchemy/pool/base.py", line 273, in _create_connection
    return _ConnectionRecord(self)
           ^^^^^^^^^^^^^^^^^^^^^^^
  File "/home/airflow/.local/lib/python3.12/site-packages/sqlalchemy/pool/base.py", line 388, in __init__
    self.__connect()
  File "/home/airflow/.local/lib/python3.12/site-packages/sqlalchemy/pool/base.py", line 678, in __connect
    def __connect(self):
    
  File "/home/airflow/.local/lib/python3.12/site-packages/airflow/utils/timeout.py", line 69, in handle_timeout
    raise AirflowTaskTimeout(self.error_message)
airflow.exceptions.AirflowTaskTimeout: DagBag import timeout for /opt/airflow/dags/fraud_detection_training_dag.py after 30.0s.
Please take a look at these docs to improve your DAG import time:
* https://airflow.apache.org/docs/apache-airflow/2.10.5/best-practices.html#top-level-python-code
* https://airflow.apache.org/docs/apache-airflow/2.10.5/best-practices.html#reducing-dag-complexity, PID: 304
[2025-11-12T10:57:51.860+0000] {processor.py:927} WARNING - No viable dags retrieved from /opt/airflow/dags/fraud_detection_training_dag.py
[2025-11-12T10:57:53.236+0000] {processor.py:208} INFO - Processing /opt/airflow/dags/fraud_detection_training_dag.py took 39.702 seconds
[2025-11-12T13:14:59.081+0000] {processor.py:186} INFO - Started process (PID=96) to work on /opt/airflow/dags/fraud_detection_training_dag.py
[2025-11-12T13:14:59.468+0000] {processor.py:914} INFO - Processing file /opt/airflow/dags/fraud_detection_training_dag.py for tasks to queue
[2025-11-12T13:14:59.781+0000] {logging_mixin.py:190} INFO - [2025-11-12T13:14:59.781+0000] {dagbag.py:588} INFO - Filling up the DagBag from /opt/airflow/dags/fraud_detection_training_dag.py
[2025-11-12T13:15:00.937+0000] {processor.py:925} INFO - DAG(s) 'fraud_detection_training' retrieved from /opt/airflow/dags/fraud_detection_training_dag.py
[2025-11-12T13:15:02.477+0000] {logging_mixin.py:190} INFO - [2025-11-12T13:15:02.477+0000] {dag.py:3239} INFO - Sync 1 DAGs
[2025-11-12T13:15:03.062+0000] {logging_mixin.py:190} INFO - [2025-11-12T13:15:03.061+0000] {dag.py:4180} INFO - Setting next_dagrun for fraud_detection_training to 2025-11-11 03:00:00+00:00, run_after=2025-11-12 03:00:00+00:00
[2025-11-12T13:15:03.621+0000] {processor.py:208} INFO - Processing /opt/airflow/dags/fraud_detection_training_dag.py took 5.422 seconds
[2025-11-12T13:15:35.972+0000] {processor.py:186} INFO - Started process (PID=107) to work on /opt/airflow/dags/fraud_detection_training_dag.py
[2025-11-12T13:15:35.980+0000] {processor.py:914} INFO - Processing file /opt/airflow/dags/fraud_detection_training_dag.py for tasks to queue
[2025-11-12T13:15:35.989+0000] {logging_mixin.py:190} INFO - [2025-11-12T13:15:35.989+0000] {dagbag.py:588} INFO - Filling up the DagBag from /opt/airflow/dags/fraud_detection_training_dag.py
[2025-11-12T13:15:36.128+0000] {processor.py:925} INFO - DAG(s) 'fraud_detection_training' retrieved from /opt/airflow/dags/fraud_detection_training_dag.py
[2025-11-12T13:15:36.205+0000] {logging_mixin.py:190} INFO - [2025-11-12T13:15:36.205+0000] {dag.py:3239} INFO - Sync 1 DAGs
[2025-11-12T13:15:36.427+0000] {logging_mixin.py:190} INFO - [2025-11-12T13:15:36.426+0000] {dag.py:4180} INFO - Setting next_dagrun for fraud_detection_training to 2025-11-11 03:00:00+00:00, run_after=2025-11-12 03:00:00+00:00
[2025-11-12T13:15:36.569+0000] {processor.py:208} INFO - Processing /opt/airflow/dags/fraud_detection_training_dag.py took 0.654 seconds
[2025-11-12T13:16:07.984+0000] {processor.py:186} INFO - Started process (PID=115) to work on /opt/airflow/dags/fraud_detection_training_dag.py
[2025-11-12T13:16:07.999+0000] {processor.py:914} INFO - Processing file /opt/airflow/dags/fraud_detection_training_dag.py for tasks to queue
[2025-11-12T13:16:08.035+0000] {logging_mixin.py:190} INFO - [2025-11-12T13:16:08.024+0000] {dagbag.py:588} INFO - Filling up the DagBag from /opt/airflow/dags/fraud_detection_training_dag.py
[2025-11-12T13:16:08.563+0000] {processor.py:925} INFO - DAG(s) 'fraud_detection_training' retrieved from /opt/airflow/dags/fraud_detection_training_dag.py
[2025-11-12T13:16:08.894+0000] {logging_mixin.py:190} INFO - [2025-11-12T13:16:08.889+0000] {dag.py:3239} INFO - Sync 1 DAGs
[2025-11-12T13:16:09.705+0000] {logging_mixin.py:190} INFO - [2025-11-12T13:16:09.704+0000] {dag.py:4180} INFO - Setting next_dagrun for fraud_detection_training to 2025-11-11 03:00:00+00:00, run_after=2025-11-12 03:00:00+00:00
[2025-11-12T13:16:10.815+0000] {processor.py:208} INFO - Processing /opt/airflow/dags/fraud_detection_training_dag.py took 2.989 seconds
[2025-11-12T13:16:42.375+0000] {processor.py:186} INFO - Started process (PID=124) to work on /opt/airflow/dags/fraud_detection_training_dag.py
[2025-11-12T13:16:42.437+0000] {processor.py:914} INFO - Processing file /opt/airflow/dags/fraud_detection_training_dag.py for tasks to queue
[2025-11-12T13:16:42.661+0000] {logging_mixin.py:190} INFO - [2025-11-12T13:16:42.660+0000] {dagbag.py:588} INFO - Filling up the DagBag from /opt/airflow/dags/fraud_detection_training_dag.py
[2025-11-12T13:16:44.475+0000] {processor.py:925} INFO - DAG(s) 'fraud_detection_training' retrieved from /opt/airflow/dags/fraud_detection_training_dag.py
[2025-11-12T13:16:45.502+0000] {logging_mixin.py:190} INFO - [2025-11-12T13:16:45.501+0000] {dag.py:3239} INFO - Sync 1 DAGs
[2025-11-12T13:16:47.110+0000] {logging_mixin.py:190} INFO - [2025-11-12T13:16:47.109+0000] {dag.py:4180} INFO - Setting next_dagrun for fraud_detection_training to 2025-11-11 03:00:00+00:00, run_after=2025-11-12 03:00:00+00:00
[2025-11-12T13:16:51.242+0000] {processor.py:208} INFO - Processing /opt/airflow/dags/fraud_detection_training_dag.py took 6.429 seconds
[2025-11-12T13:17:25.620+0000] {processor.py:186} INFO - Started process (PID=133) to work on /opt/airflow/dags/fraud_detection_training_dag.py
[2025-11-12T13:17:25.653+0000] {processor.py:914} INFO - Processing file /opt/airflow/dags/fraud_detection_training_dag.py for tasks to queue
[2025-11-12T13:17:25.687+0000] {logging_mixin.py:190} INFO - [2025-11-12T13:17:25.683+0000] {dagbag.py:588} INFO - Filling up the DagBag from /opt/airflow/dags/fraud_detection_training_dag.py
[2025-11-12T13:17:27.464+0000] {processor.py:925} INFO - DAG(s) 'fraud_detection_training' retrieved from /opt/airflow/dags/fraud_detection_training_dag.py
[2025-11-12T13:17:28.648+0000] {logging_mixin.py:190} INFO - [2025-11-12T13:17:28.621+0000] {dag.py:3239} INFO - Sync 1 DAGs
[2025-11-12T13:17:32.234+0000] {logging_mixin.py:190} INFO - [2025-11-12T13:17:32.219+0000] {dag.py:4180} INFO - Setting next_dagrun for fraud_detection_training to 2025-11-11 03:00:00+00:00, run_after=2025-11-12 03:00:00+00:00
[2025-11-12T13:17:34.185+0000] {processor.py:208} INFO - Processing /opt/airflow/dags/fraud_detection_training_dag.py took 8.783 seconds
