[2025-10-23T10:22:55.770+0000] {processor.py:186} INFO - Started process (PID=597) to work on /opt/airflow/dags/__init__.py
[2025-10-23T10:22:55.785+0000] {processor.py:914} INFO - Processing file /opt/airflow/dags/__init__.py for tasks to queue
[2025-10-23T10:22:55.851+0000] {logging_mixin.py:190} INFO - [2025-10-23T10:22:55.822+0000] {dagbag.py:588} INFO - Filling up the DagBag from /opt/airflow/dags/__init__.py
[2025-10-23T10:22:56.599+0000] {processor.py:927} WARNING - No viable dags retrieved from /opt/airflow/dags/__init__.py
[2025-10-23T10:22:56.831+0000] {processor.py:208} INFO - Processing /opt/airflow/dags/__init__.py took 1.294 seconds
[2025-10-23T10:23:28.369+0000] {processor.py:186} INFO - Started process (PID=605) to work on /opt/airflow/dags/__init__.py
[2025-10-23T10:23:28.385+0000] {processor.py:914} INFO - Processing file /opt/airflow/dags/__init__.py for tasks to queue
[2025-10-23T10:23:28.481+0000] {logging_mixin.py:190} INFO - [2025-10-23T10:23:28.480+0000] {dagbag.py:588} INFO - Filling up the DagBag from /opt/airflow/dags/__init__.py
[2025-10-23T10:23:28.566+0000] {processor.py:927} WARNING - No viable dags retrieved from /opt/airflow/dags/__init__.py
[2025-10-23T10:23:28.690+0000] {processor.py:208} INFO - Processing /opt/airflow/dags/__init__.py took 0.605 seconds
[2025-10-23T10:23:59.833+0000] {processor.py:186} INFO - Started process (PID=612) to work on /opt/airflow/dags/__init__.py
[2025-10-23T10:23:59.843+0000] {processor.py:914} INFO - Processing file /opt/airflow/dags/__init__.py for tasks to queue
[2025-10-23T10:23:59.863+0000] {logging_mixin.py:190} INFO - [2025-10-23T10:23:59.862+0000] {dagbag.py:588} INFO - Filling up the DagBag from /opt/airflow/dags/__init__.py
[2025-10-23T10:23:59.986+0000] {processor.py:927} WARNING - No viable dags retrieved from /opt/airflow/dags/__init__.py
[2025-10-23T10:24:00.211+0000] {processor.py:208} INFO - Processing /opt/airflow/dags/__init__.py took 0.417 seconds
[2025-10-23T10:24:30.479+0000] {processor.py:186} INFO - Started process (PID=620) to work on /opt/airflow/dags/__init__.py
[2025-10-23T10:24:30.481+0000] {processor.py:914} INFO - Processing file /opt/airflow/dags/__init__.py for tasks to queue
[2025-10-23T10:24:30.496+0000] {logging_mixin.py:190} INFO - [2025-10-23T10:24:30.495+0000] {dagbag.py:588} INFO - Filling up the DagBag from /opt/airflow/dags/__init__.py
[2025-10-23T10:24:30.545+0000] {processor.py:927} WARNING - No viable dags retrieved from /opt/airflow/dags/__init__.py
[2025-10-23T10:24:30.639+0000] {processor.py:208} INFO - Processing /opt/airflow/dags/__init__.py took 0.202 seconds
[2025-10-23T10:25:00.966+0000] {processor.py:186} INFO - Started process (PID=627) to work on /opt/airflow/dags/__init__.py
[2025-10-23T10:25:00.969+0000] {processor.py:914} INFO - Processing file /opt/airflow/dags/__init__.py for tasks to queue
[2025-10-23T10:25:00.980+0000] {logging_mixin.py:190} INFO - [2025-10-23T10:25:00.979+0000] {dagbag.py:588} INFO - Filling up the DagBag from /opt/airflow/dags/__init__.py
[2025-10-23T10:25:01.040+0000] {processor.py:927} WARNING - No viable dags retrieved from /opt/airflow/dags/__init__.py
[2025-10-23T10:25:01.119+0000] {processor.py:208} INFO - Processing /opt/airflow/dags/__init__.py took 0.195 seconds
[2025-10-23T10:25:32.279+0000] {processor.py:186} INFO - Started process (PID=635) to work on /opt/airflow/dags/__init__.py
[2025-10-23T10:25:32.285+0000] {processor.py:914} INFO - Processing file /opt/airflow/dags/__init__.py for tasks to queue
[2025-10-23T10:25:32.317+0000] {logging_mixin.py:190} INFO - [2025-10-23T10:25:32.315+0000] {dagbag.py:588} INFO - Filling up the DagBag from /opt/airflow/dags/__init__.py
[2025-10-23T10:25:32.409+0000] {processor.py:927} WARNING - No viable dags retrieved from /opt/airflow/dags/__init__.py
[2025-10-23T10:25:32.499+0000] {processor.py:208} INFO - Processing /opt/airflow/dags/__init__.py took 0.268 seconds
[2025-10-23T10:26:03.392+0000] {processor.py:186} INFO - Started process (PID=642) to work on /opt/airflow/dags/__init__.py
[2025-10-23T10:26:03.438+0000] {processor.py:914} INFO - Processing file /opt/airflow/dags/__init__.py for tasks to queue
[2025-10-23T10:26:03.482+0000] {logging_mixin.py:190} INFO - [2025-10-23T10:26:03.481+0000] {dagbag.py:588} INFO - Filling up the DagBag from /opt/airflow/dags/__init__.py
[2025-10-23T10:26:04.006+0000] {processor.py:927} WARNING - No viable dags retrieved from /opt/airflow/dags/__init__.py
[2025-10-23T10:26:04.309+0000] {processor.py:208} INFO - Processing /opt/airflow/dags/__init__.py took 1.016 seconds
[2025-10-23T10:26:35.899+0000] {processor.py:186} INFO - Started process (PID=650) to work on /opt/airflow/dags/__init__.py
[2025-10-23T10:26:35.917+0000] {processor.py:914} INFO - Processing file /opt/airflow/dags/__init__.py for tasks to queue
[2025-10-23T10:26:35.987+0000] {logging_mixin.py:190} INFO - [2025-10-23T10:26:35.986+0000] {dagbag.py:588} INFO - Filling up the DagBag from /opt/airflow/dags/__init__.py
[2025-10-23T10:26:36.179+0000] {processor.py:927} WARNING - No viable dags retrieved from /opt/airflow/dags/__init__.py
[2025-10-23T10:26:36.368+0000] {processor.py:208} INFO - Processing /opt/airflow/dags/__init__.py took 0.752 seconds
[2025-10-23T10:27:07.855+0000] {processor.py:186} INFO - Started process (PID=657) to work on /opt/airflow/dags/__init__.py
[2025-10-23T10:27:07.916+0000] {processor.py:914} INFO - Processing file /opt/airflow/dags/__init__.py for tasks to queue
[2025-10-23T10:27:07.963+0000] {logging_mixin.py:190} INFO - [2025-10-23T10:27:07.962+0000] {dagbag.py:588} INFO - Filling up the DagBag from /opt/airflow/dags/__init__.py
[2025-10-23T10:27:08.437+0000] {processor.py:927} WARNING - No viable dags retrieved from /opt/airflow/dags/__init__.py
[2025-10-23T10:27:08.789+0000] {processor.py:208} INFO - Processing /opt/airflow/dags/__init__.py took 1.373 seconds
[2025-10-23T10:27:39.264+0000] {processor.py:186} INFO - Started process (PID=663) to work on /opt/airflow/dags/__init__.py
[2025-10-23T10:27:39.269+0000] {processor.py:914} INFO - Processing file /opt/airflow/dags/__init__.py for tasks to queue
[2025-10-23T10:27:39.302+0000] {logging_mixin.py:190} INFO - [2025-10-23T10:27:39.301+0000] {dagbag.py:588} INFO - Filling up the DagBag from /opt/airflow/dags/__init__.py
[2025-10-23T10:27:39.358+0000] {processor.py:927} WARNING - No viable dags retrieved from /opt/airflow/dags/__init__.py
[2025-10-23T10:27:39.445+0000] {processor.py:208} INFO - Processing /opt/airflow/dags/__init__.py took 0.234 seconds
[2025-10-23T10:28:09.751+0000] {processor.py:186} INFO - Started process (PID=671) to work on /opt/airflow/dags/__init__.py
[2025-10-23T10:28:09.755+0000] {processor.py:914} INFO - Processing file /opt/airflow/dags/__init__.py for tasks to queue
[2025-10-23T10:28:09.770+0000] {logging_mixin.py:190} INFO - [2025-10-23T10:28:09.769+0000] {dagbag.py:588} INFO - Filling up the DagBag from /opt/airflow/dags/__init__.py
[2025-10-23T10:28:09.930+0000] {processor.py:927} WARNING - No viable dags retrieved from /opt/airflow/dags/__init__.py
[2025-10-23T10:28:10.062+0000] {processor.py:208} INFO - Processing /opt/airflow/dags/__init__.py took 0.334 seconds
[2025-10-23T10:28:40.614+0000] {processor.py:186} INFO - Started process (PID=680) to work on /opt/airflow/dags/__init__.py
[2025-10-23T10:28:40.627+0000] {processor.py:914} INFO - Processing file /opt/airflow/dags/__init__.py for tasks to queue
[2025-10-23T10:28:40.653+0000] {logging_mixin.py:190} INFO - [2025-10-23T10:28:40.649+0000] {dagbag.py:588} INFO - Filling up the DagBag from /opt/airflow/dags/__init__.py
[2025-10-23T10:28:40.767+0000] {processor.py:927} WARNING - No viable dags retrieved from /opt/airflow/dags/__init__.py
[2025-10-23T10:28:41.070+0000] {processor.py:208} INFO - Processing /opt/airflow/dags/__init__.py took 0.562 seconds
[2025-10-23T10:29:11.834+0000] {processor.py:186} INFO - Started process (PID=688) to work on /opt/airflow/dags/__init__.py
[2025-10-23T10:29:11.837+0000] {processor.py:914} INFO - Processing file /opt/airflow/dags/__init__.py for tasks to queue
[2025-10-23T10:29:11.851+0000] {logging_mixin.py:190} INFO - [2025-10-23T10:29:11.850+0000] {dagbag.py:588} INFO - Filling up the DagBag from /opt/airflow/dags/__init__.py
[2025-10-23T10:29:11.908+0000] {processor.py:927} WARNING - No viable dags retrieved from /opt/airflow/dags/__init__.py
[2025-10-23T10:29:11.967+0000] {processor.py:208} INFO - Processing /opt/airflow/dags/__init__.py took 0.156 seconds
[2025-10-23T10:29:42.654+0000] {processor.py:186} INFO - Started process (PID=697) to work on /opt/airflow/dags/__init__.py
[2025-10-23T10:29:42.661+0000] {processor.py:914} INFO - Processing file /opt/airflow/dags/__init__.py for tasks to queue
[2025-10-23T10:29:42.692+0000] {logging_mixin.py:190} INFO - [2025-10-23T10:29:42.691+0000] {dagbag.py:588} INFO - Filling up the DagBag from /opt/airflow/dags/__init__.py
[2025-10-23T10:29:42.879+0000] {processor.py:927} WARNING - No viable dags retrieved from /opt/airflow/dags/__init__.py
[2025-10-23T10:29:42.987+0000] {processor.py:208} INFO - Processing /opt/airflow/dags/__init__.py took 0.399 seconds
[2025-10-23T10:30:13.992+0000] {processor.py:186} INFO - Started process (PID=704) to work on /opt/airflow/dags/__init__.py
[2025-10-23T10:30:14.006+0000] {processor.py:914} INFO - Processing file /opt/airflow/dags/__init__.py for tasks to queue
[2025-10-23T10:30:14.026+0000] {logging_mixin.py:190} INFO - [2025-10-23T10:30:14.025+0000] {dagbag.py:588} INFO - Filling up the DagBag from /opt/airflow/dags/__init__.py
[2025-10-23T10:30:14.217+0000] {processor.py:927} WARNING - No viable dags retrieved from /opt/airflow/dags/__init__.py
[2025-10-23T10:30:14.283+0000] {processor.py:208} INFO - Processing /opt/airflow/dags/__init__.py took 0.324 seconds
[2025-10-23T10:30:45.083+0000] {processor.py:186} INFO - Started process (PID=711) to work on /opt/airflow/dags/__init__.py
[2025-10-23T10:30:45.092+0000] {processor.py:914} INFO - Processing file /opt/airflow/dags/__init__.py for tasks to queue
[2025-10-23T10:30:45.169+0000] {logging_mixin.py:190} INFO - [2025-10-23T10:30:45.156+0000] {dagbag.py:588} INFO - Filling up the DagBag from /opt/airflow/dags/__init__.py
[2025-10-23T10:30:45.381+0000] {processor.py:927} WARNING - No viable dags retrieved from /opt/airflow/dags/__init__.py
[2025-10-23T10:30:45.507+0000] {processor.py:208} INFO - Processing /opt/airflow/dags/__init__.py took 0.580 seconds
[2025-10-23T10:31:17.786+0000] {processor.py:186} INFO - Started process (PID=719) to work on /opt/airflow/dags/__init__.py
[2025-10-23T10:31:17.800+0000] {processor.py:914} INFO - Processing file /opt/airflow/dags/__init__.py for tasks to queue
[2025-10-23T10:31:17.850+0000] {logging_mixin.py:190} INFO - [2025-10-23T10:31:17.819+0000] {dagbag.py:588} INFO - Filling up the DagBag from /opt/airflow/dags/__init__.py
[2025-10-23T10:31:18.474+0000] {processor.py:927} WARNING - No viable dags retrieved from /opt/airflow/dags/__init__.py
[2025-10-23T10:31:18.959+0000] {processor.py:208} INFO - Processing /opt/airflow/dags/__init__.py took 1.255 seconds
[2025-10-23T10:31:49.935+0000] {processor.py:186} INFO - Started process (PID=728) to work on /opt/airflow/dags/__init__.py
[2025-10-23T10:31:49.940+0000] {processor.py:914} INFO - Processing file /opt/airflow/dags/__init__.py for tasks to queue
[2025-10-23T10:31:49.963+0000] {logging_mixin.py:190} INFO - [2025-10-23T10:31:49.959+0000] {dagbag.py:588} INFO - Filling up the DagBag from /opt/airflow/dags/__init__.py
[2025-10-23T10:31:50.140+0000] {processor.py:927} WARNING - No viable dags retrieved from /opt/airflow/dags/__init__.py
[2025-10-23T10:31:50.381+0000] {processor.py:208} INFO - Processing /opt/airflow/dags/__init__.py took 0.579 seconds
[2025-10-23T10:32:20.888+0000] {processor.py:186} INFO - Started process (PID=736) to work on /opt/airflow/dags/__init__.py
[2025-10-23T10:32:20.892+0000] {processor.py:914} INFO - Processing file /opt/airflow/dags/__init__.py for tasks to queue
[2025-10-23T10:32:20.906+0000] {logging_mixin.py:190} INFO - [2025-10-23T10:32:20.904+0000] {dagbag.py:588} INFO - Filling up the DagBag from /opt/airflow/dags/__init__.py
[2025-10-23T10:32:20.965+0000] {processor.py:927} WARNING - No viable dags retrieved from /opt/airflow/dags/__init__.py
[2025-10-23T10:32:21.131+0000] {processor.py:208} INFO - Processing /opt/airflow/dags/__init__.py took 0.275 seconds
[2025-10-23T10:32:51.865+0000] {processor.py:186} INFO - Started process (PID=743) to work on /opt/airflow/dags/__init__.py
[2025-10-23T10:32:51.879+0000] {processor.py:914} INFO - Processing file /opt/airflow/dags/__init__.py for tasks to queue
[2025-10-23T10:32:51.897+0000] {logging_mixin.py:190} INFO - [2025-10-23T10:32:51.896+0000] {dagbag.py:588} INFO - Filling up the DagBag from /opt/airflow/dags/__init__.py
[2025-10-23T10:32:51.943+0000] {processor.py:927} WARNING - No viable dags retrieved from /opt/airflow/dags/__init__.py
[2025-10-23T10:32:52.046+0000] {processor.py:208} INFO - Processing /opt/airflow/dags/__init__.py took 0.236 seconds
[2025-10-23T10:33:23.404+0000] {processor.py:186} INFO - Started process (PID=750) to work on /opt/airflow/dags/__init__.py
[2025-10-23T10:33:23.410+0000] {processor.py:914} INFO - Processing file /opt/airflow/dags/__init__.py for tasks to queue
[2025-10-23T10:33:23.448+0000] {logging_mixin.py:190} INFO - [2025-10-23T10:33:23.445+0000] {dagbag.py:588} INFO - Filling up the DagBag from /opt/airflow/dags/__init__.py
[2025-10-23T10:33:23.584+0000] {processor.py:927} WARNING - No viable dags retrieved from /opt/airflow/dags/__init__.py
[2025-10-23T10:33:23.795+0000] {processor.py:208} INFO - Processing /opt/airflow/dags/__init__.py took 0.501 seconds
[2025-10-23T10:33:56.339+0000] {processor.py:186} INFO - Started process (PID=758) to work on /opt/airflow/dags/__init__.py
[2025-10-23T10:33:56.405+0000] {processor.py:914} INFO - Processing file /opt/airflow/dags/__init__.py for tasks to queue
[2025-10-23T10:33:56.487+0000] {logging_mixin.py:190} INFO - [2025-10-23T10:33:56.471+0000] {dagbag.py:588} INFO - Filling up the DagBag from /opt/airflow/dags/__init__.py
[2025-10-23T10:33:59.627+0000] {processor.py:927} WARNING - No viable dags retrieved from /opt/airflow/dags/__init__.py
[2025-10-23T10:33:59.922+0000] {processor.py:208} INFO - Processing /opt/airflow/dags/__init__.py took 3.761 seconds
[2025-10-23T10:34:32.802+0000] {processor.py:186} INFO - Started process (PID=766) to work on /opt/airflow/dags/__init__.py
[2025-10-23T10:34:32.847+0000] {processor.py:914} INFO - Processing file /opt/airflow/dags/__init__.py for tasks to queue
[2025-10-23T10:34:32.927+0000] {logging_mixin.py:190} INFO - [2025-10-23T10:34:32.897+0000] {dagbag.py:588} INFO - Filling up the DagBag from /opt/airflow/dags/__init__.py
[2025-10-23T10:34:33.733+0000] {processor.py:927} WARNING - No viable dags retrieved from /opt/airflow/dags/__init__.py
[2025-10-23T10:34:34.112+0000] {processor.py:208} INFO - Processing /opt/airflow/dags/__init__.py took 1.415 seconds
[2025-10-23T10:35:06.412+0000] {processor.py:186} INFO - Started process (PID=773) to work on /opt/airflow/dags/__init__.py
[2025-10-23T10:35:06.525+0000] {processor.py:914} INFO - Processing file /opt/airflow/dags/__init__.py for tasks to queue
[2025-10-23T10:35:06.542+0000] {logging_mixin.py:190} INFO - [2025-10-23T10:35:06.541+0000] {dagbag.py:588} INFO - Filling up the DagBag from /opt/airflow/dags/__init__.py
[2025-10-23T10:35:06.905+0000] {processor.py:927} WARNING - No viable dags retrieved from /opt/airflow/dags/__init__.py
[2025-10-23T10:35:07.117+0000] {processor.py:208} INFO - Processing /opt/airflow/dags/__init__.py took 0.782 seconds
[2025-10-23T10:35:40.719+0000] {processor.py:186} INFO - Started process (PID=781) to work on /opt/airflow/dags/__init__.py
[2025-10-23T10:35:40.749+0000] {processor.py:914} INFO - Processing file /opt/airflow/dags/__init__.py for tasks to queue
[2025-10-23T10:35:40.770+0000] {logging_mixin.py:190} INFO - [2025-10-23T10:35:40.769+0000] {dagbag.py:588} INFO - Filling up the DagBag from /opt/airflow/dags/__init__.py
[2025-10-23T10:35:41.876+0000] {processor.py:927} WARNING - No viable dags retrieved from /opt/airflow/dags/__init__.py
[2025-10-23T10:35:42.229+0000] {processor.py:208} INFO - Processing /opt/airflow/dags/__init__.py took 1.608 seconds
[2025-10-23T10:36:14.708+0000] {processor.py:186} INFO - Started process (PID=788) to work on /opt/airflow/dags/__init__.py
[2025-10-23T10:36:14.779+0000] {processor.py:914} INFO - Processing file /opt/airflow/dags/__init__.py for tasks to queue
[2025-10-23T10:36:14.840+0000] {logging_mixin.py:190} INFO - [2025-10-23T10:36:14.839+0000] {dagbag.py:588} INFO - Filling up the DagBag from /opt/airflow/dags/__init__.py
[2025-10-23T10:36:16.730+0000] {processor.py:927} WARNING - No viable dags retrieved from /opt/airflow/dags/__init__.py
[2025-10-23T10:36:17.056+0000] {processor.py:208} INFO - Processing /opt/airflow/dags/__init__.py took 2.446 seconds
[2025-10-23T10:36:50.803+0000] {processor.py:186} INFO - Started process (PID=801) to work on /opt/airflow/dags/__init__.py
[2025-10-23T10:36:50.890+0000] {processor.py:914} INFO - Processing file /opt/airflow/dags/__init__.py for tasks to queue
[2025-10-23T10:36:50.979+0000] {logging_mixin.py:190} INFO - [2025-10-23T10:36:50.978+0000] {dagbag.py:588} INFO - Filling up the DagBag from /opt/airflow/dags/__init__.py
[2025-10-23T10:36:53.120+0000] {processor.py:927} WARNING - No viable dags retrieved from /opt/airflow/dags/__init__.py
[2025-10-23T10:36:53.590+0000] {processor.py:208} INFO - Processing /opt/airflow/dags/__init__.py took 2.917 seconds
[2025-10-23T10:37:25.666+0000] {processor.py:186} INFO - Started process (PID=809) to work on /opt/airflow/dags/__init__.py
[2025-10-23T10:37:25.690+0000] {processor.py:914} INFO - Processing file /opt/airflow/dags/__init__.py for tasks to queue
[2025-10-23T10:37:25.953+0000] {logging_mixin.py:190} INFO - [2025-10-23T10:37:25.952+0000] {dagbag.py:588} INFO - Filling up the DagBag from /opt/airflow/dags/__init__.py
[2025-10-23T10:37:26.606+0000] {processor.py:927} WARNING - No viable dags retrieved from /opt/airflow/dags/__init__.py
[2025-10-23T10:37:27.583+0000] {processor.py:208} INFO - Processing /opt/airflow/dags/__init__.py took 2.324 seconds
[2025-10-23T10:38:08.527+0000] {processor.py:186} INFO - Started process (PID=816) to work on /opt/airflow/dags/__init__.py
[2025-10-23T10:38:08.580+0000] {processor.py:914} INFO - Processing file /opt/airflow/dags/__init__.py for tasks to queue
[2025-10-23T10:38:08.664+0000] {logging_mixin.py:190} INFO - [2025-10-23T10:38:08.649+0000] {dagbag.py:588} INFO - Filling up the DagBag from /opt/airflow/dags/__init__.py
[2025-10-23T10:38:11.308+0000] {processor.py:927} WARNING - No viable dags retrieved from /opt/airflow/dags/__init__.py
[2025-10-23T10:38:12.594+0000] {processor.py:208} INFO - Processing /opt/airflow/dags/__init__.py took 4.318 seconds
[2025-10-23T10:38:45.511+0000] {processor.py:186} INFO - Started process (PID=823) to work on /opt/airflow/dags/__init__.py
[2025-10-23T10:38:45.554+0000] {processor.py:914} INFO - Processing file /opt/airflow/dags/__init__.py for tasks to queue
[2025-10-23T10:38:45.631+0000] {logging_mixin.py:190} INFO - [2025-10-23T10:38:45.629+0000] {dagbag.py:588} INFO - Filling up the DagBag from /opt/airflow/dags/__init__.py
[2025-10-23T10:38:46.860+0000] {processor.py:927} WARNING - No viable dags retrieved from /opt/airflow/dags/__init__.py
[2025-10-23T10:38:47.569+0000] {processor.py:208} INFO - Processing /opt/airflow/dags/__init__.py took 2.156 seconds
[2025-10-23T10:39:21.032+0000] {processor.py:186} INFO - Started process (PID=830) to work on /opt/airflow/dags/__init__.py
[2025-10-23T10:39:21.430+0000] {processor.py:914} INFO - Processing file /opt/airflow/dags/__init__.py for tasks to queue
[2025-10-23T10:39:21.788+0000] {logging_mixin.py:190} INFO - [2025-10-23T10:39:21.749+0000] {dagbag.py:588} INFO - Filling up the DagBag from /opt/airflow/dags/__init__.py
[2025-10-23T10:39:22.842+0000] {processor.py:927} WARNING - No viable dags retrieved from /opt/airflow/dags/__init__.py
[2025-10-23T10:39:23.475+0000] {processor.py:208} INFO - Processing /opt/airflow/dags/__init__.py took 3.475 seconds
[2025-10-23T10:39:58.677+0000] {processor.py:186} INFO - Started process (PID=838) to work on /opt/airflow/dags/__init__.py
[2025-10-23T10:39:58.792+0000] {processor.py:914} INFO - Processing file /opt/airflow/dags/__init__.py for tasks to queue
[2025-10-23T10:39:58.921+0000] {logging_mixin.py:190} INFO - [2025-10-23T10:39:58.920+0000] {dagbag.py:588} INFO - Filling up the DagBag from /opt/airflow/dags/__init__.py
[2025-10-23T10:40:02.585+0000] {processor.py:927} WARNING - No viable dags retrieved from /opt/airflow/dags/__init__.py
[2025-10-23T10:40:03.238+0000] {processor.py:208} INFO - Processing /opt/airflow/dags/__init__.py took 4.762 seconds
[2025-10-23T10:40:37.877+0000] {processor.py:186} INFO - Started process (PID=845) to work on /opt/airflow/dags/__init__.py
[2025-10-23T10:40:37.969+0000] {processor.py:914} INFO - Processing file /opt/airflow/dags/__init__.py for tasks to queue
[2025-10-23T10:40:38.083+0000] {logging_mixin.py:190} INFO - [2025-10-23T10:40:38.082+0000] {dagbag.py:588} INFO - Filling up the DagBag from /opt/airflow/dags/__init__.py
[2025-10-23T10:40:39.652+0000] {processor.py:927} WARNING - No viable dags retrieved from /opt/airflow/dags/__init__.py
[2025-10-23T10:40:40.448+0000] {processor.py:208} INFO - Processing /opt/airflow/dags/__init__.py took 2.828 seconds
[2025-10-23T10:41:17.100+0000] {processor.py:186} INFO - Started process (PID=859) to work on /opt/airflow/dags/__init__.py
[2025-10-23T10:41:17.384+0000] {processor.py:914} INFO - Processing file /opt/airflow/dags/__init__.py for tasks to queue
[2025-10-23T10:41:17.549+0000] {logging_mixin.py:190} INFO - [2025-10-23T10:41:17.548+0000] {dagbag.py:588} INFO - Filling up the DagBag from /opt/airflow/dags/__init__.py
[2025-10-23T10:41:19.038+0000] {processor.py:927} WARNING - No viable dags retrieved from /opt/airflow/dags/__init__.py
[2025-10-23T10:41:19.406+0000] {processor.py:208} INFO - Processing /opt/airflow/dags/__init__.py took 3.437 seconds
[2025-10-23T10:41:54.337+0000] {processor.py:186} INFO - Started process (PID=866) to work on /opt/airflow/dags/__init__.py
[2025-10-23T10:41:54.481+0000] {processor.py:914} INFO - Processing file /opt/airflow/dags/__init__.py for tasks to queue
[2025-10-23T10:41:54.697+0000] {logging_mixin.py:190} INFO - [2025-10-23T10:41:54.668+0000] {dagbag.py:588} INFO - Filling up the DagBag from /opt/airflow/dags/__init__.py
[2025-10-23T10:41:56.995+0000] {processor.py:927} WARNING - No viable dags retrieved from /opt/airflow/dags/__init__.py
[2025-10-23T10:41:57.667+0000] {processor.py:208} INFO - Processing /opt/airflow/dags/__init__.py took 3.478 seconds
[2025-10-23T10:42:37.099+0000] {processor.py:186} INFO - Started process (PID=874) to work on /opt/airflow/dags/__init__.py
[2025-10-23T10:42:37.156+0000] {processor.py:914} INFO - Processing file /opt/airflow/dags/__init__.py for tasks to queue
[2025-10-23T10:42:37.367+0000] {logging_mixin.py:190} INFO - [2025-10-23T10:42:37.366+0000] {dagbag.py:588} INFO - Filling up the DagBag from /opt/airflow/dags/__init__.py
[2025-10-23T10:42:39.524+0000] {processor.py:927} WARNING - No viable dags retrieved from /opt/airflow/dags/__init__.py
[2025-10-23T10:42:39.956+0000] {processor.py:208} INFO - Processing /opt/airflow/dags/__init__.py took 3.064 seconds
[2025-10-23T10:43:13.969+0000] {processor.py:186} INFO - Started process (PID=881) to work on /opt/airflow/dags/__init__.py
[2025-10-23T10:43:13.974+0000] {processor.py:914} INFO - Processing file /opt/airflow/dags/__init__.py for tasks to queue
[2025-10-23T10:43:13.995+0000] {logging_mixin.py:190} INFO - [2025-10-23T10:43:13.994+0000] {dagbag.py:588} INFO - Filling up the DagBag from /opt/airflow/dags/__init__.py
[2025-10-23T10:43:16.247+0000] {processor.py:927} WARNING - No viable dags retrieved from /opt/airflow/dags/__init__.py
[2025-10-23T10:43:17.041+0000] {processor.py:208} INFO - Processing /opt/airflow/dags/__init__.py took 4.003 seconds
[2025-10-23T10:43:54.176+0000] {processor.py:186} INFO - Started process (PID=888) to work on /opt/airflow/dags/__init__.py
[2025-10-23T10:43:54.422+0000] {processor.py:914} INFO - Processing file /opt/airflow/dags/__init__.py for tasks to queue
[2025-10-23T10:43:56.287+0000] {logging_mixin.py:190} INFO - [2025-10-23T10:43:55.766+0000] {dagbag.py:588} INFO - Filling up the DagBag from /opt/airflow/dags/__init__.py
[2025-10-23T10:43:59.642+0000] {processor.py:927} WARNING - No viable dags retrieved from /opt/airflow/dags/__init__.py
[2025-10-23T10:44:02.239+0000] {processor.py:208} INFO - Processing /opt/airflow/dags/__init__.py took 12.172 seconds
[2025-10-23T10:44:34.348+0000] {processor.py:186} INFO - Started process (PID=901) to work on /opt/airflow/dags/__init__.py
[2025-10-23T10:44:34.396+0000] {processor.py:914} INFO - Processing file /opt/airflow/dags/__init__.py for tasks to queue
[2025-10-23T10:44:34.648+0000] {logging_mixin.py:190} INFO - [2025-10-23T10:44:34.594+0000] {dagbag.py:588} INFO - Filling up the DagBag from /opt/airflow/dags/__init__.py
[2025-10-23T10:44:35.652+0000] {processor.py:927} WARNING - No viable dags retrieved from /opt/airflow/dags/__init__.py
[2025-10-23T10:44:36.481+0000] {processor.py:208} INFO - Processing /opt/airflow/dags/__init__.py took 2.276 seconds
[2025-10-23T10:45:09.771+0000] {processor.py:186} INFO - Started process (PID=909) to work on /opt/airflow/dags/__init__.py
[2025-10-23T10:45:09.786+0000] {processor.py:914} INFO - Processing file /opt/airflow/dags/__init__.py for tasks to queue
[2025-10-23T10:45:09.853+0000] {logging_mixin.py:190} INFO - [2025-10-23T10:45:09.852+0000] {dagbag.py:588} INFO - Filling up the DagBag from /opt/airflow/dags/__init__.py
[2025-10-23T10:45:11.951+0000] {processor.py:927} WARNING - No viable dags retrieved from /opt/airflow/dags/__init__.py
[2025-10-23T10:45:12.546+0000] {processor.py:208} INFO - Processing /opt/airflow/dags/__init__.py took 3.015 seconds
[2025-10-23T10:45:44.447+0000] {processor.py:186} INFO - Started process (PID=917) to work on /opt/airflow/dags/__init__.py
[2025-10-23T10:45:44.602+0000] {processor.py:914} INFO - Processing file /opt/airflow/dags/__init__.py for tasks to queue
[2025-10-23T10:45:44.963+0000] {logging_mixin.py:190} INFO - [2025-10-23T10:45:44.962+0000] {dagbag.py:588} INFO - Filling up the DagBag from /opt/airflow/dags/__init__.py
[2025-10-23T10:45:45.797+0000] {processor.py:927} WARNING - No viable dags retrieved from /opt/airflow/dags/__init__.py
[2025-10-23T10:45:46.191+0000] {processor.py:208} INFO - Processing /opt/airflow/dags/__init__.py took 1.896 seconds
[2025-10-23T10:46:27.987+0000] {processor.py:186} INFO - Started process (PID=925) to work on /opt/airflow/dags/__init__.py
[2025-10-23T10:46:28.164+0000] {processor.py:914} INFO - Processing file /opt/airflow/dags/__init__.py for tasks to queue
[2025-10-23T10:46:29.111+0000] {logging_mixin.py:190} INFO - [2025-10-23T10:46:29.031+0000] {dagbag.py:588} INFO - Filling up the DagBag from /opt/airflow/dags/__init__.py
[2025-10-23T10:46:30.528+0000] {processor.py:927} WARNING - No viable dags retrieved from /opt/airflow/dags/__init__.py
[2025-10-23T10:46:34.917+0000] {processor.py:208} INFO - Processing /opt/airflow/dags/__init__.py took 8.687 seconds
[2025-10-23T10:47:09.244+0000] {processor.py:186} INFO - Started process (PID=933) to work on /opt/airflow/dags/__init__.py
[2025-10-23T10:47:09.322+0000] {processor.py:914} INFO - Processing file /opt/airflow/dags/__init__.py for tasks to queue
[2025-10-23T10:47:09.418+0000] {logging_mixin.py:190} INFO - [2025-10-23T10:47:09.416+0000] {dagbag.py:588} INFO - Filling up the DagBag from /opt/airflow/dags/__init__.py
[2025-10-23T10:47:10.053+0000] {processor.py:927} WARNING - No viable dags retrieved from /opt/airflow/dags/__init__.py
[2025-10-23T10:47:10.522+0000] {processor.py:208} INFO - Processing /opt/airflow/dags/__init__.py took 1.561 seconds
[2025-10-23T10:47:44.506+0000] {processor.py:186} INFO - Started process (PID=942) to work on /opt/airflow/dags/__init__.py
[2025-10-23T10:47:45.946+0000] {processor.py:914} INFO - Processing file /opt/airflow/dags/__init__.py for tasks to queue
[2025-10-23T10:47:46.800+0000] {logging_mixin.py:190} INFO - [2025-10-23T10:47:46.577+0000] {dagbag.py:588} INFO - Filling up the DagBag from /opt/airflow/dags/__init__.py
[2025-10-23T10:47:49.807+0000] {processor.py:927} WARNING - No viable dags retrieved from /opt/airflow/dags/__init__.py
[2025-10-23T10:47:51.733+0000] {processor.py:208} INFO - Processing /opt/airflow/dags/__init__.py took 8.833 seconds
[2025-10-23T10:48:25.454+0000] {processor.py:186} INFO - Started process (PID=948) to work on /opt/airflow/dags/__init__.py
[2025-10-23T10:48:25.517+0000] {processor.py:914} INFO - Processing file /opt/airflow/dags/__init__.py for tasks to queue
[2025-10-23T10:48:25.630+0000] {logging_mixin.py:190} INFO - [2025-10-23T10:48:25.629+0000] {dagbag.py:588} INFO - Filling up the DagBag from /opt/airflow/dags/__init__.py
[2025-10-23T10:48:26.293+0000] {processor.py:927} WARNING - No viable dags retrieved from /opt/airflow/dags/__init__.py
[2025-10-23T10:48:26.451+0000] {processor.py:208} INFO - Processing /opt/airflow/dags/__init__.py took 1.173 seconds
[2025-10-23T10:48:58.949+0000] {processor.py:186} INFO - Started process (PID=955) to work on /opt/airflow/dags/__init__.py
[2025-10-23T10:48:58.967+0000] {processor.py:914} INFO - Processing file /opt/airflow/dags/__init__.py for tasks to queue
[2025-10-23T10:48:59.080+0000] {logging_mixin.py:190} INFO - [2025-10-23T10:48:59.062+0000] {dagbag.py:588} INFO - Filling up the DagBag from /opt/airflow/dags/__init__.py
[2025-10-23T10:48:59.749+0000] {processor.py:927} WARNING - No viable dags retrieved from /opt/airflow/dags/__init__.py
[2025-10-23T10:49:00.048+0000] {processor.py:208} INFO - Processing /opt/airflow/dags/__init__.py took 1.274 seconds
[2025-10-23T10:49:34.233+0000] {processor.py:186} INFO - Started process (PID=969) to work on /opt/airflow/dags/__init__.py
[2025-10-23T10:49:34.363+0000] {processor.py:914} INFO - Processing file /opt/airflow/dags/__init__.py for tasks to queue
[2025-10-23T10:49:34.527+0000] {logging_mixin.py:190} INFO - [2025-10-23T10:49:34.527+0000] {dagbag.py:588} INFO - Filling up the DagBag from /opt/airflow/dags/__init__.py
[2025-10-23T10:49:36.237+0000] {processor.py:927} WARNING - No viable dags retrieved from /opt/airflow/dags/__init__.py
[2025-10-23T10:49:37.253+0000] {processor.py:208} INFO - Processing /opt/airflow/dags/__init__.py took 3.134 seconds
[2025-10-23T10:50:10.142+0000] {processor.py:186} INFO - Started process (PID=977) to work on /opt/airflow/dags/__init__.py
[2025-10-23T10:50:10.192+0000] {processor.py:914} INFO - Processing file /opt/airflow/dags/__init__.py for tasks to queue
[2025-10-23T10:50:10.257+0000] {logging_mixin.py:190} INFO - [2025-10-23T10:50:10.255+0000] {dagbag.py:588} INFO - Filling up the DagBag from /opt/airflow/dags/__init__.py
[2025-10-23T10:50:11.530+0000] {processor.py:927} WARNING - No viable dags retrieved from /opt/airflow/dags/__init__.py
[2025-10-23T10:50:12.122+0000] {processor.py:208} INFO - Processing /opt/airflow/dags/__init__.py took 3.084 seconds
[2025-10-23T10:50:44.223+0000] {processor.py:186} INFO - Started process (PID=985) to work on /opt/airflow/dags/__init__.py
[2025-10-23T10:50:44.242+0000] {processor.py:914} INFO - Processing file /opt/airflow/dags/__init__.py for tasks to queue
[2025-10-23T10:50:44.265+0000] {logging_mixin.py:190} INFO - [2025-10-23T10:50:44.264+0000] {dagbag.py:588} INFO - Filling up the DagBag from /opt/airflow/dags/__init__.py
[2025-10-23T10:50:45.507+0000] {processor.py:927} WARNING - No viable dags retrieved from /opt/airflow/dags/__init__.py
[2025-10-23T10:50:47.054+0000] {processor.py:208} INFO - Processing /opt/airflow/dags/__init__.py took 2.930 seconds
[2025-10-23T10:51:18.567+0000] {processor.py:186} INFO - Started process (PID=992) to work on /opt/airflow/dags/__init__.py
[2025-10-23T10:51:18.622+0000] {processor.py:914} INFO - Processing file /opt/airflow/dags/__init__.py for tasks to queue
[2025-10-23T10:51:18.768+0000] {logging_mixin.py:190} INFO - [2025-10-23T10:51:18.766+0000] {dagbag.py:588} INFO - Filling up the DagBag from /opt/airflow/dags/__init__.py
[2025-10-23T10:51:18.903+0000] {processor.py:927} WARNING - No viable dags retrieved from /opt/airflow/dags/__init__.py
[2025-10-23T10:51:19.142+0000] {processor.py:208} INFO - Processing /opt/airflow/dags/__init__.py took 1.039 seconds
[2025-10-23T10:51:50.359+0000] {processor.py:186} INFO - Started process (PID=1000) to work on /opt/airflow/dags/__init__.py
[2025-10-23T10:51:50.432+0000] {processor.py:914} INFO - Processing file /opt/airflow/dags/__init__.py for tasks to queue
[2025-10-23T10:51:50.580+0000] {logging_mixin.py:190} INFO - [2025-10-23T10:51:50.572+0000] {dagbag.py:588} INFO - Filling up the DagBag from /opt/airflow/dags/__init__.py
[2025-10-23T10:51:50.826+0000] {processor.py:927} WARNING - No viable dags retrieved from /opt/airflow/dags/__init__.py
[2025-10-23T10:51:51.632+0000] {processor.py:208} INFO - Processing /opt/airflow/dags/__init__.py took 1.394 seconds
[2025-10-23T10:52:21.984+0000] {processor.py:186} INFO - Started process (PID=1008) to work on /opt/airflow/dags/__init__.py
[2025-10-23T10:52:21.989+0000] {processor.py:914} INFO - Processing file /opt/airflow/dags/__init__.py for tasks to queue
[2025-10-23T10:52:22.013+0000] {logging_mixin.py:190} INFO - [2025-10-23T10:52:22.007+0000] {dagbag.py:588} INFO - Filling up the DagBag from /opt/airflow/dags/__init__.py
[2025-10-23T10:52:22.046+0000] {processor.py:927} WARNING - No viable dags retrieved from /opt/airflow/dags/__init__.py
[2025-10-23T10:52:22.117+0000] {processor.py:208} INFO - Processing /opt/airflow/dags/__init__.py took 0.174 seconds
[2025-10-23T10:52:53.164+0000] {processor.py:186} INFO - Started process (PID=1017) to work on /opt/airflow/dags/__init__.py
[2025-10-23T10:52:53.252+0000] {processor.py:914} INFO - Processing file /opt/airflow/dags/__init__.py for tasks to queue
[2025-10-23T10:52:53.305+0000] {logging_mixin.py:190} INFO - [2025-10-23T10:52:53.294+0000] {dagbag.py:588} INFO - Filling up the DagBag from /opt/airflow/dags/__init__.py
[2025-10-23T10:52:53.438+0000] {processor.py:927} WARNING - No viable dags retrieved from /opt/airflow/dags/__init__.py
[2025-10-23T10:52:53.610+0000] {processor.py:208} INFO - Processing /opt/airflow/dags/__init__.py took 0.566 seconds
[2025-10-23T10:53:24.311+0000] {processor.py:186} INFO - Started process (PID=1026) to work on /opt/airflow/dags/__init__.py
[2025-10-23T10:53:24.321+0000] {processor.py:914} INFO - Processing file /opt/airflow/dags/__init__.py for tasks to queue
[2025-10-23T10:53:24.340+0000] {logging_mixin.py:190} INFO - [2025-10-23T10:53:24.339+0000] {dagbag.py:588} INFO - Filling up the DagBag from /opt/airflow/dags/__init__.py
[2025-10-23T10:53:24.399+0000] {processor.py:927} WARNING - No viable dags retrieved from /opt/airflow/dags/__init__.py
[2025-10-23T10:53:24.533+0000] {processor.py:208} INFO - Processing /opt/airflow/dags/__init__.py took 0.263 seconds
[2025-10-23T10:53:55.156+0000] {processor.py:186} INFO - Started process (PID=1033) to work on /opt/airflow/dags/__init__.py
[2025-10-23T10:53:55.159+0000] {processor.py:914} INFO - Processing file /opt/airflow/dags/__init__.py for tasks to queue
[2025-10-23T10:53:55.170+0000] {logging_mixin.py:190} INFO - [2025-10-23T10:53:55.169+0000] {dagbag.py:588} INFO - Filling up the DagBag from /opt/airflow/dags/__init__.py
[2025-10-23T10:53:55.225+0000] {processor.py:927} WARNING - No viable dags retrieved from /opt/airflow/dags/__init__.py
[2025-10-23T10:53:55.349+0000] {processor.py:208} INFO - Processing /opt/airflow/dags/__init__.py took 0.229 seconds
[2025-10-23T10:54:26.211+0000] {processor.py:186} INFO - Started process (PID=1041) to work on /opt/airflow/dags/__init__.py
[2025-10-23T10:54:26.227+0000] {processor.py:914} INFO - Processing file /opt/airflow/dags/__init__.py for tasks to queue
[2025-10-23T10:54:26.244+0000] {logging_mixin.py:190} INFO - [2025-10-23T10:54:26.243+0000] {dagbag.py:588} INFO - Filling up the DagBag from /opt/airflow/dags/__init__.py
[2025-10-23T10:54:26.312+0000] {processor.py:927} WARNING - No viable dags retrieved from /opt/airflow/dags/__init__.py
[2025-10-23T10:54:26.527+0000] {processor.py:208} INFO - Processing /opt/airflow/dags/__init__.py took 0.505 seconds
[2025-10-23T10:54:57.421+0000] {processor.py:186} INFO - Started process (PID=1049) to work on /opt/airflow/dags/__init__.py
[2025-10-23T10:54:57.445+0000] {processor.py:914} INFO - Processing file /opt/airflow/dags/__init__.py for tasks to queue
[2025-10-23T10:54:57.497+0000] {logging_mixin.py:190} INFO - [2025-10-23T10:54:57.485+0000] {dagbag.py:588} INFO - Filling up the DagBag from /opt/airflow/dags/__init__.py
[2025-10-23T10:54:57.569+0000] {processor.py:927} WARNING - No viable dags retrieved from /opt/airflow/dags/__init__.py
[2025-10-23T10:54:58.150+0000] {processor.py:208} INFO - Processing /opt/airflow/dags/__init__.py took 0.850 seconds
[2025-10-23T10:55:29.757+0000] {processor.py:186} INFO - Started process (PID=1057) to work on /opt/airflow/dags/__init__.py
[2025-10-23T10:55:29.772+0000] {processor.py:914} INFO - Processing file /opt/airflow/dags/__init__.py for tasks to queue
[2025-10-23T10:55:29.805+0000] {logging_mixin.py:190} INFO - [2025-10-23T10:55:29.804+0000] {dagbag.py:588} INFO - Filling up the DagBag from /opt/airflow/dags/__init__.py
[2025-10-23T10:55:30.410+0000] {processor.py:927} WARNING - No viable dags retrieved from /opt/airflow/dags/__init__.py
[2025-10-23T10:55:31.071+0000] {processor.py:208} INFO - Processing /opt/airflow/dags/__init__.py took 1.497 seconds
[2025-10-23T10:56:01.665+0000] {processor.py:186} INFO - Started process (PID=1064) to work on /opt/airflow/dags/__init__.py
[2025-10-23T10:56:01.679+0000] {processor.py:914} INFO - Processing file /opt/airflow/dags/__init__.py for tasks to queue
[2025-10-23T10:56:01.687+0000] {logging_mixin.py:190} INFO - [2025-10-23T10:56:01.686+0000] {dagbag.py:588} INFO - Filling up the DagBag from /opt/airflow/dags/__init__.py
[2025-10-23T10:56:01.777+0000] {processor.py:927} WARNING - No viable dags retrieved from /opt/airflow/dags/__init__.py
[2025-10-23T10:56:01.927+0000] {processor.py:208} INFO - Processing /opt/airflow/dags/__init__.py took 0.311 seconds
[2025-10-23T10:56:32.770+0000] {processor.py:186} INFO - Started process (PID=1072) to work on /opt/airflow/dags/__init__.py
[2025-10-23T10:56:32.802+0000] {processor.py:914} INFO - Processing file /opt/airflow/dags/__init__.py for tasks to queue
[2025-10-23T10:56:32.858+0000] {logging_mixin.py:190} INFO - [2025-10-23T10:56:32.857+0000] {dagbag.py:588} INFO - Filling up the DagBag from /opt/airflow/dags/__init__.py
[2025-10-23T10:56:33.199+0000] {processor.py:927} WARNING - No viable dags retrieved from /opt/airflow/dags/__init__.py
[2025-10-23T10:56:33.452+0000] {processor.py:208} INFO - Processing /opt/airflow/dags/__init__.py took 0.746 seconds
[2025-10-23T10:57:05.322+0000] {processor.py:186} INFO - Started process (PID=1080) to work on /opt/airflow/dags/__init__.py
[2025-10-23T10:57:05.331+0000] {processor.py:914} INFO - Processing file /opt/airflow/dags/__init__.py for tasks to queue
[2025-10-23T10:57:05.428+0000] {logging_mixin.py:190} INFO - [2025-10-23T10:57:05.398+0000] {dagbag.py:588} INFO - Filling up the DagBag from /opt/airflow/dags/__init__.py
[2025-10-23T10:57:05.553+0000] {processor.py:927} WARNING - No viable dags retrieved from /opt/airflow/dags/__init__.py
[2025-10-23T10:57:05.800+0000] {processor.py:208} INFO - Processing /opt/airflow/dags/__init__.py took 0.616 seconds
[2025-10-23T10:57:36.382+0000] {processor.py:186} INFO - Started process (PID=1089) to work on /opt/airflow/dags/__init__.py
[2025-10-23T10:57:36.396+0000] {processor.py:914} INFO - Processing file /opt/airflow/dags/__init__.py for tasks to queue
[2025-10-23T10:57:36.419+0000] {logging_mixin.py:190} INFO - [2025-10-23T10:57:36.414+0000] {dagbag.py:588} INFO - Filling up the DagBag from /opt/airflow/dags/__init__.py
[2025-10-23T10:57:36.463+0000] {processor.py:927} WARNING - No viable dags retrieved from /opt/airflow/dags/__init__.py
[2025-10-23T10:57:36.560+0000] {processor.py:208} INFO - Processing /opt/airflow/dags/__init__.py took 0.214 seconds
[2025-10-23T10:58:07.526+0000] {processor.py:186} INFO - Started process (PID=1096) to work on /opt/airflow/dags/__init__.py
[2025-10-23T10:58:07.542+0000] {processor.py:914} INFO - Processing file /opt/airflow/dags/__init__.py for tasks to queue
[2025-10-23T10:58:07.580+0000] {logging_mixin.py:190} INFO - [2025-10-23T10:58:07.578+0000] {dagbag.py:588} INFO - Filling up the DagBag from /opt/airflow/dags/__init__.py
[2025-10-23T10:58:07.734+0000] {processor.py:927} WARNING - No viable dags retrieved from /opt/airflow/dags/__init__.py
[2025-10-23T10:58:07.932+0000] {processor.py:208} INFO - Processing /opt/airflow/dags/__init__.py took 0.537 seconds
[2025-10-23T10:58:39.637+0000] {processor.py:186} INFO - Started process (PID=1104) to work on /opt/airflow/dags/__init__.py
[2025-10-23T10:58:39.648+0000] {processor.py:914} INFO - Processing file /opt/airflow/dags/__init__.py for tasks to queue
[2025-10-23T10:58:39.707+0000] {logging_mixin.py:190} INFO - [2025-10-23T10:58:39.706+0000] {dagbag.py:588} INFO - Filling up the DagBag from /opt/airflow/dags/__init__.py
[2025-10-23T10:58:39.913+0000] {processor.py:927} WARNING - No viable dags retrieved from /opt/airflow/dags/__init__.py
[2025-10-23T10:58:40.037+0000] {processor.py:208} INFO - Processing /opt/airflow/dags/__init__.py took 0.507 seconds
[2025-10-23T10:59:11.561+0000] {processor.py:186} INFO - Started process (PID=1112) to work on /opt/airflow/dags/__init__.py
[2025-10-23T10:59:11.621+0000] {processor.py:914} INFO - Processing file /opt/airflow/dags/__init__.py for tasks to queue
[2025-10-23T10:59:11.641+0000] {logging_mixin.py:190} INFO - [2025-10-23T10:59:11.640+0000] {dagbag.py:588} INFO - Filling up the DagBag from /opt/airflow/dags/__init__.py
[2025-10-23T10:59:11.811+0000] {processor.py:927} WARNING - No viable dags retrieved from /opt/airflow/dags/__init__.py
[2025-10-23T10:59:12.301+0000] {processor.py:208} INFO - Processing /opt/airflow/dags/__init__.py took 0.819 seconds
[2025-10-23T10:59:43.388+0000] {processor.py:186} INFO - Started process (PID=1120) to work on /opt/airflow/dags/__init__.py
[2025-10-23T10:59:43.391+0000] {processor.py:914} INFO - Processing file /opt/airflow/dags/__init__.py for tasks to queue
[2025-10-23T10:59:43.399+0000] {logging_mixin.py:190} INFO - [2025-10-23T10:59:43.398+0000] {dagbag.py:588} INFO - Filling up the DagBag from /opt/airflow/dags/__init__.py
[2025-10-23T10:59:43.449+0000] {processor.py:927} WARNING - No viable dags retrieved from /opt/airflow/dags/__init__.py
[2025-10-23T10:59:43.535+0000] {processor.py:208} INFO - Processing /opt/airflow/dags/__init__.py took 0.175 seconds
[2025-10-23T11:00:13.826+0000] {processor.py:186} INFO - Started process (PID=1128) to work on /opt/airflow/dags/__init__.py
[2025-10-23T11:00:13.834+0000] {processor.py:914} INFO - Processing file /opt/airflow/dags/__init__.py for tasks to queue
[2025-10-23T11:00:13.860+0000] {logging_mixin.py:190} INFO - [2025-10-23T11:00:13.859+0000] {dagbag.py:588} INFO - Filling up the DagBag from /opt/airflow/dags/__init__.py
[2025-10-23T11:00:13.924+0000] {processor.py:927} WARNING - No viable dags retrieved from /opt/airflow/dags/__init__.py
[2025-10-23T11:00:14.014+0000] {processor.py:208} INFO - Processing /opt/airflow/dags/__init__.py took 0.247 seconds
[2025-10-23T11:00:44.853+0000] {processor.py:186} INFO - Started process (PID=1136) to work on /opt/airflow/dags/__init__.py
[2025-10-23T11:00:44.884+0000] {processor.py:914} INFO - Processing file /opt/airflow/dags/__init__.py for tasks to queue
[2025-10-23T11:00:44.933+0000] {logging_mixin.py:190} INFO - [2025-10-23T11:00:44.932+0000] {dagbag.py:588} INFO - Filling up the DagBag from /opt/airflow/dags/__init__.py
[2025-10-23T11:00:45.151+0000] {processor.py:927} WARNING - No viable dags retrieved from /opt/airflow/dags/__init__.py
[2025-10-23T11:00:45.287+0000] {processor.py:208} INFO - Processing /opt/airflow/dags/__init__.py took 0.552 seconds
[2025-10-23T11:01:16.087+0000] {processor.py:186} INFO - Started process (PID=1144) to work on /opt/airflow/dags/__init__.py
[2025-10-23T11:01:16.098+0000] {processor.py:914} INFO - Processing file /opt/airflow/dags/__init__.py for tasks to queue
[2025-10-23T11:01:16.125+0000] {logging_mixin.py:190} INFO - [2025-10-23T11:01:16.122+0000] {dagbag.py:588} INFO - Filling up the DagBag from /opt/airflow/dags/__init__.py
[2025-10-23T11:01:16.169+0000] {processor.py:927} WARNING - No viable dags retrieved from /opt/airflow/dags/__init__.py
[2025-10-23T11:01:16.276+0000] {processor.py:208} INFO - Processing /opt/airflow/dags/__init__.py took 0.258 seconds
[2025-10-23T11:01:47.428+0000] {processor.py:186} INFO - Started process (PID=1151) to work on /opt/airflow/dags/__init__.py
[2025-10-23T11:01:47.446+0000] {processor.py:914} INFO - Processing file /opt/airflow/dags/__init__.py for tasks to queue
[2025-10-23T11:01:47.479+0000] {logging_mixin.py:190} INFO - [2025-10-23T11:01:47.478+0000] {dagbag.py:588} INFO - Filling up the DagBag from /opt/airflow/dags/__init__.py
[2025-10-23T11:01:47.646+0000] {processor.py:927} WARNING - No viable dags retrieved from /opt/airflow/dags/__init__.py
[2025-10-23T11:01:47.835+0000] {processor.py:208} INFO - Processing /opt/airflow/dags/__init__.py took 0.514 seconds
[2025-10-23T11:02:19.047+0000] {processor.py:186} INFO - Started process (PID=1159) to work on /opt/airflow/dags/__init__.py
[2025-10-23T11:02:19.051+0000] {processor.py:914} INFO - Processing file /opt/airflow/dags/__init__.py for tasks to queue
[2025-10-23T11:02:19.073+0000] {logging_mixin.py:190} INFO - [2025-10-23T11:02:19.072+0000] {dagbag.py:588} INFO - Filling up the DagBag from /opt/airflow/dags/__init__.py
[2025-10-23T11:02:19.202+0000] {processor.py:927} WARNING - No viable dags retrieved from /opt/airflow/dags/__init__.py
[2025-10-23T11:02:19.284+0000] {processor.py:208} INFO - Processing /opt/airflow/dags/__init__.py took 0.325 seconds
[2025-10-23T11:02:49.719+0000] {processor.py:186} INFO - Started process (PID=1166) to work on /opt/airflow/dags/__init__.py
[2025-10-23T11:02:49.722+0000] {processor.py:914} INFO - Processing file /opt/airflow/dags/__init__.py for tasks to queue
[2025-10-23T11:02:49.732+0000] {logging_mixin.py:190} INFO - [2025-10-23T11:02:49.731+0000] {dagbag.py:588} INFO - Filling up the DagBag from /opt/airflow/dags/__init__.py
[2025-10-23T11:02:49.771+0000] {processor.py:927} WARNING - No viable dags retrieved from /opt/airflow/dags/__init__.py
[2025-10-23T11:02:49.885+0000] {processor.py:208} INFO - Processing /opt/airflow/dags/__init__.py took 0.205 seconds
[2025-10-23T11:03:20.362+0000] {processor.py:186} INFO - Started process (PID=1173) to work on /opt/airflow/dags/__init__.py
[2025-10-23T11:03:20.486+0000] {processor.py:914} INFO - Processing file /opt/airflow/dags/__init__.py for tasks to queue
[2025-10-23T11:03:20.535+0000] {logging_mixin.py:190} INFO - [2025-10-23T11:03:20.534+0000] {dagbag.py:588} INFO - Filling up the DagBag from /opt/airflow/dags/__init__.py
[2025-10-23T11:03:20.971+0000] {processor.py:927} WARNING - No viable dags retrieved from /opt/airflow/dags/__init__.py
[2025-10-23T11:03:21.271+0000] {processor.py:208} INFO - Processing /opt/airflow/dags/__init__.py took 0.996 seconds
[2025-10-23T11:03:51.786+0000] {processor.py:186} INFO - Started process (PID=1181) to work on /opt/airflow/dags/__init__.py
[2025-10-23T11:03:51.794+0000] {processor.py:914} INFO - Processing file /opt/airflow/dags/__init__.py for tasks to queue
[2025-10-23T11:03:51.842+0000] {logging_mixin.py:190} INFO - [2025-10-23T11:03:51.829+0000] {dagbag.py:588} INFO - Filling up the DagBag from /opt/airflow/dags/__init__.py
[2025-10-23T11:03:51.933+0000] {processor.py:927} WARNING - No viable dags retrieved from /opt/airflow/dags/__init__.py
[2025-10-23T11:03:52.062+0000] {processor.py:208} INFO - Processing /opt/airflow/dags/__init__.py took 0.358 seconds
[2025-10-23T11:04:23.499+0000] {processor.py:186} INFO - Started process (PID=1190) to work on /opt/airflow/dags/__init__.py
[2025-10-23T11:04:23.505+0000] {processor.py:914} INFO - Processing file /opt/airflow/dags/__init__.py for tasks to queue
[2025-10-23T11:04:23.572+0000] {logging_mixin.py:190} INFO - [2025-10-23T11:04:23.571+0000] {dagbag.py:588} INFO - Filling up the DagBag from /opt/airflow/dags/__init__.py
[2025-10-23T11:04:23.798+0000] {processor.py:927} WARNING - No viable dags retrieved from /opt/airflow/dags/__init__.py
[2025-10-23T11:04:24.010+0000] {processor.py:208} INFO - Processing /opt/airflow/dags/__init__.py took 0.795 seconds
[2025-10-23T11:04:55.045+0000] {processor.py:186} INFO - Started process (PID=1197) to work on /opt/airflow/dags/__init__.py
[2025-10-23T11:04:55.082+0000] {processor.py:914} INFO - Processing file /opt/airflow/dags/__init__.py for tasks to queue
[2025-10-23T11:04:55.132+0000] {logging_mixin.py:190} INFO - [2025-10-23T11:04:55.131+0000] {dagbag.py:588} INFO - Filling up the DagBag from /opt/airflow/dags/__init__.py
[2025-10-23T11:04:55.316+0000] {processor.py:927} WARNING - No viable dags retrieved from /opt/airflow/dags/__init__.py
[2025-10-23T11:04:55.514+0000] {processor.py:208} INFO - Processing /opt/airflow/dags/__init__.py took 0.521 seconds
[2025-10-23T11:05:26.379+0000] {processor.py:186} INFO - Started process (PID=1204) to work on /opt/airflow/dags/__init__.py
[2025-10-23T11:05:26.385+0000] {processor.py:914} INFO - Processing file /opt/airflow/dags/__init__.py for tasks to queue
[2025-10-23T11:05:26.434+0000] {logging_mixin.py:190} INFO - [2025-10-23T11:05:26.421+0000] {dagbag.py:588} INFO - Filling up the DagBag from /opt/airflow/dags/__init__.py
[2025-10-23T11:05:26.506+0000] {processor.py:927} WARNING - No viable dags retrieved from /opt/airflow/dags/__init__.py
[2025-10-23T11:05:26.686+0000] {processor.py:208} INFO - Processing /opt/airflow/dags/__init__.py took 0.427 seconds
[2025-10-23T11:05:57.331+0000] {processor.py:186} INFO - Started process (PID=1212) to work on /opt/airflow/dags/__init__.py
[2025-10-23T11:05:57.346+0000] {processor.py:914} INFO - Processing file /opt/airflow/dags/__init__.py for tasks to queue
[2025-10-23T11:05:57.438+0000] {logging_mixin.py:190} INFO - [2025-10-23T11:05:57.437+0000] {dagbag.py:588} INFO - Filling up the DagBag from /opt/airflow/dags/__init__.py
[2025-10-23T11:05:57.628+0000] {processor.py:927} WARNING - No viable dags retrieved from /opt/airflow/dags/__init__.py
[2025-10-23T11:05:57.831+0000] {processor.py:208} INFO - Processing /opt/airflow/dags/__init__.py took 0.529 seconds
[2025-10-23T11:06:28.520+0000] {processor.py:186} INFO - Started process (PID=1220) to work on /opt/airflow/dags/__init__.py
[2025-10-23T11:06:28.523+0000] {processor.py:914} INFO - Processing file /opt/airflow/dags/__init__.py for tasks to queue
[2025-10-23T11:06:28.537+0000] {logging_mixin.py:190} INFO - [2025-10-23T11:06:28.536+0000] {dagbag.py:588} INFO - Filling up the DagBag from /opt/airflow/dags/__init__.py
[2025-10-23T11:06:28.676+0000] {processor.py:927} WARNING - No viable dags retrieved from /opt/airflow/dags/__init__.py
[2025-10-23T11:06:28.925+0000] {processor.py:208} INFO - Processing /opt/airflow/dags/__init__.py took 0.461 seconds
[2025-10-23T11:06:59.851+0000] {processor.py:186} INFO - Started process (PID=1228) to work on /opt/airflow/dags/__init__.py
[2025-10-23T11:06:59.855+0000] {processor.py:914} INFO - Processing file /opt/airflow/dags/__init__.py for tasks to queue
[2025-10-23T11:06:59.884+0000] {logging_mixin.py:190} INFO - [2025-10-23T11:06:59.883+0000] {dagbag.py:588} INFO - Filling up the DagBag from /opt/airflow/dags/__init__.py
[2025-10-23T11:06:59.974+0000] {processor.py:927} WARNING - No viable dags retrieved from /opt/airflow/dags/__init__.py
[2025-10-23T11:07:00.272+0000] {processor.py:208} INFO - Processing /opt/airflow/dags/__init__.py took 0.521 seconds
[2025-10-23T11:07:31.262+0000] {processor.py:186} INFO - Started process (PID=1236) to work on /opt/airflow/dags/__init__.py
[2025-10-23T11:07:31.278+0000] {processor.py:914} INFO - Processing file /opt/airflow/dags/__init__.py for tasks to queue
[2025-10-23T11:07:31.303+0000] {logging_mixin.py:190} INFO - [2025-10-23T11:07:31.302+0000] {dagbag.py:588} INFO - Filling up the DagBag from /opt/airflow/dags/__init__.py
[2025-10-23T11:07:31.541+0000] {processor.py:927} WARNING - No viable dags retrieved from /opt/airflow/dags/__init__.py
[2025-10-23T11:07:31.689+0000] {processor.py:208} INFO - Processing /opt/airflow/dags/__init__.py took 0.510 seconds
[2025-10-23T11:08:02.934+0000] {processor.py:186} INFO - Started process (PID=1243) to work on /opt/airflow/dags/__init__.py
[2025-10-23T11:08:02.954+0000] {processor.py:914} INFO - Processing file /opt/airflow/dags/__init__.py for tasks to queue
[2025-10-23T11:08:02.971+0000] {logging_mixin.py:190} INFO - [2025-10-23T11:08:02.970+0000] {dagbag.py:588} INFO - Filling up the DagBag from /opt/airflow/dags/__init__.py
[2025-10-23T11:08:03.226+0000] {processor.py:927} WARNING - No viable dags retrieved from /opt/airflow/dags/__init__.py
[2025-10-23T11:08:03.508+0000] {processor.py:208} INFO - Processing /opt/airflow/dags/__init__.py took 0.652 seconds
[2025-10-23T11:08:35.008+0000] {processor.py:186} INFO - Started process (PID=1251) to work on /opt/airflow/dags/__init__.py
[2025-10-23T11:08:35.169+0000] {processor.py:914} INFO - Processing file /opt/airflow/dags/__init__.py for tasks to queue
[2025-10-23T11:08:35.214+0000] {logging_mixin.py:190} INFO - [2025-10-23T11:08:35.213+0000] {dagbag.py:588} INFO - Filling up the DagBag from /opt/airflow/dags/__init__.py
[2025-10-23T11:08:35.278+0000] {processor.py:927} WARNING - No viable dags retrieved from /opt/airflow/dags/__init__.py
[2025-10-23T11:08:35.412+0000] {processor.py:208} INFO - Processing /opt/airflow/dags/__init__.py took 0.532 seconds
[2025-10-23T11:09:06.992+0000] {processor.py:186} INFO - Started process (PID=1259) to work on /opt/airflow/dags/__init__.py
[2025-10-23T11:09:07.241+0000] {processor.py:914} INFO - Processing file /opt/airflow/dags/__init__.py for tasks to queue
[2025-10-23T11:09:07.324+0000] {logging_mixin.py:190} INFO - [2025-10-23T11:09:07.323+0000] {dagbag.py:588} INFO - Filling up the DagBag from /opt/airflow/dags/__init__.py
[2025-10-23T11:09:08.029+0000] {processor.py:927} WARNING - No viable dags retrieved from /opt/airflow/dags/__init__.py
[2025-10-23T11:09:08.328+0000] {processor.py:208} INFO - Processing /opt/airflow/dags/__init__.py took 1.742 seconds
[2025-10-23T11:09:39.134+0000] {processor.py:186} INFO - Started process (PID=1272) to work on /opt/airflow/dags/__init__.py
[2025-10-23T11:09:39.142+0000] {processor.py:914} INFO - Processing file /opt/airflow/dags/__init__.py for tasks to queue
[2025-10-23T11:09:39.171+0000] {logging_mixin.py:190} INFO - [2025-10-23T11:09:39.170+0000] {dagbag.py:588} INFO - Filling up the DagBag from /opt/airflow/dags/__init__.py
[2025-10-23T11:09:39.294+0000] {processor.py:927} WARNING - No viable dags retrieved from /opt/airflow/dags/__init__.py
[2025-10-23T11:09:39.857+0000] {processor.py:208} INFO - Processing /opt/airflow/dags/__init__.py took 0.819 seconds
[2025-10-23T11:10:11.124+0000] {processor.py:186} INFO - Started process (PID=1279) to work on /opt/airflow/dags/__init__.py
[2025-10-23T11:10:11.138+0000] {processor.py:914} INFO - Processing file /opt/airflow/dags/__init__.py for tasks to queue
[2025-10-23T11:10:11.177+0000] {logging_mixin.py:190} INFO - [2025-10-23T11:10:11.172+0000] {dagbag.py:588} INFO - Filling up the DagBag from /opt/airflow/dags/__init__.py
[2025-10-23T11:10:11.307+0000] {processor.py:927} WARNING - No viable dags retrieved from /opt/airflow/dags/__init__.py
[2025-10-23T11:10:11.407+0000] {processor.py:208} INFO - Processing /opt/airflow/dags/__init__.py took 0.323 seconds
[2025-10-23T18:05:36.920+0000] {processor.py:186} INFO - Started process (PID=1286) to work on /opt/airflow/dags/__init__.py
[2025-10-23T18:05:37.028+0000] {processor.py:914} INFO - Processing file /opt/airflow/dags/__init__.py for tasks to queue
[2025-10-23T18:05:37.066+0000] {logging_mixin.py:190} INFO - [2025-10-23T18:05:37.065+0000] {dagbag.py:588} INFO - Filling up the DagBag from /opt/airflow/dags/__init__.py
[2025-10-23T18:05:37.786+0000] {processor.py:927} WARNING - No viable dags retrieved from /opt/airflow/dags/__init__.py
[2025-10-23T18:05:38.468+0000] {processor.py:208} INFO - Processing /opt/airflow/dags/__init__.py took 1.725 seconds
[2025-10-23T18:06:09.033+0000] {processor.py:186} INFO - Started process (PID=1293) to work on /opt/airflow/dags/__init__.py
[2025-10-23T18:06:09.041+0000] {processor.py:914} INFO - Processing file /opt/airflow/dags/__init__.py for tasks to queue
[2025-10-23T18:06:09.070+0000] {logging_mixin.py:190} INFO - [2025-10-23T18:06:09.058+0000] {dagbag.py:588} INFO - Filling up the DagBag from /opt/airflow/dags/__init__.py
[2025-10-23T18:06:09.214+0000] {processor.py:927} WARNING - No viable dags retrieved from /opt/airflow/dags/__init__.py
[2025-10-23T18:06:09.291+0000] {processor.py:208} INFO - Processing /opt/airflow/dags/__init__.py took 0.285 seconds
[2025-10-23T18:06:40.012+0000] {processor.py:186} INFO - Started process (PID=1302) to work on /opt/airflow/dags/__init__.py
[2025-10-23T18:06:40.014+0000] {processor.py:914} INFO - Processing file /opt/airflow/dags/__init__.py for tasks to queue
[2025-10-23T18:06:40.026+0000] {logging_mixin.py:190} INFO - [2025-10-23T18:06:40.024+0000] {dagbag.py:588} INFO - Filling up the DagBag from /opt/airflow/dags/__init__.py
[2025-10-23T18:06:40.071+0000] {processor.py:927} WARNING - No viable dags retrieved from /opt/airflow/dags/__init__.py
[2025-10-23T18:06:40.121+0000] {processor.py:208} INFO - Processing /opt/airflow/dags/__init__.py took 0.128 seconds
[2025-10-23T18:07:10.707+0000] {processor.py:186} INFO - Started process (PID=1310) to work on /opt/airflow/dags/__init__.py
[2025-10-23T18:07:10.711+0000] {processor.py:914} INFO - Processing file /opt/airflow/dags/__init__.py for tasks to queue
[2025-10-23T18:07:10.725+0000] {logging_mixin.py:190} INFO - [2025-10-23T18:07:10.724+0000] {dagbag.py:588} INFO - Filling up the DagBag from /opt/airflow/dags/__init__.py
[2025-10-23T18:07:10.789+0000] {processor.py:927} WARNING - No viable dags retrieved from /opt/airflow/dags/__init__.py
[2025-10-23T18:07:10.843+0000] {processor.py:208} INFO - Processing /opt/airflow/dags/__init__.py took 0.175 seconds
[2025-10-23T18:07:45.258+0000] {processor.py:186} INFO - Started process (PID=1318) to work on /opt/airflow/dags/__init__.py
[2025-10-23T18:07:45.499+0000] {processor.py:914} INFO - Processing file /opt/airflow/dags/__init__.py for tasks to queue
[2025-10-23T18:07:45.531+0000] {logging_mixin.py:190} INFO - [2025-10-23T18:07:45.530+0000] {dagbag.py:588} INFO - Filling up the DagBag from /opt/airflow/dags/__init__.py
[2025-10-23T18:07:47.662+0000] {processor.py:927} WARNING - No viable dags retrieved from /opt/airflow/dags/__init__.py
[2025-10-23T18:07:48.363+0000] {processor.py:208} INFO - Processing /opt/airflow/dags/__init__.py took 3.415 seconds
[2025-10-23T18:08:22.738+0000] {processor.py:186} INFO - Started process (PID=1326) to work on /opt/airflow/dags/__init__.py
[2025-10-23T18:08:22.789+0000] {processor.py:914} INFO - Processing file /opt/airflow/dags/__init__.py for tasks to queue
[2025-10-23T18:08:22.869+0000] {logging_mixin.py:190} INFO - [2025-10-23T18:08:22.868+0000] {dagbag.py:588} INFO - Filling up the DagBag from /opt/airflow/dags/__init__.py
[2025-10-23T18:08:24.780+0000] {processor.py:927} WARNING - No viable dags retrieved from /opt/airflow/dags/__init__.py
[2025-10-23T18:08:25.656+0000] {processor.py:208} INFO - Processing /opt/airflow/dags/__init__.py took 3.028 seconds
[2025-10-23T18:08:58.730+0000] {processor.py:186} INFO - Started process (PID=1340) to work on /opt/airflow/dags/__init__.py
[2025-10-23T18:08:58.776+0000] {processor.py:914} INFO - Processing file /opt/airflow/dags/__init__.py for tasks to queue
[2025-10-23T18:08:59.028+0000] {logging_mixin.py:190} INFO - [2025-10-23T18:08:58.975+0000] {dagbag.py:588} INFO - Filling up the DagBag from /opt/airflow/dags/__init__.py
[2025-10-23T18:08:59.497+0000] {processor.py:927} WARNING - No viable dags retrieved from /opt/airflow/dags/__init__.py
[2025-10-23T18:09:00.061+0000] {processor.py:208} INFO - Processing /opt/airflow/dags/__init__.py took 2.237 seconds
[2025-10-23T18:09:31.928+0000] {processor.py:186} INFO - Started process (PID=1348) to work on /opt/airflow/dags/__init__.py
[2025-10-23T18:09:31.959+0000] {processor.py:914} INFO - Processing file /opt/airflow/dags/__init__.py for tasks to queue
[2025-10-23T18:09:32.046+0000] {logging_mixin.py:190} INFO - [2025-10-23T18:09:32.045+0000] {dagbag.py:588} INFO - Filling up the DagBag from /opt/airflow/dags/__init__.py
[2025-10-23T18:09:32.441+0000] {processor.py:927} WARNING - No viable dags retrieved from /opt/airflow/dags/__init__.py
[2025-10-23T18:09:32.638+0000] {processor.py:208} INFO - Processing /opt/airflow/dags/__init__.py took 0.862 seconds
[2025-10-23T18:10:03.627+0000] {processor.py:186} INFO - Started process (PID=1356) to work on /opt/airflow/dags/__init__.py
[2025-10-23T18:10:03.642+0000] {processor.py:914} INFO - Processing file /opt/airflow/dags/__init__.py for tasks to queue
[2025-10-23T18:10:03.742+0000] {logging_mixin.py:190} INFO - [2025-10-23T18:10:03.741+0000] {dagbag.py:588} INFO - Filling up the DagBag from /opt/airflow/dags/__init__.py
[2025-10-23T18:10:03.902+0000] {processor.py:927} WARNING - No viable dags retrieved from /opt/airflow/dags/__init__.py
[2025-10-23T18:10:03.990+0000] {processor.py:208} INFO - Processing /opt/airflow/dags/__init__.py took 0.459 seconds
[2025-10-23T18:10:35.013+0000] {processor.py:186} INFO - Started process (PID=1364) to work on /opt/airflow/dags/__init__.py
[2025-10-23T18:10:35.016+0000] {processor.py:914} INFO - Processing file /opt/airflow/dags/__init__.py for tasks to queue
[2025-10-23T18:10:35.109+0000] {logging_mixin.py:190} INFO - [2025-10-23T18:10:35.108+0000] {dagbag.py:588} INFO - Filling up the DagBag from /opt/airflow/dags/__init__.py
[2025-10-23T18:10:35.464+0000] {processor.py:927} WARNING - No viable dags retrieved from /opt/airflow/dags/__init__.py
[2025-10-23T18:10:35.820+0000] {processor.py:208} INFO - Processing /opt/airflow/dags/__init__.py took 0.985 seconds
[2025-10-23T18:11:08.024+0000] {processor.py:186} INFO - Started process (PID=1371) to work on /opt/airflow/dags/__init__.py
[2025-10-23T18:11:08.121+0000] {processor.py:914} INFO - Processing file /opt/airflow/dags/__init__.py for tasks to queue
[2025-10-23T18:11:08.197+0000] {logging_mixin.py:190} INFO - [2025-10-23T18:11:08.195+0000] {dagbag.py:588} INFO - Filling up the DagBag from /opt/airflow/dags/__init__.py
[2025-10-23T18:11:08.520+0000] {processor.py:927} WARNING - No viable dags retrieved from /opt/airflow/dags/__init__.py
[2025-10-23T18:11:09.405+0000] {processor.py:208} INFO - Processing /opt/airflow/dags/__init__.py took 1.988 seconds
[2025-10-23T18:11:40.546+0000] {processor.py:186} INFO - Started process (PID=1380) to work on /opt/airflow/dags/__init__.py
[2025-10-23T18:11:40.673+0000] {processor.py:914} INFO - Processing file /opt/airflow/dags/__init__.py for tasks to queue
[2025-10-23T18:11:40.963+0000] {logging_mixin.py:190} INFO - [2025-10-23T18:11:40.962+0000] {dagbag.py:588} INFO - Filling up the DagBag from /opt/airflow/dags/__init__.py
[2025-10-23T18:11:41.614+0000] {processor.py:927} WARNING - No viable dags retrieved from /opt/airflow/dags/__init__.py
[2025-10-23T18:11:41.890+0000] {processor.py:208} INFO - Processing /opt/airflow/dags/__init__.py took 1.636 seconds
[2025-10-23T18:12:12.834+0000] {processor.py:186} INFO - Started process (PID=1388) to work on /opt/airflow/dags/__init__.py
[2025-10-23T18:12:12.870+0000] {processor.py:914} INFO - Processing file /opt/airflow/dags/__init__.py for tasks to queue
[2025-10-23T18:12:12.958+0000] {logging_mixin.py:190} INFO - [2025-10-23T18:12:12.943+0000] {dagbag.py:588} INFO - Filling up the DagBag from /opt/airflow/dags/__init__.py
[2025-10-23T18:12:13.368+0000] {processor.py:927} WARNING - No viable dags retrieved from /opt/airflow/dags/__init__.py
[2025-10-23T18:12:13.700+0000] {processor.py:208} INFO - Processing /opt/airflow/dags/__init__.py took 1.045 seconds
[2025-10-23T18:12:44.826+0000] {processor.py:186} INFO - Started process (PID=1395) to work on /opt/airflow/dags/__init__.py
[2025-10-23T18:12:44.843+0000] {processor.py:914} INFO - Processing file /opt/airflow/dags/__init__.py for tasks to queue
[2025-10-23T18:12:44.869+0000] {logging_mixin.py:190} INFO - [2025-10-23T18:12:44.868+0000] {dagbag.py:588} INFO - Filling up the DagBag from /opt/airflow/dags/__init__.py
[2025-10-23T18:12:44.941+0000] {processor.py:927} WARNING - No viable dags retrieved from /opt/airflow/dags/__init__.py
[2025-10-23T18:12:45.038+0000] {processor.py:208} INFO - Processing /opt/airflow/dags/__init__.py took 0.297 seconds
[2025-10-23T18:13:15.572+0000] {processor.py:186} INFO - Started process (PID=1402) to work on /opt/airflow/dags/__init__.py
[2025-10-23T18:13:15.577+0000] {processor.py:914} INFO - Processing file /opt/airflow/dags/__init__.py for tasks to queue
[2025-10-23T18:13:15.595+0000] {logging_mixin.py:190} INFO - [2025-10-23T18:13:15.594+0000] {dagbag.py:588} INFO - Filling up the DagBag from /opt/airflow/dags/__init__.py
[2025-10-23T18:13:15.757+0000] {processor.py:927} WARNING - No viable dags retrieved from /opt/airflow/dags/__init__.py
[2025-10-23T18:13:15.968+0000] {processor.py:208} INFO - Processing /opt/airflow/dags/__init__.py took 0.445 seconds
[2025-10-23T18:13:47.029+0000] {processor.py:186} INFO - Started process (PID=1410) to work on /opt/airflow/dags/__init__.py
[2025-10-23T18:13:47.034+0000] {processor.py:914} INFO - Processing file /opt/airflow/dags/__init__.py for tasks to queue
[2025-10-23T18:13:47.049+0000] {logging_mixin.py:190} INFO - [2025-10-23T18:13:47.048+0000] {dagbag.py:588} INFO - Filling up the DagBag from /opt/airflow/dags/__init__.py
[2025-10-23T18:13:47.263+0000] {processor.py:927} WARNING - No viable dags retrieved from /opt/airflow/dags/__init__.py
[2025-10-23T18:13:47.423+0000] {processor.py:208} INFO - Processing /opt/airflow/dags/__init__.py took 0.460 seconds
[2025-10-23T18:14:18.583+0000] {processor.py:186} INFO - Started process (PID=1417) to work on /opt/airflow/dags/__init__.py
[2025-10-23T18:14:18.591+0000] {processor.py:914} INFO - Processing file /opt/airflow/dags/__init__.py for tasks to queue
[2025-10-23T18:14:18.613+0000] {logging_mixin.py:190} INFO - [2025-10-23T18:14:18.612+0000] {dagbag.py:588} INFO - Filling up the DagBag from /opt/airflow/dags/__init__.py
[2025-10-23T18:14:18.702+0000] {processor.py:927} WARNING - No viable dags retrieved from /opt/airflow/dags/__init__.py
[2025-10-23T18:14:18.906+0000] {processor.py:208} INFO - Processing /opt/airflow/dags/__init__.py took 0.414 seconds
[2025-10-23T18:14:50.067+0000] {processor.py:186} INFO - Started process (PID=1424) to work on /opt/airflow/dags/__init__.py
[2025-10-23T18:14:50.075+0000] {processor.py:914} INFO - Processing file /opt/airflow/dags/__init__.py for tasks to queue
[2025-10-23T18:14:50.085+0000] {logging_mixin.py:190} INFO - [2025-10-23T18:14:50.084+0000] {dagbag.py:588} INFO - Filling up the DagBag from /opt/airflow/dags/__init__.py
[2025-10-23T18:14:50.175+0000] {processor.py:927} WARNING - No viable dags retrieved from /opt/airflow/dags/__init__.py
[2025-10-23T18:14:50.275+0000] {processor.py:208} INFO - Processing /opt/airflow/dags/__init__.py took 0.231 seconds
[2025-10-23T18:15:22.674+0000] {processor.py:186} INFO - Started process (PID=1432) to work on /opt/airflow/dags/__init__.py
[2025-10-23T18:15:22.677+0000] {processor.py:914} INFO - Processing file /opt/airflow/dags/__init__.py for tasks to queue
[2025-10-23T18:15:22.697+0000] {logging_mixin.py:190} INFO - [2025-10-23T18:15:22.696+0000] {dagbag.py:588} INFO - Filling up the DagBag from /opt/airflow/dags/__init__.py
[2025-10-23T18:15:22.896+0000] {processor.py:927} WARNING - No viable dags retrieved from /opt/airflow/dags/__init__.py
[2025-10-23T18:15:23.153+0000] {processor.py:208} INFO - Processing /opt/airflow/dags/__init__.py took 0.667 seconds
[2025-10-23T18:15:53.784+0000] {processor.py:186} INFO - Started process (PID=1439) to work on /opt/airflow/dags/__init__.py
[2025-10-23T18:15:53.803+0000] {processor.py:914} INFO - Processing file /opt/airflow/dags/__init__.py for tasks to queue
[2025-10-23T18:15:53.870+0000] {logging_mixin.py:190} INFO - [2025-10-23T18:15:53.869+0000] {dagbag.py:588} INFO - Filling up the DagBag from /opt/airflow/dags/__init__.py
[2025-10-23T18:15:56.599+0000] {processor.py:927} WARNING - No viable dags retrieved from /opt/airflow/dags/__init__.py
[2025-10-23T18:15:57.084+0000] {processor.py:208} INFO - Processing /opt/airflow/dags/__init__.py took 3.357 seconds
