[2025-10-29T11:56:34.466+0000] {manager.py:483} INFO - Processing files using up to 2 processes at a time 
[2025-10-29T11:56:34.481+0000] {manager.py:484} INFO - Process each file at most once every 30 seconds
[2025-10-29T11:56:34.491+0000] {manager.py:485} INFO - Checking for new files in /opt/airflow/dags every 300 seconds
[2025-10-29T11:56:34.492+0000] {manager.py:821} INFO - Searching for files in /opt/airflow/dags
[2025-10-29T11:56:34.873+0000] {manager.py:824} INFO - There are 3 files in /opt/airflow/dags
[2025-10-29T11:56:35.751+0000] {manager.py:997} INFO - 
================================================================================
DAG File Processing Stats

File Path                                            PID  Runtime      # DAGs    # Errors  Last Runtime    Last Run      Last # of DB Queries
-------------------------------------------------  -----  ---------  --------  ----------  --------------  ----------  ----------------------
/opt/airflow/dags/fraud_detection_training.py         89  0.35s             0           0                                                   0
/opt/airflow/dags/fraud_detection_training_dag.py     88  0.44s             0           0                                                   0
/opt/airflow/dags/__init__.py                                               0           0                                                   0
================================================================================
[2025-10-29T11:57:06.313+0000] {manager.py:997} INFO - 
================================================================================
DAG File Processing Stats

File Path                                          PID    Runtime      # DAGs    # Errors  Last Runtime    Last Run               Last # of DB Queries
-------------------------------------------------  -----  ---------  --------  ----------  --------------  -------------------  ----------------------
/opt/airflow/dags/fraud_detection_training_dag.py                           1           0  4.59s           2025-10-29T11:56:39                      46
/opt/airflow/dags/fraud_detection_training.py                               0           1  1.17s           2025-10-29T11:56:36                       3
/opt/airflow/dags/__init__.py                                               0           0  0.29s           2025-10-29T11:56:37                       3
================================================================================
[2025-10-29T11:57:36.678+0000] {manager.py:997} INFO - 
================================================================================
DAG File Processing Stats

File Path                                          PID    Runtime      # DAGs    # Errors  Last Runtime    Last Run               Last # of DB Queries
-------------------------------------------------  -----  ---------  --------  ----------  --------------  -------------------  ----------------------
/opt/airflow/dags/fraud_detection_training_dag.py                           1           0  1.03s           2025-10-29T11:57:11                      13
/opt/airflow/dags/__init__.py                                               0           0  0.54s           2025-10-29T11:57:08                       3
/opt/airflow/dags/fraud_detection_training.py                               0           1  0.45s           2025-10-29T11:57:07                       5
================================================================================
[2025-10-29T11:58:06.883+0000] {manager.py:997} INFO - 
================================================================================
DAG File Processing Stats

File Path                                          PID    Runtime      # DAGs    # Errors  Last Runtime    Last Run               Last # of DB Queries
-------------------------------------------------  -----  ---------  --------  ----------  --------------  -------------------  ----------------------
/opt/airflow/dags/fraud_detection_training_dag.py                           1           0  2.50s           2025-10-29T11:57:44                      13
/opt/airflow/dags/fraud_detection_training.py                               0           1  1.41s           2025-10-29T11:57:39                       5
/opt/airflow/dags/__init__.py                                               0           0  1.02s           2025-10-29T11:57:40                       3
================================================================================
[2025-10-29T11:58:34.959+0000] {manager.py:997} INFO - 
================================================================================
DAG File Processing Stats

File Path                                            PID  Runtime      # DAGs    # Errors  Last Runtime    Last Run               Last # of DB Queries
-------------------------------------------------  -----  ---------  --------  ----------  --------------  -------------------  ----------------------
/opt/airflow/dags/fraud_detection_training.py                               0           1  7.29s           2025-10-29T11:58:17                       5
/opt/airflow/dags/__init__.py                                               0           0  5.29s           2025-10-29T11:58:16                       3
/opt/airflow/dags/fraud_detection_training_dag.py    117  17.01s            1           0  2.50s           2025-10-29T11:57:44                      13
================================================================================
[2025-10-29T11:59:29.516+0000] {manager.py:997} INFO - 
================================================================================
DAG File Processing Stats

File Path                                            PID  Runtime      # DAGs    # Errors  Last Runtime    Last Run               Last # of DB Queries
-------------------------------------------------  -----  ---------  --------  ----------  --------------  -------------------  ----------------------
/opt/airflow/dags/fraud_detection_training_dag.py                           1           0  44.47s          2025-10-29T11:59:01                      13
/opt/airflow/dags/fraud_detection_training.py                               0           1  12.41s          2025-10-29T11:59:05                       5
/opt/airflow/dags/__init__.py                        125  27.50s            0           0  5.29s           2025-10-29T11:58:16                       3
================================================================================
[2025-10-29T11:59:51.381+0000] {manager.py:1146} ERROR - Processor for /opt/airflow/dags/__init__.py exited with return code 1.
[2025-10-29T12:04:25.755+0000] {manager.py:997} INFO - 
================================================================================
DAG File Processing Stats

File Path                                            PID  Runtime      # DAGs    # Errors  Last Runtime    Last Run               Last # of DB Queries
-------------------------------------------------  -----  ---------  --------  ----------  --------------  -------------------  ----------------------
/opt/airflow/dags/__init__.py                                               0          -1  49.32s          2025-10-29T11:59:51                       0
/opt/airflow/dags/fraud_detection_training_dag.py    126  88.51s            1           0  44.47s          2025-10-29T11:59:01                      13
/opt/airflow/dags/fraud_detection_training.py        127  85.10s            0           1  12.41s          2025-10-29T11:59:05                       5
================================================================================
[2025-10-29T12:08:21.356+0000] {manager.py:821} INFO - Searching for files in /opt/airflow/dags
[2025-10-29T12:08:22.894+0000] {manager.py:824} INFO - There are 3 files in /opt/airflow/dags
[2025-10-29T12:08:26.640+0000] {manager.py:1366} ERROR - Processor for /opt/airflow/dags/fraud_detection_training_dag.py with PID 126 started at 2025-10-29T11:59:52.542788+00:00 has timed out, killing it.
[2025-10-29T12:08:26.902+0000] {manager.py:1366} ERROR - Processor for /opt/airflow/dags/fraud_detection_training.py with PID 127 started at 2025-10-29T11:59:55.953023+00:00 has timed out, killing it.
[2025-10-29T12:08:51.948+0000] {manager.py:997} INFO - 
================================================================================
DAG File Processing Stats

File Path                                            PID  Runtime      # DAGs    # Errors  Last Runtime    Last Run               Last # of DB Queries
-------------------------------------------------  -----  ---------  --------  ----------  --------------  -------------------  ----------------------
/opt/airflow/dags/fraud_detection_training_dag.py                           0           1  514.08s         2025-10-29T12:08:26                       0
/opt/airflow/dags/fraud_detection_training.py                               0           1  510.67s         2025-10-29T12:08:26                       0
/opt/airflow/dags/__init__.py                        128  24.68s            0          -1  49.32s          2025-10-29T11:59:51                       0
================================================================================
[2025-10-29T12:08:53.974+0000] {manager.py:1146} ERROR - Processor for /opt/airflow/dags/__init__.py exited with return code 1.
[2025-10-29T12:10:01.806+0000] {manager.py:1366} ERROR - Processor for /opt/airflow/dags/fraud_detection_training_dag.py with PID 129 started at 2025-10-29T12:09:00.048904+00:00 has timed out, killing it.
[2025-10-29T12:10:01.990+0000] {manager.py:1366} ERROR - Processor for /opt/airflow/dags/fraud_detection_training.py with PID 130 started at 2025-10-29T12:09:03.356830+00:00 has timed out, killing it.
[2025-10-29T12:10:02.545+0000] {manager.py:997} INFO - 
================================================================================
DAG File Processing Stats

File Path                                            PID  Runtime      # DAGs    # Errors  Last Runtime    Last Run               Last # of DB Queries
-------------------------------------------------  -----  ---------  --------  ----------  --------------  -------------------  ----------------------
/opt/airflow/dags/fraud_detection_training_dag.py                           0           1  61.73s          2025-10-29T12:10:01                       0
/opt/airflow/dags/fraud_detection_training.py                               0           1  58.42s          2025-10-29T12:10:01                       0
/opt/airflow/dags/__init__.py                        131  0.06s             0          -1  26.84s          2025-10-29T12:08:53                       0
================================================================================
[2025-10-29T12:10:37.699+0000] {manager.py:1146} ERROR - Processor for /opt/airflow/dags/__init__.py exited with return code 1.
[2025-10-29T12:10:38.029+0000] {manager.py:997} INFO - 
================================================================================
DAG File Processing Stats

File Path                                            PID  Runtime      # DAGs    # Errors  Last Runtime    Last Run               Last # of DB Queries
-------------------------------------------------  -----  ---------  --------  ----------  --------------  -------------------  ----------------------
/opt/airflow/dags/fraud_detection_training_dag.py    132  0.57s             0           1  61.73s          2025-10-29T12:10:01                       0
/opt/airflow/dags/fraud_detection_training.py                               0           1  58.42s          2025-10-29T12:10:01                       0
/opt/airflow/dags/__init__.py                                               0          -1  35.24s          2025-10-29T12:10:37                       0
================================================================================
[2025-10-29T12:10:56.945+0000] {manager.py:1146} ERROR - Processor for /opt/airflow/dags/fraud_detection_training.py exited with return code 1.
[2025-10-29T12:11:08.486+0000] {manager.py:997} INFO - 
================================================================================
DAG File Processing Stats

File Path                                            PID  Runtime      # DAGs    # Errors  Last Runtime    Last Run               Last # of DB Queries
-------------------------------------------------  -----  ---------  --------  ----------  --------------  -------------------  ----------------------
/opt/airflow/dags/fraud_detection_training_dag.py    132  31.03s            0           1  61.73s          2025-10-29T12:10:01                       0
/opt/airflow/dags/__init__.py                        134  0.11s             0          -1  35.24s          2025-10-29T12:10:37                       0
/opt/airflow/dags/fraud_detection_training.py                               0          -1  18.40s          2025-10-29T12:10:56                       0
================================================================================
[2025-10-29T12:11:27.644+0000] {manager.py:1366} ERROR - Processor for /opt/airflow/dags/fraud_detection_training_dag.py with PID 132 started at 2025-10-29T12:10:37.315520+00:00 has timed out, killing it.
[2025-10-29T12:11:39.002+0000] {manager.py:997} INFO - 
================================================================================
DAG File Processing Stats

File Path                                          PID    Runtime      # DAGs    # Errors  Last Runtime    Last Run               Last # of DB Queries
-------------------------------------------------  -----  ---------  --------  ----------  --------------  -------------------  ----------------------
/opt/airflow/dags/fraud_detection_training_dag.py                           0           1  50.33s          2025-10-29T12:11:27                       0
/opt/airflow/dags/__init__.py                                               0           0  9.17s           2025-10-29T12:11:17                       3
/opt/airflow/dags/fraud_detection_training.py                               0           1  1.71s           2025-10-29T12:11:29                       5
================================================================================
[2025-10-29T12:12:09.265+0000] {manager.py:997} INFO - 
================================================================================
DAG File Processing Stats

File Path                                          PID    Runtime      # DAGs    # Errors  Last Runtime    Last Run               Last # of DB Queries
-------------------------------------------------  -----  ---------  --------  ----------  --------------  -------------------  ----------------------
/opt/airflow/dags/fraud_detection_training_dag.py                           1           0  9.25s           2025-10-29T12:12:07                      35
/opt/airflow/dags/fraud_detection_training.py                               0           1  2.58s           2025-10-29T12:12:02                       5
/opt/airflow/dags/__init__.py                                               0           0  0.23s           2025-10-29T12:11:47                       3
================================================================================
[2025-10-29T12:12:39.849+0000] {manager.py:997} INFO - 
================================================================================
DAG File Processing Stats

File Path                                          PID    Runtime      # DAGs    # Errors  Last Runtime    Last Run               Last # of DB Queries
-------------------------------------------------  -----  ---------  --------  ----------  --------------  -------------------  ----------------------
/opt/airflow/dags/fraud_detection_training_dag.py                           1           0  1.89s           2025-10-29T12:12:39                      13
/opt/airflow/dags/fraud_detection_training.py                               0           1  0.93s           2025-10-29T12:12:33                       5
/opt/airflow/dags/__init__.py                                               0           0  0.41s           2025-10-29T12:12:18                       3
================================================================================
[2025-10-29T12:13:09.993+0000] {manager.py:997} INFO - 
================================================================================
DAG File Processing Stats

File Path                                            PID  Runtime      # DAGs    # Errors  Last Runtime    Last Run               Last # of DB Queries
-------------------------------------------------  -----  ---------  --------  ----------  --------------  -------------------  ----------------------
/opt/airflow/dags/fraud_detection_training_dag.py    166  0.60s             1           0  1.89s           2025-10-29T12:12:39                      13
/opt/airflow/dags/__init__.py                                               0           0  0.86s           2025-10-29T12:12:50                       3
/opt/airflow/dags/fraud_detection_training.py                               0           1  0.59s           2025-10-29T12:13:04                       5
================================================================================
[2025-10-29T12:13:21.957+0000] {manager.py:821} INFO - Searching for files in /opt/airflow/dags
[2025-10-29T12:13:22.156+0000] {manager.py:824} INFO - There are 3 files in /opt/airflow/dags
[2025-10-29T12:13:40.085+0000] {manager.py:997} INFO - 
================================================================================
DAG File Processing Stats

File Path                                          PID    Runtime      # DAGs    # Errors  Last Runtime    Last Run               Last # of DB Queries
-------------------------------------------------  -----  ---------  --------  ----------  --------------  -------------------  ----------------------
/opt/airflow/dags/fraud_detection_training_dag.py                           1           0  1.52s           2025-10-29T12:13:10                      13
/opt/airflow/dags/fraud_detection_training.py                               0           1  0.67s           2025-10-29T12:13:36                       5
/opt/airflow/dags/__init__.py                                               0           0  0.52s           2025-10-29T12:13:20                       3
================================================================================
[2025-10-29T12:14:10.730+0000] {manager.py:997} INFO - 
================================================================================
DAG File Processing Stats

File Path                                            PID  Runtime      # DAGs    # Errors  Last Runtime    Last Run               Last # of DB Queries
-------------------------------------------------  -----  ---------  --------  ----------  --------------  -------------------  ----------------------
/opt/airflow/dags/fraud_detection_training_dag.py                           1           0  4.23s           2025-10-29T12:13:45                      13
/opt/airflow/dags/__init__.py                                               0           0  0.99s           2025-10-29T12:13:52                       3
/opt/airflow/dags/fraud_detection_training.py        177  3.28s             0           1  0.67s           2025-10-29T12:13:36                       5
================================================================================
[2025-10-29T12:14:41.111+0000] {manager.py:997} INFO - 
================================================================================
DAG File Processing Stats

File Path                                            PID  Runtime      # DAGs    # Errors  Last Runtime    Last Run               Last # of DB Queries
-------------------------------------------------  -----  ---------  --------  ----------  --------------  -------------------  ----------------------
/opt/airflow/dags/__init__.py                                               0           0  9.00s           2025-10-29T12:14:32                       3
/opt/airflow/dags/fraud_detection_training.py                               0           1  6.85s           2025-10-29T12:14:14                       5
/opt/airflow/dags/fraud_detection_training_dag.py    185  24.03s            1           0  4.23s           2025-10-29T12:13:45                      13
================================================================================
[2025-10-29T12:15:10.994+0000] {manager.py:997} INFO - 
================================================================================
DAG File Processing Stats

File Path                                            PID  Runtime      # DAGs    # Errors  Last Runtime    Last Run               Last # of DB Queries
-------------------------------------------------  -----  ---------  --------  ----------  --------------  -------------------  ----------------------
/opt/airflow/dags/fraud_detection_training_dag.py                           1           0  38.54s          2025-10-29T12:14:55                      13
/opt/airflow/dags/__init__.py                        193  7.74s             0           0  9.00s           2025-10-29T12:14:32                       3
/opt/airflow/dags/fraud_detection_training.py                               0           1  7.84s           2025-10-29T12:14:56                       5
================================================================================
[2025-10-29T12:15:42.481+0000] {manager.py:997} INFO - 
================================================================================
DAG File Processing Stats

File Path                                            PID  Runtime      # DAGs    # Errors  Last Runtime    Last Run               Last # of DB Queries
-------------------------------------------------  -----  ---------  --------  ----------  --------------  -------------------  ----------------------
/opt/airflow/dags/fraud_detection_training_dag.py    194  16.26s            1           0  38.54s          2025-10-29T12:14:55                      13
/opt/airflow/dags/__init__.py                                               0           0  12.16s          2025-10-29T12:15:15                       3
/opt/airflow/dags/fraud_detection_training.py        201  13.66s            0           1  7.84s           2025-10-29T12:14:56                       5
================================================================================
[2025-10-29T12:16:16.959+0000] {manager.py:1366} ERROR - Processor for /opt/airflow/dags/fraud_detection_training_dag.py with PID 194 started at 2025-10-29T12:15:26.184853+00:00 has timed out, killing it.
[2025-10-29T12:16:17.545+0000] {manager.py:997} INFO - 
================================================================================
DAG File Processing Stats

File Path                                            PID  Runtime      # DAGs    # Errors  Last Runtime    Last Run               Last # of DB Queries
-------------------------------------------------  -----  ---------  --------  ----------  --------------  -------------------  ----------------------
/opt/airflow/dags/fraud_detection_training_dag.py                           0           1  50.75s          2025-10-29T12:16:16                       0
/opt/airflow/dags/__init__.py                        207  0.07s             0           0  12.16s          2025-10-29T12:15:15                       3
/opt/airflow/dags/fraud_detection_training.py        201  48.71s            0           1  7.84s           2025-10-29T12:14:56                       5
================================================================================
[2025-10-29T12:16:18.883+0000] {manager.py:1366} ERROR - Processor for /opt/airflow/dags/fraud_detection_training.py with PID 201 started at 2025-10-29T12:15:28.781620+00:00 has timed out, killing it.
[2025-10-29T12:16:33.917+0000] {manager.py:1146} ERROR - Processor for /opt/airflow/dags/__init__.py exited with return code 1.
[2025-10-29T12:17:05.239+0000] {manager.py:997} INFO - 
================================================================================
DAG File Processing Stats

File Path                                          PID    Runtime      # DAGs    # Errors  Last Runtime    Last Run               Last # of DB Queries
-------------------------------------------------  -----  ---------  --------  ----------  --------------  -------------------  ----------------------
/opt/airflow/dags/fraud_detection_training_dag.py                           0           1  50.75s          2025-10-29T12:16:16                       0
/opt/airflow/dags/fraud_detection_training.py                               0           1  50.10s          2025-10-29T12:16:18                       0
/opt/airflow/dags/__init__.py                                               0          -1  16.49s          2025-10-29T12:16:33                       0
================================================================================
