[2025-11-21T12:21:42.532+0000] {local_task_job_runner.py:123} INFO - ::group::Pre task execution logs
[2025-11-21T12:21:42.606+0000] {taskinstance.py:2614} INFO - Dependencies all met for dep_context=non-requeueable deps ti=<TaskInstance: fraud_detection_training.cleanup_resources scheduled__2025-11-20T03:00:00+00:00 [queued]>
[2025-11-21T12:21:42.630+0000] {taskinstance.py:2614} INFO - Dependencies all met for dep_context=requeueable deps ti=<TaskInstance: fraud_detection_training.cleanup_resources scheduled__2025-11-20T03:00:00+00:00 [queued]>
[2025-11-21T12:21:42.632+0000] {taskinstance.py:2867} INFO - Starting attempt 1 of 2
[2025-11-21T12:21:42.670+0000] {taskinstance.py:2890} INFO - Executing <Task(PythonOperator): cleanup_resources> on 2025-11-20 03:00:00+00:00
[2025-11-21T12:21:42.702+0000] {standard_task_runner.py:104} INFO - Running: ['***', 'tasks', 'run', 'fraud_detection_training', 'cleanup_resources', 'scheduled__2025-11-20T03:00:00+00:00', '--job-id', '48', '--raw', '--subdir', 'DAGS_FOLDER/fraud_detection_training_dag.py', '--cfg-path', '/tmp/tmpxdan532v']
[2025-11-21T12:21:42.702+0000] {warnings.py:112} WARNING - /home/***/.local/lib/python3.12/site-packages/***/task/task_runner/standard_task_runner.py:70: DeprecationWarning: This process (pid=184) is multi-threaded, use of fork() may lead to deadlocks in the child.
  pid = os.fork()

[2025-11-21T12:21:42.715+0000] {standard_task_runner.py:105} INFO - Job 48: Subtask cleanup_resources
[2025-11-21T12:21:42.715+0000] {standard_task_runner.py:72} INFO - Started process 185 to run task
[2025-11-21T12:21:42.939+0000] {task_command.py:467} INFO - Running <TaskInstance: fraud_detection_training.cleanup_resources scheduled__2025-11-20T03:00:00+00:00 [running]> on host 47eeb71c71f5
[2025-11-21T12:21:43.319+0000] {taskinstance.py:3134} INFO - Exporting env vars: AIRFLOW_CTX_DAG_OWNER='datamasterylab.com' AIRFLOW_CTX_DAG_ID='fraud_detection_training' AIRFLOW_CTX_TASK_ID='cleanup_resources' AIRFLOW_CTX_EXECUTION_DATE='2025-11-20T03:00:00+00:00' AIRFLOW_CTX_TRY_NUMBER='1' AIRFLOW_CTX_DAG_RUN_ID='scheduled__2025-11-20T03:00:00+00:00'
[2025-11-21T12:21:43.321+0000] {taskinstance.py:732} INFO - ::endgroup::
[2025-11-21T12:21:43.402+0000] {fraud_detection_training_dag.py:88} INFO - No tmp dir to clean: /app/tmp
[2025-11-21T12:21:43.404+0000] {python.py:240} INFO - Done. Returned value was: None
[2025-11-21T12:21:43.443+0000] {taskinstance.py:341} INFO - ::group::Post task execution logs
[2025-11-21T12:21:43.444+0000] {taskinstance.py:353} INFO - Marking task as SUCCESS. dag_id=fraud_detection_training, task_id=cleanup_resources, run_id=scheduled__2025-11-20T03:00:00+00:00, execution_date=20251120T030000, start_date=20251121T122142, end_date=20251121T122143
[2025-11-21T12:21:43.515+0000] {local_task_job_runner.py:266} INFO - Task exited with return code 0
[2025-11-21T12:21:43.556+0000] {taskinstance.py:3901} INFO - 0 downstream tasks scheduled from follow-on schedule check
[2025-11-21T12:21:43.560+0000] {local_task_job_runner.py:245} INFO - ::endgroup::
