[2025-11-22T14:30:43.045+0000] {local_task_job_runner.py:123} INFO - ::group::Pre task execution logs
[2025-11-22T14:30:43.102+0000] {taskinstance.py:2614} INFO - Dependencies all met for dep_context=non-requeueable deps ti=<TaskInstance: fraud_detection_training.cleanup_resources manual__2025-11-22T14:05:29.529251+00:00 [queued]>
[2025-11-22T14:30:43.130+0000] {taskinstance.py:2614} INFO - Dependencies all met for dep_context=requeueable deps ti=<TaskInstance: fraud_detection_training.cleanup_resources manual__2025-11-22T14:05:29.529251+00:00 [queued]>
[2025-11-22T14:30:43.132+0000] {taskinstance.py:2867} INFO - Starting attempt 1 of 2
[2025-11-22T14:30:43.164+0000] {taskinstance.py:2890} INFO - Executing <Task(PythonOperator): cleanup_resources> on 2025-11-22 14:05:29.529251+00:00
[2025-11-22T14:30:43.178+0000] {warnings.py:112} WARNING - /home/***/.local/lib/python3.12/site-packages/***/task/task_runner/standard_task_runner.py:70: DeprecationWarning: This process (pid=389) is multi-threaded, use of fork() may lead to deadlocks in the child.
  pid = os.fork()

[2025-11-22T14:30:43.181+0000] {standard_task_runner.py:72} INFO - Started process 390 to run task
[2025-11-22T14:30:43.183+0000] {standard_task_runner.py:104} INFO - Running: ['***', 'tasks', 'run', 'fraud_detection_training', 'cleanup_resources', 'manual__2025-11-22T14:05:29.529251+00:00', '--job-id', '133', '--raw', '--subdir', 'DAGS_FOLDER/fraud_detection_training_dag.py', '--cfg-path', '/tmp/tmpldpw4gvx']
[2025-11-22T14:30:43.186+0000] {standard_task_runner.py:105} INFO - Job 133: Subtask cleanup_resources
[2025-11-22T14:30:43.312+0000] {task_command.py:467} INFO - Running <TaskInstance: fraud_detection_training.cleanup_resources manual__2025-11-22T14:05:29.529251+00:00 [running]> on host 8316c77f1c32
[2025-11-22T14:30:43.520+0000] {taskinstance.py:3134} INFO - Exporting env vars: AIRFLOW_CTX_DAG_OWNER='datamasterylab.com' AIRFLOW_CTX_DAG_ID='fraud_detection_training' AIRFLOW_CTX_TASK_ID='cleanup_resources' AIRFLOW_CTX_EXECUTION_DATE='2025-11-22T14:05:29.529251+00:00' AIRFLOW_CTX_TRY_NUMBER='1' AIRFLOW_CTX_DAG_RUN_ID='manual__2025-11-22T14:05:29.529251+00:00'
[2025-11-22T14:30:43.522+0000] {taskinstance.py:732} INFO - ::endgroup::
[2025-11-22T14:30:43.574+0000] {fraud_detection_training_dag.py:87} INFO - No tmp dir to clean: /app/tmp
[2025-11-22T14:30:43.580+0000] {python.py:240} INFO - Done. Returned value was: None
[2025-11-22T14:30:43.621+0000] {taskinstance.py:341} INFO - ::group::Post task execution logs
[2025-11-22T14:30:43.623+0000] {taskinstance.py:353} INFO - Marking task as SUCCESS. dag_id=fraud_detection_training, task_id=cleanup_resources, run_id=manual__2025-11-22T14:05:29.529251+00:00, execution_date=20251122T140529, start_date=20251122T143043, end_date=20251122T143043
[2025-11-22T14:30:43.811+0000] {local_task_job_runner.py:266} INFO - Task exited with return code 0
[2025-11-22T14:30:43.905+0000] {taskinstance.py:3901} INFO - 0 downstream tasks scheduled from follow-on schedule check
[2025-11-22T14:30:43.916+0000] {local_task_job_runner.py:245} INFO - ::endgroup::
