[2025-11-21T08:13:44.184+0000] {processor.py:186} INFO - Started process (PID=71) to work on /opt/airflow/dags/fraud_detection_training_dag.py
[2025-11-21T08:13:44.192+0000] {processor.py:914} INFO - Processing file /opt/airflow/dags/fraud_detection_training_dag.py for tasks to queue
[2025-11-21T08:13:44.207+0000] {logging_mixin.py:190} INFO - [2025-11-21T08:13:44.207+0000] {dagbag.py:588} INFO - Filling up the DagBag from /opt/airflow/dags/fraud_detection_training_dag.py
[2025-11-21T08:13:44.538+0000] {processor.py:925} INFO - DAG(s) 'fraud_detection_training' retrieved from /opt/airflow/dags/fraud_detection_training_dag.py
[2025-11-21T08:13:45.853+0000] {logging_mixin.py:190} INFO - [2025-11-21T08:13:45.852+0000] {override.py:1912} INFO - Created Permission View: can edit on DAG:fraud_detection_training
[2025-11-21T08:13:45.953+0000] {logging_mixin.py:190} INFO - [2025-11-21T08:13:45.953+0000] {override.py:1912} INFO - Created Permission View: can delete on DAG:fraud_detection_training
[2025-11-21T08:13:46.001+0000] {logging_mixin.py:190} INFO - [2025-11-21T08:13:46.001+0000] {override.py:1912} INFO - Created Permission View: can read on DAG:fraud_detection_training
[2025-11-21T08:13:46.041+0000] {logging_mixin.py:190} INFO - [2025-11-21T08:13:46.040+0000] {override.py:1912} INFO - Created Permission View: can create on DAG Run:fraud_detection_training
[2025-11-21T08:13:46.102+0000] {logging_mixin.py:190} INFO - [2025-11-21T08:13:46.101+0000] {override.py:1912} INFO - Created Permission View: menu access on DAG Run:fraud_detection_training
[2025-11-21T08:13:46.187+0000] {logging_mixin.py:190} INFO - [2025-11-21T08:13:46.186+0000] {override.py:1912} INFO - Created Permission View: can delete on DAG Run:fraud_detection_training
[2025-11-21T08:13:46.241+0000] {logging_mixin.py:190} INFO - [2025-11-21T08:13:46.240+0000] {override.py:1912} INFO - Created Permission View: can read on DAG Run:fraud_detection_training
[2025-11-21T08:13:46.244+0000] {logging_mixin.py:190} INFO - [2025-11-21T08:13:46.243+0000] {dag.py:3239} INFO - Sync 1 DAGs
[2025-11-21T08:13:46.394+0000] {logging_mixin.py:190} INFO - [2025-11-21T08:13:46.393+0000] {dag.py:3262} INFO - Creating ORM DAG for fraud_detection_training
[2025-11-21T08:13:46.499+0000] {logging_mixin.py:190} INFO - [2025-11-21T08:13:46.499+0000] {dag.py:4180} INFO - Setting next_dagrun for fraud_detection_training to 2025-11-20 03:00:00+00:00, run_after=2025-11-21 03:00:00+00:00
[2025-11-21T08:13:46.804+0000] {processor.py:208} INFO - Processing /opt/airflow/dags/fraud_detection_training_dag.py took 2.690 seconds
[2025-11-21T08:14:17.587+0000] {processor.py:186} INFO - Started process (PID=80) to work on /opt/airflow/dags/fraud_detection_training_dag.py
[2025-11-21T08:14:17.609+0000] {processor.py:914} INFO - Processing file /opt/airflow/dags/fraud_detection_training_dag.py for tasks to queue
[2025-11-21T08:14:17.674+0000] {logging_mixin.py:190} INFO - [2025-11-21T08:14:17.673+0000] {dagbag.py:588} INFO - Filling up the DagBag from /opt/airflow/dags/fraud_detection_training_dag.py
[2025-11-21T08:14:17.990+0000] {processor.py:925} INFO - DAG(s) 'fraud_detection_training' retrieved from /opt/airflow/dags/fraud_detection_training_dag.py
[2025-11-21T08:14:18.062+0000] {logging_mixin.py:190} INFO - [2025-11-21T08:14:18.061+0000] {dag.py:3239} INFO - Sync 1 DAGs
[2025-11-21T08:14:18.224+0000] {logging_mixin.py:190} INFO - [2025-11-21T08:14:18.223+0000] {dag.py:4180} INFO - Setting next_dagrun for fraud_detection_training to 2025-11-20 03:00:00+00:00, run_after=2025-11-21 03:00:00+00:00
[2025-11-21T08:14:18.847+0000] {processor.py:208} INFO - Processing /opt/airflow/dags/fraud_detection_training_dag.py took 1.345 seconds
[2025-11-21T08:22:50.371+0000] {processor.py:186} INFO - Started process (PID=92) to work on /opt/airflow/dags/fraud_detection_training_dag.py
[2025-11-21T08:22:50.445+0000] {processor.py:914} INFO - Processing file /opt/airflow/dags/fraud_detection_training_dag.py for tasks to queue
[2025-11-21T08:22:50.773+0000] {logging_mixin.py:190} INFO - [2025-11-21T08:22:50.620+0000] {dagbag.py:588} INFO - Filling up the DagBag from /opt/airflow/dags/fraud_detection_training_dag.py
[2025-11-21T08:22:51.968+0000] {processor.py:925} INFO - DAG(s) 'fraud_detection_training' retrieved from /opt/airflow/dags/fraud_detection_training_dag.py
[2025-11-21T08:22:52.599+0000] {logging_mixin.py:190} INFO - [2025-11-21T08:22:52.599+0000] {dag.py:3239} INFO - Sync 1 DAGs
[2025-11-21T08:22:52.888+0000] {logging_mixin.py:190} INFO - [2025-11-21T08:22:52.887+0000] {dag.py:4180} INFO - Setting next_dagrun for fraud_detection_training to 2025-11-20 03:00:00+00:00, run_after=2025-11-21 03:00:00+00:00
[2025-11-21T08:22:53.006+0000] {processor.py:208} INFO - Processing /opt/airflow/dags/fraud_detection_training_dag.py took 2.997 seconds
[2025-11-21T08:23:26.181+0000] {processor.py:186} INFO - Started process (PID=102) to work on /opt/airflow/dags/fraud_detection_training_dag.py
[2025-11-21T08:23:26.233+0000] {processor.py:914} INFO - Processing file /opt/airflow/dags/fraud_detection_training_dag.py for tasks to queue
[2025-11-21T08:23:26.296+0000] {logging_mixin.py:190} INFO - [2025-11-21T08:23:26.296+0000] {dagbag.py:588} INFO - Filling up the DagBag from /opt/airflow/dags/fraud_detection_training_dag.py
[2025-11-21T08:23:27.273+0000] {processor.py:925} INFO - DAG(s) 'fraud_detection_training' retrieved from /opt/airflow/dags/fraud_detection_training_dag.py
[2025-11-21T08:23:27.761+0000] {logging_mixin.py:190} INFO - [2025-11-21T08:23:27.760+0000] {dag.py:3239} INFO - Sync 1 DAGs
[2025-11-21T08:23:29.025+0000] {logging_mixin.py:190} INFO - [2025-11-21T08:23:29.024+0000] {dag.py:4180} INFO - Setting next_dagrun for fraud_detection_training to 2025-11-20 03:00:00+00:00, run_after=2025-11-21 03:00:00+00:00
[2025-11-21T08:23:29.576+0000] {processor.py:208} INFO - Processing /opt/airflow/dags/fraud_detection_training_dag.py took 3.683 seconds
[2025-11-21T08:24:06.064+0000] {processor.py:186} INFO - Started process (PID=112) to work on /opt/airflow/dags/fraud_detection_training_dag.py
[2025-11-21T08:24:06.085+0000] {processor.py:914} INFO - Processing file /opt/airflow/dags/fraud_detection_training_dag.py for tasks to queue
[2025-11-21T08:24:06.932+0000] {logging_mixin.py:190} INFO - [2025-11-21T08:24:06.731+0000] {dagbag.py:588} INFO - Filling up the DagBag from /opt/airflow/dags/fraud_detection_training_dag.py
[2025-11-21T08:24:08.832+0000] {processor.py:925} INFO - DAG(s) 'fraud_detection_training' retrieved from /opt/airflow/dags/fraud_detection_training_dag.py
[2025-11-21T08:24:09.351+0000] {logging_mixin.py:190} INFO - [2025-11-21T08:24:09.349+0000] {dag.py:3239} INFO - Sync 1 DAGs
[2025-11-21T08:24:10.566+0000] {logging_mixin.py:190} INFO - [2025-11-21T08:24:10.566+0000] {dag.py:4180} INFO - Setting next_dagrun for fraud_detection_training to 2025-11-20 03:00:00+00:00, run_after=2025-11-21 03:00:00+00:00
[2025-11-21T08:24:11.418+0000] {processor.py:208} INFO - Processing /opt/airflow/dags/fraud_detection_training_dag.py took 6.210 seconds
[2025-11-21T08:24:42.503+0000] {processor.py:186} INFO - Started process (PID=122) to work on /opt/airflow/dags/fraud_detection_training_dag.py
[2025-11-21T08:24:42.508+0000] {processor.py:914} INFO - Processing file /opt/airflow/dags/fraud_detection_training_dag.py for tasks to queue
[2025-11-21T08:24:42.519+0000] {logging_mixin.py:190} INFO - [2025-11-21T08:24:42.518+0000] {dagbag.py:588} INFO - Filling up the DagBag from /opt/airflow/dags/fraud_detection_training_dag.py
[2025-11-21T08:24:42.849+0000] {processor.py:925} INFO - DAG(s) 'fraud_detection_training' retrieved from /opt/airflow/dags/fraud_detection_training_dag.py
[2025-11-21T08:24:43.195+0000] {logging_mixin.py:190} INFO - [2025-11-21T08:24:43.195+0000] {dag.py:3239} INFO - Sync 1 DAGs
[2025-11-21T08:24:43.729+0000] {logging_mixin.py:190} INFO - [2025-11-21T08:24:43.728+0000] {dag.py:4180} INFO - Setting next_dagrun for fraud_detection_training to 2025-11-20 03:00:00+00:00, run_after=2025-11-21 03:00:00+00:00
[2025-11-21T08:24:43.882+0000] {processor.py:208} INFO - Processing /opt/airflow/dags/fraud_detection_training_dag.py took 1.422 seconds
[2025-11-21T08:25:14.287+0000] {processor.py:186} INFO - Started process (PID=131) to work on /opt/airflow/dags/fraud_detection_training_dag.py
[2025-11-21T08:25:14.290+0000] {processor.py:914} INFO - Processing file /opt/airflow/dags/fraud_detection_training_dag.py for tasks to queue
[2025-11-21T08:25:14.300+0000] {logging_mixin.py:190} INFO - [2025-11-21T08:25:14.299+0000] {dagbag.py:588} INFO - Filling up the DagBag from /opt/airflow/dags/fraud_detection_training_dag.py
[2025-11-21T08:25:14.407+0000] {processor.py:925} INFO - DAG(s) 'fraud_detection_training' retrieved from /opt/airflow/dags/fraud_detection_training_dag.py
[2025-11-21T08:25:14.604+0000] {logging_mixin.py:190} INFO - [2025-11-21T08:25:14.604+0000] {dag.py:3239} INFO - Sync 1 DAGs
[2025-11-21T08:25:14.706+0000] {logging_mixin.py:190} INFO - [2025-11-21T08:25:14.705+0000] {dag.py:4180} INFO - Setting next_dagrun for fraud_detection_training to 2025-11-20 03:00:00+00:00, run_after=2025-11-21 03:00:00+00:00
[2025-11-21T08:25:14.764+0000] {processor.py:208} INFO - Processing /opt/airflow/dags/fraud_detection_training_dag.py took 0.502 seconds
[2025-11-21T08:25:46.420+0000] {processor.py:186} INFO - Started process (PID=140) to work on /opt/airflow/dags/fraud_detection_training_dag.py
[2025-11-21T08:25:46.529+0000] {processor.py:914} INFO - Processing file /opt/airflow/dags/fraud_detection_training_dag.py for tasks to queue
[2025-11-21T08:25:46.654+0000] {logging_mixin.py:190} INFO - [2025-11-21T08:25:46.640+0000] {dagbag.py:588} INFO - Filling up the DagBag from /opt/airflow/dags/fraud_detection_training_dag.py
[2025-11-21T08:25:47.861+0000] {processor.py:925} INFO - DAG(s) 'fraud_detection_training' retrieved from /opt/airflow/dags/fraud_detection_training_dag.py
[2025-11-21T08:25:48.135+0000] {logging_mixin.py:190} INFO - [2025-11-21T08:25:48.135+0000] {dag.py:3239} INFO - Sync 1 DAGs
[2025-11-21T08:25:48.496+0000] {logging_mixin.py:190} INFO - [2025-11-21T08:25:48.495+0000] {dag.py:4180} INFO - Setting next_dagrun for fraud_detection_training to 2025-11-20 03:00:00+00:00, run_after=2025-11-21 03:00:00+00:00
[2025-11-21T08:25:48.970+0000] {processor.py:208} INFO - Processing /opt/airflow/dags/fraud_detection_training_dag.py took 2.837 seconds
[2025-11-21T08:26:19.671+0000] {processor.py:186} INFO - Started process (PID=149) to work on /opt/airflow/dags/fraud_detection_training_dag.py
[2025-11-21T08:26:19.678+0000] {processor.py:914} INFO - Processing file /opt/airflow/dags/fraud_detection_training_dag.py for tasks to queue
[2025-11-21T08:26:19.685+0000] {logging_mixin.py:190} INFO - [2025-11-21T08:26:19.684+0000] {dagbag.py:588} INFO - Filling up the DagBag from /opt/airflow/dags/fraud_detection_training_dag.py
[2025-11-21T08:26:19.985+0000] {processor.py:925} INFO - DAG(s) 'fraud_detection_training' retrieved from /opt/airflow/dags/fraud_detection_training_dag.py
[2025-11-21T08:26:20.274+0000] {logging_mixin.py:190} INFO - [2025-11-21T08:26:20.271+0000] {dag.py:3239} INFO - Sync 1 DAGs
[2025-11-21T08:26:20.606+0000] {logging_mixin.py:190} INFO - [2025-11-21T08:26:20.605+0000] {dag.py:4180} INFO - Setting next_dagrun for fraud_detection_training to 2025-11-20 03:00:00+00:00, run_after=2025-11-21 03:00:00+00:00
[2025-11-21T08:26:20.719+0000] {processor.py:208} INFO - Processing /opt/airflow/dags/fraud_detection_training_dag.py took 1.100 seconds
[2025-11-21T08:26:51.237+0000] {processor.py:186} INFO - Started process (PID=158) to work on /opt/airflow/dags/fraud_detection_training_dag.py
[2025-11-21T08:26:51.252+0000] {processor.py:914} INFO - Processing file /opt/airflow/dags/fraud_detection_training_dag.py for tasks to queue
[2025-11-21T08:26:51.271+0000] {logging_mixin.py:190} INFO - [2025-11-21T08:26:51.269+0000] {dagbag.py:588} INFO - Filling up the DagBag from /opt/airflow/dags/fraud_detection_training_dag.py
[2025-11-21T08:26:51.684+0000] {processor.py:925} INFO - DAG(s) 'fraud_detection_training' retrieved from /opt/airflow/dags/fraud_detection_training_dag.py
[2025-11-21T08:26:52.118+0000] {logging_mixin.py:190} INFO - [2025-11-21T08:26:52.117+0000] {dag.py:3239} INFO - Sync 1 DAGs
[2025-11-21T08:26:53.036+0000] {logging_mixin.py:190} INFO - [2025-11-21T08:26:53.036+0000] {dag.py:4180} INFO - Setting next_dagrun for fraud_detection_training to 2025-11-20 03:00:00+00:00, run_after=2025-11-21 03:00:00+00:00
[2025-11-21T08:26:53.223+0000] {processor.py:208} INFO - Processing /opt/airflow/dags/fraud_detection_training_dag.py took 2.096 seconds
[2025-11-21T08:27:23.834+0000] {processor.py:186} INFO - Started process (PID=167) to work on /opt/airflow/dags/fraud_detection_training_dag.py
[2025-11-21T08:27:23.849+0000] {processor.py:914} INFO - Processing file /opt/airflow/dags/fraud_detection_training_dag.py for tasks to queue
[2025-11-21T08:27:23.874+0000] {logging_mixin.py:190} INFO - [2025-11-21T08:27:23.866+0000] {dagbag.py:588} INFO - Filling up the DagBag from /opt/airflow/dags/fraud_detection_training_dag.py
[2025-11-21T08:27:24.112+0000] {processor.py:925} INFO - DAG(s) 'fraud_detection_training' retrieved from /opt/airflow/dags/fraud_detection_training_dag.py
[2025-11-21T08:27:24.382+0000] {logging_mixin.py:190} INFO - [2025-11-21T08:27:24.381+0000] {dag.py:3239} INFO - Sync 1 DAGs
[2025-11-21T08:27:24.754+0000] {logging_mixin.py:190} INFO - [2025-11-21T08:27:24.728+0000] {dag.py:4180} INFO - Setting next_dagrun for fraud_detection_training to 2025-11-20 03:00:00+00:00, run_after=2025-11-21 03:00:00+00:00
[2025-11-21T08:27:24.941+0000] {processor.py:208} INFO - Processing /opt/airflow/dags/fraud_detection_training_dag.py took 1.163 seconds
[2025-11-21T08:27:55.351+0000] {processor.py:186} INFO - Started process (PID=175) to work on /opt/airflow/dags/fraud_detection_training_dag.py
[2025-11-21T08:27:55.357+0000] {processor.py:914} INFO - Processing file /opt/airflow/dags/fraud_detection_training_dag.py for tasks to queue
[2025-11-21T08:27:55.368+0000] {logging_mixin.py:190} INFO - [2025-11-21T08:27:55.368+0000] {dagbag.py:588} INFO - Filling up the DagBag from /opt/airflow/dags/fraud_detection_training_dag.py
[2025-11-21T08:27:55.551+0000] {processor.py:925} INFO - DAG(s) 'fraud_detection_training' retrieved from /opt/airflow/dags/fraud_detection_training_dag.py
[2025-11-21T08:27:55.653+0000] {logging_mixin.py:190} INFO - [2025-11-21T08:27:55.652+0000] {dag.py:3239} INFO - Sync 1 DAGs
[2025-11-21T08:27:55.872+0000] {logging_mixin.py:190} INFO - [2025-11-21T08:27:55.871+0000] {dag.py:4180} INFO - Setting next_dagrun for fraud_detection_training to 2025-11-20 03:00:00+00:00, run_after=2025-11-21 03:00:00+00:00
[2025-11-21T08:27:56.098+0000] {processor.py:208} INFO - Processing /opt/airflow/dags/fraud_detection_training_dag.py took 0.796 seconds
[2025-11-21T08:28:27.095+0000] {processor.py:186} INFO - Started process (PID=183) to work on /opt/airflow/dags/fraud_detection_training_dag.py
[2025-11-21T08:28:27.125+0000] {processor.py:914} INFO - Processing file /opt/airflow/dags/fraud_detection_training_dag.py for tasks to queue
[2025-11-21T08:28:27.142+0000] {logging_mixin.py:190} INFO - [2025-11-21T08:28:27.141+0000] {dagbag.py:588} INFO - Filling up the DagBag from /opt/airflow/dags/fraud_detection_training_dag.py
[2025-11-21T08:28:27.655+0000] {processor.py:925} INFO - DAG(s) 'fraud_detection_training' retrieved from /opt/airflow/dags/fraud_detection_training_dag.py
[2025-11-21T08:28:28.105+0000] {logging_mixin.py:190} INFO - [2025-11-21T08:28:28.104+0000] {dag.py:3239} INFO - Sync 1 DAGs
[2025-11-21T08:28:28.419+0000] {logging_mixin.py:190} INFO - [2025-11-21T08:28:28.407+0000] {dag.py:4180} INFO - Setting next_dagrun for fraud_detection_training to 2025-11-20 03:00:00+00:00, run_after=2025-11-21 03:00:00+00:00
[2025-11-21T08:28:29.005+0000] {processor.py:208} INFO - Processing /opt/airflow/dags/fraud_detection_training_dag.py took 1.932 seconds
[2025-11-21T08:29:00.917+0000] {processor.py:186} INFO - Started process (PID=192) to work on /opt/airflow/dags/fraud_detection_training_dag.py
[2025-11-21T08:29:00.927+0000] {processor.py:914} INFO - Processing file /opt/airflow/dags/fraud_detection_training_dag.py for tasks to queue
[2025-11-21T08:29:01.167+0000] {logging_mixin.py:190} INFO - [2025-11-21T08:29:01.111+0000] {dagbag.py:588} INFO - Filling up the DagBag from /opt/airflow/dags/fraud_detection_training_dag.py
[2025-11-21T08:29:01.541+0000] {processor.py:925} INFO - DAG(s) 'fraud_detection_training' retrieved from /opt/airflow/dags/fraud_detection_training_dag.py
[2025-11-21T08:29:01.803+0000] {logging_mixin.py:190} INFO - [2025-11-21T08:29:01.799+0000] {dag.py:3239} INFO - Sync 1 DAGs
[2025-11-21T08:29:02.019+0000] {logging_mixin.py:190} INFO - [2025-11-21T08:29:02.018+0000] {dag.py:4180} INFO - Setting next_dagrun for fraud_detection_training to 2025-11-20 03:00:00+00:00, run_after=2025-11-21 03:00:00+00:00
[2025-11-21T08:29:02.265+0000] {processor.py:208} INFO - Processing /opt/airflow/dags/fraud_detection_training_dag.py took 2.240 seconds
[2025-11-21T08:29:49.110+0000] {processor.py:186} INFO - Started process (PID=206) to work on /opt/airflow/dags/fraud_detection_training_dag.py
[2025-11-21T08:29:49.131+0000] {processor.py:914} INFO - Processing file /opt/airflow/dags/fraud_detection_training_dag.py for tasks to queue
[2025-11-21T08:29:49.200+0000] {logging_mixin.py:190} INFO - [2025-11-21T08:29:49.199+0000] {dagbag.py:588} INFO - Filling up the DagBag from /opt/airflow/dags/fraud_detection_training_dag.py
[2025-11-21T08:29:57.163+0000] {processor.py:925} INFO - DAG(s) 'fraud_detection_training' retrieved from /opt/airflow/dags/fraud_detection_training_dag.py
[2025-11-21T08:30:01.008+0000] {logging_mixin.py:190} INFO - [2025-11-21T08:30:01.006+0000] {dag.py:3239} INFO - Sync 1 DAGs
[2025-11-21T08:30:13.300+0000] {logging_mixin.py:190} INFO - [2025-11-21T08:30:13.300+0000] {dag.py:4180} INFO - Setting next_dagrun for fraud_detection_training to 2025-11-20 03:00:00+00:00, run_after=2025-11-21 03:00:00+00:00
[2025-11-21T08:30:21.958+0000] {processor.py:208} INFO - Processing /opt/airflow/dags/fraud_detection_training_dag.py took 33.285 seconds
[2025-11-21T08:31:04.676+0000] {processor.py:186} INFO - Started process (PID=216) to work on /opt/airflow/dags/fraud_detection_training_dag.py
[2025-11-21T08:31:04.822+0000] {processor.py:914} INFO - Processing file /opt/airflow/dags/fraud_detection_training_dag.py for tasks to queue
[2025-11-21T08:31:05.926+0000] {logging_mixin.py:190} INFO - [2025-11-21T08:31:05.777+0000] {dagbag.py:588} INFO - Filling up the DagBag from /opt/airflow/dags/fraud_detection_training_dag.py
[2025-11-21T08:31:14.860+0000] {processor.py:925} INFO - DAG(s) 'fraud_detection_training' retrieved from /opt/airflow/dags/fraud_detection_training_dag.py
[2025-11-21T08:31:15.515+0000] {logging_mixin.py:190} INFO - [2025-11-21T08:31:15.514+0000] {dag.py:3239} INFO - Sync 1 DAGs
[2025-11-21T08:31:18.642+0000] {logging_mixin.py:190} INFO - [2025-11-21T08:31:18.630+0000] {dag.py:4180} INFO - Setting next_dagrun for fraud_detection_training to 2025-11-20 03:00:00+00:00, run_after=2025-11-21 03:00:00+00:00
[2025-11-21T08:31:20.178+0000] {processor.py:208} INFO - Processing /opt/airflow/dags/fraud_detection_training_dag.py took 16.497 seconds
[2025-11-21T08:32:07.526+0000] {processor.py:186} INFO - Started process (PID=233) to work on /opt/airflow/dags/fraud_detection_training_dag.py
[2025-11-21T08:32:07.763+0000] {processor.py:914} INFO - Processing file /opt/airflow/dags/fraud_detection_training_dag.py for tasks to queue
[2025-11-21T08:32:07.975+0000] {logging_mixin.py:190} INFO - [2025-11-21T08:32:07.972+0000] {dagbag.py:588} INFO - Filling up the DagBag from /opt/airflow/dags/fraud_detection_training_dag.py
[2025-11-21T08:32:16.563+0000] {processor.py:925} INFO - DAG(s) 'fraud_detection_training' retrieved from /opt/airflow/dags/fraud_detection_training_dag.py
[2025-11-21T08:32:28.012+0000] {logging_mixin.py:190} INFO - [2025-11-21T08:32:27.776+0000] {dag.py:3239} INFO - Sync 1 DAGs
[2025-11-21T08:33:41.501+0000] {processor.py:186} INFO - Started process (PID=255) to work on /opt/airflow/dags/fraud_detection_training_dag.py
[2025-11-21T08:33:41.511+0000] {processor.py:914} INFO - Processing file /opt/airflow/dags/fraud_detection_training_dag.py for tasks to queue
[2025-11-21T08:33:41.523+0000] {logging_mixin.py:190} INFO - [2025-11-21T08:33:41.517+0000] {dagbag.py:588} INFO - Filling up the DagBag from /opt/airflow/dags/fraud_detection_training_dag.py
[2025-11-21T08:35:48.689+0000] {logging_mixin.py:190} INFO - [2025-11-21T08:35:37.159+0000] {timeout.py:68} ERROR - Process timed out, PID: 255
[2025-11-21T08:36:21.040+0000] {logging_mixin.py:190} INFO - [2025-11-21T08:36:17.773+0000] {dagbag.py:387} ERROR - Failed to import: /opt/airflow/dags/fraud_detection_training_dag.py
Traceback (most recent call last):
  File "/home/airflow/.local/lib/python3.12/site-packages/airflow/models/dagbag.py", line 383, in parse
    loader.exec_module(new_module)
  File "<frozen importlib._bootstrap_external>", line 999, in exec_module
  File "<frozen importlib._bootstrap>", line 488, in _call_with_frames_removed
  File "/opt/airflow/dags/fraud_detection_training_dag.py", line 100, in <module>
    with DAG(
         ^^^^
  File "/home/airflow/.local/lib/python3.12/site-packages/airflow/models/dag.py", line 698, in __init__
    self.timetable = create_timetable(schedule, self.timezone)
                     ^^^^^^^^^^^^^^^^^^^^^^^^^^^^^^^^^^^^^^^^^
  File "/home/airflow/.local/lib/python3.12/site-packages/airflow/models/dag.py", line 246, in create_timetable
    return CronDataIntervalTimetable(interval, timezone)
           ^^^^^^^^^^^^^^^^^^^^^^^^^^^^^^^^^^^^^^^^^^^^^
  File "/home/airflow/.local/lib/python3.12/site-packages/airflow/timetables/_cron.py", line 81, in __init__
    interval_description: str = descriptor.get_description()
                                ^^^^^^^^^^^^^^^^^^^^^^^^^^^^
  File "/home/airflow/.local/lib/python3.12/site-packages/cron_descriptor/ExpressionDescriptor.py", line 104, in get_description
    return choices.get(description_type, self.get_seconds_description)()
           ^^^^^^^^^^^^^^^^^^^^^^^^^^^^^^^^^^^^^^^^^^^^^^^^^^^^^^^^^^^^^
  File "/home/airflow/.local/lib/python3.12/site-packages/cron_descriptor/ExpressionDescriptor.py", line 117, in get_full_description
    time_segment = self.get_time_of_day_description()
                   ^^^^^^^^^^^^^^^^^^^^^^^^^^^^^^^^^^
  File "/home/airflow/.local/lib/python3.12/site-packages/cron_descriptor/ExpressionDescriptor.py", line 158, in get_time_of_day_description
    description.append(self._("At "))
                       ^^^^^^^^^^^^^
  File "/home/airflow/.local/lib/python3.12/site-packages/cron_descriptor/ExpressionDescriptor.py", line 79, in _
    return self.get_text.trans.gettext(message)
           ^^^^^^^^^^^^^^^^^^^^^^^^^^^^^^^^^^^^
  File "/usr/local/lib/python3.12/gettext.py", line 429, in gettext
    def gettext(self, message):
    
  File "/home/airflow/.local/lib/python3.12/site-packages/airflow/utils/timeout.py", line 69, in handle_timeout
    raise AirflowTaskTimeout(self.error_message)
airflow.exceptions.AirflowTaskTimeout: DagBag import timeout for /opt/airflow/dags/fraud_detection_training_dag.py after 30.0s.
Please take a look at these docs to improve your DAG import time:
* https://airflow.apache.org/docs/apache-airflow/2.10.5/best-practices.html#top-level-python-code
* https://airflow.apache.org/docs/apache-airflow/2.10.5/best-practices.html#reducing-dag-complexity, PID: 255
[2025-11-21T08:36:21.640+0000] {processor.py:927} WARNING - No viable dags retrieved from /opt/airflow/dags/fraud_detection_training_dag.py
[2025-11-21T08:36:55.484+0000] {processor.py:186} INFO - Started process (PID=264) to work on /opt/airflow/dags/fraud_detection_training_dag.py
[2025-11-21T08:36:55.569+0000] {processor.py:914} INFO - Processing file /opt/airflow/dags/fraud_detection_training_dag.py for tasks to queue
[2025-11-21T08:36:55.807+0000] {logging_mixin.py:190} INFO - [2025-11-21T08:36:55.674+0000] {dagbag.py:588} INFO - Filling up the DagBag from /opt/airflow/dags/fraud_detection_training_dag.py
[2025-11-21T08:36:58.072+0000] {processor.py:925} INFO - DAG(s) 'fraud_detection_training' retrieved from /opt/airflow/dags/fraud_detection_training_dag.py
[2025-11-21T08:40:46.670+0000] {processor.py:186} INFO - Started process (PID=293) to work on /opt/airflow/dags/fraud_detection_training_dag.py
[2025-11-21T08:40:47.043+0000] {processor.py:914} INFO - Processing file /opt/airflow/dags/fraud_detection_training_dag.py for tasks to queue
[2025-11-21T08:41:14.248+0000] {logging_mixin.py:190} INFO - [2025-11-21T08:40:48.793+0000] {dagbag.py:588} INFO - Filling up the DagBag from /opt/airflow/dags/fraud_detection_training_dag.py
[2025-11-21T08:43:14.499+0000] {logging_mixin.py:190} INFO - [2025-11-21T08:42:57.458+0000] {timeout.py:68} ERROR - Process timed out, PID: 293
[2025-11-21T08:44:50.349+0000] {logging_mixin.py:190} INFO - [2025-11-21T08:43:55.959+0000] {dagbag.py:387} ERROR - Failed to import: /opt/airflow/dags/fraud_detection_training_dag.py
Traceback (most recent call last):
  File "/home/airflow/.local/lib/python3.12/site-packages/airflow/models/dagbag.py", line 383, in parse
    loader.exec_module(new_module)
  File "<frozen importlib._bootstrap_external>", line 995, in exec_module
  File "<frozen importlib._bootstrap_external>", line 1128, in get_code
  File "<frozen importlib._bootstrap_external>", line 757, in _compile_bytecode
  File "/home/airflow/.local/lib/python3.12/site-packages/airflow/dag_processing/manager.py", line 466, in _exit_gracefully
    self.log.debug("Current Stacktrace is: %s", "\n".join(map(str, inspect.stack())))
                                                                   ^^^^^^^^^^^^^^^
  File "/usr/local/lib/python3.12/inspect.py", line 1781, in stack
    return getouterframes(sys._getframe(1), context)
           ^^^^^^^^^^^^^^^^^^^^^^^^^^^^^^^^^^^^^^^^^
  File "/usr/local/lib/python3.12/inspect.py", line 1756, in getouterframes
    traceback_info = getframeinfo(frame, context)
                     ^^^^^^^^^^^^^^^^^^^^^^^^^^^^
  File "/usr/local/lib/python3.12/inspect.py", line 1718, in getframeinfo
    lines, lnum = findsource(frame)
                  ^^^^^^^^^^^^^^^^^
  File "/usr/local/lib/python3.12/inspect.py", line 1090, in findsource
    module = getmodule(object, file)
             ^^^^^^^^^^^^^^^^^^^^^^^
  File "/usr/local/lib/python3.12/inspect.py", line 1016, in getmodule
    os.path.realpath(f)] = module.__name__
    ^^^^^^^^^^^^^^^^^^^
  File "<frozen posixpath>", line 427, in realpath
  File "<frozen posixpath>", line 462, in _joinrealpath
  File "/home/airflow/.local/lib/python3.12/site-packages/airflow/utils/timeout.py", line 69, in handle_timeout
    raise AirflowTaskTimeout(self.error_message)
airflow.exceptions.AirflowTaskTimeout: DagBag import timeout for /opt/airflow/dags/fraud_detection_training_dag.py after 30.0s.
Please take a look at these docs to improve your DAG import time:
* https://airflow.apache.org/docs/apache-airflow/2.10.5/best-practices.html#top-level-python-code
* https://airflow.apache.org/docs/apache-airflow/2.10.5/best-practices.html#reducing-dag-complexity, PID: 293
