[2025-11-03T12:06:13.237+0000] {processor.py:186} INFO - Started process (PID=135) to work on /opt/airflow/dags/__init__.py
[2025-11-03T12:06:13.273+0000] {processor.py:914} INFO - Processing file /opt/airflow/dags/__init__.py for tasks to queue
[2025-11-03T12:06:13.698+0000] {logging_mixin.py:190} INFO - [2025-11-03T12:06:13.526+0000] {dagbag.py:588} INFO - Filling up the DagBag from /opt/airflow/dags/__init__.py
[2025-11-03T12:06:14.871+0000] {processor.py:927} WARNING - No viable dags retrieved from /opt/airflow/dags/__init__.py
[2025-11-03T12:06:15.971+0000] {processor.py:208} INFO - Processing /opt/airflow/dags/__init__.py took 3.269 seconds
[2025-11-03T12:06:48.078+0000] {processor.py:186} INFO - Started process (PID=144) to work on /opt/airflow/dags/__init__.py
[2025-11-03T12:06:48.093+0000] {processor.py:914} INFO - Processing file /opt/airflow/dags/__init__.py for tasks to queue
[2025-11-03T12:06:48.111+0000] {logging_mixin.py:190} INFO - [2025-11-03T12:06:48.110+0000] {dagbag.py:588} INFO - Filling up the DagBag from /opt/airflow/dags/__init__.py
[2025-11-03T12:06:48.215+0000] {processor.py:927} WARNING - No viable dags retrieved from /opt/airflow/dags/__init__.py
[2025-11-03T12:06:48.535+0000] {processor.py:208} INFO - Processing /opt/airflow/dags/__init__.py took 0.568 seconds
[2025-11-03T12:07:20.788+0000] {processor.py:186} INFO - Started process (PID=153) to work on /opt/airflow/dags/__init__.py
[2025-11-03T12:07:20.827+0000] {processor.py:914} INFO - Processing file /opt/airflow/dags/__init__.py for tasks to queue
[2025-11-03T12:07:20.916+0000] {logging_mixin.py:190} INFO - [2025-11-03T12:07:20.903+0000] {dagbag.py:588} INFO - Filling up the DagBag from /opt/airflow/dags/__init__.py
[2025-11-03T12:07:21.084+0000] {processor.py:927} WARNING - No viable dags retrieved from /opt/airflow/dags/__init__.py
[2025-11-03T12:07:25.411+0000] {processor.py:208} INFO - Processing /opt/airflow/dags/__init__.py took 2.318 seconds
[2025-11-03T12:08:00.375+0000] {processor.py:186} INFO - Started process (PID=163) to work on /opt/airflow/dags/__init__.py
[2025-11-03T12:08:00.631+0000] {processor.py:914} INFO - Processing file /opt/airflow/dags/__init__.py for tasks to queue
[2025-11-03T12:08:00.711+0000] {logging_mixin.py:190} INFO - [2025-11-03T12:08:00.708+0000] {dagbag.py:588} INFO - Filling up the DagBag from /opt/airflow/dags/__init__.py
[2025-11-03T12:08:01.041+0000] {processor.py:927} WARNING - No viable dags retrieved from /opt/airflow/dags/__init__.py
[2025-11-03T12:08:01.373+0000] {processor.py:208} INFO - Processing /opt/airflow/dags/__init__.py took 1.325 seconds
[2025-11-03T12:08:33.389+0000] {processor.py:186} INFO - Started process (PID=172) to work on /opt/airflow/dags/__init__.py
[2025-11-03T12:08:33.404+0000] {processor.py:914} INFO - Processing file /opt/airflow/dags/__init__.py for tasks to queue
[2025-11-03T12:08:33.448+0000] {logging_mixin.py:190} INFO - [2025-11-03T12:08:33.436+0000] {dagbag.py:588} INFO - Filling up the DagBag from /opt/airflow/dags/__init__.py
[2025-11-03T12:08:33.676+0000] {processor.py:927} WARNING - No viable dags retrieved from /opt/airflow/dags/__init__.py
[2025-11-03T12:08:34.144+0000] {processor.py:208} INFO - Processing /opt/airflow/dags/__init__.py took 0.953 seconds
[2025-11-03T12:09:16.214+0000] {processor.py:186} INFO - Started process (PID=189) to work on /opt/airflow/dags/__init__.py
[2025-11-03T12:09:16.263+0000] {processor.py:914} INFO - Processing file /opt/airflow/dags/__init__.py for tasks to queue
[2025-11-03T12:09:16.509+0000] {logging_mixin.py:190} INFO - [2025-11-03T12:09:16.508+0000] {dagbag.py:588} INFO - Filling up the DagBag from /opt/airflow/dags/__init__.py
[2025-11-03T12:09:16.735+0000] {processor.py:927} WARNING - No viable dags retrieved from /opt/airflow/dags/__init__.py
[2025-11-03T12:09:17.717+0000] {processor.py:208} INFO - Processing /opt/airflow/dags/__init__.py took 2.130 seconds
[2025-11-03T12:09:55.401+0000] {processor.py:186} INFO - Started process (PID=198) to work on /opt/airflow/dags/__init__.py
[2025-11-03T12:09:55.688+0000] {processor.py:914} INFO - Processing file /opt/airflow/dags/__init__.py for tasks to queue
[2025-11-03T12:09:57.459+0000] {logging_mixin.py:190} INFO - [2025-11-03T12:09:57.420+0000] {dagbag.py:588} INFO - Filling up the DagBag from /opt/airflow/dags/__init__.py
[2025-11-03T12:09:58.171+0000] {processor.py:927} WARNING - No viable dags retrieved from /opt/airflow/dags/__init__.py
[2025-11-03T12:10:00.915+0000] {processor.py:208} INFO - Processing /opt/airflow/dags/__init__.py took 7.485 seconds
[2025-11-03T12:10:33.529+0000] {processor.py:186} INFO - Started process (PID=206) to work on /opt/airflow/dags/__init__.py
[2025-11-03T12:10:33.556+0000] {processor.py:914} INFO - Processing file /opt/airflow/dags/__init__.py for tasks to queue
[2025-11-03T12:10:33.716+0000] {logging_mixin.py:190} INFO - [2025-11-03T12:10:33.696+0000] {dagbag.py:588} INFO - Filling up the DagBag from /opt/airflow/dags/__init__.py
[2025-11-03T12:10:34.410+0000] {processor.py:927} WARNING - No viable dags retrieved from /opt/airflow/dags/__init__.py
[2025-11-03T12:10:35.530+0000] {processor.py:208} INFO - Processing /opt/airflow/dags/__init__.py took 2.315 seconds
[2025-11-03T12:11:07.075+0000] {processor.py:186} INFO - Started process (PID=214) to work on /opt/airflow/dags/__init__.py
[2025-11-03T12:11:07.091+0000] {processor.py:914} INFO - Processing file /opt/airflow/dags/__init__.py for tasks to queue
[2025-11-03T12:11:07.111+0000] {logging_mixin.py:190} INFO - [2025-11-03T12:11:07.110+0000] {dagbag.py:588} INFO - Filling up the DagBag from /opt/airflow/dags/__init__.py
[2025-11-03T12:11:07.166+0000] {processor.py:927} WARNING - No viable dags retrieved from /opt/airflow/dags/__init__.py
[2025-11-03T12:11:07.271+0000] {processor.py:208} INFO - Processing /opt/airflow/dags/__init__.py took 0.272 seconds
[2025-11-03T12:11:42.033+0000] {processor.py:186} INFO - Started process (PID=217) to work on /opt/airflow/dags/__init__.py
[2025-11-03T12:11:42.334+0000] {processor.py:914} INFO - Processing file /opt/airflow/dags/__init__.py for tasks to queue
[2025-11-03T12:11:44.011+0000] {logging_mixin.py:190} INFO - [2025-11-03T12:11:43.769+0000] {dagbag.py:588} INFO - Filling up the DagBag from /opt/airflow/dags/__init__.py
[2025-11-03T12:11:46.504+0000] {processor.py:927} WARNING - No viable dags retrieved from /opt/airflow/dags/__init__.py
[2025-11-03T12:11:47.830+0000] {processor.py:208} INFO - Processing /opt/airflow/dags/__init__.py took 7.588 seconds
[2025-11-03T12:12:18.759+0000] {processor.py:186} INFO - Started process (PID=225) to work on /opt/airflow/dags/__init__.py
[2025-11-03T12:12:18.793+0000] {processor.py:914} INFO - Processing file /opt/airflow/dags/__init__.py for tasks to queue
[2025-11-03T12:12:19.523+0000] {logging_mixin.py:190} INFO - [2025-11-03T12:12:19.382+0000] {dagbag.py:588} INFO - Filling up the DagBag from /opt/airflow/dags/__init__.py
[2025-11-03T12:12:20.039+0000] {processor.py:927} WARNING - No viable dags retrieved from /opt/airflow/dags/__init__.py
[2025-11-03T12:12:21.140+0000] {processor.py:208} INFO - Processing /opt/airflow/dags/__init__.py took 2.597 seconds
[2025-11-03T12:12:52.282+0000] {processor.py:186} INFO - Started process (PID=233) to work on /opt/airflow/dags/__init__.py
[2025-11-03T12:12:52.289+0000] {processor.py:914} INFO - Processing file /opt/airflow/dags/__init__.py for tasks to queue
[2025-11-03T12:12:52.341+0000] {logging_mixin.py:190} INFO - [2025-11-03T12:12:52.331+0000] {dagbag.py:588} INFO - Filling up the DagBag from /opt/airflow/dags/__init__.py
[2025-11-03T12:12:52.395+0000] {processor.py:927} WARNING - No viable dags retrieved from /opt/airflow/dags/__init__.py
[2025-11-03T12:12:52.947+0000] {processor.py:208} INFO - Processing /opt/airflow/dags/__init__.py took 0.921 seconds
[2025-11-03T12:13:35.340+0000] {processor.py:186} INFO - Started process (PID=242) to work on /opt/airflow/dags/__init__.py
[2025-11-03T12:13:35.373+0000] {processor.py:914} INFO - Processing file /opt/airflow/dags/__init__.py for tasks to queue
[2025-11-03T12:13:35.570+0000] {logging_mixin.py:190} INFO - [2025-11-03T12:13:35.560+0000] {dagbag.py:588} INFO - Filling up the DagBag from /opt/airflow/dags/__init__.py
[2025-11-03T12:13:35.701+0000] {processor.py:927} WARNING - No viable dags retrieved from /opt/airflow/dags/__init__.py
[2025-11-03T12:13:36.265+0000] {processor.py:208} INFO - Processing /opt/airflow/dags/__init__.py took 5.898 seconds
[2025-11-03T12:14:10.393+0000] {processor.py:186} INFO - Started process (PID=251) to work on /opt/airflow/dags/__init__.py
[2025-11-03T12:14:10.416+0000] {processor.py:914} INFO - Processing file /opt/airflow/dags/__init__.py for tasks to queue
[2025-11-03T12:14:10.767+0000] {logging_mixin.py:190} INFO - [2025-11-03T12:14:10.685+0000] {dagbag.py:588} INFO - Filling up the DagBag from /opt/airflow/dags/__init__.py
[2025-11-03T12:14:11.845+0000] {processor.py:927} WARNING - No viable dags retrieved from /opt/airflow/dags/__init__.py
[2025-11-03T12:14:12.582+0000] {processor.py:208} INFO - Processing /opt/airflow/dags/__init__.py took 4.308 seconds
[2025-11-03T12:14:43.604+0000] {processor.py:186} INFO - Started process (PID=259) to work on /opt/airflow/dags/__init__.py
[2025-11-03T12:14:44.695+0000] {processor.py:914} INFO - Processing file /opt/airflow/dags/__init__.py for tasks to queue
[2025-11-03T12:14:45.889+0000] {logging_mixin.py:190} INFO - [2025-11-03T12:14:45.887+0000] {dagbag.py:588} INFO - Filling up the DagBag from /opt/airflow/dags/__init__.py
[2025-11-03T12:14:46.653+0000] {processor.py:927} WARNING - No viable dags retrieved from /opt/airflow/dags/__init__.py
[2025-11-03T12:14:47.852+0000] {processor.py:208} INFO - Processing /opt/airflow/dags/__init__.py took 4.334 seconds
[2025-11-03T12:15:22.454+0000] {processor.py:186} INFO - Started process (PID=269) to work on /opt/airflow/dags/__init__.py
[2025-11-03T12:15:22.550+0000] {processor.py:914} INFO - Processing file /opt/airflow/dags/__init__.py for tasks to queue
[2025-11-03T12:15:22.732+0000] {logging_mixin.py:190} INFO - [2025-11-03T12:15:22.701+0000] {dagbag.py:588} INFO - Filling up the DagBag from /opt/airflow/dags/__init__.py
[2025-11-03T12:15:23.404+0000] {processor.py:927} WARNING - No viable dags retrieved from /opt/airflow/dags/__init__.py
[2025-11-03T12:15:23.989+0000] {processor.py:208} INFO - Processing /opt/airflow/dags/__init__.py took 2.239 seconds
[2025-11-03T12:15:55.728+0000] {processor.py:186} INFO - Started process (PID=277) to work on /opt/airflow/dags/__init__.py
[2025-11-03T12:15:55.732+0000] {processor.py:914} INFO - Processing file /opt/airflow/dags/__init__.py for tasks to queue
[2025-11-03T12:15:55.790+0000] {logging_mixin.py:190} INFO - [2025-11-03T12:15:55.785+0000] {dagbag.py:588} INFO - Filling up the DagBag from /opt/airflow/dags/__init__.py
[2025-11-03T12:15:56.124+0000] {processor.py:927} WARNING - No viable dags retrieved from /opt/airflow/dags/__init__.py
[2025-11-03T12:15:57.066+0000] {processor.py:208} INFO - Processing /opt/airflow/dags/__init__.py took 1.546 seconds
[2025-11-03T12:16:28.736+0000] {processor.py:186} INFO - Started process (PID=287) to work on /opt/airflow/dags/__init__.py
[2025-11-03T12:16:28.754+0000] {processor.py:914} INFO - Processing file /opt/airflow/dags/__init__.py for tasks to queue
[2025-11-03T12:16:29.007+0000] {logging_mixin.py:190} INFO - [2025-11-03T12:16:28.998+0000] {dagbag.py:588} INFO - Filling up the DagBag from /opt/airflow/dags/__init__.py
[2025-11-03T12:16:29.624+0000] {processor.py:927} WARNING - No viable dags retrieved from /opt/airflow/dags/__init__.py
[2025-11-03T12:16:31.459+0000] {processor.py:208} INFO - Processing /opt/airflow/dags/__init__.py took 2.843 seconds
[2025-11-03T12:17:04.314+0000] {processor.py:186} INFO - Started process (PID=297) to work on /opt/airflow/dags/__init__.py
[2025-11-03T12:17:04.337+0000] {processor.py:914} INFO - Processing file /opt/airflow/dags/__init__.py for tasks to queue
[2025-11-03T12:17:04.486+0000] {logging_mixin.py:190} INFO - [2025-11-03T12:17:04.473+0000] {dagbag.py:588} INFO - Filling up the DagBag from /opt/airflow/dags/__init__.py
[2025-11-03T12:17:04.638+0000] {processor.py:927} WARNING - No viable dags retrieved from /opt/airflow/dags/__init__.py
[2025-11-03T12:17:10.645+0000] {processor.py:208} INFO - Processing /opt/airflow/dags/__init__.py took 6.694 seconds
[2025-11-03T12:17:55.404+0000] {processor.py:186} INFO - Started process (PID=305) to work on /opt/airflow/dags/__init__.py
[2025-11-03T12:17:55.558+0000] {processor.py:914} INFO - Processing file /opt/airflow/dags/__init__.py for tasks to queue
[2025-11-03T12:17:56.997+0000] {logging_mixin.py:190} INFO - [2025-11-03T12:17:56.976+0000] {dagbag.py:588} INFO - Filling up the DagBag from /opt/airflow/dags/__init__.py
[2025-11-03T12:17:57.793+0000] {processor.py:927} WARNING - No viable dags retrieved from /opt/airflow/dags/__init__.py
[2025-11-03T12:18:01.536+0000] {processor.py:208} INFO - Processing /opt/airflow/dags/__init__.py took 16.324 seconds
[2025-11-03T12:18:34.247+0000] {processor.py:186} INFO - Started process (PID=320) to work on /opt/airflow/dags/__init__.py
[2025-11-03T12:18:34.378+0000] {processor.py:914} INFO - Processing file /opt/airflow/dags/__init__.py for tasks to queue
[2025-11-03T12:18:34.490+0000] {logging_mixin.py:190} INFO - [2025-11-03T12:18:34.466+0000] {dagbag.py:588} INFO - Filling up the DagBag from /opt/airflow/dags/__init__.py
[2025-11-03T12:18:34.907+0000] {processor.py:927} WARNING - No viable dags retrieved from /opt/airflow/dags/__init__.py
[2025-11-03T12:18:36.172+0000] {processor.py:208} INFO - Processing /opt/airflow/dags/__init__.py took 3.388 seconds
[2025-11-03T12:19:16.996+0000] {processor.py:186} INFO - Started process (PID=329) to work on /opt/airflow/dags/__init__.py
[2025-11-03T12:19:17.229+0000] {processor.py:914} INFO - Processing file /opt/airflow/dags/__init__.py for tasks to queue
[2025-11-03T12:19:17.510+0000] {logging_mixin.py:190} INFO - [2025-11-03T12:19:17.509+0000] {dagbag.py:588} INFO - Filling up the DagBag from /opt/airflow/dags/__init__.py
[2025-11-03T12:19:17.713+0000] {processor.py:927} WARNING - No viable dags retrieved from /opt/airflow/dags/__init__.py
[2025-11-03T12:19:18.518+0000] {processor.py:208} INFO - Processing /opt/airflow/dags/__init__.py took 2.520 seconds
[2025-11-03T12:19:51.618+0000] {processor.py:186} INFO - Started process (PID=338) to work on /opt/airflow/dags/__init__.py
[2025-11-03T12:19:51.702+0000] {processor.py:914} INFO - Processing file /opt/airflow/dags/__init__.py for tasks to queue
[2025-11-03T12:19:51.849+0000] {logging_mixin.py:190} INFO - [2025-11-03T12:19:51.828+0000] {dagbag.py:588} INFO - Filling up the DagBag from /opt/airflow/dags/__init__.py
[2025-11-03T12:19:51.981+0000] {processor.py:927} WARNING - No viable dags retrieved from /opt/airflow/dags/__init__.py
[2025-11-03T12:19:53.339+0000] {processor.py:208} INFO - Processing /opt/airflow/dags/__init__.py took 2.642 seconds
[2025-11-03T12:20:28.267+0000] {processor.py:186} INFO - Started process (PID=348) to work on /opt/airflow/dags/__init__.py
[2025-11-03T12:20:28.298+0000] {processor.py:914} INFO - Processing file /opt/airflow/dags/__init__.py for tasks to queue
[2025-11-03T12:20:28.326+0000] {logging_mixin.py:190} INFO - [2025-11-03T12:20:28.324+0000] {dagbag.py:588} INFO - Filling up the DagBag from /opt/airflow/dags/__init__.py
[2025-11-03T12:20:28.828+0000] {processor.py:927} WARNING - No viable dags retrieved from /opt/airflow/dags/__init__.py
[2025-11-03T12:20:29.326+0000] {processor.py:208} INFO - Processing /opt/airflow/dags/__init__.py took 1.518 seconds
[2025-11-03T12:21:05.660+0000] {processor.py:186} INFO - Started process (PID=357) to work on /opt/airflow/dags/__init__.py
[2025-11-03T12:21:05.825+0000] {processor.py:914} INFO - Processing file /opt/airflow/dags/__init__.py for tasks to queue
[2025-11-03T12:21:05.851+0000] {logging_mixin.py:190} INFO - [2025-11-03T12:21:05.850+0000] {dagbag.py:588} INFO - Filling up the DagBag from /opt/airflow/dags/__init__.py
[2025-11-03T12:21:06.021+0000] {processor.py:927} WARNING - No viable dags retrieved from /opt/airflow/dags/__init__.py
[2025-11-03T12:21:06.536+0000] {processor.py:208} INFO - Processing /opt/airflow/dags/__init__.py took 1.957 seconds
[2025-11-03T12:21:39.290+0000] {processor.py:186} INFO - Started process (PID=366) to work on /opt/airflow/dags/__init__.py
[2025-11-03T12:21:39.429+0000] {processor.py:914} INFO - Processing file /opt/airflow/dags/__init__.py for tasks to queue
[2025-11-03T12:21:39.832+0000] {logging_mixin.py:190} INFO - [2025-11-03T12:21:39.818+0000] {dagbag.py:588} INFO - Filling up the DagBag from /opt/airflow/dags/__init__.py
[2025-11-03T12:21:40.734+0000] {processor.py:927} WARNING - No viable dags retrieved from /opt/airflow/dags/__init__.py
[2025-11-03T12:21:50.286+0000] {processor.py:208} INFO - Processing /opt/airflow/dags/__init__.py took 8.840 seconds
[2025-11-03T12:22:25.389+0000] {processor.py:186} INFO - Started process (PID=375) to work on /opt/airflow/dags/__init__.py
[2025-11-03T12:22:25.485+0000] {processor.py:914} INFO - Processing file /opt/airflow/dags/__init__.py for tasks to queue
[2025-11-03T12:22:26.987+0000] {logging_mixin.py:190} INFO - [2025-11-03T12:22:26.985+0000] {dagbag.py:588} INFO - Filling up the DagBag from /opt/airflow/dags/__init__.py
[2025-11-03T12:22:28.323+0000] {processor.py:927} WARNING - No viable dags retrieved from /opt/airflow/dags/__init__.py
[2025-11-03T12:22:29.689+0000] {processor.py:208} INFO - Processing /opt/airflow/dags/__init__.py took 6.999 seconds
[2025-11-03T12:23:02.030+0000] {processor.py:186} INFO - Started process (PID=383) to work on /opt/airflow/dags/__init__.py
[2025-11-03T12:23:02.067+0000] {processor.py:914} INFO - Processing file /opt/airflow/dags/__init__.py for tasks to queue
[2025-11-03T12:23:02.456+0000] {logging_mixin.py:190} INFO - [2025-11-03T12:23:02.450+0000] {dagbag.py:588} INFO - Filling up the DagBag from /opt/airflow/dags/__init__.py
[2025-11-03T12:23:02.942+0000] {processor.py:927} WARNING - No viable dags retrieved from /opt/airflow/dags/__init__.py
[2025-11-03T12:23:05.705+0000] {processor.py:208} INFO - Processing /opt/airflow/dags/__init__.py took 4.284 seconds
[2025-11-03T12:23:39.612+0000] {processor.py:186} INFO - Started process (PID=386) to work on /opt/airflow/dags/__init__.py
[2025-11-03T12:23:39.657+0000] {processor.py:914} INFO - Processing file /opt/airflow/dags/__init__.py for tasks to queue
[2025-11-03T12:23:39.835+0000] {logging_mixin.py:190} INFO - [2025-11-03T12:23:39.779+0000] {dagbag.py:588} INFO - Filling up the DagBag from /opt/airflow/dags/__init__.py
[2025-11-03T12:23:40.184+0000] {processor.py:927} WARNING - No viable dags retrieved from /opt/airflow/dags/__init__.py
[2025-11-03T12:23:43.284+0000] {processor.py:208} INFO - Processing /opt/airflow/dags/__init__.py took 4.973 seconds
[2025-11-03T12:24:22.516+0000] {processor.py:186} INFO - Started process (PID=389) to work on /opt/airflow/dags/__init__.py
[2025-11-03T12:24:22.548+0000] {processor.py:914} INFO - Processing file /opt/airflow/dags/__init__.py for tasks to queue
[2025-11-03T12:24:22.679+0000] {logging_mixin.py:190} INFO - [2025-11-03T12:24:22.678+0000] {dagbag.py:588} INFO - Filling up the DagBag from /opt/airflow/dags/__init__.py
[2025-11-03T12:24:23.107+0000] {processor.py:927} WARNING - No viable dags retrieved from /opt/airflow/dags/__init__.py
[2025-11-03T12:24:26.654+0000] {processor.py:208} INFO - Processing /opt/airflow/dags/__init__.py took 5.511 seconds
[2025-11-03T12:25:59.259+0000] {processor.py:186} INFO - Started process (PID=391) to work on /opt/airflow/dags/__init__.py
[2025-11-03T12:25:59.352+0000] {processor.py:914} INFO - Processing file /opt/airflow/dags/__init__.py for tasks to queue
[2025-11-03T12:26:04.047+0000] {logging_mixin.py:190} INFO - [2025-11-03T12:26:03.250+0000] {dagbag.py:588} INFO - Filling up the DagBag from /opt/airflow/dags/__init__.py
[2025-11-03T12:26:16.713+0000] {processor.py:927} WARNING - No viable dags retrieved from /opt/airflow/dags/__init__.py
[2025-11-03T12:26:22.208+0000] {processor.py:208} INFO - Processing /opt/airflow/dags/__init__.py took 25.215 seconds
[2025-11-03T12:26:56.441+0000] {processor.py:186} INFO - Started process (PID=394) to work on /opt/airflow/dags/__init__.py
[2025-11-03T12:26:56.463+0000] {processor.py:914} INFO - Processing file /opt/airflow/dags/__init__.py for tasks to queue
[2025-11-03T12:26:56.631+0000] {logging_mixin.py:190} INFO - [2025-11-03T12:26:56.560+0000] {dagbag.py:588} INFO - Filling up the DagBag from /opt/airflow/dags/__init__.py
[2025-11-03T12:26:57.759+0000] {processor.py:927} WARNING - No viable dags retrieved from /opt/airflow/dags/__init__.py
[2025-11-03T12:27:05.181+0000] {processor.py:208} INFO - Processing /opt/airflow/dags/__init__.py took 7.001 seconds
[2025-11-03T12:27:56.653+0000] {processor.py:186} INFO - Started process (PID=397) to work on /opt/airflow/dags/__init__.py
[2025-11-03T12:27:56.687+0000] {processor.py:914} INFO - Processing file /opt/airflow/dags/__init__.py for tasks to queue
[2025-11-03T12:27:57.052+0000] {logging_mixin.py:190} INFO - [2025-11-03T12:27:56.921+0000] {dagbag.py:588} INFO - Filling up the DagBag from /opt/airflow/dags/__init__.py
[2025-11-03T12:27:57.724+0000] {processor.py:927} WARNING - No viable dags retrieved from /opt/airflow/dags/__init__.py
[2025-11-03T12:28:00.786+0000] {processor.py:208} INFO - Processing /opt/airflow/dags/__init__.py took 6.159 seconds
[2025-11-03T12:29:42.807+0000] {processor.py:186} INFO - Started process (PID=399) to work on /opt/airflow/dags/__init__.py
[2025-11-03T12:29:43.320+0000] {processor.py:914} INFO - Processing file /opt/airflow/dags/__init__.py for tasks to queue
[2025-11-03T12:29:45.343+0000] {logging_mixin.py:190} INFO - [2025-11-03T12:29:44.517+0000] {dagbag.py:588} INFO - Filling up the DagBag from /opt/airflow/dags/__init__.py
[2025-11-03T12:30:49.444+0000] {processor.py:927} WARNING - No viable dags retrieved from /opt/airflow/dags/__init__.py
[2025-11-03T13:28:11.757+0000] {processor.py:186} INFO - Started process (PID=177) to work on /opt/airflow/dags/__init__.py
[2025-11-03T13:28:12.760+0000] {processor.py:914} INFO - Processing file /opt/airflow/dags/__init__.py for tasks to queue
[2025-11-03T13:28:13.360+0000] {logging_mixin.py:190} INFO - [2025-11-03T13:28:13.262+0000] {dagbag.py:588} INFO - Filling up the DagBag from /opt/airflow/dags/__init__.py
[2025-11-03T13:28:14.812+0000] {processor.py:927} WARNING - No viable dags retrieved from /opt/airflow/dags/__init__.py
[2025-11-03T13:28:16.468+0000] {processor.py:208} INFO - Processing /opt/airflow/dags/__init__.py took 8.031 seconds
[2025-11-03T13:28:47.712+0000] {processor.py:186} INFO - Started process (PID=185) to work on /opt/airflow/dags/__init__.py
[2025-11-03T13:28:47.717+0000] {processor.py:914} INFO - Processing file /opt/airflow/dags/__init__.py for tasks to queue
[2025-11-03T13:28:47.730+0000] {logging_mixin.py:190} INFO - [2025-11-03T13:28:47.729+0000] {dagbag.py:588} INFO - Filling up the DagBag from /opt/airflow/dags/__init__.py
[2025-11-03T13:28:47.816+0000] {processor.py:927} WARNING - No viable dags retrieved from /opt/airflow/dags/__init__.py
[2025-11-03T13:28:47.923+0000] {processor.py:208} INFO - Processing /opt/airflow/dags/__init__.py took 0.257 seconds
[2025-11-03T13:29:36.953+0000] {processor.py:186} INFO - Started process (PID=203) to work on /opt/airflow/dags/__init__.py
[2025-11-03T13:29:37.031+0000] {processor.py:914} INFO - Processing file /opt/airflow/dags/__init__.py for tasks to queue
[2025-11-03T13:29:37.104+0000] {logging_mixin.py:190} INFO - [2025-11-03T13:29:37.102+0000] {dagbag.py:588} INFO - Filling up the DagBag from /opt/airflow/dags/__init__.py
[2025-11-03T13:29:38.009+0000] {processor.py:927} WARNING - No viable dags retrieved from /opt/airflow/dags/__init__.py
[2025-11-03T13:29:38.587+0000] {processor.py:208} INFO - Processing /opt/airflow/dags/__init__.py took 2.327 seconds
[2025-11-03T13:30:29.398+0000] {processor.py:186} INFO - Started process (PID=213) to work on /opt/airflow/dags/__init__.py
[2025-11-03T13:30:29.496+0000] {processor.py:914} INFO - Processing file /opt/airflow/dags/__init__.py for tasks to queue
[2025-11-03T13:30:29.840+0000] {logging_mixin.py:190} INFO - [2025-11-03T13:30:29.822+0000] {dagbag.py:588} INFO - Filling up the DagBag from /opt/airflow/dags/__init__.py
[2025-11-03T13:30:30.438+0000] {processor.py:927} WARNING - No viable dags retrieved from /opt/airflow/dags/__init__.py
[2025-11-03T13:30:30.817+0000] {processor.py:208} INFO - Processing /opt/airflow/dags/__init__.py took 2.296 seconds
[2025-11-03T13:31:06.411+0000] {processor.py:186} INFO - Started process (PID=220) to work on /opt/airflow/dags/__init__.py
[2025-11-03T13:31:06.431+0000] {processor.py:914} INFO - Processing file /opt/airflow/dags/__init__.py for tasks to queue
[2025-11-03T13:31:06.591+0000] {logging_mixin.py:190} INFO - [2025-11-03T13:31:06.582+0000] {dagbag.py:588} INFO - Filling up the DagBag from /opt/airflow/dags/__init__.py
[2025-11-03T13:31:06.899+0000] {processor.py:927} WARNING - No viable dags retrieved from /opt/airflow/dags/__init__.py
[2025-11-03T13:31:08.448+0000] {processor.py:208} INFO - Processing /opt/airflow/dags/__init__.py took 5.366 seconds
[2025-11-03T13:31:44.444+0000] {processor.py:186} INFO - Started process (PID=230) to work on /opt/airflow/dags/__init__.py
[2025-11-03T13:31:44.575+0000] {processor.py:914} INFO - Processing file /opt/airflow/dags/__init__.py for tasks to queue
[2025-11-03T13:31:44.872+0000] {logging_mixin.py:190} INFO - [2025-11-03T13:31:44.840+0000] {dagbag.py:588} INFO - Filling up the DagBag from /opt/airflow/dags/__init__.py
[2025-11-03T13:31:45.406+0000] {processor.py:927} WARNING - No viable dags retrieved from /opt/airflow/dags/__init__.py
[2025-11-03T13:31:47.145+0000] {processor.py:208} INFO - Processing /opt/airflow/dags/__init__.py took 4.414 seconds
[2025-11-03T13:32:24.175+0000] {processor.py:186} INFO - Started process (PID=239) to work on /opt/airflow/dags/__init__.py
[2025-11-03T13:32:24.210+0000] {processor.py:914} INFO - Processing file /opt/airflow/dags/__init__.py for tasks to queue
[2025-11-03T13:32:24.549+0000] {logging_mixin.py:190} INFO - [2025-11-03T13:32:24.509+0000] {dagbag.py:588} INFO - Filling up the DagBag from /opt/airflow/dags/__init__.py
[2025-11-03T13:32:25.072+0000] {processor.py:927} WARNING - No viable dags retrieved from /opt/airflow/dags/__init__.py
[2025-11-03T13:32:25.732+0000] {processor.py:208} INFO - Processing /opt/airflow/dags/__init__.py took 1.846 seconds
[2025-11-03T13:33:22.551+0000] {processor.py:186} INFO - Started process (PID=257) to work on /opt/airflow/dags/__init__.py
[2025-11-03T13:33:22.557+0000] {processor.py:914} INFO - Processing file /opt/airflow/dags/__init__.py for tasks to queue
[2025-11-03T13:33:22.866+0000] {logging_mixin.py:190} INFO - [2025-11-03T13:33:22.848+0000] {dagbag.py:588} INFO - Filling up the DagBag from /opt/airflow/dags/__init__.py
[2025-11-03T13:33:24.253+0000] {processor.py:927} WARNING - No viable dags retrieved from /opt/airflow/dags/__init__.py
[2025-11-03T13:33:24.695+0000] {processor.py:208} INFO - Processing /opt/airflow/dags/__init__.py took 2.632 seconds
[2025-11-03T13:33:56.630+0000] {processor.py:186} INFO - Started process (PID=264) to work on /opt/airflow/dags/__init__.py
[2025-11-03T13:33:56.657+0000] {processor.py:914} INFO - Processing file /opt/airflow/dags/__init__.py for tasks to queue
[2025-11-03T13:33:56.717+0000] {logging_mixin.py:190} INFO - [2025-11-03T13:33:56.716+0000] {dagbag.py:588} INFO - Filling up the DagBag from /opt/airflow/dags/__init__.py
[2025-11-03T13:33:56.773+0000] {processor.py:927} WARNING - No viable dags retrieved from /opt/airflow/dags/__init__.py
[2025-11-03T13:33:57.182+0000] {processor.py:208} INFO - Processing /opt/airflow/dags/__init__.py took 0.696 seconds
[2025-11-03T13:34:28.154+0000] {processor.py:186} INFO - Started process (PID=273) to work on /opt/airflow/dags/__init__.py
[2025-11-03T13:34:28.185+0000] {processor.py:914} INFO - Processing file /opt/airflow/dags/__init__.py for tasks to queue
[2025-11-03T13:34:28.293+0000] {logging_mixin.py:190} INFO - [2025-11-03T13:34:28.251+0000] {dagbag.py:588} INFO - Filling up the DagBag from /opt/airflow/dags/__init__.py
[2025-11-03T13:34:29.269+0000] {processor.py:927} WARNING - No viable dags retrieved from /opt/airflow/dags/__init__.py
[2025-11-03T13:34:29.575+0000] {processor.py:208} INFO - Processing /opt/airflow/dags/__init__.py took 1.542 seconds
[2025-11-03T13:35:01.869+0000] {processor.py:186} INFO - Started process (PID=282) to work on /opt/airflow/dags/__init__.py
[2025-11-03T13:35:01.933+0000] {processor.py:914} INFO - Processing file /opt/airflow/dags/__init__.py for tasks to queue
[2025-11-03T13:35:02.248+0000] {logging_mixin.py:190} INFO - [2025-11-03T13:35:02.245+0000] {dagbag.py:588} INFO - Filling up the DagBag from /opt/airflow/dags/__init__.py
[2025-11-03T13:35:02.619+0000] {processor.py:927} WARNING - No viable dags retrieved from /opt/airflow/dags/__init__.py
[2025-11-03T13:35:03.408+0000] {processor.py:208} INFO - Processing /opt/airflow/dags/__init__.py took 1.822 seconds
[2025-11-03T13:35:47.210+0000] {processor.py:186} INFO - Started process (PID=291) to work on /opt/airflow/dags/__init__.py
[2025-11-03T13:35:47.386+0000] {processor.py:914} INFO - Processing file /opt/airflow/dags/__init__.py for tasks to queue
[2025-11-03T13:35:49.121+0000] {logging_mixin.py:190} INFO - [2025-11-03T13:35:48.964+0000] {dagbag.py:588} INFO - Filling up the DagBag from /opt/airflow/dags/__init__.py
[2025-11-03T13:35:57.281+0000] {processor.py:927} WARNING - No viable dags retrieved from /opt/airflow/dags/__init__.py
[2025-11-03T13:35:59.122+0000] {processor.py:208} INFO - Processing /opt/airflow/dags/__init__.py took 12.687 seconds
[2025-11-03T13:36:31.670+0000] {processor.py:186} INFO - Started process (PID=300) to work on /opt/airflow/dags/__init__.py
[2025-11-03T13:36:31.734+0000] {processor.py:914} INFO - Processing file /opt/airflow/dags/__init__.py for tasks to queue
[2025-11-03T13:36:32.155+0000] {logging_mixin.py:190} INFO - [2025-11-03T13:36:32.131+0000] {dagbag.py:588} INFO - Filling up the DagBag from /opt/airflow/dags/__init__.py
[2025-11-03T13:36:32.316+0000] {processor.py:927} WARNING - No viable dags retrieved from /opt/airflow/dags/__init__.py
[2025-11-03T13:36:33.587+0000] {processor.py:208} INFO - Processing /opt/airflow/dags/__init__.py took 2.990 seconds
[2025-11-03T13:37:07.794+0000] {processor.py:186} INFO - Started process (PID=310) to work on /opt/airflow/dags/__init__.py
[2025-11-03T13:37:07.877+0000] {processor.py:914} INFO - Processing file /opt/airflow/dags/__init__.py for tasks to queue
[2025-11-03T13:37:08.159+0000] {logging_mixin.py:190} INFO - [2025-11-03T13:37:08.158+0000] {dagbag.py:588} INFO - Filling up the DagBag from /opt/airflow/dags/__init__.py
[2025-11-03T13:37:08.408+0000] {processor.py:927} WARNING - No viable dags retrieved from /opt/airflow/dags/__init__.py
[2025-11-03T13:37:09.327+0000] {processor.py:208} INFO - Processing /opt/airflow/dags/__init__.py took 3.423 seconds
[2025-11-03T13:37:50.925+0000] {processor.py:186} INFO - Started process (PID=326) to work on /opt/airflow/dags/__init__.py
[2025-11-03T13:37:50.964+0000] {processor.py:914} INFO - Processing file /opt/airflow/dags/__init__.py for tasks to queue
[2025-11-03T13:37:51.369+0000] {logging_mixin.py:190} INFO - [2025-11-03T13:37:51.368+0000] {dagbag.py:588} INFO - Filling up the DagBag from /opt/airflow/dags/__init__.py
[2025-11-03T13:37:52.270+0000] {processor.py:927} WARNING - No viable dags retrieved from /opt/airflow/dags/__init__.py
[2025-11-03T13:37:57.421+0000] {processor.py:208} INFO - Processing /opt/airflow/dags/__init__.py took 7.253 seconds
[2025-11-03T13:38:48.304+0000] {processor.py:186} INFO - Started process (PID=335) to work on /opt/airflow/dags/__init__.py
[2025-11-03T13:38:48.538+0000] {processor.py:914} INFO - Processing file /opt/airflow/dags/__init__.py for tasks to queue
[2025-11-03T13:38:49.959+0000] {logging_mixin.py:190} INFO - [2025-11-03T13:38:49.874+0000] {dagbag.py:588} INFO - Filling up the DagBag from /opt/airflow/dags/__init__.py
[2025-11-03T13:38:50.543+0000] {processor.py:927} WARNING - No viable dags retrieved from /opt/airflow/dags/__init__.py
[2025-11-03T13:38:53.600+0000] {processor.py:208} INFO - Processing /opt/airflow/dags/__init__.py took 7.551 seconds
[2025-11-03T13:39:25.490+0000] {processor.py:186} INFO - Started process (PID=343) to work on /opt/airflow/dags/__init__.py
[2025-11-03T13:39:25.501+0000] {processor.py:914} INFO - Processing file /opt/airflow/dags/__init__.py for tasks to queue
[2025-11-03T13:39:25.675+0000] {logging_mixin.py:190} INFO - [2025-11-03T13:39:25.604+0000] {dagbag.py:588} INFO - Filling up the DagBag from /opt/airflow/dags/__init__.py
[2025-11-03T13:39:25.786+0000] {processor.py:927} WARNING - No viable dags retrieved from /opt/airflow/dags/__init__.py
[2025-11-03T13:39:27.337+0000] {processor.py:208} INFO - Processing /opt/airflow/dags/__init__.py took 2.763 seconds
[2025-11-03T13:40:00.908+0000] {processor.py:186} INFO - Started process (PID=351) to work on /opt/airflow/dags/__init__.py
[2025-11-03T13:40:00.930+0000] {processor.py:914} INFO - Processing file /opt/airflow/dags/__init__.py for tasks to queue
[2025-11-03T13:40:01.328+0000] {logging_mixin.py:190} INFO - [2025-11-03T13:40:01.296+0000] {dagbag.py:588} INFO - Filling up the DagBag from /opt/airflow/dags/__init__.py
[2025-11-03T13:40:01.587+0000] {processor.py:927} WARNING - No viable dags retrieved from /opt/airflow/dags/__init__.py
[2025-11-03T13:40:02.813+0000] {processor.py:208} INFO - Processing /opt/airflow/dags/__init__.py took 2.280 seconds
[2025-11-03T13:40:34.691+0000] {processor.py:186} INFO - Started process (PID=359) to work on /opt/airflow/dags/__init__.py
[2025-11-03T13:40:34.721+0000] {processor.py:914} INFO - Processing file /opt/airflow/dags/__init__.py for tasks to queue
[2025-11-03T13:40:34.795+0000] {logging_mixin.py:190} INFO - [2025-11-03T13:40:34.781+0000] {dagbag.py:588} INFO - Filling up the DagBag from /opt/airflow/dags/__init__.py
[2025-11-03T13:40:35.126+0000] {processor.py:927} WARNING - No viable dags retrieved from /opt/airflow/dags/__init__.py
[2025-11-03T13:40:35.703+0000] {processor.py:208} INFO - Processing /opt/airflow/dags/__init__.py took 1.385 seconds
[2025-11-03T13:41:08.598+0000] {processor.py:186} INFO - Started process (PID=368) to work on /opt/airflow/dags/__init__.py
[2025-11-03T13:41:08.608+0000] {processor.py:914} INFO - Processing file /opt/airflow/dags/__init__.py for tasks to queue
[2025-11-03T13:41:08.648+0000] {logging_mixin.py:190} INFO - [2025-11-03T13:41:08.647+0000] {dagbag.py:588} INFO - Filling up the DagBag from /opt/airflow/dags/__init__.py
[2025-11-03T13:41:09.299+0000] {processor.py:927} WARNING - No viable dags retrieved from /opt/airflow/dags/__init__.py
[2025-11-03T13:41:09.982+0000] {processor.py:208} INFO - Processing /opt/airflow/dags/__init__.py took 1.450 seconds
[2025-11-03T13:41:46.426+0000] {processor.py:186} INFO - Started process (PID=376) to work on /opt/airflow/dags/__init__.py
[2025-11-03T13:41:46.470+0000] {processor.py:914} INFO - Processing file /opt/airflow/dags/__init__.py for tasks to queue
[2025-11-03T13:41:46.510+0000] {logging_mixin.py:190} INFO - [2025-11-03T13:41:46.509+0000] {dagbag.py:588} INFO - Filling up the DagBag from /opt/airflow/dags/__init__.py
[2025-11-03T13:41:46.813+0000] {processor.py:927} WARNING - No viable dags retrieved from /opt/airflow/dags/__init__.py
[2025-11-03T13:41:50.627+0000] {processor.py:208} INFO - Processing /opt/airflow/dags/__init__.py took 6.679 seconds
[2025-11-03T13:42:21.569+0000] {processor.py:186} INFO - Started process (PID=383) to work on /opt/airflow/dags/__init__.py
[2025-11-03T13:42:21.583+0000] {processor.py:914} INFO - Processing file /opt/airflow/dags/__init__.py for tasks to queue
[2025-11-03T13:42:21.644+0000] {logging_mixin.py:190} INFO - [2025-11-03T13:42:21.643+0000] {dagbag.py:588} INFO - Filling up the DagBag from /opt/airflow/dags/__init__.py
[2025-11-03T13:42:21.921+0000] {processor.py:927} WARNING - No viable dags retrieved from /opt/airflow/dags/__init__.py
[2025-11-03T13:42:23.739+0000] {processor.py:208} INFO - Processing /opt/airflow/dags/__init__.py took 2.223 seconds
[2025-11-03T13:43:01.536+0000] {processor.py:186} INFO - Started process (PID=399) to work on /opt/airflow/dags/__init__.py
[2025-11-03T13:43:01.638+0000] {processor.py:914} INFO - Processing file /opt/airflow/dags/__init__.py for tasks to queue
[2025-11-03T13:43:02.496+0000] {logging_mixin.py:190} INFO - [2025-11-03T13:43:02.420+0000] {dagbag.py:588} INFO - Filling up the DagBag from /opt/airflow/dags/__init__.py
[2025-11-03T13:43:04.751+0000] {processor.py:927} WARNING - No viable dags retrieved from /opt/airflow/dags/__init__.py
[2025-11-03T13:43:07.014+0000] {processor.py:208} INFO - Processing /opt/airflow/dags/__init__.py took 6.030 seconds
[2025-11-03T13:43:39.383+0000] {processor.py:186} INFO - Started process (PID=408) to work on /opt/airflow/dags/__init__.py
[2025-11-03T13:43:39.479+0000] {processor.py:914} INFO - Processing file /opt/airflow/dags/__init__.py for tasks to queue
[2025-11-03T13:43:40.184+0000] {logging_mixin.py:190} INFO - [2025-11-03T13:43:40.183+0000] {dagbag.py:588} INFO - Filling up the DagBag from /opt/airflow/dags/__init__.py
[2025-11-03T13:43:40.752+0000] {processor.py:927} WARNING - No viable dags retrieved from /opt/airflow/dags/__init__.py
[2025-11-03T13:43:41.197+0000] {processor.py:208} INFO - Processing /opt/airflow/dags/__init__.py took 1.956 seconds
[2025-11-03T13:44:38.453+0000] {processor.py:186} INFO - Started process (PID=417) to work on /opt/airflow/dags/__init__.py
[2025-11-03T13:44:38.515+0000] {processor.py:914} INFO - Processing file /opt/airflow/dags/__init__.py for tasks to queue
[2025-11-03T13:44:38.633+0000] {logging_mixin.py:190} INFO - [2025-11-03T13:44:38.631+0000] {dagbag.py:588} INFO - Filling up the DagBag from /opt/airflow/dags/__init__.py
[2025-11-03T13:44:38.807+0000] {processor.py:927} WARNING - No viable dags retrieved from /opt/airflow/dags/__init__.py
[2025-11-03T13:44:38.928+0000] {processor.py:208} INFO - Processing /opt/airflow/dags/__init__.py took 0.686 seconds
[2025-11-03T13:45:37.674+0000] {processor.py:186} INFO - Started process (PID=433) to work on /opt/airflow/dags/__init__.py
[2025-11-03T13:45:37.713+0000] {processor.py:914} INFO - Processing file /opt/airflow/dags/__init__.py for tasks to queue
[2025-11-03T13:45:37.827+0000] {logging_mixin.py:190} INFO - [2025-11-03T13:45:37.824+0000] {dagbag.py:588} INFO - Filling up the DagBag from /opt/airflow/dags/__init__.py
[2025-11-03T13:45:38.088+0000] {processor.py:927} WARNING - No viable dags retrieved from /opt/airflow/dags/__init__.py
[2025-11-03T13:45:38.993+0000] {processor.py:208} INFO - Processing /opt/airflow/dags/__init__.py took 1.692 seconds
[2025-11-03T13:46:14.842+0000] {processor.py:186} INFO - Started process (PID=441) to work on /opt/airflow/dags/__init__.py
[2025-11-03T13:46:15.103+0000] {processor.py:914} INFO - Processing file /opt/airflow/dags/__init__.py for tasks to queue
[2025-11-03T13:46:15.369+0000] {logging_mixin.py:190} INFO - [2025-11-03T13:46:15.340+0000] {dagbag.py:588} INFO - Filling up the DagBag from /opt/airflow/dags/__init__.py
[2025-11-03T13:46:38.804+0000] {processor.py:927} WARNING - No viable dags retrieved from /opt/airflow/dags/__init__.py
[2025-11-03T13:47:19.916+0000] {processor.py:208} INFO - Processing /opt/airflow/dags/__init__.py took 68.497 seconds
[2025-11-03T13:48:11.314+0000] {processor.py:186} INFO - Started process (PID=459) to work on /opt/airflow/dags/__init__.py
[2025-11-03T13:48:11.414+0000] {processor.py:914} INFO - Processing file /opt/airflow/dags/__init__.py for tasks to queue
[2025-11-03T13:48:13.935+0000] {logging_mixin.py:190} INFO - [2025-11-03T13:48:13.747+0000] {dagbag.py:588} INFO - Filling up the DagBag from /opt/airflow/dags/__init__.py
[2025-11-03T13:48:17.206+0000] {processor.py:927} WARNING - No viable dags retrieved from /opt/airflow/dags/__init__.py
[2025-11-03T13:48:23.322+0000] {processor.py:208} INFO - Processing /opt/airflow/dags/__init__.py took 16.423 seconds
[2025-11-03T13:49:16.874+0000] {processor.py:186} INFO - Started process (PID=474) to work on /opt/airflow/dags/__init__.py
[2025-11-03T13:49:16.964+0000] {processor.py:914} INFO - Processing file /opt/airflow/dags/__init__.py for tasks to queue
[2025-11-03T13:49:17.091+0000] {logging_mixin.py:190} INFO - [2025-11-03T13:49:16.989+0000] {dagbag.py:588} INFO - Filling up the DagBag from /opt/airflow/dags/__init__.py
[2025-11-03T13:49:19.037+0000] {processor.py:927} WARNING - No viable dags retrieved from /opt/airflow/dags/__init__.py
[2025-11-03T13:49:21.696+0000] {processor.py:208} INFO - Processing /opt/airflow/dags/__init__.py took 8.208 seconds
[2025-11-03T13:50:05.198+0000] {processor.py:186} INFO - Started process (PID=482) to work on /opt/airflow/dags/__init__.py
[2025-11-03T13:50:05.815+0000] {processor.py:914} INFO - Processing file /opt/airflow/dags/__init__.py for tasks to queue
[2025-11-03T13:50:06.578+0000] {logging_mixin.py:190} INFO - [2025-11-03T13:50:06.361+0000] {dagbag.py:588} INFO - Filling up the DagBag from /opt/airflow/dags/__init__.py
[2025-11-03T13:50:07.198+0000] {processor.py:927} WARNING - No viable dags retrieved from /opt/airflow/dags/__init__.py
[2025-11-03T13:50:08.251+0000] {processor.py:208} INFO - Processing /opt/airflow/dags/__init__.py took 3.434 seconds
[2025-11-03T13:50:52.453+0000] {processor.py:186} INFO - Started process (PID=490) to work on /opt/airflow/dags/__init__.py
[2025-11-03T13:50:52.497+0000] {processor.py:914} INFO - Processing file /opt/airflow/dags/__init__.py for tasks to queue
[2025-11-03T13:50:52.593+0000] {logging_mixin.py:190} INFO - [2025-11-03T13:50:52.592+0000] {dagbag.py:588} INFO - Filling up the DagBag from /opt/airflow/dags/__init__.py
[2025-11-03T13:50:55.975+0000] {processor.py:927} WARNING - No viable dags retrieved from /opt/airflow/dags/__init__.py
[2025-11-03T13:50:58.155+0000] {processor.py:208} INFO - Processing /opt/airflow/dags/__init__.py took 6.344 seconds
[2025-11-03T13:51:49.546+0000] {processor.py:186} INFO - Started process (PID=504) to work on /opt/airflow/dags/__init__.py
[2025-11-03T13:51:49.566+0000] {processor.py:914} INFO - Processing file /opt/airflow/dags/__init__.py for tasks to queue
[2025-11-03T13:51:49.637+0000] {logging_mixin.py:190} INFO - [2025-11-03T13:51:49.635+0000] {dagbag.py:588} INFO - Filling up the DagBag from /opt/airflow/dags/__init__.py
[2025-11-03T13:51:50.218+0000] {processor.py:927} WARNING - No viable dags retrieved from /opt/airflow/dags/__init__.py
[2025-11-03T13:51:53.959+0000] {processor.py:208} INFO - Processing /opt/airflow/dags/__init__.py took 4.628 seconds
[2025-11-03T13:52:31.302+0000] {processor.py:186} INFO - Started process (PID=511) to work on /opt/airflow/dags/__init__.py
[2025-11-03T13:52:31.858+0000] {processor.py:914} INFO - Processing file /opt/airflow/dags/__init__.py for tasks to queue
[2025-11-03T13:52:31.910+0000] {logging_mixin.py:190} INFO - [2025-11-03T13:52:31.908+0000] {dagbag.py:588} INFO - Filling up the DagBag from /opt/airflow/dags/__init__.py
[2025-11-03T13:52:32.428+0000] {processor.py:927} WARNING - No viable dags retrieved from /opt/airflow/dags/__init__.py
[2025-11-03T13:52:34.103+0000] {processor.py:208} INFO - Processing /opt/airflow/dags/__init__.py took 4.206 seconds
[2025-11-03T13:53:18.945+0000] {processor.py:186} INFO - Started process (PID=526) to work on /opt/airflow/dags/__init__.py
[2025-11-03T13:53:19.004+0000] {processor.py:914} INFO - Processing file /opt/airflow/dags/__init__.py for tasks to queue
[2025-11-03T13:53:20.253+0000] {logging_mixin.py:190} INFO - [2025-11-03T13:53:20.238+0000] {dagbag.py:588} INFO - Filling up the DagBag from /opt/airflow/dags/__init__.py
[2025-11-03T13:53:32.995+0000] {processor.py:927} WARNING - No viable dags retrieved from /opt/airflow/dags/__init__.py
[2025-11-03T13:53:36.196+0000] {processor.py:208} INFO - Processing /opt/airflow/dags/__init__.py took 17.508 seconds
[2025-11-03T13:54:08.812+0000] {processor.py:186} INFO - Started process (PID=535) to work on /opt/airflow/dags/__init__.py
[2025-11-03T13:54:08.833+0000] {processor.py:914} INFO - Processing file /opt/airflow/dags/__init__.py for tasks to queue
[2025-11-03T13:54:08.911+0000] {logging_mixin.py:190} INFO - [2025-11-03T13:54:08.892+0000] {dagbag.py:588} INFO - Filling up the DagBag from /opt/airflow/dags/__init__.py
[2025-11-03T13:54:09.187+0000] {processor.py:927} WARNING - No viable dags retrieved from /opt/airflow/dags/__init__.py
[2025-11-03T13:54:10.325+0000] {processor.py:208} INFO - Processing /opt/airflow/dags/__init__.py took 1.812 seconds
[2025-11-03T13:54:44.412+0000] {processor.py:186} INFO - Started process (PID=544) to work on /opt/airflow/dags/__init__.py
[2025-11-03T13:54:44.447+0000] {processor.py:914} INFO - Processing file /opt/airflow/dags/__init__.py for tasks to queue
[2025-11-03T13:54:44.672+0000] {logging_mixin.py:190} INFO - [2025-11-03T13:54:44.671+0000] {dagbag.py:588} INFO - Filling up the DagBag from /opt/airflow/dags/__init__.py
[2025-11-03T13:54:45.240+0000] {processor.py:927} WARNING - No viable dags retrieved from /opt/airflow/dags/__init__.py
[2025-11-03T13:54:45.838+0000] {processor.py:208} INFO - Processing /opt/airflow/dags/__init__.py took 3.642 seconds
[2025-11-03T13:55:17.120+0000] {processor.py:186} INFO - Started process (PID=552) to work on /opt/airflow/dags/__init__.py
[2025-11-03T13:55:17.133+0000] {processor.py:914} INFO - Processing file /opt/airflow/dags/__init__.py for tasks to queue
[2025-11-03T13:55:17.239+0000] {logging_mixin.py:190} INFO - [2025-11-03T13:55:17.203+0000] {dagbag.py:588} INFO - Filling up the DagBag from /opt/airflow/dags/__init__.py
[2025-11-03T13:55:17.422+0000] {processor.py:927} WARNING - No viable dags retrieved from /opt/airflow/dags/__init__.py
[2025-11-03T13:55:17.709+0000] {processor.py:208} INFO - Processing /opt/airflow/dags/__init__.py took 1.185 seconds
[2025-11-03T13:56:09.561+0000] {processor.py:186} INFO - Started process (PID=560) to work on /opt/airflow/dags/__init__.py
[2025-11-03T13:56:09.607+0000] {processor.py:914} INFO - Processing file /opt/airflow/dags/__init__.py for tasks to queue
[2025-11-03T13:56:09.649+0000] {logging_mixin.py:190} INFO - [2025-11-03T13:56:09.618+0000] {dagbag.py:588} INFO - Filling up the DagBag from /opt/airflow/dags/__init__.py
[2025-11-03T13:56:10.030+0000] {processor.py:927} WARNING - No viable dags retrieved from /opt/airflow/dags/__init__.py
[2025-11-03T13:56:11.182+0000] {processor.py:208} INFO - Processing /opt/airflow/dags/__init__.py took 3.007 seconds
[2025-11-03T13:56:42.506+0000] {processor.py:186} INFO - Started process (PID=568) to work on /opt/airflow/dags/__init__.py
[2025-11-03T13:56:42.585+0000] {processor.py:914} INFO - Processing file /opt/airflow/dags/__init__.py for tasks to queue
[2025-11-03T13:56:42.607+0000] {logging_mixin.py:190} INFO - [2025-11-03T13:56:42.606+0000] {dagbag.py:588} INFO - Filling up the DagBag from /opt/airflow/dags/__init__.py
[2025-11-03T13:56:42.783+0000] {processor.py:927} WARNING - No viable dags retrieved from /opt/airflow/dags/__init__.py
[2025-11-03T13:56:42.893+0000] {processor.py:208} INFO - Processing /opt/airflow/dags/__init__.py took 0.731 seconds
[2025-11-03T13:57:26.719+0000] {processor.py:186} INFO - Started process (PID=576) to work on /opt/airflow/dags/__init__.py
[2025-11-03T13:57:27.606+0000] {processor.py:914} INFO - Processing file /opt/airflow/dags/__init__.py for tasks to queue
[2025-11-03T13:57:28.838+0000] {logging_mixin.py:190} INFO - [2025-11-03T13:57:28.820+0000] {dagbag.py:588} INFO - Filling up the DagBag from /opt/airflow/dags/__init__.py
[2025-11-03T13:57:34.117+0000] {processor.py:927} WARNING - No viable dags retrieved from /opt/airflow/dags/__init__.py
[2025-11-03T13:57:37.217+0000] {processor.py:208} INFO - Processing /opt/airflow/dags/__init__.py took 12.886 seconds
[2025-11-03T13:58:12.403+0000] {processor.py:186} INFO - Started process (PID=583) to work on /opt/airflow/dags/__init__.py
[2025-11-03T13:58:12.498+0000] {processor.py:914} INFO - Processing file /opt/airflow/dags/__init__.py for tasks to queue
[2025-11-03T13:58:12.836+0000] {logging_mixin.py:190} INFO - [2025-11-03T13:58:12.705+0000] {dagbag.py:588} INFO - Filling up the DagBag from /opt/airflow/dags/__init__.py
[2025-11-03T13:58:15.041+0000] {processor.py:927} WARNING - No viable dags retrieved from /opt/airflow/dags/__init__.py
[2025-11-03T13:58:16.165+0000] {processor.py:208} INFO - Processing /opt/airflow/dags/__init__.py took 6.432 seconds
[2025-11-03T13:58:48.620+0000] {processor.py:186} INFO - Started process (PID=592) to work on /opt/airflow/dags/__init__.py
[2025-11-03T13:58:48.657+0000] {processor.py:914} INFO - Processing file /opt/airflow/dags/__init__.py for tasks to queue
[2025-11-03T13:58:48.717+0000] {logging_mixin.py:190} INFO - [2025-11-03T13:58:48.715+0000] {dagbag.py:588} INFO - Filling up the DagBag from /opt/airflow/dags/__init__.py
[2025-11-03T13:58:49.106+0000] {processor.py:927} WARNING - No viable dags retrieved from /opt/airflow/dags/__init__.py
[2025-11-03T13:58:49.878+0000] {processor.py:208} INFO - Processing /opt/airflow/dags/__init__.py took 1.477 seconds
[2025-11-03T13:59:27.707+0000] {processor.py:186} INFO - Started process (PID=601) to work on /opt/airflow/dags/__init__.py
[2025-11-03T13:59:27.757+0000] {processor.py:914} INFO - Processing file /opt/airflow/dags/__init__.py for tasks to queue
[2025-11-03T13:59:27.806+0000] {logging_mixin.py:190} INFO - [2025-11-03T13:59:27.805+0000] {dagbag.py:588} INFO - Filling up the DagBag from /opt/airflow/dags/__init__.py
[2025-11-03T13:59:29.057+0000] {processor.py:927} WARNING - No viable dags retrieved from /opt/airflow/dags/__init__.py
[2025-11-03T13:59:29.551+0000] {processor.py:208} INFO - Processing /opt/airflow/dags/__init__.py took 3.383 seconds
[2025-11-03T14:00:16.458+0000] {processor.py:186} INFO - Started process (PID=618) to work on /opt/airflow/dags/__init__.py
[2025-11-03T14:00:16.469+0000] {processor.py:914} INFO - Processing file /opt/airflow/dags/__init__.py for tasks to queue
[2025-11-03T14:00:16.532+0000] {logging_mixin.py:190} INFO - [2025-11-03T14:00:16.509+0000] {dagbag.py:588} INFO - Filling up the DagBag from /opt/airflow/dags/__init__.py
[2025-11-03T14:00:16.880+0000] {processor.py:927} WARNING - No viable dags retrieved from /opt/airflow/dags/__init__.py
[2025-11-03T14:00:20.236+0000] {processor.py:208} INFO - Processing /opt/airflow/dags/__init__.py took 6.887 seconds
[2025-11-03T14:00:52.270+0000] {processor.py:186} INFO - Started process (PID=625) to work on /opt/airflow/dags/__init__.py
[2025-11-03T14:00:52.368+0000] {processor.py:914} INFO - Processing file /opt/airflow/dags/__init__.py for tasks to queue
[2025-11-03T14:00:53.241+0000] {logging_mixin.py:190} INFO - [2025-11-03T14:00:52.774+0000] {dagbag.py:588} INFO - Filling up the DagBag from /opt/airflow/dags/__init__.py
[2025-11-03T14:00:55.036+0000] {processor.py:927} WARNING - No viable dags retrieved from /opt/airflow/dags/__init__.py
[2025-11-03T14:00:56.424+0000] {processor.py:208} INFO - Processing /opt/airflow/dags/__init__.py took 4.534 seconds
[2025-11-03T14:01:29.966+0000] {processor.py:186} INFO - Started process (PID=635) to work on /opt/airflow/dags/__init__.py
[2025-11-03T14:01:30.025+0000] {processor.py:914} INFO - Processing file /opt/airflow/dags/__init__.py for tasks to queue
[2025-11-03T14:01:30.199+0000] {logging_mixin.py:190} INFO - [2025-11-03T14:01:30.042+0000] {dagbag.py:588} INFO - Filling up the DagBag from /opt/airflow/dags/__init__.py
[2025-11-03T14:01:31.305+0000] {processor.py:927} WARNING - No viable dags retrieved from /opt/airflow/dags/__init__.py
[2025-11-03T14:01:33.778+0000] {processor.py:208} INFO - Processing /opt/airflow/dags/__init__.py took 4.724 seconds
[2025-11-03T14:02:07.247+0000] {processor.py:186} INFO - Started process (PID=643) to work on /opt/airflow/dags/__init__.py
[2025-11-03T14:02:07.467+0000] {processor.py:914} INFO - Processing file /opt/airflow/dags/__init__.py for tasks to queue
[2025-11-03T14:02:07.508+0000] {logging_mixin.py:190} INFO - [2025-11-03T14:02:07.507+0000] {dagbag.py:588} INFO - Filling up the DagBag from /opt/airflow/dags/__init__.py
[2025-11-03T14:02:07.833+0000] {processor.py:927} WARNING - No viable dags retrieved from /opt/airflow/dags/__init__.py
[2025-11-03T14:02:08.615+0000] {processor.py:208} INFO - Processing /opt/airflow/dags/__init__.py took 1.888 seconds
[2025-11-03T14:03:01.208+0000] {processor.py:186} INFO - Started process (PID=652) to work on /opt/airflow/dags/__init__.py
[2025-11-03T14:03:01.306+0000] {processor.py:914} INFO - Processing file /opt/airflow/dags/__init__.py for tasks to queue
[2025-11-03T14:03:01.628+0000] {logging_mixin.py:190} INFO - [2025-11-03T14:03:01.565+0000] {dagbag.py:588} INFO - Filling up the DagBag from /opt/airflow/dags/__init__.py
[2025-11-03T14:03:02.114+0000] {processor.py:927} WARNING - No viable dags retrieved from /opt/airflow/dags/__init__.py
[2025-11-03T14:03:02.849+0000] {processor.py:208} INFO - Processing /opt/airflow/dags/__init__.py took 2.755 seconds
[2025-11-03T14:03:41.259+0000] {processor.py:186} INFO - Started process (PID=660) to work on /opt/airflow/dags/__init__.py
[2025-11-03T14:03:41.370+0000] {processor.py:914} INFO - Processing file /opt/airflow/dags/__init__.py for tasks to queue
[2025-11-03T14:03:41.509+0000] {logging_mixin.py:190} INFO - [2025-11-03T14:03:41.425+0000] {dagbag.py:588} INFO - Filling up the DagBag from /opt/airflow/dags/__init__.py
[2025-11-03T14:03:43.020+0000] {processor.py:927} WARNING - No viable dags retrieved from /opt/airflow/dags/__init__.py
[2025-11-03T14:03:44.016+0000] {processor.py:208} INFO - Processing /opt/airflow/dags/__init__.py took 4.014 seconds
[2025-11-03T14:04:33.424+0000] {processor.py:186} INFO - Started process (PID=675) to work on /opt/airflow/dags/__init__.py
[2025-11-03T14:04:33.595+0000] {processor.py:914} INFO - Processing file /opt/airflow/dags/__init__.py for tasks to queue
[2025-11-03T14:04:33.944+0000] {logging_mixin.py:190} INFO - [2025-11-03T14:04:33.744+0000] {dagbag.py:588} INFO - Filling up the DagBag from /opt/airflow/dags/__init__.py
[2025-11-03T14:04:34.172+0000] {processor.py:927} WARNING - No viable dags retrieved from /opt/airflow/dags/__init__.py
[2025-11-03T14:04:35.998+0000] {processor.py:208} INFO - Processing /opt/airflow/dags/__init__.py took 4.791 seconds
[2025-11-03T14:05:12.975+0000] {processor.py:186} INFO - Started process (PID=685) to work on /opt/airflow/dags/__init__.py
[2025-11-03T14:05:12.986+0000] {processor.py:914} INFO - Processing file /opt/airflow/dags/__init__.py for tasks to queue
[2025-11-03T14:05:13.184+0000] {logging_mixin.py:190} INFO - [2025-11-03T14:05:13.151+0000] {dagbag.py:588} INFO - Filling up the DagBag from /opt/airflow/dags/__init__.py
[2025-11-03T14:05:13.594+0000] {processor.py:927} WARNING - No viable dags retrieved from /opt/airflow/dags/__init__.py
[2025-11-03T14:05:14.484+0000] {processor.py:208} INFO - Processing /opt/airflow/dags/__init__.py took 1.907 seconds
[2025-11-03T14:06:01.309+0000] {processor.py:186} INFO - Started process (PID=693) to work on /opt/airflow/dags/__init__.py
[2025-11-03T14:06:01.320+0000] {processor.py:914} INFO - Processing file /opt/airflow/dags/__init__.py for tasks to queue
[2025-11-03T14:06:01.346+0000] {logging_mixin.py:190} INFO - [2025-11-03T14:06:01.345+0000] {dagbag.py:588} INFO - Filling up the DagBag from /opt/airflow/dags/__init__.py
[2025-11-03T14:06:01.546+0000] {processor.py:927} WARNING - No viable dags retrieved from /opt/airflow/dags/__init__.py
[2025-11-03T14:06:02.021+0000] {processor.py:208} INFO - Processing /opt/airflow/dags/__init__.py took 0.865 seconds
[2025-11-03T14:06:48.728+0000] {processor.py:186} INFO - Started process (PID=707) to work on /opt/airflow/dags/__init__.py
[2025-11-03T14:06:48.744+0000] {processor.py:914} INFO - Processing file /opt/airflow/dags/__init__.py for tasks to queue
[2025-11-03T14:06:48.786+0000] {logging_mixin.py:190} INFO - [2025-11-03T14:06:48.785+0000] {dagbag.py:588} INFO - Filling up the DagBag from /opt/airflow/dags/__init__.py
[2025-11-03T14:06:49.150+0000] {processor.py:927} WARNING - No viable dags retrieved from /opt/airflow/dags/__init__.py
[2025-11-03T14:06:50.486+0000] {processor.py:208} INFO - Processing /opt/airflow/dags/__init__.py took 1.933 seconds
[2025-11-03T14:07:23.023+0000] {processor.py:186} INFO - Started process (PID=715) to work on /opt/airflow/dags/__init__.py
[2025-11-03T14:07:23.041+0000] {processor.py:914} INFO - Processing file /opt/airflow/dags/__init__.py for tasks to queue
[2025-11-03T14:07:23.055+0000] {logging_mixin.py:190} INFO - [2025-11-03T14:07:23.046+0000] {dagbag.py:588} INFO - Filling up the DagBag from /opt/airflow/dags/__init__.py
[2025-11-03T14:07:23.172+0000] {processor.py:927} WARNING - No viable dags retrieved from /opt/airflow/dags/__init__.py
[2025-11-03T14:07:24.299+0000] {processor.py:208} INFO - Processing /opt/airflow/dags/__init__.py took 1.296 seconds
[2025-11-03T14:08:22.530+0000] {processor.py:186} INFO - Started process (PID=724) to work on /opt/airflow/dags/__init__.py
[2025-11-03T14:08:22.661+0000] {processor.py:914} INFO - Processing file /opt/airflow/dags/__init__.py for tasks to queue
[2025-11-03T14:08:22.681+0000] {logging_mixin.py:190} INFO - [2025-11-03T14:08:22.680+0000] {dagbag.py:588} INFO - Filling up the DagBag from /opt/airflow/dags/__init__.py
[2025-11-03T14:08:23.585+0000] {processor.py:927} WARNING - No viable dags retrieved from /opt/airflow/dags/__init__.py
[2025-11-03T14:08:25.410+0000] {processor.py:208} INFO - Processing /opt/airflow/dags/__init__.py took 4.564 seconds
[2025-11-03T14:08:59.003+0000] {processor.py:186} INFO - Started process (PID=732) to work on /opt/airflow/dags/__init__.py
[2025-11-03T14:08:59.034+0000] {processor.py:914} INFO - Processing file /opt/airflow/dags/__init__.py for tasks to queue
[2025-11-03T14:08:59.055+0000] {logging_mixin.py:190} INFO - [2025-11-03T14:08:59.042+0000] {dagbag.py:588} INFO - Filling up the DagBag from /opt/airflow/dags/__init__.py
[2025-11-03T14:08:59.733+0000] {processor.py:927} WARNING - No viable dags retrieved from /opt/airflow/dags/__init__.py
[2025-11-03T14:09:02.188+0000] {processor.py:208} INFO - Processing /opt/airflow/dags/__init__.py took 3.428 seconds
[2025-11-03T14:09:43.479+0000] {processor.py:186} INFO - Started process (PID=746) to work on /opt/airflow/dags/__init__.py
[2025-11-03T14:09:43.649+0000] {processor.py:914} INFO - Processing file /opt/airflow/dags/__init__.py for tasks to queue
[2025-11-03T14:09:43.858+0000] {logging_mixin.py:190} INFO - [2025-11-03T14:09:43.857+0000] {dagbag.py:588} INFO - Filling up the DagBag from /opt/airflow/dags/__init__.py
[2025-11-03T14:09:45.378+0000] {processor.py:927} WARNING - No viable dags retrieved from /opt/airflow/dags/__init__.py
[2025-11-03T14:09:49.614+0000] {processor.py:208} INFO - Processing /opt/airflow/dags/__init__.py took 7.781 seconds
[2025-11-03T14:10:33.886+0000] {processor.py:186} INFO - Started process (PID=755) to work on /opt/airflow/dags/__init__.py
[2025-11-03T14:10:33.918+0000] {processor.py:914} INFO - Processing file /opt/airflow/dags/__init__.py for tasks to queue
[2025-11-03T14:10:33.989+0000] {logging_mixin.py:190} INFO - [2025-11-03T14:10:33.988+0000] {dagbag.py:588} INFO - Filling up the DagBag from /opt/airflow/dags/__init__.py
[2025-11-03T14:10:37.627+0000] {processor.py:927} WARNING - No viable dags retrieved from /opt/airflow/dags/__init__.py
[2025-11-03T14:10:45.746+0000] {processor.py:208} INFO - Processing /opt/airflow/dags/__init__.py took 13.807 seconds
[2025-11-03T14:11:28.603+0000] {processor.py:186} INFO - Started process (PID=763) to work on /opt/airflow/dags/__init__.py
[2025-11-03T14:11:29.876+0000] {processor.py:914} INFO - Processing file /opt/airflow/dags/__init__.py for tasks to queue
[2025-11-03T14:11:33.040+0000] {logging_mixin.py:190} INFO - [2025-11-03T14:11:31.485+0000] {dagbag.py:588} INFO - Filling up the DagBag from /opt/airflow/dags/__init__.py
[2025-11-03T14:11:42.431+0000] {processor.py:927} WARNING - No viable dags retrieved from /opt/airflow/dags/__init__.py
[2025-11-03T14:11:58.720+0000] {processor.py:208} INFO - Processing /opt/airflow/dags/__init__.py took 40.069 seconds
[2025-11-03T14:12:39.402+0000] {processor.py:186} INFO - Started process (PID=778) to work on /opt/airflow/dags/__init__.py
[2025-11-03T14:12:39.496+0000] {processor.py:914} INFO - Processing file /opt/airflow/dags/__init__.py for tasks to queue
[2025-11-03T14:12:39.748+0000] {logging_mixin.py:190} INFO - [2025-11-03T14:12:39.632+0000] {dagbag.py:588} INFO - Filling up the DagBag from /opt/airflow/dags/__init__.py
[2025-11-03T14:12:41.254+0000] {processor.py:927} WARNING - No viable dags retrieved from /opt/airflow/dags/__init__.py
[2025-11-03T14:12:56.066+0000] {processor.py:208} INFO - Processing /opt/airflow/dags/__init__.py took 20.703 seconds
[2025-11-03T14:13:50.682+0000] {processor.py:186} INFO - Started process (PID=793) to work on /opt/airflow/dags/__init__.py
[2025-11-03T14:13:52.490+0000] {processor.py:914} INFO - Processing file /opt/airflow/dags/__init__.py for tasks to queue
[2025-11-03T14:13:54.063+0000] {logging_mixin.py:190} INFO - [2025-11-03T14:13:53.519+0000] {dagbag.py:588} INFO - Filling up the DagBag from /opt/airflow/dags/__init__.py
[2025-11-03T14:13:55.899+0000] {processor.py:927} WARNING - No viable dags retrieved from /opt/airflow/dags/__init__.py
[2025-11-03T14:14:03.691+0000] {processor.py:208} INFO - Processing /opt/airflow/dags/__init__.py took 20.342 seconds
[2025-11-03T14:15:44.808+0000] {processor.py:186} INFO - Started process (PID=803) to work on /opt/airflow/dags/__init__.py
[2025-11-03T14:15:47.405+0000] {processor.py:914} INFO - Processing file /opt/airflow/dags/__init__.py for tasks to queue
[2025-11-03T14:15:50.542+0000] {logging_mixin.py:190} INFO - [2025-11-03T14:15:49.432+0000] {dagbag.py:588} INFO - Filling up the DagBag from /opt/airflow/dags/__init__.py
[2025-11-03T14:16:50.882+0000] {processor.py:186} INFO - Started process (PID=817) to work on /opt/airflow/dags/__init__.py
[2025-11-03T14:17:01.066+0000] {processor.py:914} INFO - Processing file /opt/airflow/dags/__init__.py for tasks to queue
[2025-11-03T14:17:05.726+0000] {logging_mixin.py:190} INFO - [2025-11-03T14:17:04.880+0000] {dagbag.py:588} INFO - Filling up the DagBag from /opt/airflow/dags/__init__.py
[2025-11-03T14:17:14.351+0000] {processor.py:927} WARNING - No viable dags retrieved from /opt/airflow/dags/__init__.py
[2025-11-03T14:18:20.720+0000] {processor.py:186} INFO - Started process (PID=832) to work on /opt/airflow/dags/__init__.py
[2025-11-03T14:18:20.862+0000] {processor.py:914} INFO - Processing file /opt/airflow/dags/__init__.py for tasks to queue
[2025-11-03T14:18:21.058+0000] {logging_mixin.py:190} INFO - [2025-11-03T14:18:20.978+0000] {dagbag.py:588} INFO - Filling up the DagBag from /opt/airflow/dags/__init__.py
[2025-11-03T14:18:21.545+0000] {processor.py:927} WARNING - No viable dags retrieved from /opt/airflow/dags/__init__.py
[2025-11-03T14:18:23.270+0000] {processor.py:208} INFO - Processing /opt/airflow/dags/__init__.py took 9.879 seconds
[2025-11-03T14:18:57.868+0000] {processor.py:186} INFO - Started process (PID=846) to work on /opt/airflow/dags/__init__.py
[2025-11-03T14:18:58.409+0000] {processor.py:914} INFO - Processing file /opt/airflow/dags/__init__.py for tasks to queue
[2025-11-03T14:18:59.145+0000] {logging_mixin.py:190} INFO - [2025-11-03T14:18:59.140+0000] {dagbag.py:588} INFO - Filling up the DagBag from /opt/airflow/dags/__init__.py
[2025-11-03T14:19:03.547+0000] {processor.py:927} WARNING - No viable dags retrieved from /opt/airflow/dags/__init__.py
[2025-11-03T14:19:27.171+0000] {processor.py:208} INFO - Processing /opt/airflow/dags/__init__.py took 30.864 seconds
[2025-11-03T14:20:11.440+0000] {processor.py:186} INFO - Started process (PID=861) to work on /opt/airflow/dags/__init__.py
[2025-11-03T14:20:11.886+0000] {processor.py:914} INFO - Processing file /opt/airflow/dags/__init__.py for tasks to queue
[2025-11-03T14:20:12.359+0000] {logging_mixin.py:190} INFO - [2025-11-03T14:20:12.279+0000] {dagbag.py:588} INFO - Filling up the DagBag from /opt/airflow/dags/__init__.py
[2025-11-03T14:20:14.497+0000] {processor.py:927} WARNING - No viable dags retrieved from /opt/airflow/dags/__init__.py
[2025-11-03T14:20:18.749+0000] {processor.py:208} INFO - Processing /opt/airflow/dags/__init__.py took 11.289 seconds
[2025-11-03T14:21:23.397+0000] {processor.py:186} INFO - Started process (PID=871) to work on /opt/airflow/dags/__init__.py
[2025-11-03T14:21:25.112+0000] {processor.py:914} INFO - Processing file /opt/airflow/dags/__init__.py for tasks to queue
[2025-11-03T14:21:34.921+0000] {logging_mixin.py:190} INFO - [2025-11-03T14:21:31.978+0000] {dagbag.py:588} INFO - Filling up the DagBag from /opt/airflow/dags/__init__.py
[2025-11-03T14:21:43.944+0000] {processor.py:927} WARNING - No viable dags retrieved from /opt/airflow/dags/__init__.py
[2025-11-03T14:22:19.488+0000] {processor.py:186} INFO - Started process (PID=885) to work on /opt/airflow/dags/__init__.py
[2025-11-03T14:22:19.770+0000] {processor.py:914} INFO - Processing file /opt/airflow/dags/__init__.py for tasks to queue
[2025-11-03T14:22:20.208+0000] {logging_mixin.py:190} INFO - [2025-11-03T14:22:20.115+0000] {dagbag.py:588} INFO - Filling up the DagBag from /opt/airflow/dags/__init__.py
[2025-11-03T14:22:26.755+0000] {processor.py:927} WARNING - No viable dags retrieved from /opt/airflow/dags/__init__.py
[2025-11-03T14:22:36.144+0000] {processor.py:208} INFO - Processing /opt/airflow/dags/__init__.py took 17.804 seconds
[2025-11-03T14:23:34.435+0000] {processor.py:186} INFO - Started process (PID=893) to work on /opt/airflow/dags/__init__.py
[2025-11-03T14:23:34.489+0000] {processor.py:914} INFO - Processing file /opt/airflow/dags/__init__.py for tasks to queue
[2025-11-03T14:23:34.659+0000] {logging_mixin.py:190} INFO - [2025-11-03T14:23:34.622+0000] {dagbag.py:588} INFO - Filling up the DagBag from /opt/airflow/dags/__init__.py
[2025-11-03T14:23:40.348+0000] {processor.py:927} WARNING - No viable dags retrieved from /opt/airflow/dags/__init__.py
[2025-11-03T14:23:47.768+0000] {processor.py:208} INFO - Processing /opt/airflow/dags/__init__.py took 14.956 seconds
[2025-11-03T14:24:30.480+0000] {processor.py:186} INFO - Started process (PID=907) to work on /opt/airflow/dags/__init__.py
[2025-11-03T14:24:30.590+0000] {processor.py:914} INFO - Processing file /opt/airflow/dags/__init__.py for tasks to queue
[2025-11-03T14:24:30.624+0000] {logging_mixin.py:190} INFO - [2025-11-03T14:24:30.609+0000] {dagbag.py:588} INFO - Filling up the DagBag from /opt/airflow/dags/__init__.py
[2025-11-03T14:24:31.322+0000] {processor.py:927} WARNING - No viable dags retrieved from /opt/airflow/dags/__init__.py
[2025-11-03T14:24:32.361+0000] {processor.py:208} INFO - Processing /opt/airflow/dags/__init__.py took 3.794 seconds
[2025-11-03T14:25:25.228+0000] {processor.py:186} INFO - Started process (PID=917) to work on /opt/airflow/dags/__init__.py
[2025-11-03T14:25:25.247+0000] {processor.py:914} INFO - Processing file /opt/airflow/dags/__init__.py for tasks to queue
[2025-11-03T14:25:25.384+0000] {logging_mixin.py:190} INFO - [2025-11-03T14:25:25.335+0000] {dagbag.py:588} INFO - Filling up the DagBag from /opt/airflow/dags/__init__.py
[2025-11-03T14:25:26.014+0000] {processor.py:927} WARNING - No viable dags retrieved from /opt/airflow/dags/__init__.py
[2025-11-03T14:25:30.757+0000] {processor.py:208} INFO - Processing /opt/airflow/dags/__init__.py took 7.423 seconds
[2025-11-03T14:26:38.999+0000] {processor.py:186} INFO - Started process (PID=932) to work on /opt/airflow/dags/__init__.py
[2025-11-03T14:26:39.120+0000] {processor.py:914} INFO - Processing file /opt/airflow/dags/__init__.py for tasks to queue
[2025-11-03T14:26:39.831+0000] {logging_mixin.py:190} INFO - [2025-11-03T14:26:39.491+0000] {dagbag.py:588} INFO - Filling up the DagBag from /opt/airflow/dags/__init__.py
[2025-11-03T14:26:41.537+0000] {processor.py:927} WARNING - No viable dags retrieved from /opt/airflow/dags/__init__.py
[2025-11-03T14:26:43.182+0000] {processor.py:208} INFO - Processing /opt/airflow/dags/__init__.py took 8.016 seconds
[2025-11-03T14:27:20.213+0000] {processor.py:186} INFO - Started process (PID=941) to work on /opt/airflow/dags/__init__.py
[2025-11-03T14:27:20.248+0000] {processor.py:914} INFO - Processing file /opt/airflow/dags/__init__.py for tasks to queue
[2025-11-03T14:27:20.296+0000] {logging_mixin.py:190} INFO - [2025-11-03T14:27:20.270+0000] {dagbag.py:588} INFO - Filling up the DagBag from /opt/airflow/dags/__init__.py
[2025-11-03T14:27:20.623+0000] {processor.py:927} WARNING - No viable dags retrieved from /opt/airflow/dags/__init__.py
[2025-11-03T14:27:21.364+0000] {processor.py:208} INFO - Processing /opt/airflow/dags/__init__.py took 2.448 seconds
[2025-11-03T14:27:56.565+0000] {processor.py:186} INFO - Started process (PID=943) to work on /opt/airflow/dags/__init__.py
[2025-11-03T14:27:56.644+0000] {processor.py:914} INFO - Processing file /opt/airflow/dags/__init__.py for tasks to queue
[2025-11-03T14:27:57.081+0000] {logging_mixin.py:190} INFO - [2025-11-03T14:27:56.942+0000] {dagbag.py:588} INFO - Filling up the DagBag from /opt/airflow/dags/__init__.py
[2025-11-03T14:27:58.042+0000] {processor.py:927} WARNING - No viable dags retrieved from /opt/airflow/dags/__init__.py
[2025-11-03T14:28:00.108+0000] {processor.py:208} INFO - Processing /opt/airflow/dags/__init__.py took 5.635 seconds
