[2025-11-03T12:06:01.524+0000] {processor.py:186} INFO - Started process (PID=133) to work on /opt/airflow/dags/fraud_detection_training_dag.py
[2025-11-03T12:06:01.626+0000] {processor.py:914} INFO - Processing file /opt/airflow/dags/fraud_detection_training_dag.py for tasks to queue
[2025-11-03T12:06:02.247+0000] {logging_mixin.py:190} INFO - [2025-11-03T12:06:02.041+0000] {dagbag.py:588} INFO - Filling up the DagBag from /opt/airflow/dags/fraud_detection_training_dag.py
[2025-11-03T12:06:09.733+0000] {processor.py:925} INFO - DAG(s) 'fraud_detection_training' retrieved from /opt/airflow/dags/fraud_detection_training_dag.py
[2025-11-03T12:06:25.174+0000] {logging_mixin.py:190} INFO - [2025-11-03T12:06:25.173+0000] {override.py:1912} INFO - Created Permission View: can edit on DAG:fraud_detection_training
[2025-11-03T12:06:25.240+0000] {logging_mixin.py:190} INFO - [2025-11-03T12:06:25.239+0000] {override.py:1912} INFO - Created Permission View: can read on DAG:fraud_detection_training
[2025-11-03T12:06:25.275+0000] {logging_mixin.py:190} INFO - [2025-11-03T12:06:25.274+0000] {override.py:1912} INFO - Created Permission View: can delete on DAG:fraud_detection_training
[2025-11-03T12:06:25.333+0000] {logging_mixin.py:190} INFO - [2025-11-03T12:06:25.332+0000] {override.py:1912} INFO - Created Permission View: can create on DAG Run:fraud_detection_training
[2025-11-03T12:06:25.374+0000] {logging_mixin.py:190} INFO - [2025-11-03T12:06:25.373+0000] {override.py:1912} INFO - Created Permission View: menu access on DAG Run:fraud_detection_training
[2025-11-03T12:06:25.414+0000] {logging_mixin.py:190} INFO - [2025-11-03T12:06:25.412+0000] {override.py:1912} INFO - Created Permission View: can read on DAG Run:fraud_detection_training
[2025-11-03T12:06:25.470+0000] {logging_mixin.py:190} INFO - [2025-11-03T12:06:25.469+0000] {override.py:1912} INFO - Created Permission View: can delete on DAG Run:fraud_detection_training
[2025-11-03T12:06:25.477+0000] {logging_mixin.py:190} INFO - [2025-11-03T12:06:25.477+0000] {dag.py:3239} INFO - Sync 1 DAGs
[2025-11-03T12:06:26.018+0000] {logging_mixin.py:190} INFO - [2025-11-03T12:06:26.018+0000] {dag.py:3262} INFO - Creating ORM DAG for fraud_detection_training
[2025-11-03T12:06:31.122+0000] {logging_mixin.py:190} INFO - [2025-11-03T12:06:31.106+0000] {dag.py:4180} INFO - Setting next_dagrun for fraud_detection_training to 2025-11-02 03:00:00+00:00, run_after=2025-11-03 03:00:00+00:00
[2025-11-03T12:06:34.387+0000] {processor.py:208} INFO - Processing /opt/airflow/dags/fraud_detection_training_dag.py took 31.040 seconds
[2025-11-03T12:07:06.142+0000] {processor.py:186} INFO - Started process (PID=151) to work on /opt/airflow/dags/fraud_detection_training_dag.py
[2025-11-03T12:07:06.210+0000] {processor.py:914} INFO - Processing file /opt/airflow/dags/fraud_detection_training_dag.py for tasks to queue
[2025-11-03T12:07:06.284+0000] {logging_mixin.py:190} INFO - [2025-11-03T12:07:06.271+0000] {dagbag.py:588} INFO - Filling up the DagBag from /opt/airflow/dags/fraud_detection_training_dag.py
[2025-11-03T12:07:08.461+0000] {processor.py:925} INFO - DAG(s) 'fraud_detection_training' retrieved from /opt/airflow/dags/fraud_detection_training_dag.py
[2025-11-03T12:07:10.349+0000] {logging_mixin.py:190} INFO - [2025-11-03T12:07:10.348+0000] {dag.py:3239} INFO - Sync 1 DAGs
[2025-11-03T12:07:12.271+0000] {logging_mixin.py:190} INFO - [2025-11-03T12:07:12.270+0000] {dag.py:4180} INFO - Setting next_dagrun for fraud_detection_training to 2025-11-02 03:00:00+00:00, run_after=2025-11-03 03:00:00+00:00
[2025-11-03T12:07:13.712+0000] {processor.py:208} INFO - Processing /opt/airflow/dags/fraud_detection_training_dag.py took 8.086 seconds
[2025-11-03T12:07:44.775+0000] {processor.py:186} INFO - Started process (PID=161) to work on /opt/airflow/dags/fraud_detection_training_dag.py
[2025-11-03T12:07:44.790+0000] {processor.py:914} INFO - Processing file /opt/airflow/dags/fraud_detection_training_dag.py for tasks to queue
[2025-11-03T12:07:44.814+0000] {logging_mixin.py:190} INFO - [2025-11-03T12:07:44.812+0000] {dagbag.py:588} INFO - Filling up the DagBag from /opt/airflow/dags/fraud_detection_training_dag.py
[2025-11-03T12:07:45.161+0000] {processor.py:925} INFO - DAG(s) 'fraud_detection_training' retrieved from /opt/airflow/dags/fraud_detection_training_dag.py
[2025-11-03T12:07:45.326+0000] {logging_mixin.py:190} INFO - [2025-11-03T12:07:45.326+0000] {dag.py:3239} INFO - Sync 1 DAGs
[2025-11-03T12:07:45.678+0000] {logging_mixin.py:190} INFO - [2025-11-03T12:07:45.678+0000] {dag.py:4180} INFO - Setting next_dagrun for fraud_detection_training to 2025-11-02 03:00:00+00:00, run_after=2025-11-03 03:00:00+00:00
[2025-11-03T12:07:46.350+0000] {processor.py:208} INFO - Processing /opt/airflow/dags/fraud_detection_training_dag.py took 1.715 seconds
[2025-11-03T12:08:18.355+0000] {processor.py:186} INFO - Started process (PID=170) to work on /opt/airflow/dags/fraud_detection_training_dag.py
[2025-11-03T12:08:18.407+0000] {processor.py:914} INFO - Processing file /opt/airflow/dags/fraud_detection_training_dag.py for tasks to queue
[2025-11-03T12:08:18.585+0000] {logging_mixin.py:190} INFO - [2025-11-03T12:08:18.575+0000] {dagbag.py:588} INFO - Filling up the DagBag from /opt/airflow/dags/fraud_detection_training_dag.py
[2025-11-03T12:08:19.359+0000] {processor.py:925} INFO - DAG(s) 'fraud_detection_training' retrieved from /opt/airflow/dags/fraud_detection_training_dag.py
[2025-11-03T12:08:20.779+0000] {logging_mixin.py:190} INFO - [2025-11-03T12:08:20.777+0000] {dag.py:3239} INFO - Sync 1 DAGs
[2025-11-03T12:08:22.488+0000] {logging_mixin.py:190} INFO - [2025-11-03T12:08:22.471+0000] {dag.py:4180} INFO - Setting next_dagrun for fraud_detection_training to 2025-11-02 03:00:00+00:00, run_after=2025-11-03 03:00:00+00:00
[2025-11-03T12:08:23.834+0000] {processor.py:208} INFO - Processing /opt/airflow/dags/fraud_detection_training_dag.py took 5.833 seconds
[2025-11-03T12:08:59.275+0000] {processor.py:186} INFO - Started process (PID=180) to work on /opt/airflow/dags/fraud_detection_training_dag.py
[2025-11-03T12:08:59.503+0000] {processor.py:914} INFO - Processing file /opt/airflow/dags/fraud_detection_training_dag.py for tasks to queue
[2025-11-03T12:09:00.111+0000] {logging_mixin.py:190} INFO - [2025-11-03T12:09:00.072+0000] {dagbag.py:588} INFO - Filling up the DagBag from /opt/airflow/dags/fraud_detection_training_dag.py
[2025-11-03T12:09:10.911+0000] {processor.py:925} INFO - DAG(s) 'fraud_detection_training' retrieved from /opt/airflow/dags/fraud_detection_training_dag.py
[2025-11-03T12:09:17.225+0000] {logging_mixin.py:190} INFO - [2025-11-03T12:09:17.224+0000] {dag.py:3239} INFO - Sync 1 DAGs
[2025-11-03T12:09:20.313+0000] {logging_mixin.py:190} INFO - [2025-11-03T12:09:20.311+0000] {dag.py:4180} INFO - Setting next_dagrun for fraud_detection_training to 2025-11-02 03:00:00+00:00, run_after=2025-11-03 03:00:00+00:00
[2025-11-03T12:09:21.381+0000] {processor.py:208} INFO - Processing /opt/airflow/dags/fraud_detection_training_dag.py took 23.059 seconds
[2025-11-03T12:09:59.634+0000] {processor.py:186} INFO - Started process (PID=199) to work on /opt/airflow/dags/fraud_detection_training_dag.py
[2025-11-03T12:09:59.781+0000] {processor.py:914} INFO - Processing file /opt/airflow/dags/fraud_detection_training_dag.py for tasks to queue
[2025-11-03T12:10:00.056+0000] {logging_mixin.py:190} INFO - [2025-11-03T12:10:00.054+0000] {dagbag.py:588} INFO - Filling up the DagBag from /opt/airflow/dags/fraud_detection_training_dag.py
[2025-11-03T12:10:05.977+0000] {processor.py:925} INFO - DAG(s) 'fraud_detection_training' retrieved from /opt/airflow/dags/fraud_detection_training_dag.py
[2025-11-03T12:10:19.137+0000] {logging_mixin.py:190} INFO - [2025-11-03T12:10:19.136+0000] {dag.py:3239} INFO - Sync 1 DAGs
[2025-11-03T12:10:26.878+0000] {logging_mixin.py:190} INFO - [2025-11-03T12:10:26.876+0000] {dag.py:4180} INFO - Setting next_dagrun for fraud_detection_training to 2025-11-02 03:00:00+00:00, run_after=2025-11-03 03:00:00+00:00
[2025-11-03T12:10:28.668+0000] {processor.py:208} INFO - Processing /opt/airflow/dags/fraud_detection_training_dag.py took 27.564 seconds
[2025-11-03T12:11:01.056+0000] {processor.py:186} INFO - Started process (PID=208) to work on /opt/airflow/dags/fraud_detection_training_dag.py
[2025-11-03T12:11:01.121+0000] {processor.py:914} INFO - Processing file /opt/airflow/dags/fraud_detection_training_dag.py for tasks to queue
[2025-11-03T12:11:01.333+0000] {logging_mixin.py:190} INFO - [2025-11-03T12:11:01.306+0000] {dagbag.py:588} INFO - Filling up the DagBag from /opt/airflow/dags/fraud_detection_training_dag.py
[2025-11-03T12:11:05.616+0000] {processor.py:925} INFO - DAG(s) 'fraud_detection_training' retrieved from /opt/airflow/dags/fraud_detection_training_dag.py
[2025-11-03T12:11:06.208+0000] {logging_mixin.py:190} INFO - [2025-11-03T12:11:06.207+0000] {dag.py:3239} INFO - Sync 1 DAGs
[2025-11-03T12:11:06.711+0000] {logging_mixin.py:190} INFO - [2025-11-03T12:11:06.710+0000] {dag.py:4180} INFO - Setting next_dagrun for fraud_detection_training to 2025-11-02 03:00:00+00:00, run_after=2025-11-03 03:00:00+00:00
[2025-11-03T12:11:07.066+0000] {processor.py:208} INFO - Processing /opt/airflow/dags/fraud_detection_training_dag.py took 6.207 seconds
[2025-11-03T12:11:42.643+0000] {processor.py:186} INFO - Started process (PID=216) to work on /opt/airflow/dags/fraud_detection_training_dag.py
[2025-11-03T12:11:44.804+0000] {processor.py:914} INFO - Processing file /opt/airflow/dags/fraud_detection_training_dag.py for tasks to queue
[2025-11-03T12:11:45.753+0000] {logging_mixin.py:190} INFO - [2025-11-03T12:11:45.673+0000] {dagbag.py:588} INFO - Filling up the DagBag from /opt/airflow/dags/fraud_detection_training_dag.py
[2025-11-03T12:11:48.439+0000] {processor.py:925} INFO - DAG(s) 'fraud_detection_training' retrieved from /opt/airflow/dags/fraud_detection_training_dag.py
[2025-11-03T12:11:49.175+0000] {logging_mixin.py:190} INFO - [2025-11-03T12:11:49.163+0000] {dag.py:3239} INFO - Sync 1 DAGs
[2025-11-03T12:11:53.925+0000] {logging_mixin.py:190} INFO - [2025-11-03T12:11:53.924+0000] {dag.py:4180} INFO - Setting next_dagrun for fraud_detection_training to 2025-11-02 03:00:00+00:00, run_after=2025-11-03 03:00:00+00:00
[2025-11-03T12:11:54.220+0000] {processor.py:208} INFO - Processing /opt/airflow/dags/fraud_detection_training_dag.py took 12.002 seconds
[2025-11-03T12:12:27.269+0000] {processor.py:186} INFO - Started process (PID=231) to work on /opt/airflow/dags/fraud_detection_training_dag.py
[2025-11-03T12:12:27.348+0000] {processor.py:914} INFO - Processing file /opt/airflow/dags/fraud_detection_training_dag.py for tasks to queue
[2025-11-03T12:12:27.506+0000] {logging_mixin.py:190} INFO - [2025-11-03T12:12:27.488+0000] {dagbag.py:588} INFO - Filling up the DagBag from /opt/airflow/dags/fraud_detection_training_dag.py
[2025-11-03T12:12:28.442+0000] {processor.py:925} INFO - DAG(s) 'fraud_detection_training' retrieved from /opt/airflow/dags/fraud_detection_training_dag.py
[2025-11-03T12:12:30.234+0000] {logging_mixin.py:190} INFO - [2025-11-03T12:12:30.194+0000] {dag.py:3239} INFO - Sync 1 DAGs
[2025-11-03T12:12:35.627+0000] {logging_mixin.py:190} INFO - [2025-11-03T12:12:35.607+0000] {dag.py:4180} INFO - Setting next_dagrun for fraud_detection_training to 2025-11-02 03:00:00+00:00, run_after=2025-11-03 03:00:00+00:00
[2025-11-03T12:12:40.710+0000] {processor.py:208} INFO - Processing /opt/airflow/dags/fraud_detection_training_dag.py took 13.738 seconds
[2025-11-03T12:13:13.367+0000] {processor.py:186} INFO - Started process (PID=240) to work on /opt/airflow/dags/fraud_detection_training_dag.py
[2025-11-03T12:13:13.394+0000] {processor.py:914} INFO - Processing file /opt/airflow/dags/fraud_detection_training_dag.py for tasks to queue
[2025-11-03T12:13:13.421+0000] {logging_mixin.py:190} INFO - [2025-11-03T12:13:13.413+0000] {dagbag.py:588} INFO - Filling up the DagBag from /opt/airflow/dags/fraud_detection_training_dag.py
[2025-11-03T12:13:13.888+0000] {processor.py:925} INFO - DAG(s) 'fraud_detection_training' retrieved from /opt/airflow/dags/fraud_detection_training_dag.py
[2025-11-03T12:13:15.852+0000] {logging_mixin.py:190} INFO - [2025-11-03T12:13:15.852+0000] {dag.py:3239} INFO - Sync 1 DAGs
[2025-11-03T12:13:16.664+0000] {logging_mixin.py:190} INFO - [2025-11-03T12:13:16.657+0000] {dag.py:4180} INFO - Setting next_dagrun for fraud_detection_training to 2025-11-02 03:00:00+00:00, run_after=2025-11-03 03:00:00+00:00
[2025-11-03T12:13:17.424+0000] {processor.py:208} INFO - Processing /opt/airflow/dags/fraud_detection_training_dag.py took 4.532 seconds
[2025-11-03T12:13:48.318+0000] {processor.py:186} INFO - Started process (PID=250) to work on /opt/airflow/dags/fraud_detection_training_dag.py
[2025-11-03T12:13:48.340+0000] {processor.py:914} INFO - Processing file /opt/airflow/dags/fraud_detection_training_dag.py for tasks to queue
[2025-11-03T12:13:48.411+0000] {logging_mixin.py:190} INFO - [2025-11-03T12:13:48.395+0000] {dagbag.py:588} INFO - Filling up the DagBag from /opt/airflow/dags/fraud_detection_training_dag.py
[2025-11-03T12:13:49.878+0000] {processor.py:925} INFO - DAG(s) 'fraud_detection_training' retrieved from /opt/airflow/dags/fraud_detection_training_dag.py
[2025-11-03T12:13:51.588+0000] {logging_mixin.py:190} INFO - [2025-11-03T12:13:51.586+0000] {dag.py:3239} INFO - Sync 1 DAGs
[2025-11-03T12:13:53.955+0000] {logging_mixin.py:190} INFO - [2025-11-03T12:13:53.926+0000] {dag.py:4180} INFO - Setting next_dagrun for fraud_detection_training to 2025-11-02 03:00:00+00:00, run_after=2025-11-03 03:00:00+00:00
[2025-11-03T12:13:54.382+0000] {processor.py:208} INFO - Processing /opt/airflow/dags/fraud_detection_training_dag.py took 6.146 seconds
[2025-11-03T12:14:27.863+0000] {processor.py:186} INFO - Started process (PID=258) to work on /opt/airflow/dags/fraud_detection_training_dag.py
[2025-11-03T12:14:27.885+0000] {processor.py:914} INFO - Processing file /opt/airflow/dags/fraud_detection_training_dag.py for tasks to queue
[2025-11-03T12:14:28.118+0000] {logging_mixin.py:190} INFO - [2025-11-03T12:14:28.116+0000] {dagbag.py:588} INFO - Filling up the DagBag from /opt/airflow/dags/fraud_detection_training_dag.py
[2025-11-03T12:14:30.528+0000] {processor.py:925} INFO - DAG(s) 'fraud_detection_training' retrieved from /opt/airflow/dags/fraud_detection_training_dag.py
[2025-11-03T12:14:32.904+0000] {logging_mixin.py:190} INFO - [2025-11-03T12:14:32.902+0000] {dag.py:3239} INFO - Sync 1 DAGs
[2025-11-03T12:14:33.593+0000] {logging_mixin.py:190} INFO - [2025-11-03T12:14:33.590+0000] {dag.py:4180} INFO - Setting next_dagrun for fraud_detection_training to 2025-11-02 03:00:00+00:00, run_after=2025-11-03 03:00:00+00:00
[2025-11-03T12:14:34.070+0000] {processor.py:208} INFO - Processing /opt/airflow/dags/fraud_detection_training_dag.py took 7.235 seconds
[2025-11-03T12:15:06.123+0000] {processor.py:186} INFO - Started process (PID=268) to work on /opt/airflow/dags/fraud_detection_training_dag.py
[2025-11-03T12:15:06.276+0000] {processor.py:914} INFO - Processing file /opt/airflow/dags/fraud_detection_training_dag.py for tasks to queue
[2025-11-03T12:15:05.049+0000] {logging_mixin.py:190} INFO - [2025-11-03T12:15:07.144+0000] {dagbag.py:588} INFO - Filling up the DagBag from /opt/airflow/dags/fraud_detection_training_dag.py
[2025-11-03T12:15:13.194+0000] {processor.py:925} INFO - DAG(s) 'fraud_detection_training' retrieved from /opt/airflow/dags/fraud_detection_training_dag.py
[2025-11-03T12:15:23.848+0000] {logging_mixin.py:190} INFO - [2025-11-03T12:15:23.847+0000] {dag.py:3239} INFO - Sync 1 DAGs
[2025-11-03T12:15:24.527+0000] {logging_mixin.py:190} INFO - [2025-11-03T12:15:24.526+0000] {dag.py:4180} INFO - Setting next_dagrun for fraud_detection_training to 2025-11-02 03:00:00+00:00, run_after=2025-11-03 03:00:00+00:00
[2025-11-03T12:15:28.619+0000] {processor.py:208} INFO - Processing /opt/airflow/dags/fraud_detection_training_dag.py took 19.940 seconds
[2025-11-03T12:16:00.605+0000] {processor.py:186} INFO - Started process (PID=285) to work on /opt/airflow/dags/fraud_detection_training_dag.py
[2025-11-03T12:16:00.642+0000] {processor.py:914} INFO - Processing file /opt/airflow/dags/fraud_detection_training_dag.py for tasks to queue
[2025-11-03T12:16:00.921+0000] {logging_mixin.py:190} INFO - [2025-11-03T12:16:00.919+0000] {dagbag.py:588} INFO - Filling up the DagBag from /opt/airflow/dags/fraud_detection_training_dag.py
[2025-11-03T12:16:02.893+0000] {processor.py:925} INFO - DAG(s) 'fraud_detection_training' retrieved from /opt/airflow/dags/fraud_detection_training_dag.py
[2025-11-03T12:16:03.299+0000] {logging_mixin.py:190} INFO - [2025-11-03T12:16:03.299+0000] {dag.py:3239} INFO - Sync 1 DAGs
[2025-11-03T12:16:06.550+0000] {logging_mixin.py:190} INFO - [2025-11-03T12:16:06.523+0000] {dag.py:4180} INFO - Setting next_dagrun for fraud_detection_training to 2025-11-02 03:00:00+00:00, run_after=2025-11-03 03:00:00+00:00
[2025-11-03T12:16:07.063+0000] {processor.py:208} INFO - Processing /opt/airflow/dags/fraud_detection_training_dag.py took 7.039 seconds
[2025-11-03T12:16:37.765+0000] {processor.py:186} INFO - Started process (PID=295) to work on /opt/airflow/dags/fraud_detection_training_dag.py
[2025-11-03T12:16:37.788+0000] {processor.py:914} INFO - Processing file /opt/airflow/dags/fraud_detection_training_dag.py for tasks to queue
[2025-11-03T12:16:37.831+0000] {logging_mixin.py:190} INFO - [2025-11-03T12:16:37.830+0000] {dagbag.py:588} INFO - Filling up the DagBag from /opt/airflow/dags/fraud_detection_training_dag.py
[2025-11-03T12:16:39.068+0000] {processor.py:925} INFO - DAG(s) 'fraud_detection_training' retrieved from /opt/airflow/dags/fraud_detection_training_dag.py
[2025-11-03T12:16:41.033+0000] {logging_mixin.py:190} INFO - [2025-11-03T12:16:41.033+0000] {dag.py:3239} INFO - Sync 1 DAGs
[2025-11-03T12:16:41.893+0000] {logging_mixin.py:190} INFO - [2025-11-03T12:16:41.878+0000] {dag.py:4180} INFO - Setting next_dagrun for fraud_detection_training to 2025-11-02 03:00:00+00:00, run_after=2025-11-03 03:00:00+00:00
[2025-11-03T12:16:45.029+0000] {processor.py:208} INFO - Processing /opt/airflow/dags/fraud_detection_training_dag.py took 7.473 seconds
[2025-11-03T12:17:23.877+0000] {processor.py:186} INFO - Started process (PID=303) to work on /opt/airflow/dags/fraud_detection_training_dag.py
[2025-11-03T12:17:23.970+0000] {processor.py:914} INFO - Processing file /opt/airflow/dags/fraud_detection_training_dag.py for tasks to queue
[2025-11-03T12:17:24.527+0000] {logging_mixin.py:190} INFO - [2025-11-03T12:17:24.497+0000] {dagbag.py:588} INFO - Filling up the DagBag from /opt/airflow/dags/fraud_detection_training_dag.py
[2025-11-03T12:17:27.310+0000] {processor.py:925} INFO - DAG(s) 'fraud_detection_training' retrieved from /opt/airflow/dags/fraud_detection_training_dag.py
[2025-11-03T12:17:28.794+0000] {logging_mixin.py:190} INFO - [2025-11-03T12:17:28.781+0000] {dag.py:3239} INFO - Sync 1 DAGs
[2025-11-03T12:17:30.191+0000] {logging_mixin.py:190} INFO - [2025-11-03T12:17:30.178+0000] {dag.py:4180} INFO - Setting next_dagrun for fraud_detection_training to 2025-11-02 03:00:00+00:00, run_after=2025-11-03 03:00:00+00:00
[2025-11-03T12:17:30.655+0000] {processor.py:208} INFO - Processing /opt/airflow/dags/fraud_detection_training_dag.py took 8.041 seconds
[2025-11-03T12:18:04.537+0000] {processor.py:186} INFO - Started process (PID=313) to work on /opt/airflow/dags/fraud_detection_training_dag.py
[2025-11-03T12:18:04.554+0000] {processor.py:914} INFO - Processing file /opt/airflow/dags/fraud_detection_training_dag.py for tasks to queue
[2025-11-03T12:18:05.283+0000] {logging_mixin.py:190} INFO - [2025-11-03T12:18:05.255+0000] {dagbag.py:588} INFO - Filling up the DagBag from /opt/airflow/dags/fraud_detection_training_dag.py
[2025-11-03T12:18:08.382+0000] {processor.py:925} INFO - DAG(s) 'fraud_detection_training' retrieved from /opt/airflow/dags/fraud_detection_training_dag.py
[2025-11-03T12:18:10.895+0000] {logging_mixin.py:190} INFO - [2025-11-03T12:18:10.894+0000] {dag.py:3239} INFO - Sync 1 DAGs
[2025-11-03T12:18:11.974+0000] {logging_mixin.py:190} INFO - [2025-11-03T12:18:11.973+0000] {dag.py:4180} INFO - Setting next_dagrun for fraud_detection_training to 2025-11-02 03:00:00+00:00, run_after=2025-11-03 03:00:00+00:00
[2025-11-03T12:18:12.458+0000] {processor.py:208} INFO - Processing /opt/airflow/dags/fraud_detection_training_dag.py took 8.736 seconds
[2025-11-03T12:18:44.244+0000] {processor.py:186} INFO - Started process (PID=322) to work on /opt/airflow/dags/fraud_detection_training_dag.py
[2025-11-03T12:18:44.283+0000] {processor.py:914} INFO - Processing file /opt/airflow/dags/fraud_detection_training_dag.py for tasks to queue
[2025-11-03T12:18:44.454+0000] {logging_mixin.py:190} INFO - [2025-11-03T12:18:44.422+0000] {dagbag.py:588} INFO - Filling up the DagBag from /opt/airflow/dags/fraud_detection_training_dag.py
[2025-11-03T12:18:50.884+0000] {processor.py:925} INFO - DAG(s) 'fraud_detection_training' retrieved from /opt/airflow/dags/fraud_detection_training_dag.py
[2025-11-03T12:18:51.449+0000] {logging_mixin.py:190} INFO - [2025-11-03T12:18:51.448+0000] {dag.py:3239} INFO - Sync 1 DAGs
[2025-11-03T12:18:52.742+0000] {logging_mixin.py:190} INFO - [2025-11-03T12:18:52.741+0000] {dag.py:4180} INFO - Setting next_dagrun for fraud_detection_training to 2025-11-02 03:00:00+00:00, run_after=2025-11-03 03:00:00+00:00
[2025-11-03T12:18:55.640+0000] {processor.py:208} INFO - Processing /opt/airflow/dags/fraud_detection_training_dag.py took 11.860 seconds
[2025-11-03T12:19:35.656+0000] {processor.py:186} INFO - Started process (PID=331) to work on /opt/airflow/dags/fraud_detection_training_dag.py
[2025-11-03T12:19:35.714+0000] {processor.py:914} INFO - Processing file /opt/airflow/dags/fraud_detection_training_dag.py for tasks to queue
[2025-11-03T12:19:35.942+0000] {logging_mixin.py:190} INFO - [2025-11-03T12:19:35.906+0000] {dagbag.py:588} INFO - Filling up the DagBag from /opt/airflow/dags/fraud_detection_training_dag.py
[2025-11-03T12:19:42.196+0000] {processor.py:925} INFO - DAG(s) 'fraud_detection_training' retrieved from /opt/airflow/dags/fraud_detection_training_dag.py
[2025-11-03T12:19:48.422+0000] {logging_mixin.py:190} INFO - [2025-11-03T12:19:48.421+0000] {dag.py:3239} INFO - Sync 1 DAGs
[2025-11-03T12:19:52.042+0000] {logging_mixin.py:190} INFO - [2025-11-03T12:19:52.041+0000] {dag.py:4180} INFO - Setting next_dagrun for fraud_detection_training to 2025-11-02 03:00:00+00:00, run_after=2025-11-03 03:00:00+00:00
[2025-11-03T12:19:54.079+0000] {processor.py:208} INFO - Processing /opt/airflow/dags/fraud_detection_training_dag.py took 19.437 seconds
[2025-11-03T12:20:27.737+0000] {processor.py:186} INFO - Started process (PID=347) to work on /opt/airflow/dags/fraud_detection_training_dag.py
[2025-11-03T12:20:27.932+0000] {processor.py:914} INFO - Processing file /opt/airflow/dags/fraud_detection_training_dag.py for tasks to queue
[2025-11-03T12:20:27.994+0000] {logging_mixin.py:190} INFO - [2025-11-03T12:20:27.993+0000] {dagbag.py:588} INFO - Filling up the DagBag from /opt/airflow/dags/fraud_detection_training_dag.py
[2025-11-03T12:20:33.135+0000] {processor.py:925} INFO - DAG(s) 'fraud_detection_training' retrieved from /opt/airflow/dags/fraud_detection_training_dag.py
[2025-11-03T12:20:34.930+0000] {logging_mixin.py:190} INFO - [2025-11-03T12:20:34.929+0000] {dag.py:3239} INFO - Sync 1 DAGs
[2025-11-03T12:20:35.779+0000] {logging_mixin.py:190} INFO - [2025-11-03T12:20:35.778+0000] {dag.py:4180} INFO - Setting next_dagrun for fraud_detection_training to 2025-11-02 03:00:00+00:00, run_after=2025-11-03 03:00:00+00:00
[2025-11-03T12:20:36.160+0000] {processor.py:208} INFO - Processing /opt/airflow/dags/fraud_detection_training_dag.py took 9.673 seconds
[2025-11-03T12:21:07.157+0000] {processor.py:186} INFO - Started process (PID=358) to work on /opt/airflow/dags/fraud_detection_training_dag.py
[2025-11-03T12:21:07.179+0000] {processor.py:914} INFO - Processing file /opt/airflow/dags/fraud_detection_training_dag.py for tasks to queue
[2025-11-03T12:21:07.206+0000] {logging_mixin.py:190} INFO - [2025-11-03T12:21:07.205+0000] {dagbag.py:588} INFO - Filling up the DagBag from /opt/airflow/dags/fraud_detection_training_dag.py
[2025-11-03T12:21:08.325+0000] {processor.py:925} INFO - DAG(s) 'fraud_detection_training' retrieved from /opt/airflow/dags/fraud_detection_training_dag.py
[2025-11-03T12:21:08.780+0000] {logging_mixin.py:190} INFO - [2025-11-03T12:21:08.779+0000] {dag.py:3239} INFO - Sync 1 DAGs
[2025-11-03T12:21:07.464+0000] {logging_mixin.py:190} INFO - [2025-11-03T12:21:07.463+0000] {dag.py:4180} INFO - Setting next_dagrun for fraud_detection_training to 2025-11-02 03:00:00+00:00, run_after=2025-11-03 03:00:00+00:00
[2025-11-03T12:21:12.610+0000] {processor.py:208} INFO - Processing /opt/airflow/dags/fraud_detection_training_dag.py took 2.877 seconds
[2025-11-03T12:21:50.488+0000] {processor.py:186} INFO - Started process (PID=367) to work on /opt/airflow/dags/fraud_detection_training_dag.py
[2025-11-03T12:21:50.521+0000] {processor.py:914} INFO - Processing file /opt/airflow/dags/fraud_detection_training_dag.py for tasks to queue
[2025-11-03T12:21:50.548+0000] {logging_mixin.py:190} INFO - [2025-11-03T12:21:50.533+0000] {dagbag.py:588} INFO - Filling up the DagBag from /opt/airflow/dags/fraud_detection_training_dag.py
[2025-11-03T12:21:51.354+0000] {processor.py:925} INFO - DAG(s) 'fraud_detection_training' retrieved from /opt/airflow/dags/fraud_detection_training_dag.py
[2025-11-03T12:21:52.906+0000] {logging_mixin.py:190} INFO - [2025-11-03T12:21:52.905+0000] {dag.py:3239} INFO - Sync 1 DAGs
[2025-11-03T12:21:53.426+0000] {logging_mixin.py:190} INFO - [2025-11-03T12:21:53.422+0000] {dag.py:4180} INFO - Setting next_dagrun for fraud_detection_training to 2025-11-02 03:00:00+00:00, run_after=2025-11-03 03:00:00+00:00
[2025-11-03T12:21:53.907+0000] {processor.py:208} INFO - Processing /opt/airflow/dags/fraud_detection_training_dag.py took 3.838 seconds
[2025-11-03T12:22:29.889+0000] {processor.py:186} INFO - Started process (PID=376) to work on /opt/airflow/dags/fraud_detection_training_dag.py
[2025-11-03T12:22:29.904+0000] {processor.py:914} INFO - Processing file /opt/airflow/dags/fraud_detection_training_dag.py for tasks to queue
[2025-11-03T12:22:29.943+0000] {logging_mixin.py:190} INFO - [2025-11-03T12:22:29.932+0000] {dagbag.py:588} INFO - Filling up the DagBag from /opt/airflow/dags/fraud_detection_training_dag.py
[2025-11-03T12:22:33.731+0000] {processor.py:925} INFO - DAG(s) 'fraud_detection_training' retrieved from /opt/airflow/dags/fraud_detection_training_dag.py
[2025-11-03T12:22:44.371+0000] {logging_mixin.py:190} INFO - [2025-11-03T12:22:44.370+0000] {dag.py:3239} INFO - Sync 1 DAGs
[2025-11-03T12:22:46.860+0000] {logging_mixin.py:190} INFO - [2025-11-03T12:22:46.859+0000] {dag.py:4180} INFO - Setting next_dagrun for fraud_detection_training to 2025-11-02 03:00:00+00:00, run_after=2025-11-03 03:00:00+00:00
[2025-11-03T12:22:47.384+0000] {processor.py:208} INFO - Processing /opt/airflow/dags/fraud_detection_training_dag.py took 17.946 seconds
[2025-11-03T12:23:18.538+0000] {processor.py:186} INFO - Started process (PID=385) to work on /opt/airflow/dags/fraud_detection_training_dag.py
[2025-11-03T12:23:18.563+0000] {processor.py:914} INFO - Processing file /opt/airflow/dags/fraud_detection_training_dag.py for tasks to queue
[2025-11-03T12:23:18.924+0000] {logging_mixin.py:190} INFO - [2025-11-03T12:23:18.886+0000] {dagbag.py:588} INFO - Filling up the DagBag from /opt/airflow/dags/fraud_detection_training_dag.py
[2025-11-03T12:23:23.140+0000] {processor.py:925} INFO - DAG(s) 'fraud_detection_training' retrieved from /opt/airflow/dags/fraud_detection_training_dag.py
[2025-11-03T12:23:35.701+0000] {logging_mixin.py:190} INFO - [2025-11-03T12:23:35.624+0000] {dag.py:3239} INFO - Sync 1 DAGs
[2025-11-03T12:23:42.065+0000] {logging_mixin.py:190} INFO - [2025-11-03T12:23:42.036+0000] {dag.py:4180} INFO - Setting next_dagrun for fraud_detection_training to 2025-11-02 03:00:00+00:00, run_after=2025-11-03 03:00:00+00:00
[2025-11-03T12:23:43.695+0000] {processor.py:208} INFO - Processing /opt/airflow/dags/fraud_detection_training_dag.py took 22.284 seconds
[2025-11-03T12:24:22.472+0000] {processor.py:186} INFO - Started process (PID=388) to work on /opt/airflow/dags/fraud_detection_training_dag.py
[2025-11-03T12:24:22.487+0000] {processor.py:914} INFO - Processing file /opt/airflow/dags/fraud_detection_training_dag.py for tasks to queue
[2025-11-03T12:24:22.654+0000] {logging_mixin.py:190} INFO - [2025-11-03T12:24:22.620+0000] {dagbag.py:588} INFO - Filling up the DagBag from /opt/airflow/dags/fraud_detection_training_dag.py
[2025-11-03T12:24:30.022+0000] {processor.py:925} INFO - DAG(s) 'fraud_detection_training' retrieved from /opt/airflow/dags/fraud_detection_training_dag.py
[2025-11-03T12:24:33.061+0000] {logging_mixin.py:190} INFO - [2025-11-03T12:24:32.969+0000] {dag.py:3239} INFO - Sync 1 DAGs
[2025-11-03T12:24:41.418+0000] {logging_mixin.py:190} INFO - [2025-11-03T12:24:41.341+0000] {dag.py:4180} INFO - Setting next_dagrun for fraud_detection_training to 2025-11-02 03:00:00+00:00, run_after=2025-11-03 03:00:00+00:00
[2025-11-03T12:26:29.301+0000] {processor.py:186} INFO - Started process (PID=392) to work on /opt/airflow/dags/fraud_detection_training_dag.py
[2025-11-03T12:26:29.718+0000] {processor.py:914} INFO - Processing file /opt/airflow/dags/fraud_detection_training_dag.py for tasks to queue
[2025-11-03T12:26:29.858+0000] {logging_mixin.py:190} INFO - [2025-11-03T12:26:29.824+0000] {dagbag.py:588} INFO - Filling up the DagBag from /opt/airflow/dags/fraud_detection_training_dag.py
[2025-11-03T12:26:45.662+0000] {processor.py:925} INFO - DAG(s) 'fraud_detection_training' retrieved from /opt/airflow/dags/fraud_detection_training_dag.py
[2025-11-03T12:26:52.620+0000] {logging_mixin.py:190} INFO - [2025-11-03T12:26:52.566+0000] {dag.py:3239} INFO - Sync 1 DAGs
[2025-11-03T12:26:56.099+0000] {logging_mixin.py:190} INFO - [2025-11-03T12:26:56.043+0000] {dag.py:4180} INFO - Setting next_dagrun for fraud_detection_training to 2025-11-02 03:00:00+00:00, run_after=2025-11-03 03:00:00+00:00
[2025-11-03T12:26:57.824+0000] {processor.py:208} INFO - Processing /opt/airflow/dags/fraud_detection_training_dag.py took 30.145 seconds
[2025-11-03T12:27:56.654+0000] {processor.py:186} INFO - Started process (PID=396) to work on /opt/airflow/dags/fraud_detection_training_dag.py
[2025-11-03T12:27:56.686+0000] {processor.py:914} INFO - Processing file /opt/airflow/dags/fraud_detection_training_dag.py for tasks to queue
[2025-11-03T12:27:57.051+0000] {logging_mixin.py:190} INFO - [2025-11-03T12:27:56.920+0000] {dagbag.py:588} INFO - Filling up the DagBag from /opt/airflow/dags/fraud_detection_training_dag.py
[2025-11-03T12:28:02.860+0000] {processor.py:925} INFO - DAG(s) 'fraud_detection_training' retrieved from /opt/airflow/dags/fraud_detection_training_dag.py
[2025-11-03T13:27:58.962+0000] {processor.py:186} INFO - Started process (PID=175) to work on /opt/airflow/dags/fraud_detection_training_dag.py
[2025-11-03T13:27:59.364+0000] {processor.py:914} INFO - Processing file /opt/airflow/dags/fraud_detection_training_dag.py for tasks to queue
[2025-11-03T13:28:00.073+0000] {logging_mixin.py:190} INFO - [2025-11-03T13:28:00.037+0000] {dagbag.py:588} INFO - Filling up the DagBag from /opt/airflow/dags/fraud_detection_training_dag.py
[2025-11-03T13:28:07.516+0000] {processor.py:925} INFO - DAG(s) 'fraud_detection_training' retrieved from /opt/airflow/dags/fraud_detection_training_dag.py
[2025-11-03T13:28:28.751+0000] {logging_mixin.py:190} INFO - [2025-11-03T13:28:28.741+0000] {dag.py:3239} INFO - Sync 1 DAGs
[2025-11-03T13:28:29.393+0000] {logging_mixin.py:190} INFO - [2025-11-03T13:28:29.392+0000] {dag.py:4180} INFO - Setting next_dagrun for fraud_detection_training to 2025-11-02 03:00:00+00:00, run_after=2025-11-03 03:00:00+00:00
[2025-11-03T13:28:29.974+0000] {processor.py:208} INFO - Processing /opt/airflow/dags/fraud_detection_training_dag.py took 37.302 seconds
[2025-11-03T13:29:02.505+0000] {processor.py:186} INFO - Started process (PID=193) to work on /opt/airflow/dags/fraud_detection_training_dag.py
[2025-11-03T13:29:02.622+0000] {processor.py:914} INFO - Processing file /opt/airflow/dags/fraud_detection_training_dag.py for tasks to queue
[2025-11-03T13:29:03.228+0000] {logging_mixin.py:190} INFO - [2025-11-03T13:29:03.227+0000] {dagbag.py:588} INFO - Filling up the DagBag from /opt/airflow/dags/fraud_detection_training_dag.py
[2025-11-03T13:29:04.536+0000] {processor.py:925} INFO - DAG(s) 'fraud_detection_training' retrieved from /opt/airflow/dags/fraud_detection_training_dag.py
[2025-11-03T13:29:09.748+0000] {logging_mixin.py:190} INFO - [2025-11-03T13:29:09.747+0000] {dag.py:3239} INFO - Sync 1 DAGs
[2025-11-03T13:29:25.580+0000] {logging_mixin.py:190} INFO - [2025-11-03T13:29:25.579+0000] {dag.py:4180} INFO - Setting next_dagrun for fraud_detection_training to 2025-11-02 03:00:00+00:00, run_after=2025-11-03 03:00:00+00:00
[2025-11-03T13:29:30.990+0000] {processor.py:208} INFO - Processing /opt/airflow/dags/fraud_detection_training_dag.py took 29.836 seconds
[2025-11-03T13:30:16.580+0000] {processor.py:186} INFO - Started process (PID=211) to work on /opt/airflow/dags/fraud_detection_training_dag.py
[2025-11-03T13:30:16.618+0000] {processor.py:914} INFO - Processing file /opt/airflow/dags/fraud_detection_training_dag.py for tasks to queue
[2025-11-03T13:30:17.247+0000] {logging_mixin.py:190} INFO - [2025-11-03T13:30:17.060+0000] {dagbag.py:588} INFO - Filling up the DagBag from /opt/airflow/dags/fraud_detection_training_dag.py
[2025-11-03T13:30:27.616+0000] {processor.py:925} INFO - DAG(s) 'fraud_detection_training' retrieved from /opt/airflow/dags/fraud_detection_training_dag.py
[2025-11-03T13:30:31.650+0000] {logging_mixin.py:190} INFO - [2025-11-03T13:30:31.603+0000] {dag.py:3239} INFO - Sync 1 DAGs
[2025-11-03T13:30:35.602+0000] {logging_mixin.py:190} INFO - [2025-11-03T13:30:35.600+0000] {dag.py:4180} INFO - Setting next_dagrun for fraud_detection_training to 2025-11-02 03:00:00+00:00, run_after=2025-11-03 03:00:00+00:00
[2025-11-03T13:30:36.822+0000] {processor.py:208} INFO - Processing /opt/airflow/dags/fraud_detection_training_dag.py took 21.976 seconds
[2025-11-03T13:31:08.990+0000] {processor.py:186} INFO - Started process (PID=221) to work on /opt/airflow/dags/fraud_detection_training_dag.py
[2025-11-03T13:31:09.042+0000] {processor.py:914} INFO - Processing file /opt/airflow/dags/fraud_detection_training_dag.py for tasks to queue
[2025-11-03T13:31:09.169+0000] {logging_mixin.py:190} INFO - [2025-11-03T13:31:09.151+0000] {dagbag.py:588} INFO - Filling up the DagBag from /opt/airflow/dags/fraud_detection_training_dag.py
[2025-11-03T13:31:10.859+0000] {processor.py:925} INFO - DAG(s) 'fraud_detection_training' retrieved from /opt/airflow/dags/fraud_detection_training_dag.py
[2025-11-03T13:31:11.856+0000] {logging_mixin.py:190} INFO - [2025-11-03T13:31:11.855+0000] {dag.py:3239} INFO - Sync 1 DAGs
[2025-11-03T13:31:12.946+0000] {logging_mixin.py:190} INFO - [2025-11-03T13:31:12.945+0000] {dag.py:4180} INFO - Setting next_dagrun for fraud_detection_training to 2025-11-02 03:00:00+00:00, run_after=2025-11-03 03:00:00+00:00
[2025-11-03T13:31:13.930+0000] {processor.py:208} INFO - Processing /opt/airflow/dags/fraud_detection_training_dag.py took 5.272 seconds
[2025-11-03T13:31:47.743+0000] {processor.py:186} INFO - Started process (PID=231) to work on /opt/airflow/dags/fraud_detection_training_dag.py
[2025-11-03T13:31:47.763+0000] {processor.py:914} INFO - Processing file /opt/airflow/dags/fraud_detection_training_dag.py for tasks to queue
[2025-11-03T13:31:47.785+0000] {logging_mixin.py:190} INFO - [2025-11-03T13:31:47.783+0000] {dagbag.py:588} INFO - Filling up the DagBag from /opt/airflow/dags/fraud_detection_training_dag.py
[2025-11-03T13:31:52.610+0000] {processor.py:925} INFO - DAG(s) 'fraud_detection_training' retrieved from /opt/airflow/dags/fraud_detection_training_dag.py
[2025-11-03T13:31:53.706+0000] {logging_mixin.py:190} INFO - [2025-11-03T13:31:53.705+0000] {dag.py:3239} INFO - Sync 1 DAGs
[2025-11-03T13:31:55.777+0000] {logging_mixin.py:190} INFO - [2025-11-03T13:31:55.775+0000] {dag.py:4180} INFO - Setting next_dagrun for fraud_detection_training to 2025-11-02 03:00:00+00:00, run_after=2025-11-03 03:00:00+00:00
[2025-11-03T13:31:56.404+0000] {processor.py:208} INFO - Processing /opt/airflow/dags/fraud_detection_training_dag.py took 8.810 seconds
[2025-11-03T13:32:27.007+0000] {processor.py:186} INFO - Started process (PID=240) to work on /opt/airflow/dags/fraud_detection_training_dag.py
[2025-11-03T13:32:27.024+0000] {processor.py:914} INFO - Processing file /opt/airflow/dags/fraud_detection_training_dag.py for tasks to queue
[2025-11-03T13:32:27.084+0000] {logging_mixin.py:190} INFO - [2025-11-03T13:32:27.083+0000] {dagbag.py:588} INFO - Filling up the DagBag from /opt/airflow/dags/fraud_detection_training_dag.py
[2025-11-03T13:32:28.554+0000] {processor.py:925} INFO - DAG(s) 'fraud_detection_training' retrieved from /opt/airflow/dags/fraud_detection_training_dag.py
[2025-11-03T13:32:29.187+0000] {logging_mixin.py:190} INFO - [2025-11-03T13:32:29.187+0000] {dag.py:3239} INFO - Sync 1 DAGs
[2025-11-03T13:32:30.236+0000] {logging_mixin.py:190} INFO - [2025-11-03T13:32:30.235+0000] {dag.py:4180} INFO - Setting next_dagrun for fraud_detection_training to 2025-11-02 03:00:00+00:00, run_after=2025-11-03 03:00:00+00:00
[2025-11-03T13:32:30.762+0000] {processor.py:208} INFO - Processing /opt/airflow/dags/fraud_detection_training_dag.py took 4.138 seconds
[2025-11-03T13:33:07.042+0000] {processor.py:186} INFO - Started process (PID=248) to work on /opt/airflow/dags/fraud_detection_training_dag.py
[2025-11-03T13:33:07.151+0000] {processor.py:914} INFO - Processing file /opt/airflow/dags/fraud_detection_training_dag.py for tasks to queue
[2025-11-03T13:33:07.383+0000] {logging_mixin.py:190} INFO - [2025-11-03T13:33:07.313+0000] {dagbag.py:588} INFO - Filling up the DagBag from /opt/airflow/dags/fraud_detection_training_dag.py
[2025-11-03T13:33:21.867+0000] {processor.py:925} INFO - DAG(s) 'fraud_detection_training' retrieved from /opt/airflow/dags/fraud_detection_training_dag.py
[2025-11-03T13:33:24.692+0000] {logging_mixin.py:190} INFO - [2025-11-03T13:33:24.691+0000] {dag.py:3239} INFO - Sync 1 DAGs
[2025-11-03T13:33:26.154+0000] {logging_mixin.py:190} INFO - [2025-11-03T13:33:26.154+0000] {dag.py:4180} INFO - Setting next_dagrun for fraud_detection_training to 2025-11-02 03:00:00+00:00, run_after=2025-11-03 03:00:00+00:00
[2025-11-03T13:33:27.331+0000] {processor.py:208} INFO - Processing /opt/airflow/dags/fraud_detection_training_dag.py took 20.866 seconds
[2025-11-03T13:33:59.970+0000] {processor.py:186} INFO - Started process (PID=265) to work on /opt/airflow/dags/fraud_detection_training_dag.py
[2025-11-03T13:33:59.981+0000] {processor.py:914} INFO - Processing file /opt/airflow/dags/fraud_detection_training_dag.py for tasks to queue
[2025-11-03T13:33:59.998+0000] {logging_mixin.py:190} INFO - [2025-11-03T13:33:59.996+0000] {dagbag.py:588} INFO - Filling up the DagBag from /opt/airflow/dags/fraud_detection_training_dag.py
[2025-11-03T13:34:02.410+0000] {processor.py:925} INFO - DAG(s) 'fraud_detection_training' retrieved from /opt/airflow/dags/fraud_detection_training_dag.py
[2025-11-03T13:34:04.415+0000] {logging_mixin.py:190} INFO - [2025-11-03T13:34:04.369+0000] {dag.py:3239} INFO - Sync 1 DAGs
[2025-11-03T13:34:11.115+0000] {logging_mixin.py:190} INFO - [2025-11-03T13:34:11.039+0000] {dag.py:4180} INFO - Setting next_dagrun for fraud_detection_training to 2025-11-02 03:00:00+00:00, run_after=2025-11-03 03:00:00+00:00
[2025-11-03T13:34:16.954+0000] {processor.py:208} INFO - Processing /opt/airflow/dags/fraud_detection_training_dag.py took 17.856 seconds
[2025-11-03T13:34:48.223+0000] {processor.py:186} INFO - Started process (PID=274) to work on /opt/airflow/dags/fraud_detection_training_dag.py
[2025-11-03T13:34:48.255+0000] {processor.py:914} INFO - Processing file /opt/airflow/dags/fraud_detection_training_dag.py for tasks to queue
[2025-11-03T13:34:48.346+0000] {logging_mixin.py:190} INFO - [2025-11-03T13:34:48.345+0000] {dagbag.py:588} INFO - Filling up the DagBag from /opt/airflow/dags/fraud_detection_training_dag.py
[2025-11-03T13:34:49.497+0000] {processor.py:925} INFO - DAG(s) 'fraud_detection_training' retrieved from /opt/airflow/dags/fraud_detection_training_dag.py
[2025-11-03T13:34:50.612+0000] {logging_mixin.py:190} INFO - [2025-11-03T13:34:50.611+0000] {dag.py:3239} INFO - Sync 1 DAGs
[2025-11-03T13:34:52.479+0000] {logging_mixin.py:190} INFO - [2025-11-03T13:34:52.477+0000] {dag.py:4180} INFO - Setting next_dagrun for fraud_detection_training to 2025-11-02 03:00:00+00:00, run_after=2025-11-03 03:00:00+00:00
[2025-11-03T13:34:53.013+0000] {processor.py:208} INFO - Processing /opt/airflow/dags/fraud_detection_training_dag.py took 5.033 seconds
[2025-11-03T13:35:30.419+0000] {processor.py:186} INFO - Started process (PID=283) to work on /opt/airflow/dags/fraud_detection_training_dag.py
[2025-11-03T13:35:30.769+0000] {processor.py:914} INFO - Processing file /opt/airflow/dags/fraud_detection_training_dag.py for tasks to queue
[2025-11-03T13:35:31.658+0000] {logging_mixin.py:190} INFO - [2025-11-03T13:35:31.484+0000] {dagbag.py:588} INFO - Filling up the DagBag from /opt/airflow/dags/fraud_detection_training_dag.py
[2025-11-03T13:35:46.089+0000] {processor.py:925} INFO - DAG(s) 'fraud_detection_training' retrieved from /opt/airflow/dags/fraud_detection_training_dag.py
[2025-11-03T13:35:59.955+0000] {logging_mixin.py:190} INFO - [2025-11-03T13:35:59.954+0000] {dag.py:3239} INFO - Sync 1 DAGs
[2025-11-03T13:36:03.744+0000] {logging_mixin.py:190} INFO - [2025-11-03T13:36:03.738+0000] {dag.py:4180} INFO - Setting next_dagrun for fraud_detection_training to 2025-11-02 03:00:00+00:00, run_after=2025-11-03 03:00:00+00:00
[2025-11-03T13:36:08.493+0000] {processor.py:208} INFO - Processing /opt/airflow/dags/fraud_detection_training_dag.py took 39.516 seconds
[2025-11-03T13:36:44.978+0000] {processor.py:186} INFO - Started process (PID=308) to work on /opt/airflow/dags/fraud_detection_training_dag.py
[2025-11-03T13:36:45.009+0000] {processor.py:914} INFO - Processing file /opt/airflow/dags/fraud_detection_training_dag.py for tasks to queue
[2025-11-03T13:36:45.690+0000] {logging_mixin.py:190} INFO - [2025-11-03T13:36:45.647+0000] {dagbag.py:588} INFO - Filling up the DagBag from /opt/airflow/dags/fraud_detection_training_dag.py
[2025-11-03T13:36:48.568+0000] {processor.py:925} INFO - DAG(s) 'fraud_detection_training' retrieved from /opt/airflow/dags/fraud_detection_training_dag.py
[2025-11-03T13:36:56.984+0000] {logging_mixin.py:190} INFO - [2025-11-03T13:36:56.983+0000] {dag.py:3239} INFO - Sync 1 DAGs
[2025-11-03T13:36:59.005+0000] {logging_mixin.py:190} INFO - [2025-11-03T13:36:59.004+0000] {dag.py:4180} INFO - Setting next_dagrun for fraud_detection_training to 2025-11-02 03:00:00+00:00, run_after=2025-11-03 03:00:00+00:00
[2025-11-03T13:37:00.079+0000] {processor.py:208} INFO - Processing /opt/airflow/dags/fraud_detection_training_dag.py took 17.026 seconds
[2025-11-03T13:37:45.774+0000] {processor.py:186} INFO - Started process (PID=318) to work on /opt/airflow/dags/fraud_detection_training_dag.py
[2025-11-03T13:37:45.824+0000] {processor.py:914} INFO - Processing file /opt/airflow/dags/fraud_detection_training_dag.py for tasks to queue
[2025-11-03T13:37:46.668+0000] {logging_mixin.py:190} INFO - [2025-11-03T13:37:46.660+0000] {dagbag.py:588} INFO - Filling up the DagBag from /opt/airflow/dags/fraud_detection_training_dag.py
[2025-11-03T13:37:49.161+0000] {processor.py:925} INFO - DAG(s) 'fraud_detection_training' retrieved from /opt/airflow/dags/fraud_detection_training_dag.py
[2025-11-03T13:37:50.225+0000] {logging_mixin.py:190} INFO - [2025-11-03T13:37:50.224+0000] {dag.py:3239} INFO - Sync 1 DAGs
[2025-11-03T13:37:53.800+0000] {logging_mixin.py:190} INFO - [2025-11-03T13:37:53.731+0000] {dag.py:4180} INFO - Setting next_dagrun for fraud_detection_training to 2025-11-02 03:00:00+00:00, run_after=2025-11-03 03:00:00+00:00
[2025-11-03T13:37:59.509+0000] {processor.py:208} INFO - Processing /opt/airflow/dags/fraud_detection_training_dag.py took 15.765 seconds
[2025-11-03T13:38:35.602+0000] {processor.py:186} INFO - Started process (PID=334) to work on /opt/airflow/dags/fraud_detection_training_dag.py
[2025-11-03T13:38:35.645+0000] {processor.py:914} INFO - Processing file /opt/airflow/dags/fraud_detection_training_dag.py for tasks to queue
[2025-11-03T13:38:35.689+0000] {logging_mixin.py:190} INFO - [2025-11-03T13:38:35.674+0000] {dagbag.py:588} INFO - Filling up the DagBag from /opt/airflow/dags/fraud_detection_training_dag.py
[2025-11-03T13:38:42.292+0000] {processor.py:925} INFO - DAG(s) 'fraud_detection_training' retrieved from /opt/airflow/dags/fraud_detection_training_dag.py
[2025-11-03T13:38:50.919+0000] {logging_mixin.py:190} INFO - [2025-11-03T13:38:50.872+0000] {dag.py:3239} INFO - Sync 1 DAGs
[2025-11-03T13:38:54.796+0000] {logging_mixin.py:190} INFO - [2025-11-03T13:38:54.795+0000] {dag.py:4180} INFO - Setting next_dagrun for fraud_detection_training to 2025-11-02 03:00:00+00:00, run_after=2025-11-03 03:00:00+00:00
[2025-11-03T13:38:55.493+0000] {processor.py:208} INFO - Processing /opt/airflow/dags/fraud_detection_training_dag.py took 20.448 seconds
[2025-11-03T13:39:27.833+0000] {processor.py:186} INFO - Started process (PID=344) to work on /opt/airflow/dags/fraud_detection_training_dag.py
[2025-11-03T13:39:27.850+0000] {processor.py:914} INFO - Processing file /opt/airflow/dags/fraud_detection_training_dag.py for tasks to queue
[2025-11-03T13:39:28.134+0000] {logging_mixin.py:190} INFO - [2025-11-03T13:39:28.133+0000] {dagbag.py:588} INFO - Filling up the DagBag from /opt/airflow/dags/fraud_detection_training_dag.py
[2025-11-03T13:39:30.477+0000] {processor.py:925} INFO - DAG(s) 'fraud_detection_training' retrieved from /opt/airflow/dags/fraud_detection_training_dag.py
[2025-11-03T13:39:33.323+0000] {logging_mixin.py:190} INFO - [2025-11-03T13:39:33.246+0000] {dag.py:3239} INFO - Sync 1 DAGs
[2025-11-03T13:39:37.245+0000] {logging_mixin.py:190} INFO - [2025-11-03T13:39:37.226+0000] {dag.py:4180} INFO - Setting next_dagrun for fraud_detection_training to 2025-11-02 03:00:00+00:00, run_after=2025-11-03 03:00:00+00:00
[2025-11-03T13:39:38.932+0000] {processor.py:208} INFO - Processing /opt/airflow/dags/fraud_detection_training_dag.py took 11.360 seconds
[2025-11-03T13:40:11.272+0000] {processor.py:186} INFO - Started process (PID=357) to work on /opt/airflow/dags/fraud_detection_training_dag.py
[2025-11-03T13:40:11.718+0000] {processor.py:914} INFO - Processing file /opt/airflow/dags/fraud_detection_training_dag.py for tasks to queue
[2025-11-03T13:40:12.709+0000] {logging_mixin.py:190} INFO - [2025-11-03T13:40:12.669+0000] {dagbag.py:588} INFO - Filling up the DagBag from /opt/airflow/dags/fraud_detection_training_dag.py
[2025-11-03T13:40:15.128+0000] {processor.py:925} INFO - DAG(s) 'fraud_detection_training' retrieved from /opt/airflow/dags/fraud_detection_training_dag.py
[2025-11-03T13:40:17.377+0000] {logging_mixin.py:190} INFO - [2025-11-03T13:40:17.375+0000] {dag.py:3239} INFO - Sync 1 DAGs
[2025-11-03T13:40:18.680+0000] {logging_mixin.py:190} INFO - [2025-11-03T13:40:18.679+0000] {dag.py:4180} INFO - Setting next_dagrun for fraud_detection_training to 2025-11-02 03:00:00+00:00, run_after=2025-11-03 03:00:00+00:00
[2025-11-03T13:40:19.441+0000] {processor.py:208} INFO - Processing /opt/airflow/dags/fraud_detection_training_dag.py took 8.269 seconds
[2025-11-03T13:40:51.954+0000] {processor.py:186} INFO - Started process (PID=366) to work on /opt/airflow/dags/fraud_detection_training_dag.py
[2025-11-03T13:40:51.972+0000] {processor.py:914} INFO - Processing file /opt/airflow/dags/fraud_detection_training_dag.py for tasks to queue
[2025-11-03T13:40:52.300+0000] {logging_mixin.py:190} INFO - [2025-11-03T13:40:52.299+0000] {dagbag.py:588} INFO - Filling up the DagBag from /opt/airflow/dags/fraud_detection_training_dag.py
[2025-11-03T13:41:03.102+0000] {processor.py:925} INFO - DAG(s) 'fraud_detection_training' retrieved from /opt/airflow/dags/fraud_detection_training_dag.py
[2025-11-03T13:41:04.303+0000] {logging_mixin.py:190} INFO - [2025-11-03T13:41:04.303+0000] {dag.py:3239} INFO - Sync 1 DAGs
[2025-11-03T13:41:06.625+0000] {logging_mixin.py:190} INFO - [2025-11-03T13:41:06.610+0000] {dag.py:4180} INFO - Setting next_dagrun for fraud_detection_training to 2025-11-02 03:00:00+00:00, run_after=2025-11-03 03:00:00+00:00
[2025-11-03T13:41:08.173+0000] {processor.py:208} INFO - Processing /opt/airflow/dags/fraud_detection_training_dag.py took 17.277 seconds
[2025-11-03T13:41:40.098+0000] {processor.py:186} INFO - Started process (PID=375) to work on /opt/airflow/dags/fraud_detection_training_dag.py
[2025-11-03T13:41:40.118+0000] {processor.py:914} INFO - Processing file /opt/airflow/dags/fraud_detection_training_dag.py for tasks to queue
[2025-11-03T13:41:40.241+0000] {logging_mixin.py:190} INFO - [2025-11-03T13:41:40.204+0000] {dagbag.py:588} INFO - Filling up the DagBag from /opt/airflow/dags/fraud_detection_training_dag.py
[2025-11-03T13:41:47.219+0000] {processor.py:925} INFO - DAG(s) 'fraud_detection_training' retrieved from /opt/airflow/dags/fraud_detection_training_dag.py
[2025-11-03T13:41:52.554+0000] {logging_mixin.py:190} INFO - [2025-11-03T13:41:52.553+0000] {dag.py:3239} INFO - Sync 1 DAGs
[2025-11-03T13:41:53.664+0000] {logging_mixin.py:190} INFO - [2025-11-03T13:41:53.663+0000] {dag.py:4180} INFO - Setting next_dagrun for fraud_detection_training to 2025-11-02 03:00:00+00:00, run_after=2025-11-03 03:00:00+00:00
[2025-11-03T13:41:53.934+0000] {processor.py:208} INFO - Processing /opt/airflow/dags/fraud_detection_training_dag.py took 14.758 seconds
[2025-11-03T13:42:25.125+0000] {processor.py:186} INFO - Started process (PID=391) to work on /opt/airflow/dags/fraud_detection_training_dag.py
[2025-11-03T13:42:25.160+0000] {processor.py:914} INFO - Processing file /opt/airflow/dags/fraud_detection_training_dag.py for tasks to queue
[2025-11-03T13:42:25.222+0000] {logging_mixin.py:190} INFO - [2025-11-03T13:42:25.197+0000] {dagbag.py:588} INFO - Filling up the DagBag from /opt/airflow/dags/fraud_detection_training_dag.py
[2025-11-03T13:42:26.891+0000] {processor.py:925} INFO - DAG(s) 'fraud_detection_training' retrieved from /opt/airflow/dags/fraud_detection_training_dag.py
[2025-11-03T13:42:29.303+0000] {logging_mixin.py:190} INFO - [2025-11-03T13:42:29.302+0000] {dag.py:3239} INFO - Sync 1 DAGs
[2025-11-03T13:42:30.908+0000] {logging_mixin.py:190} INFO - [2025-11-03T13:42:30.908+0000] {dag.py:4180} INFO - Setting next_dagrun for fraud_detection_training to 2025-11-02 03:00:00+00:00, run_after=2025-11-03 03:00:00+00:00
[2025-11-03T13:42:31.683+0000] {processor.py:208} INFO - Processing /opt/airflow/dags/fraud_detection_training_dag.py took 6.629 seconds
[2025-11-03T13:43:06.576+0000] {processor.py:186} INFO - Started process (PID=400) to work on /opt/airflow/dags/fraud_detection_training_dag.py
[2025-11-03T13:43:06.671+0000] {processor.py:914} INFO - Processing file /opt/airflow/dags/fraud_detection_training_dag.py for tasks to queue
[2025-11-03T13:43:06.807+0000] {logging_mixin.py:190} INFO - [2025-11-03T13:43:06.787+0000] {dagbag.py:588} INFO - Filling up the DagBag from /opt/airflow/dags/fraud_detection_training_dag.py
[2025-11-03T13:43:08.404+0000] {processor.py:925} INFO - DAG(s) 'fraud_detection_training' retrieved from /opt/airflow/dags/fraud_detection_training_dag.py
[2025-11-03T13:43:14.567+0000] {logging_mixin.py:190} INFO - [2025-11-03T13:43:14.565+0000] {dag.py:3239} INFO - Sync 1 DAGs
[2025-11-03T13:43:16.878+0000] {logging_mixin.py:190} INFO - [2025-11-03T13:43:16.876+0000] {dag.py:4180} INFO - Setting next_dagrun for fraud_detection_training to 2025-11-02 03:00:00+00:00, run_after=2025-11-03 03:00:00+00:00
[2025-11-03T13:43:17.769+0000] {processor.py:208} INFO - Processing /opt/airflow/dags/fraud_detection_training_dag.py took 13.017 seconds
[2025-11-03T13:43:49.805+0000] {processor.py:186} INFO - Started process (PID=409) to work on /opt/airflow/dags/fraud_detection_training_dag.py
[2025-11-03T13:43:49.463+0000] {processor.py:914} INFO - Processing file /opt/airflow/dags/fraud_detection_training_dag.py for tasks to queue
[2025-11-03T13:43:50.447+0000] {logging_mixin.py:190} INFO - [2025-11-03T13:43:50.439+0000] {dagbag.py:588} INFO - Filling up the DagBag from /opt/airflow/dags/fraud_detection_training_dag.py
[2025-11-03T13:43:57.142+0000] {processor.py:925} INFO - DAG(s) 'fraud_detection_training' retrieved from /opt/airflow/dags/fraud_detection_training_dag.py
[2025-11-03T13:44:16.486+0000] {logging_mixin.py:190} INFO - [2025-11-03T13:44:16.485+0000] {dag.py:3239} INFO - Sync 1 DAGs
[2025-11-03T13:44:31.849+0000] {logging_mixin.py:190} INFO - [2025-11-03T13:44:31.847+0000] {dag.py:4180} INFO - Setting next_dagrun for fraud_detection_training to 2025-11-02 03:00:00+00:00, run_after=2025-11-03 03:00:00+00:00
[2025-11-03T13:44:34.363+0000] {processor.py:208} INFO - Processing /opt/airflow/dags/fraud_detection_training_dag.py took 46.922 seconds
[2025-11-03T13:45:32.515+0000] {processor.py:186} INFO - Started process (PID=432) to work on /opt/airflow/dags/fraud_detection_training_dag.py
[2025-11-03T13:45:32.565+0000] {processor.py:914} INFO - Processing file /opt/airflow/dags/fraud_detection_training_dag.py for tasks to queue
[2025-11-03T13:45:33.163+0000] {logging_mixin.py:190} INFO - [2025-11-03T13:45:33.053+0000] {dagbag.py:588} INFO - Filling up the DagBag from /opt/airflow/dags/fraud_detection_training_dag.py
[2025-11-03T13:45:39.300+0000] {processor.py:925} INFO - DAG(s) 'fraud_detection_training' retrieved from /opt/airflow/dags/fraud_detection_training_dag.py
[2025-11-03T13:45:41.153+0000] {logging_mixin.py:190} INFO - [2025-11-03T13:45:41.153+0000] {dag.py:3239} INFO - Sync 1 DAGs
[2025-11-03T13:45:44.749+0000] {logging_mixin.py:190} INFO - [2025-11-03T13:45:44.748+0000] {dag.py:4180} INFO - Setting next_dagrun for fraud_detection_training to 2025-11-02 03:00:00+00:00, run_after=2025-11-03 03:00:00+00:00
[2025-11-03T13:45:45.638+0000] {processor.py:208} INFO - Processing /opt/airflow/dags/fraud_detection_training_dag.py took 14.482 seconds
[2025-11-03T13:47:37.490+0000] {processor.py:186} INFO - Started process (PID=450) to work on /opt/airflow/dags/fraud_detection_training_dag.py
[2025-11-03T13:47:37.575+0000] {processor.py:914} INFO - Processing file /opt/airflow/dags/fraud_detection_training_dag.py for tasks to queue
[2025-11-03T13:47:41.004+0000] {logging_mixin.py:190} INFO - [2025-11-03T13:47:40.636+0000] {dagbag.py:588} INFO - Filling up the DagBag from /opt/airflow/dags/fraud_detection_training_dag.py
[2025-11-03T13:47:57.701+0000] {processor.py:925} INFO - DAG(s) 'fraud_detection_training' retrieved from /opt/airflow/dags/fraud_detection_training_dag.py
[2025-11-03T13:48:01.115+0000] {logging_mixin.py:190} INFO - [2025-11-03T13:48:01.077+0000] {dag.py:3239} INFO - Sync 1 DAGs
[2025-11-03T13:48:10.054+0000] {logging_mixin.py:190} INFO - [2025-11-03T13:48:09.896+0000] {dag.py:4180} INFO - Setting next_dagrun for fraud_detection_training to 2025-11-02 03:00:00+00:00, run_after=2025-11-03 03:00:00+00:00
[2025-11-03T13:48:49.497+0000] {processor.py:186} INFO - Started process (PID=467) to work on /opt/airflow/dags/fraud_detection_training_dag.py
[2025-11-03T13:48:50.008+0000] {processor.py:914} INFO - Processing file /opt/airflow/dags/fraud_detection_training_dag.py for tasks to queue
[2025-11-03T13:48:50.183+0000] {logging_mixin.py:190} INFO - [2025-11-03T13:48:50.180+0000] {dagbag.py:588} INFO - Filling up the DagBag from /opt/airflow/dags/fraud_detection_training_dag.py
[2025-11-03T13:49:17.560+0000] {processor.py:925} INFO - DAG(s) 'fraud_detection_training' retrieved from /opt/airflow/dags/fraud_detection_training_dag.py
[2025-11-03T13:50:13.385+0000] {processor.py:186} INFO - Started process (PID=483) to work on /opt/airflow/dags/fraud_detection_training_dag.py
[2025-11-03T13:50:16.225+0000] {processor.py:914} INFO - Processing file /opt/airflow/dags/fraud_detection_training_dag.py for tasks to queue
[2025-11-03T13:50:16.572+0000] {logging_mixin.py:190} INFO - [2025-11-03T13:50:16.567+0000] {dagbag.py:588} INFO - Filling up the DagBag from /opt/airflow/dags/fraud_detection_training_dag.py
[2025-11-03T13:50:35.232+0000] {processor.py:925} INFO - DAG(s) 'fraud_detection_training' retrieved from /opt/airflow/dags/fraud_detection_training_dag.py
[2025-11-03T13:51:33.755+0000] {processor.py:186} INFO - Started process (PID=503) to work on /opt/airflow/dags/fraud_detection_training_dag.py
[2025-11-03T13:51:33.996+0000] {processor.py:914} INFO - Processing file /opt/airflow/dags/fraud_detection_training_dag.py for tasks to queue
[2025-11-03T13:51:34.102+0000] {logging_mixin.py:190} INFO - [2025-11-03T13:51:34.019+0000] {dagbag.py:588} INFO - Filling up the DagBag from /opt/airflow/dags/fraud_detection_training_dag.py
[2025-11-03T13:52:02.928+0000] {processor.py:925} INFO - DAG(s) 'fraud_detection_training' retrieved from /opt/airflow/dags/fraud_detection_training_dag.py
[2025-11-03T13:52:59.800+0000] {processor.py:186} INFO - Started process (PID=518) to work on /opt/airflow/dags/fraud_detection_training_dag.py
[2025-11-03T13:53:00.091+0000] {processor.py:914} INFO - Processing file /opt/airflow/dags/fraud_detection_training_dag.py for tasks to queue
[2025-11-03T13:53:00.135+0000] {logging_mixin.py:190} INFO - [2025-11-03T13:53:00.113+0000] {dagbag.py:588} INFO - Filling up the DagBag from /opt/airflow/dags/fraud_detection_training_dag.py
[2025-11-03T13:53:15.170+0000] {processor.py:925} INFO - DAG(s) 'fraud_detection_training' retrieved from /opt/airflow/dags/fraud_detection_training_dag.py
[2025-11-03T13:54:22.260+0000] {processor.py:186} INFO - Started process (PID=536) to work on /opt/airflow/dags/fraud_detection_training_dag.py
[2025-11-03T13:54:22.331+0000] {processor.py:914} INFO - Processing file /opt/airflow/dags/fraud_detection_training_dag.py for tasks to queue
[2025-11-03T13:54:22.488+0000] {logging_mixin.py:190} INFO - [2025-11-03T13:54:22.440+0000] {dagbag.py:588} INFO - Filling up the DagBag from /opt/airflow/dags/fraud_detection_training_dag.py
[2025-11-03T13:54:32.086+0000] {processor.py:925} INFO - DAG(s) 'fraud_detection_training' retrieved from /opt/airflow/dags/fraud_detection_training_dag.py
[2025-11-03T13:55:50.186+0000] {processor.py:186} INFO - Started process (PID=558) to work on /opt/airflow/dags/fraud_detection_training_dag.py
[2025-11-03T13:55:50.331+0000] {processor.py:914} INFO - Processing file /opt/airflow/dags/fraud_detection_training_dag.py for tasks to queue
[2025-11-03T13:55:50.460+0000] {logging_mixin.py:190} INFO - [2025-11-03T13:55:50.417+0000] {dagbag.py:588} INFO - Filling up the DagBag from /opt/airflow/dags/fraud_detection_training_dag.py
[2025-11-03T13:56:09.360+0000] {processor.py:925} INFO - DAG(s) 'fraud_detection_training' retrieved from /opt/airflow/dags/fraud_detection_training_dag.py
[2025-11-03T13:56:25.953+0000] {logging_mixin.py:190} INFO - [2025-11-03T13:56:25.950+0000] {dag.py:3239} INFO - Sync 1 DAGs
[2025-11-03T13:56:27.055+0000] {logging_mixin.py:190} INFO - [2025-11-03T13:56:27.054+0000] {dag.py:4180} INFO - Setting next_dagrun for fraud_detection_training to 2025-11-02 03:00:00+00:00, run_after=2025-11-03 03:00:00+00:00
[2025-11-03T13:56:29.256+0000] {processor.py:208} INFO - Processing /opt/airflow/dags/fraud_detection_training_dag.py took 42.046 seconds
[2025-11-03T13:57:10.562+0000] {processor.py:186} INFO - Started process (PID=574) to work on /opt/airflow/dags/fraud_detection_training_dag.py
[2025-11-03T13:57:10.596+0000] {processor.py:914} INFO - Processing file /opt/airflow/dags/fraud_detection_training_dag.py for tasks to queue
[2025-11-03T13:57:10.701+0000] {logging_mixin.py:190} INFO - [2025-11-03T13:57:10.638+0000] {dagbag.py:588} INFO - Filling up the DagBag from /opt/airflow/dags/fraud_detection_training_dag.py
[2025-11-03T13:57:22.880+0000] {processor.py:925} INFO - DAG(s) 'fraud_detection_training' retrieved from /opt/airflow/dags/fraud_detection_training_dag.py
[2025-11-03T13:57:36.867+0000] {logging_mixin.py:190} INFO - [2025-11-03T13:57:36.867+0000] {dag.py:3239} INFO - Sync 1 DAGs
[2025-11-03T13:57:42.919+0000] {logging_mixin.py:190} INFO - [2025-11-03T13:57:42.896+0000] {dag.py:4180} INFO - Setting next_dagrun for fraud_detection_training to 2025-11-02 03:00:00+00:00, run_after=2025-11-03 03:00:00+00:00
[2025-11-03T13:57:45.148+0000] {processor.py:208} INFO - Processing /opt/airflow/dags/fraud_detection_training_dag.py took 35.811 seconds
[2025-11-03T13:58:18.160+0000] {processor.py:186} INFO - Started process (PID=590) to work on /opt/airflow/dags/fraud_detection_training_dag.py
[2025-11-03T13:58:18.253+0000] {processor.py:914} INFO - Processing file /opt/airflow/dags/fraud_detection_training_dag.py for tasks to queue
[2025-11-03T13:58:18.301+0000] {logging_mixin.py:190} INFO - [2025-11-03T13:58:18.300+0000] {dagbag.py:588} INFO - Filling up the DagBag from /opt/airflow/dags/fraud_detection_training_dag.py
[2025-11-03T13:58:38.877+0000] {processor.py:925} INFO - DAG(s) 'fraud_detection_training' retrieved from /opt/airflow/dags/fraud_detection_training_dag.py
[2025-11-03T13:58:40.323+0000] {logging_mixin.py:190} INFO - [2025-11-03T13:58:40.311+0000] {dag.py:3239} INFO - Sync 1 DAGs
[2025-11-03T13:58:42.759+0000] {logging_mixin.py:190} INFO - [2025-11-03T13:58:42.731+0000] {dag.py:4180} INFO - Setting next_dagrun for fraud_detection_training to 2025-11-02 03:00:00+00:00, run_after=2025-11-03 03:00:00+00:00
[2025-11-03T13:58:43.958+0000] {processor.py:208} INFO - Processing /opt/airflow/dags/fraud_detection_training_dag.py took 26.900 seconds
[2025-11-03T13:59:16.053+0000] {processor.py:186} INFO - Started process (PID=600) to work on /opt/airflow/dags/fraud_detection_training_dag.py
[2025-11-03T13:59:16.137+0000] {processor.py:914} INFO - Processing file /opt/airflow/dags/fraud_detection_training_dag.py for tasks to queue
[2025-11-03T13:59:16.265+0000] {logging_mixin.py:190} INFO - [2025-11-03T13:59:16.260+0000] {dagbag.py:588} INFO - Filling up the DagBag from /opt/airflow/dags/fraud_detection_training_dag.py
[2025-11-03T13:59:18.299+0000] {processor.py:925} INFO - DAG(s) 'fraud_detection_training' retrieved from /opt/airflow/dags/fraud_detection_training_dag.py
[2025-11-03T13:59:18.945+0000] {logging_mixin.py:190} INFO - [2025-11-03T13:59:18.944+0000] {dag.py:3239} INFO - Sync 1 DAGs
[2025-11-03T13:59:20.606+0000] {logging_mixin.py:190} INFO - [2025-11-03T13:59:20.604+0000] {dag.py:4180} INFO - Setting next_dagrun for fraud_detection_training to 2025-11-02 03:00:00+00:00, run_after=2025-11-03 03:00:00+00:00
[2025-11-03T13:59:23.472+0000] {processor.py:208} INFO - Processing /opt/airflow/dags/fraud_detection_training_dag.py took 8.000 seconds
[2025-11-03T14:00:00.422+0000] {processor.py:186} INFO - Started process (PID=610) to work on /opt/airflow/dags/fraud_detection_training_dag.py
[2025-11-03T14:00:00.455+0000] {processor.py:914} INFO - Processing file /opt/airflow/dags/fraud_detection_training_dag.py for tasks to queue
[2025-11-03T14:00:00.510+0000] {logging_mixin.py:190} INFO - [2025-11-03T14:00:00.509+0000] {dagbag.py:588} INFO - Filling up the DagBag from /opt/airflow/dags/fraud_detection_training_dag.py
[2025-11-03T14:00:21.908+0000] {processor.py:925} INFO - DAG(s) 'fraud_detection_training' retrieved from /opt/airflow/dags/fraud_detection_training_dag.py
[2025-11-03T14:00:32.402+0000] {logging_mixin.py:190} INFO - [2025-11-03T14:00:32.401+0000] {dag.py:3239} INFO - Sync 1 DAGs
[2025-11-03T14:00:35.127+0000] {logging_mixin.py:190} INFO - [2025-11-03T14:00:35.126+0000] {dag.py:4180} INFO - Setting next_dagrun for fraud_detection_training to 2025-11-02 03:00:00+00:00, run_after=2025-11-03 03:00:00+00:00
[2025-11-03T14:00:43.102+0000] {processor.py:208} INFO - Processing /opt/airflow/dags/fraud_detection_training_dag.py took 45.563 seconds
[2025-11-03T14:01:17.149+0000] {processor.py:186} INFO - Started process (PID=634) to work on /opt/airflow/dags/fraud_detection_training_dag.py
[2025-11-03T14:01:17.178+0000] {processor.py:914} INFO - Processing file /opt/airflow/dags/fraud_detection_training_dag.py for tasks to queue
[2025-11-03T14:01:17.240+0000] {logging_mixin.py:190} INFO - [2025-11-03T14:01:17.239+0000] {dagbag.py:588} INFO - Filling up the DagBag from /opt/airflow/dags/fraud_detection_training_dag.py
[2025-11-03T14:01:23.409+0000] {processor.py:925} INFO - DAG(s) 'fraud_detection_training' retrieved from /opt/airflow/dags/fraud_detection_training_dag.py
[2025-11-03T14:01:33.993+0000] {logging_mixin.py:190} INFO - [2025-11-03T14:01:33.954+0000] {dag.py:3239} INFO - Sync 1 DAGs
[2025-11-03T14:01:45.834+0000] {logging_mixin.py:190} INFO - [2025-11-03T14:01:45.833+0000] {dag.py:4180} INFO - Setting next_dagrun for fraud_detection_training to 2025-11-02 03:00:00+00:00, run_after=2025-11-03 03:00:00+00:00
[2025-11-03T14:01:47.757+0000] {processor.py:208} INFO - Processing /opt/airflow/dags/fraud_detection_training_dag.py took 31.914 seconds
[2025-11-03T14:02:26.543+0000] {processor.py:186} INFO - Started process (PID=650) to work on /opt/airflow/dags/fraud_detection_training_dag.py
[2025-11-03T14:02:26.594+0000] {processor.py:914} INFO - Processing file /opt/airflow/dags/fraud_detection_training_dag.py for tasks to queue
[2025-11-03T14:02:28.005+0000] {logging_mixin.py:190} INFO - [2025-11-03T14:02:27.065+0000] {dagbag.py:588} INFO - Filling up the DagBag from /opt/airflow/dags/fraud_detection_training_dag.py
[2025-11-03T14:02:56.012+0000] {processor.py:925} INFO - DAG(s) 'fraud_detection_training' retrieved from /opt/airflow/dags/fraud_detection_training_dag.py
[2025-11-03T14:03:03.398+0000] {logging_mixin.py:190} INFO - [2025-11-03T14:03:03.389+0000] {dag.py:3239} INFO - Sync 1 DAGs
[2025-11-03T14:03:45.487+0000] {processor.py:186} INFO - Started process (PID=667) to work on /opt/airflow/dags/fraud_detection_training_dag.py
[2025-11-03T14:03:45.492+0000] {processor.py:914} INFO - Processing file /opt/airflow/dags/fraud_detection_training_dag.py for tasks to queue
[2025-11-03T14:03:45.559+0000] {logging_mixin.py:190} INFO - [2025-11-03T14:03:45.557+0000] {dagbag.py:588} INFO - Filling up the DagBag from /opt/airflow/dags/fraud_detection_training_dag.py
[2025-11-03T14:03:50.826+0000] {processor.py:925} INFO - DAG(s) 'fraud_detection_training' retrieved from /opt/airflow/dags/fraud_detection_training_dag.py
[2025-11-03T14:05:10.162+0000] {processor.py:186} INFO - Started process (PID=684) to work on /opt/airflow/dags/fraud_detection_training_dag.py
[2025-11-03T14:05:10.172+0000] {processor.py:914} INFO - Processing file /opt/airflow/dags/fraud_detection_training_dag.py for tasks to queue
[2025-11-03T14:05:10.300+0000] {logging_mixin.py:190} INFO - [2025-11-03T14:05:10.278+0000] {dagbag.py:588} INFO - Filling up the DagBag from /opt/airflow/dags/fraud_detection_training_dag.py
[2025-11-03T14:05:15.748+0000] {processor.py:925} INFO - DAG(s) 'fraud_detection_training' retrieved from /opt/airflow/dags/fraud_detection_training_dag.py
[2025-11-03T14:06:37.075+0000] {processor.py:186} INFO - Started process (PID=699) to work on /opt/airflow/dags/fraud_detection_training_dag.py
[2025-11-03T14:06:40.196+0000] {processor.py:914} INFO - Processing file /opt/airflow/dags/fraud_detection_training_dag.py for tasks to queue
[2025-11-03T14:06:40.821+0000] {logging_mixin.py:190} INFO - [2025-11-03T14:06:40.805+0000] {dagbag.py:588} INFO - Filling up the DagBag from /opt/airflow/dags/fraud_detection_training_dag.py
[2025-11-03T14:06:48.455+0000] {processor.py:925} INFO - DAG(s) 'fraud_detection_training' retrieved from /opt/airflow/dags/fraud_detection_training_dag.py
[2025-11-03T14:07:06.393+0000] {logging_mixin.py:190} INFO - [2025-11-03T14:07:06.341+0000] {dag.py:3239} INFO - Sync 1 DAGs
[2025-11-03T14:08:17.443+0000] {processor.py:186} INFO - Started process (PID=722) to work on /opt/airflow/dags/fraud_detection_training_dag.py
[2025-11-03T14:08:17.529+0000] {processor.py:914} INFO - Processing file /opt/airflow/dags/fraud_detection_training_dag.py for tasks to queue
[2025-11-03T14:08:17.595+0000] {logging_mixin.py:190} INFO - [2025-11-03T14:08:17.581+0000] {dagbag.py:588} INFO - Filling up the DagBag from /opt/airflow/dags/fraud_detection_training_dag.py
[2025-11-03T14:08:24.272+0000] {processor.py:925} INFO - DAG(s) 'fraud_detection_training' retrieved from /opt/airflow/dags/fraud_detection_training_dag.py
[2025-11-03T14:09:29.450+0000] {processor.py:186} INFO - Started process (PID=739) to work on /opt/airflow/dags/fraud_detection_training_dag.py
[2025-11-03T14:09:29.520+0000] {processor.py:914} INFO - Processing file /opt/airflow/dags/fraud_detection_training_dag.py for tasks to queue
[2025-11-03T14:09:29.626+0000] {logging_mixin.py:190} INFO - [2025-11-03T14:09:29.610+0000] {dagbag.py:588} INFO - Filling up the DagBag from /opt/airflow/dags/fraud_detection_training_dag.py
[2025-11-03T14:09:39.815+0000] {processor.py:925} INFO - DAG(s) 'fraud_detection_training' retrieved from /opt/airflow/dags/fraud_detection_training_dag.py
[2025-11-03T14:10:10.892+0000] {logging_mixin.py:190} INFO - [2025-11-03T14:10:10.763+0000] {dag.py:3239} INFO - Sync 1 DAGs
[2025-11-03T14:10:54.985+0000] {processor.py:186} INFO - Started process (PID=762) to work on /opt/airflow/dags/fraud_detection_training_dag.py
[2025-11-03T14:10:55.008+0000] {processor.py:914} INFO - Processing file /opt/airflow/dags/fraud_detection_training_dag.py for tasks to queue
[2025-11-03T14:10:55.014+0000] {logging_mixin.py:190} INFO - [2025-11-03T14:10:55.013+0000] {dagbag.py:588} INFO - Filling up the DagBag from /opt/airflow/dags/fraud_detection_training_dag.py
[2025-11-03T14:11:13.847+0000] {processor.py:925} INFO - DAG(s) 'fraud_detection_training' retrieved from /opt/airflow/dags/fraud_detection_training_dag.py
[2025-11-03T14:12:15.472+0000] {processor.py:186} INFO - Started process (PID=777) to work on /opt/airflow/dags/fraud_detection_training_dag.py
[2025-11-03T14:12:15.487+0000] {processor.py:914} INFO - Processing file /opt/airflow/dags/fraud_detection_training_dag.py for tasks to queue
[2025-11-03T14:12:15.510+0000] {logging_mixin.py:190} INFO - [2025-11-03T14:12:15.508+0000] {dagbag.py:588} INFO - Filling up the DagBag from /opt/airflow/dags/fraud_detection_training_dag.py
[2025-11-03T14:12:23.470+0000] {processor.py:925} INFO - DAG(s) 'fraud_detection_training' retrieved from /opt/airflow/dags/fraud_detection_training_dag.py
[2025-11-03T14:13:53.690+0000] {processor.py:186} INFO - Started process (PID=794) to work on /opt/airflow/dags/fraud_detection_training_dag.py
[2025-11-03T14:13:53.772+0000] {processor.py:914} INFO - Processing file /opt/airflow/dags/fraud_detection_training_dag.py for tasks to queue
[2025-11-03T14:13:54.093+0000] {logging_mixin.py:190} INFO - [2025-11-03T14:13:53.875+0000] {dagbag.py:588} INFO - Filling up the DagBag from /opt/airflow/dags/fraud_detection_training_dag.py
[2025-11-03T14:16:05.866+0000] {processor.py:186} INFO - Started process (PID=809) to work on /opt/airflow/dags/fraud_detection_training_dag.py
[2025-11-03T14:16:06.176+0000] {processor.py:914} INFO - Processing file /opt/airflow/dags/fraud_detection_training_dag.py for tasks to queue
[2025-11-03T14:16:08.015+0000] {logging_mixin.py:190} INFO - [2025-11-03T14:16:07.943+0000] {dagbag.py:588} INFO - Filling up the DagBag from /opt/airflow/dags/fraud_detection_training_dag.py
[2025-11-03T14:16:21.402+0000] {processor.py:925} INFO - DAG(s) 'fraud_detection_training' retrieved from /opt/airflow/dags/fraud_detection_training_dag.py
[2025-11-03T14:17:31.374+0000] {processor.py:186} INFO - Started process (PID=824) to work on /opt/airflow/dags/fraud_detection_training_dag.py
[2025-11-03T14:17:31.379+0000] {processor.py:914} INFO - Processing file /opt/airflow/dags/fraud_detection_training_dag.py for tasks to queue
[2025-11-03T14:17:32.155+0000] {logging_mixin.py:190} INFO - [2025-11-03T14:17:31.812+0000] {dagbag.py:588} INFO - Filling up the DagBag from /opt/airflow/dags/fraud_detection_training_dag.py
[2025-11-03T14:17:54.116+0000] {processor.py:925} INFO - DAG(s) 'fraud_detection_training' retrieved from /opt/airflow/dags/fraud_detection_training_dag.py
[2025-11-03T14:18:57.011+0000] {processor.py:186} INFO - Started process (PID=845) to work on /opt/airflow/dags/fraud_detection_training_dag.py
[2025-11-03T14:18:57.059+0000] {processor.py:914} INFO - Processing file /opt/airflow/dags/fraud_detection_training_dag.py for tasks to queue
[2025-11-03T14:18:57.288+0000] {logging_mixin.py:190} INFO - [2025-11-03T14:18:57.221+0000] {dagbag.py:588} INFO - Filling up the DagBag from /opt/airflow/dags/fraud_detection_training_dag.py
[2025-11-03T14:19:30.570+0000] {logging_mixin.py:190} INFO - [2025-11-03T14:19:29.916+0000] {timeout.py:68} ERROR - Process timed out, PID: 845
[2025-11-03T14:19:32.862+0000] {logging_mixin.py:190} INFO - [2025-11-03T14:19:31.362+0000] {dagbag.py:387} ERROR - Failed to import: /opt/airflow/dags/fraud_detection_training_dag.py
Traceback (most recent call last):
  File "/home/airflow/.local/lib/python3.12/site-packages/airflow/models/dagbag.py", line 383, in parse
    loader.exec_module(new_module)
  File "<frozen importlib._bootstrap_external>", line 999, in exec_module
  File "<frozen importlib._bootstrap>", line 488, in _call_with_frames_removed
  File "/opt/airflow/dags/fraud_detection_training_dag.py", line 118, in <module>
    env={'CONFIG_PATH': Variable.get('config_path', default_var='/app/config.yaml')}
                        ^^^^^^^^^^^^^^^^^^^^^^^^^^^^^^^^^^^^^^^^^^^^^^^^^^^^^^^^^^^
  File "/home/airflow/.local/lib/python3.12/site-packages/airflow/models/variable.py", line 140, in get
    var_val = Variable.get_variable_from_secrets(key=key)
              ^^^^^^^^^^^^^^^^^^^^^^^^^^^^^^^^^^^^^^^^^^^
  File "/home/airflow/.local/lib/python3.12/site-packages/airflow/models/variable.py", line 353, in get_variable_from_secrets
    var_val = secrets_backend.get_variable(key=key)
              ^^^^^^^^^^^^^^^^^^^^^^^^^^^^^^^^^^^^^
  File "/home/airflow/.local/lib/python3.12/site-packages/airflow/utils/session.py", line 97, in wrapper
    return func(*args, session=session, **kwargs)
           ^^^^^^^^^^^^^^^^^^^^^^^^^^^^^^^^^^^^^^
  File "/home/airflow/.local/lib/python3.12/site-packages/airflow/secrets/metastore.py", line 66, in get_variable
    return MetastoreBackend._fetch_variable(key=key, session=session)
           ^^^^^^^^^^^^^^^^^^^^^^^^^^^^^^^^^^^^^^^^^^^^^^^^^^^^^^^^^^
  File "/home/airflow/.local/lib/python3.12/site-packages/airflow/api_internal/internal_api_call.py", line 166, in wrapper
    return func(*args, **kwargs)
           ^^^^^^^^^^^^^^^^^^^^^
  File "/home/airflow/.local/lib/python3.12/site-packages/airflow/utils/session.py", line 94, in wrapper
    return func(*args, **kwargs)
           ^^^^^^^^^^^^^^^^^^^^^
  File "/home/airflow/.local/lib/python3.12/site-packages/airflow/secrets/metastore.py", line 84, in _fetch_variable
    var_value = session.scalar(select(Variable).where(Variable.key == key).limit(1))
                ^^^^^^^^^^^^^^^^^^^^^^^^^^^^^^^^^^^^^^^^^^^^^^^^^^^^^^^^^^^^^^^^^^^^
  File "/home/airflow/.local/lib/python3.12/site-packages/sqlalchemy/orm/session.py", line 1747, in scalar
    return self.execute(
           ^^^^^^^^^^^^^
  File "/home/airflow/.local/lib/python3.12/site-packages/sqlalchemy/orm/session.py", line 1716, in execute
    conn = self._connection_for_bind(bind)
           ^^^^^^^^^^^^^^^^^^^^^^^^^^^^^^^
  File "/home/airflow/.local/lib/python3.12/site-packages/sqlalchemy/orm/session.py", line 1555, in _connection_for_bind
    return self._transaction._connection_for_bind(
           ^^^^^^^^^^^^^^^^^^^^^^^^^^^^^^^^^^^^^^^
  File "/home/airflow/.local/lib/python3.12/site-packages/sqlalchemy/orm/session.py", line 750, in _connection_for_bind
    conn = bind.connect()
           ^^^^^^^^^^^^^^
  File "/home/airflow/.local/lib/python3.12/site-packages/sqlalchemy/future/engine.py", line 412, in connect
    return super(Engine, self).connect()
           ^^^^^^^^^^^^^^^^^^^^^^^^^^^^^
  File "/home/airflow/.local/lib/python3.12/site-packages/sqlalchemy/engine/base.py", line 3325, in connect
    return self._connection_cls(self, close_with_result=close_with_result)
           ^^^^^^^^^^^^^^^^^^^^^^^^^^^^^^^^^^^^^^^^^^^^^^^^^^^^^^^^^^^^^^^
  File "/home/airflow/.local/lib/python3.12/site-packages/sqlalchemy/engine/base.py", line 96, in __init__
    else engine.raw_connection()
         ^^^^^^^^^^^^^^^^^^^^^^^
  File "/home/airflow/.local/lib/python3.12/site-packages/sqlalchemy/engine/base.py", line 3404, in raw_connection
    return self._wrap_pool_connect(self.pool.connect, _connection)
           ^^^^^^^^^^^^^^^^^^^^^^^^^^^^^^^^^^^^^^^^^^^^^^^^^^^^^^^
  File "/home/airflow/.local/lib/python3.12/site-packages/sqlalchemy/engine/base.py", line 3371, in _wrap_pool_connect
    return fn()
           ^^^^
  File "/home/airflow/.local/lib/python3.12/site-packages/sqlalchemy/pool/base.py", line 327, in connect
    return _ConnectionFairy._checkout(self)
           ^^^^^^^^^^^^^^^^^^^^^^^^^^^^^^^^
  File "/home/airflow/.local/lib/python3.12/site-packages/sqlalchemy/pool/base.py", line 894, in _checkout
    fairy = _ConnectionRecord.checkout(pool)
            ^^^^^^^^^^^^^^^^^^^^^^^^^^^^^^^^
  File "/home/airflow/.local/lib/python3.12/site-packages/sqlalchemy/pool/base.py", line 493, in checkout
    rec = pool._do_get()
          ^^^^^^^^^^^^^^
  File "/home/airflow/.local/lib/python3.12/site-packages/sqlalchemy/pool/impl.py", line 145, in _do_get
    with util.safe_reraise():
         ^^^^^^^^^^^^^^^^^^^
  File "/home/airflow/.local/lib/python3.12/site-packages/sqlalchemy/util/langhelpers.py", line 70, in __exit__
    compat.raise_(
  File "/home/airflow/.local/lib/python3.12/site-packages/sqlalchemy/util/compat.py", line 211, in raise_
    raise exception
  File "/home/airflow/.local/lib/python3.12/site-packages/sqlalchemy/pool/impl.py", line 143, in _do_get
    return self._create_connection()
           ^^^^^^^^^^^^^^^^^^^^^^^^^
  File "/home/airflow/.local/lib/python3.12/site-packages/sqlalchemy/pool/base.py", line 273, in _create_connection
    return _ConnectionRecord(self)
           ^^^^^^^^^^^^^^^^^^^^^^^
  File "/home/airflow/.local/lib/python3.12/site-packages/sqlalchemy/pool/base.py", line 388, in __init__
    self.__connect()
  File "/home/airflow/.local/lib/python3.12/site-packages/sqlalchemy/pool/base.py", line 704, in __connect
    )._exec_w_sync_on_first_run(self.dbapi_connection, self)
      ^^^^^^^^^^^^^^^^^^^^^^^^^^^^^^^^^^^^^^^^^^^^^^^^^^^^^^
  File "/home/airflow/.local/lib/python3.12/site-packages/sqlalchemy/event/attr.py", line 332, in _exec_w_sync_on_first_run
    self(*args, **kw)
  File "/home/airflow/.local/lib/python3.12/site-packages/sqlalchemy/event/attr.py", line 346, in __call__
    fn(*args, **kw)
  File "/home/airflow/.local/lib/python3.12/site-packages/sqlalchemy/engine/create.py", line 654, in on_connect
    do_on_connect(dbapi_connection)
  File "/home/airflow/.local/lib/python3.12/site-packages/sqlalchemy/dialects/postgresql/psycopg2.py", line 950, in on_connect
    fn(conn)
  File "/home/airflow/.local/lib/python3.12/site-packages/sqlalchemy/dialects/postgresql/psycopg2.py", line 923, in on_connect
    hstore_oids = self._hstore_oids(conn)
                  ^^^^^^^^^^^^^^^^^^^^^^^
  File "/home/airflow/.local/lib/python3.12/site-packages/sqlalchemy/util/langhelpers.py", line 1134, in oneshot
    result = fn(self, *args, **kw)
             ^^^^^^^^^^^^^^^^^^^^^
  File "/home/airflow/.local/lib/python3.12/site-packages/sqlalchemy/dialects/postgresql/psycopg2.py", line 1007, in _hstore_oids
    oids = extras.HstoreAdapter.get_oids(conn)
           ^^^^^^^^^^^^^^^^^^^^^^^^^^^^^^^^^^^
  File "/home/airflow/.local/lib/python3.12/site-packages/psycopg2/extras.py", line 907, in get_oids
    curs.execute(f"""SELECT t.oid, {typarray}
  File "/usr/local/lib/python3.12/encodings/utf_8.py", line 15, in decode
    def decode(input, errors='strict'):
    
  File "/home/airflow/.local/lib/python3.12/site-packages/airflow/utils/timeout.py", line 69, in handle_timeout
    raise AirflowTaskTimeout(self.error_message)
airflow.exceptions.AirflowTaskTimeout: DagBag import timeout for /opt/airflow/dags/fraud_detection_training_dag.py after 30.0s.
Please take a look at these docs to improve your DAG import time:
* https://airflow.apache.org/docs/apache-airflow/2.10.5/best-practices.html#top-level-python-code
* https://airflow.apache.org/docs/apache-airflow/2.10.5/best-practices.html#reducing-dag-complexity, PID: 845
[2025-11-03T14:19:33.128+0000] {processor.py:927} WARNING - No viable dags retrieved from /opt/airflow/dags/fraud_detection_training_dag.py
[2025-11-03T14:19:40.955+0000] {processor.py:208} INFO - Processing /opt/airflow/dags/fraud_detection_training_dag.py took 48.928 seconds
[2025-11-03T14:20:15.002+0000] {processor.py:186} INFO - Started process (PID=862) to work on /opt/airflow/dags/fraud_detection_training_dag.py
[2025-11-03T14:20:15.211+0000] {processor.py:914} INFO - Processing file /opt/airflow/dags/fraud_detection_training_dag.py for tasks to queue
[2025-11-03T14:20:15.611+0000] {logging_mixin.py:190} INFO - [2025-11-03T14:20:15.506+0000] {dagbag.py:588} INFO - Filling up the DagBag from /opt/airflow/dags/fraud_detection_training_dag.py
[2025-11-03T14:20:44.916+0000] {processor.py:925} INFO - DAG(s) 'fraud_detection_training' retrieved from /opt/airflow/dags/fraud_detection_training_dag.py
[2025-11-03T14:21:47.438+0000] {processor.py:186} INFO - Started process (PID=879) to work on /opt/airflow/dags/fraud_detection_training_dag.py
[2025-11-03T14:21:47.472+0000] {processor.py:914} INFO - Processing file /opt/airflow/dags/fraud_detection_training_dag.py for tasks to queue
[2025-11-03T14:21:47.538+0000] {logging_mixin.py:190} INFO - [2025-11-03T14:21:47.535+0000] {dagbag.py:588} INFO - Filling up the DagBag from /opt/airflow/dags/fraud_detection_training_dag.py
[2025-11-03T14:21:54.933+0000] {processor.py:925} INFO - DAG(s) 'fraud_detection_training' retrieved from /opt/airflow/dags/fraud_detection_training_dag.py
[2025-11-03T14:23:17.468+0000] {processor.py:186} INFO - Started process (PID=892) to work on /opt/airflow/dags/fraud_detection_training_dag.py
[2025-11-03T14:23:17.517+0000] {processor.py:914} INFO - Processing file /opt/airflow/dags/fraud_detection_training_dag.py for tasks to queue
[2025-11-03T14:23:17.895+0000] {logging_mixin.py:190} INFO - [2025-11-03T14:23:17.675+0000] {dagbag.py:588} INFO - Filling up the DagBag from /opt/airflow/dags/fraud_detection_training_dag.py
[2025-11-03T14:23:49.048+0000] {logging_mixin.py:190} INFO - [2025-11-03T14:23:48.466+0000] {timeout.py:68} ERROR - Process timed out, PID: 892
[2025-11-03T14:23:59.515+0000] {logging_mixin.py:190} INFO - [2025-11-03T14:23:49.575+0000] {dagbag.py:387} ERROR - Failed to import: /opt/airflow/dags/fraud_detection_training_dag.py
Traceback (most recent call last):
  File "/home/airflow/.local/lib/python3.12/site-packages/airflow/models/dagbag.py", line 383, in parse
    loader.exec_module(new_module)
  File "<frozen importlib._bootstrap_external>", line 999, in exec_module
  File "<frozen importlib._bootstrap>", line 488, in _call_with_frames_removed
  File "/opt/airflow/dags/fraud_detection_training_dag.py", line 118, in <module>
    env={'CONFIG_PATH': Variable.get('config_path', default_var='/app/config.yaml')}
                        ^^^^^^^^^^^^^^^^^^^^^^^^^^^^^^^^^^^^^^^^^^^^^^^^^^^^^^^^^^^
  File "/home/airflow/.local/lib/python3.12/site-packages/airflow/models/variable.py", line 140, in get
    var_val = Variable.get_variable_from_secrets(key=key)
              ^^^^^^^^^^^^^^^^^^^^^^^^^^^^^^^^^^^^^^^^^^^
  File "/home/airflow/.local/lib/python3.12/site-packages/airflow/models/variable.py", line 353, in get_variable_from_secrets
    var_val = secrets_backend.get_variable(key=key)
              ^^^^^^^^^^^^^^^^^^^^^^^^^^^^^^^^^^^^^
  File "/home/airflow/.local/lib/python3.12/site-packages/airflow/utils/session.py", line 97, in wrapper
    return func(*args, session=session, **kwargs)
           ^^^^^^^^^^^^^^^^^^^^^^^^^^^^^^^^^^^^^^
  File "/home/airflow/.local/lib/python3.12/site-packages/airflow/secrets/metastore.py", line 66, in get_variable
    return MetastoreBackend._fetch_variable(key=key, session=session)
           ^^^^^^^^^^^^^^^^^^^^^^^^^^^^^^^^^^^^^^^^^^^^^^^^^^^^^^^^^^
  File "/home/airflow/.local/lib/python3.12/site-packages/airflow/api_internal/internal_api_call.py", line 166, in wrapper
    return func(*args, **kwargs)
           ^^^^^^^^^^^^^^^^^^^^^
  File "/home/airflow/.local/lib/python3.12/site-packages/airflow/utils/session.py", line 94, in wrapper
    return func(*args, **kwargs)
           ^^^^^^^^^^^^^^^^^^^^^
  File "/home/airflow/.local/lib/python3.12/site-packages/airflow/secrets/metastore.py", line 84, in _fetch_variable
    var_value = session.scalar(select(Variable).where(Variable.key == key).limit(1))
                ^^^^^^^^^^^^^^^^^^^^^^^^^^^^^^^^^^^^^^^^^^^^^^^^^^^^^^^^^^^^^^^^^^^^
  File "/home/airflow/.local/lib/python3.12/site-packages/sqlalchemy/orm/session.py", line 1747, in scalar
    return self.execute(
           ^^^^^^^^^^^^^
  File "/home/airflow/.local/lib/python3.12/site-packages/sqlalchemy/orm/session.py", line 1717, in execute
    result = conn._execute_20(statement, params or {}, execution_options)
             ^^^^^^^^^^^^^^^^^^^^^^^^^^^^^^^^^^^^^^^^^^^^^^^^^^^^^^^^^^^^
  File "/home/airflow/.local/lib/python3.12/site-packages/sqlalchemy/engine/base.py", line 1710, in _execute_20
    return meth(self, args_10style, kwargs_10style, execution_options)
           ^^^^^^^^^^^^^^^^^^^^^^^^^^^^^^^^^^^^^^^^^^^^^^^^^^^^^^^^^^^
  File "/home/airflow/.local/lib/python3.12/site-packages/sqlalchemy/sql/elements.py", line 334, in _execute_on_connection
    return connection._execute_clauseelement(
           ^^^^^^^^^^^^^^^^^^^^^^^^^^^^^^^^^^
  File "/home/airflow/.local/lib/python3.12/site-packages/sqlalchemy/engine/base.py", line 1569, in _execute_clauseelement
    compiled_sql, extracted_params, cache_hit = elem._compile_w_cache(
                                                ^^^^^^^^^^^^^^^^^^^^^^
  File "/home/airflow/.local/lib/python3.12/site-packages/sqlalchemy/sql/elements.py", line 532, in _compile_w_cache
    compiled_sql = self._compiler(
                   ^^^^^^^^^^^^^^^
  File "/home/airflow/.local/lib/python3.12/site-packages/sqlalchemy/sql/elements.py", line 567, in _compiler
    return dialect.statement_compiler(dialect, self, **kw)
           ^^^^^^^^^^^^^^^^^^^^^^^^^^^^^^^^^^^^^^^^^^^^^^^
  File "/home/airflow/.local/lib/python3.12/site-packages/sqlalchemy/sql/compiler.py", line 809, in __init__
    Compiled.__init__(self, dialect, statement, **kwargs)
  File "/home/airflow/.local/lib/python3.12/site-packages/sqlalchemy/sql/compiler.py", line 464, in __init__
    self.string = self.process(self.statement, **compile_kwargs)
                  ^^^^^^^^^^^^^^^^^^^^^^^^^^^^^^^^^^^^^^^^^^^^^^
  File "/home/airflow/.local/lib/python3.12/site-packages/sqlalchemy/sql/compiler.py", line 499, in process
    return obj._compiler_dispatch(self, **kwargs)
           ^^^^^^^^^^^^^^^^^^^^^^^^^^^^^^^^^^^^^^
  File "/home/airflow/.local/lib/python3.12/site-packages/sqlalchemy/sql/visitors.py", line 82, in _compiler_dispatch
    return meth(self, **kw)
           ^^^^^^^^^^^^^^^^
  File "/home/airflow/.local/lib/python3.12/site-packages/sqlalchemy/sql/compiler.py", line 3486, in visit_select
    self._label_select_column(
  File "/home/airflow/.local/lib/python3.12/site-packages/sqlalchemy/sql/compiler.py", line 3317, in _label_select_column
    return result_expr._compiler_dispatch(self, **column_clause_args)
           ^^^^^^^^^^^^^^^^^^^^^^^^^^^^^^^^^^^^^^^^^^^^^^^^^^^^^^^^^^
  File "/home/airflow/.local/lib/python3.12/site-packages/sqlalchemy/sql/visitors.py", line 82, in _compiler_dispatch
    return meth(self, **kw)
           ^^^^^^^^^^^^^^^^
  File "/home/airflow/.local/lib/python3.12/site-packages/sqlalchemy/sql/compiler.py", line 1580, in visit_column
    add_to_result_map(name, orig_name, targets, column.type)
  File "/home/airflow/.local/lib/python3.12/site-packages/sqlalchemy/sql/compiler.py", line 3124, in _add_to_result_map
    def _add_to_result_map(self, keyname, name, objects, type_):
    
  File "/home/airflow/.local/lib/python3.12/site-packages/airflow/utils/timeout.py", line 69, in handle_timeout
    raise AirflowTaskTimeout(self.error_message)
airflow.exceptions.AirflowTaskTimeout: DagBag import timeout for /opt/airflow/dags/fraud_detection_training_dag.py after 30.0s.
Please take a look at these docs to improve your DAG import time:
* https://airflow.apache.org/docs/apache-airflow/2.10.5/best-practices.html#top-level-python-code
* https://airflow.apache.org/docs/apache-airflow/2.10.5/best-practices.html#reducing-dag-complexity, PID: 892
[2025-11-03T14:24:01.016+0000] {processor.py:927} WARNING - No viable dags retrieved from /opt/airflow/dags/fraud_detection_training_dag.py
[2025-11-03T14:24:34.655+0000] {processor.py:186} INFO - Started process (PID=908) to work on /opt/airflow/dags/fraud_detection_training_dag.py
[2025-11-03T14:24:34.683+0000] {processor.py:914} INFO - Processing file /opt/airflow/dags/fraud_detection_training_dag.py for tasks to queue
[2025-11-03T14:24:34.716+0000] {logging_mixin.py:190} INFO - [2025-11-03T14:24:34.711+0000] {dagbag.py:588} INFO - Filling up the DagBag from /opt/airflow/dags/fraud_detection_training_dag.py
[2025-11-03T14:24:40.384+0000] {processor.py:925} INFO - DAG(s) 'fraud_detection_training' retrieved from /opt/airflow/dags/fraud_detection_training_dag.py
[2025-11-03T14:25:19.451+0000] {logging_mixin.py:190} INFO - [2025-11-03T14:25:19.377+0000] {dag.py:3239} INFO - Sync 1 DAGs
[2025-11-03T14:26:01.331+0000] {processor.py:186} INFO - Started process (PID=925) to work on /opt/airflow/dags/fraud_detection_training_dag.py
[2025-11-03T14:26:01.449+0000] {processor.py:914} INFO - Processing file /opt/airflow/dags/fraud_detection_training_dag.py for tasks to queue
[2025-11-03T14:26:01.788+0000] {logging_mixin.py:190} INFO - [2025-11-03T14:26:01.663+0000] {dagbag.py:588} INFO - Filling up the DagBag from /opt/airflow/dags/fraud_detection_training_dag.py
[2025-11-03T14:26:32.328+0000] {logging_mixin.py:190} INFO - [2025-11-03T14:26:32.318+0000] {timeout.py:68} ERROR - Process timed out, PID: 925
[2025-11-03T14:26:35.201+0000] {logging_mixin.py:190} INFO - [2025-11-03T14:26:32.585+0000] {dagbag.py:387} ERROR - Failed to import: /opt/airflow/dags/fraud_detection_training_dag.py
Traceback (most recent call last):
  File "/home/airflow/.local/lib/python3.12/site-packages/airflow/models/dagbag.py", line 383, in parse
    loader.exec_module(new_module)
  File "<frozen importlib._bootstrap_external>", line 999, in exec_module
  File "<frozen importlib._bootstrap>", line 488, in _call_with_frames_removed
  File "/opt/airflow/dags/fraud_detection_training_dag.py", line 118, in <module>
    env={'CONFIG_PATH': Variable.get('config_path', default_var='/app/config.yaml')}
                        ^^^^^^^^^^^^^^^^^^^^^^^^^^^^^^^^^^^^^^^^^^^^^^^^^^^^^^^^^^^
  File "/home/airflow/.local/lib/python3.12/site-packages/airflow/models/variable.py", line 140, in get
    var_val = Variable.get_variable_from_secrets(key=key)
              ^^^^^^^^^^^^^^^^^^^^^^^^^^^^^^^^^^^^^^^^^^^
  File "/home/airflow/.local/lib/python3.12/site-packages/airflow/models/variable.py", line 353, in get_variable_from_secrets
    var_val = secrets_backend.get_variable(key=key)
              ^^^^^^^^^^^^^^^^^^^^^^^^^^^^^^^^^^^^^
  File "/home/airflow/.local/lib/python3.12/site-packages/airflow/utils/session.py", line 97, in wrapper
    return func(*args, session=session, **kwargs)
           ^^^^^^^^^^^^^^^^^^^^^^^^^^^^^^^^^^^^^^
  File "/home/airflow/.local/lib/python3.12/site-packages/airflow/secrets/metastore.py", line 66, in get_variable
    return MetastoreBackend._fetch_variable(key=key, session=session)
           ^^^^^^^^^^^^^^^^^^^^^^^^^^^^^^^^^^^^^^^^^^^^^^^^^^^^^^^^^^
  File "/home/airflow/.local/lib/python3.12/site-packages/airflow/api_internal/internal_api_call.py", line 166, in wrapper
    return func(*args, **kwargs)
           ^^^^^^^^^^^^^^^^^^^^^
  File "/home/airflow/.local/lib/python3.12/site-packages/airflow/utils/session.py", line 94, in wrapper
    return func(*args, **kwargs)
           ^^^^^^^^^^^^^^^^^^^^^
  File "/home/airflow/.local/lib/python3.12/site-packages/airflow/secrets/metastore.py", line 84, in _fetch_variable
    var_value = session.scalar(select(Variable).where(Variable.key == key).limit(1))
                               ^^^^^^^^^^^^^^^^
  File "<string>", line 2, in select
  File "/home/airflow/.local/lib/python3.12/site-packages/sqlalchemy/sql/selectable.py", line 5313, in _create
    return cls._create_future_select(*args)
           ^^^^^^^^^^^^^^^^^^^^^^^^^^^^^^^^
  File "/home/airflow/.local/lib/python3.12/site-packages/sqlalchemy/sql/selectable.py", line 5232, in _create_future_select
    coercions.expect(
  File "/home/airflow/.local/lib/python3.12/site-packages/sqlalchemy/sql/coercions.py", line 188, in expect
    resolved = insp.__clause_element__()
               ^^^^^^^^^^^^^^^^^^^^^^^^^
  File "/home/airflow/.local/lib/python3.12/site-packages/sqlalchemy/util/langhelpers.py", line 1193, in oneshot
    result = fn(self, *args, **kw)
             ^^^^^^^^^^^^^^^^^^^^^
  File "/home/airflow/.local/lib/python3.12/site-packages/sqlalchemy/orm/mapper.py", line 2345, in __clause_element__
    return self.selectable._annotate(annotations)._set_propagate_attrs(
           ^^^^^^^^^^^^^^^^^^^^^^^^^^^^^^^^^^^^^^
  File "/home/airflow/.local/lib/python3.12/site-packages/sqlalchemy/sql/annotation.py", line 99, in _annotate
    def _annotate(self, values):
    
  File "/home/airflow/.local/lib/python3.12/site-packages/airflow/utils/timeout.py", line 69, in handle_timeout
    raise AirflowTaskTimeout(self.error_message)
airflow.exceptions.AirflowTaskTimeout: DagBag import timeout for /opt/airflow/dags/fraud_detection_training_dag.py after 30.0s.
Please take a look at these docs to improve your DAG import time:
* https://airflow.apache.org/docs/apache-airflow/2.10.5/best-practices.html#top-level-python-code
* https://airflow.apache.org/docs/apache-airflow/2.10.5/best-practices.html#reducing-dag-complexity, PID: 925
[2025-11-03T14:26:35.495+0000] {processor.py:927} WARNING - No viable dags retrieved from /opt/airflow/dags/fraud_detection_training_dag.py
[2025-11-03T14:26:40.395+0000] {processor.py:208} INFO - Processing /opt/airflow/dags/fraud_detection_training_dag.py took 41.974 seconds
[2025-11-03T14:27:18.212+0000] {processor.py:186} INFO - Started process (PID=940) to work on /opt/airflow/dags/fraud_detection_training_dag.py
[2025-11-03T14:27:18.223+0000] {processor.py:914} INFO - Processing file /opt/airflow/dags/fraud_detection_training_dag.py for tasks to queue
[2025-11-03T14:27:18.241+0000] {logging_mixin.py:190} INFO - [2025-11-03T14:27:18.236+0000] {dagbag.py:588} INFO - Filling up the DagBag from /opt/airflow/dags/fraud_detection_training_dag.py
[2025-11-03T14:27:23.982+0000] {processor.py:925} INFO - DAG(s) 'fraud_detection_training' retrieved from /opt/airflow/dags/fraud_detection_training_dag.py
