[2025-11-11T09:03:24.490+0000] {processor.py:186} INFO - Started process (PID=129) to work on /opt/airflow/dags/fraud_detection_training_dag.py
[2025-11-11T09:03:25.149+0000] {processor.py:914} INFO - Processing file /opt/airflow/dags/fraud_detection_training_dag.py for tasks to queue
[2025-11-11T09:03:25.470+0000] {logging_mixin.py:190} INFO - [2025-11-11T09:03:25.462+0000] {dagbag.py:588} INFO - Filling up the DagBag from /opt/airflow/dags/fraud_detection_training_dag.py
[2025-11-11T09:03:34.137+0000] {processor.py:925} INFO - DAG(s) 'fraud_detection_training' retrieved from /opt/airflow/dags/fraud_detection_training_dag.py
[2025-11-11T09:03:35.367+0000] {logging_mixin.py:190} INFO - [2025-11-11T09:03:35.367+0000] {dag.py:3239} INFO - Sync 1 DAGs
[2025-11-11T09:03:35.957+0000] {logging_mixin.py:190} INFO - [2025-11-11T09:03:35.956+0000] {dag.py:4180} INFO - Setting next_dagrun for fraud_detection_training to 2025-11-10 03:00:00+00:00, run_after=2025-11-11 03:00:00+00:00
[2025-11-11T09:03:36.917+0000] {processor.py:208} INFO - Processing /opt/airflow/dags/fraud_detection_training_dag.py took 13.731 seconds
[2025-11-11T09:04:08.653+0000] {processor.py:186} INFO - Started process (PID=146) to work on /opt/airflow/dags/fraud_detection_training_dag.py
[2025-11-11T09:04:08.680+0000] {processor.py:914} INFO - Processing file /opt/airflow/dags/fraud_detection_training_dag.py for tasks to queue
[2025-11-11T09:04:08.812+0000] {logging_mixin.py:190} INFO - [2025-11-11T09:04:08.739+0000] {dagbag.py:588} INFO - Filling up the DagBag from /opt/airflow/dags/fraud_detection_training_dag.py
[2025-11-11T09:04:09.880+0000] {processor.py:925} INFO - DAG(s) 'fraud_detection_training' retrieved from /opt/airflow/dags/fraud_detection_training_dag.py
[2025-11-11T09:04:10.201+0000] {logging_mixin.py:190} INFO - [2025-11-11T09:04:10.200+0000] {dag.py:3239} INFO - Sync 1 DAGs
[2025-11-11T09:04:10.744+0000] {logging_mixin.py:190} INFO - [2025-11-11T09:04:10.731+0000] {dag.py:4180} INFO - Setting next_dagrun for fraud_detection_training to 2025-11-10 03:00:00+00:00, run_after=2025-11-11 03:00:00+00:00
[2025-11-11T09:04:11.041+0000] {processor.py:208} INFO - Processing /opt/airflow/dags/fraud_detection_training_dag.py took 2.881 seconds
[2025-11-11T09:04:41.497+0000] {processor.py:186} INFO - Started process (PID=155) to work on /opt/airflow/dags/fraud_detection_training_dag.py
[2025-11-11T09:04:41.505+0000] {processor.py:914} INFO - Processing file /opt/airflow/dags/fraud_detection_training_dag.py for tasks to queue
[2025-11-11T09:04:41.515+0000] {logging_mixin.py:190} INFO - [2025-11-11T09:04:41.514+0000] {dagbag.py:588} INFO - Filling up the DagBag from /opt/airflow/dags/fraud_detection_training_dag.py
[2025-11-11T09:04:41.724+0000] {processor.py:925} INFO - DAG(s) 'fraud_detection_training' retrieved from /opt/airflow/dags/fraud_detection_training_dag.py
[2025-11-11T09:04:42.899+0000] {logging_mixin.py:190} INFO - [2025-11-11T09:04:42.898+0000] {dag.py:3239} INFO - Sync 1 DAGs
[2025-11-11T09:04:43.343+0000] {logging_mixin.py:190} INFO - [2025-11-11T09:04:43.343+0000] {dag.py:4180} INFO - Setting next_dagrun for fraud_detection_training to 2025-11-10 03:00:00+00:00, run_after=2025-11-11 03:00:00+00:00
[2025-11-11T09:04:43.637+0000] {processor.py:208} INFO - Processing /opt/airflow/dags/fraud_detection_training_dag.py took 2.197 seconds
[2025-11-11T09:05:18.321+0000] {processor.py:186} INFO - Started process (PID=164) to work on /opt/airflow/dags/fraud_detection_training_dag.py
[2025-11-11T09:05:18.334+0000] {processor.py:914} INFO - Processing file /opt/airflow/dags/fraud_detection_training_dag.py for tasks to queue
[2025-11-11T09:05:18.358+0000] {logging_mixin.py:190} INFO - [2025-11-11T09:05:18.356+0000] {dagbag.py:588} INFO - Filling up the DagBag from /opt/airflow/dags/fraud_detection_training_dag.py
[2025-11-11T09:05:18.942+0000] {processor.py:925} INFO - DAG(s) 'fraud_detection_training' retrieved from /opt/airflow/dags/fraud_detection_training_dag.py
[2025-11-11T09:05:19.670+0000] {logging_mixin.py:190} INFO - [2025-11-11T09:05:19.669+0000] {dag.py:3239} INFO - Sync 1 DAGs
[2025-11-11T09:05:20.420+0000] {logging_mixin.py:190} INFO - [2025-11-11T09:05:20.419+0000] {dag.py:4180} INFO - Setting next_dagrun for fraud_detection_training to 2025-11-10 03:00:00+00:00, run_after=2025-11-11 03:00:00+00:00
[2025-11-11T09:05:21.069+0000] {processor.py:208} INFO - Processing /opt/airflow/dags/fraud_detection_training_dag.py took 2.868 seconds
[2025-11-11T09:05:52.191+0000] {processor.py:186} INFO - Started process (PID=173) to work on /opt/airflow/dags/fraud_detection_training_dag.py
[2025-11-11T09:05:52.210+0000] {processor.py:914} INFO - Processing file /opt/airflow/dags/fraud_detection_training_dag.py for tasks to queue
[2025-11-11T09:05:52.220+0000] {logging_mixin.py:190} INFO - [2025-11-11T09:05:52.219+0000] {dagbag.py:588} INFO - Filling up the DagBag from /opt/airflow/dags/fraud_detection_training_dag.py
[2025-11-11T09:05:52.575+0000] {processor.py:925} INFO - DAG(s) 'fraud_detection_training' retrieved from /opt/airflow/dags/fraud_detection_training_dag.py
[2025-11-11T09:05:52.721+0000] {logging_mixin.py:190} INFO - [2025-11-11T09:05:52.721+0000] {dag.py:3239} INFO - Sync 1 DAGs
[2025-11-11T09:05:53.058+0000] {logging_mixin.py:190} INFO - [2025-11-11T09:05:53.057+0000] {dag.py:4180} INFO - Setting next_dagrun for fraud_detection_training to 2025-11-10 03:00:00+00:00, run_after=2025-11-11 03:00:00+00:00
[2025-11-11T09:05:53.284+0000] {processor.py:208} INFO - Processing /opt/airflow/dags/fraud_detection_training_dag.py took 1.193 seconds
[2025-11-11T09:06:26.690+0000] {processor.py:186} INFO - Started process (PID=182) to work on /opt/airflow/dags/fraud_detection_training_dag.py
[2025-11-11T09:06:26.725+0000] {processor.py:914} INFO - Processing file /opt/airflow/dags/fraud_detection_training_dag.py for tasks to queue
[2025-11-11T09:06:26.880+0000] {logging_mixin.py:190} INFO - [2025-11-11T09:06:26.851+0000] {dagbag.py:588} INFO - Filling up the DagBag from /opt/airflow/dags/fraud_detection_training_dag.py
[2025-11-11T09:06:29.797+0000] {processor.py:925} INFO - DAG(s) 'fraud_detection_training' retrieved from /opt/airflow/dags/fraud_detection_training_dag.py
[2025-11-11T09:06:31.132+0000] {logging_mixin.py:190} INFO - [2025-11-11T09:06:31.130+0000] {dag.py:3239} INFO - Sync 1 DAGs
[2025-11-11T09:06:32.400+0000] {logging_mixin.py:190} INFO - [2025-11-11T09:06:32.400+0000] {dag.py:4180} INFO - Setting next_dagrun for fraud_detection_training to 2025-11-10 03:00:00+00:00, run_after=2025-11-11 03:00:00+00:00
[2025-11-11T09:06:34.412+0000] {processor.py:208} INFO - Processing /opt/airflow/dags/fraud_detection_training_dag.py took 8.545 seconds
[2025-11-11T09:07:05.827+0000] {processor.py:186} INFO - Started process (PID=192) to work on /opt/airflow/dags/fraud_detection_training_dag.py
[2025-11-11T09:07:05.836+0000] {processor.py:914} INFO - Processing file /opt/airflow/dags/fraud_detection_training_dag.py for tasks to queue
[2025-11-11T09:07:05.855+0000] {logging_mixin.py:190} INFO - [2025-11-11T09:07:05.847+0000] {dagbag.py:588} INFO - Filling up the DagBag from /opt/airflow/dags/fraud_detection_training_dag.py
[2025-11-11T09:07:06.306+0000] {processor.py:925} INFO - DAG(s) 'fraud_detection_training' retrieved from /opt/airflow/dags/fraud_detection_training_dag.py
[2025-11-11T09:07:07.724+0000] {logging_mixin.py:190} INFO - [2025-11-11T09:07:07.708+0000] {dag.py:3239} INFO - Sync 1 DAGs
[2025-11-11T09:07:08.546+0000] {logging_mixin.py:190} INFO - [2025-11-11T09:07:08.545+0000] {dag.py:4180} INFO - Setting next_dagrun for fraud_detection_training to 2025-11-10 03:00:00+00:00, run_after=2025-11-11 03:00:00+00:00
[2025-11-11T09:07:09.159+0000] {processor.py:208} INFO - Processing /opt/airflow/dags/fraud_detection_training_dag.py took 3.447 seconds
[2025-11-11T09:07:41.308+0000] {processor.py:186} INFO - Started process (PID=202) to work on /opt/airflow/dags/fraud_detection_training_dag.py
[2025-11-11T09:07:41.353+0000] {processor.py:914} INFO - Processing file /opt/airflow/dags/fraud_detection_training_dag.py for tasks to queue
[2025-11-11T09:07:41.389+0000] {logging_mixin.py:190} INFO - [2025-11-11T09:07:41.388+0000] {dagbag.py:588} INFO - Filling up the DagBag from /opt/airflow/dags/fraud_detection_training_dag.py
[2025-11-11T09:07:41.887+0000] {processor.py:925} INFO - DAG(s) 'fraud_detection_training' retrieved from /opt/airflow/dags/fraud_detection_training_dag.py
[2025-11-11T09:07:42.921+0000] {logging_mixin.py:190} INFO - [2025-11-11T09:07:42.920+0000] {dag.py:3239} INFO - Sync 1 DAGs
[2025-11-11T09:08:05.893+0000] {logging_mixin.py:190} INFO - [2025-11-11T09:08:05.798+0000] {dag.py:4180} INFO - Setting next_dagrun for fraud_detection_training to 2025-11-10 03:00:00+00:00, run_after=2025-11-11 03:00:00+00:00
[2025-11-11T09:08:11.924+0000] {processor.py:208} INFO - Processing /opt/airflow/dags/fraud_detection_training_dag.py took 30.811 seconds
[2025-11-11T09:08:57.745+0000] {processor.py:186} INFO - Started process (PID=210) to work on /opt/airflow/dags/fraud_detection_training_dag.py
[2025-11-11T09:08:57.811+0000] {processor.py:914} INFO - Processing file /opt/airflow/dags/fraud_detection_training_dag.py for tasks to queue
[2025-11-11T09:08:58.108+0000] {logging_mixin.py:190} INFO - [2025-11-11T09:08:58.107+0000] {dagbag.py:588} INFO - Filling up the DagBag from /opt/airflow/dags/fraud_detection_training_dag.py
[2025-11-11T09:09:16.251+0000] {processor.py:925} INFO - DAG(s) 'fraud_detection_training' retrieved from /opt/airflow/dags/fraud_detection_training_dag.py
[2025-11-11T09:09:17.707+0000] {logging_mixin.py:190} INFO - [2025-11-11T09:09:17.706+0000] {dag.py:3239} INFO - Sync 1 DAGs
[2025-11-11T09:09:22.247+0000] {logging_mixin.py:190} INFO - [2025-11-11T09:09:22.245+0000] {dag.py:4180} INFO - Setting next_dagrun for fraud_detection_training to 2025-11-10 03:00:00+00:00, run_after=2025-11-11 03:00:00+00:00
[2025-11-11T09:09:22.832+0000] {processor.py:208} INFO - Processing /opt/airflow/dags/fraud_detection_training_dag.py took 25.705 seconds
[2025-11-11T09:09:58.383+0000] {processor.py:186} INFO - Started process (PID=225) to work on /opt/airflow/dags/fraud_detection_training_dag.py
[2025-11-11T09:09:58.495+0000] {processor.py:914} INFO - Processing file /opt/airflow/dags/fraud_detection_training_dag.py for tasks to queue
[2025-11-11T09:09:58.562+0000] {logging_mixin.py:190} INFO - [2025-11-11T09:09:58.561+0000] {dagbag.py:588} INFO - Filling up the DagBag from /opt/airflow/dags/fraud_detection_training_dag.py
[2025-11-11T09:10:00.278+0000] {processor.py:925} INFO - DAG(s) 'fraud_detection_training' retrieved from /opt/airflow/dags/fraud_detection_training_dag.py
[2025-11-11T09:10:01.773+0000] {logging_mixin.py:190} INFO - [2025-11-11T09:10:01.766+0000] {dag.py:3239} INFO - Sync 1 DAGs
[2025-11-11T09:10:05.586+0000] {logging_mixin.py:190} INFO - [2025-11-11T09:10:05.527+0000] {dag.py:4180} INFO - Setting next_dagrun for fraud_detection_training to 2025-11-10 03:00:00+00:00, run_after=2025-11-11 03:00:00+00:00
[2025-11-11T09:10:14.537+0000] {processor.py:208} INFO - Processing /opt/airflow/dags/fraud_detection_training_dag.py took 16.234 seconds
[2025-11-11T09:11:07.836+0000] {processor.py:186} INFO - Started process (PID=240) to work on /opt/airflow/dags/fraud_detection_training_dag.py
[2025-11-11T09:11:07.863+0000] {processor.py:914} INFO - Processing file /opt/airflow/dags/fraud_detection_training_dag.py for tasks to queue
[2025-11-11T09:11:07.999+0000] {logging_mixin.py:190} INFO - [2025-11-11T09:11:07.957+0000] {dagbag.py:588} INFO - Filling up the DagBag from /opt/airflow/dags/fraud_detection_training_dag.py
[2025-11-11T09:11:09.587+0000] {processor.py:925} INFO - DAG(s) 'fraud_detection_training' retrieved from /opt/airflow/dags/fraud_detection_training_dag.py
[2025-11-11T09:11:28.378+0000] {logging_mixin.py:190} INFO - [2025-11-11T09:11:28.369+0000] {dag.py:3239} INFO - Sync 1 DAGs
[2025-11-11T09:11:37.647+0000] {logging_mixin.py:190} INFO - [2025-11-11T09:11:37.638+0000] {dag.py:4180} INFO - Setting next_dagrun for fraud_detection_training to 2025-11-10 03:00:00+00:00, run_after=2025-11-11 03:00:00+00:00
[2025-11-11T09:11:38.634+0000] {processor.py:208} INFO - Processing /opt/airflow/dags/fraud_detection_training_dag.py took 30.902 seconds
[2025-11-11T09:12:13.650+0000] {processor.py:186} INFO - Started process (PID=255) to work on /opt/airflow/dags/fraud_detection_training_dag.py
[2025-11-11T09:12:13.700+0000] {processor.py:914} INFO - Processing file /opt/airflow/dags/fraud_detection_training_dag.py for tasks to queue
[2025-11-11T09:12:19.450+0000] {logging_mixin.py:190} INFO - [2025-11-11T09:12:19.432+0000] {dagbag.py:588} INFO - Filling up the DagBag from /opt/airflow/dags/fraud_detection_training_dag.py
[2025-11-11T09:12:20.778+0000] {processor.py:925} INFO - DAG(s) 'fraud_detection_training' retrieved from /opt/airflow/dags/fraud_detection_training_dag.py
[2025-11-11T09:12:21.798+0000] {logging_mixin.py:190} INFO - [2025-11-11T09:12:21.787+0000] {dag.py:3239} INFO - Sync 1 DAGs
[2025-11-11T09:12:22.208+0000] {logging_mixin.py:190} INFO - [2025-11-11T09:12:22.207+0000] {dag.py:4180} INFO - Setting next_dagrun for fraud_detection_training to 2025-11-10 03:00:00+00:00, run_after=2025-11-11 03:00:00+00:00
[2025-11-11T09:12:22.428+0000] {processor.py:208} INFO - Processing /opt/airflow/dags/fraud_detection_training_dag.py took 9.125 seconds
[2025-11-11T09:13:05.905+0000] {processor.py:186} INFO - Started process (PID=266) to work on /opt/airflow/dags/fraud_detection_training_dag.py
[2025-11-11T09:13:05.911+0000] {processor.py:914} INFO - Processing file /opt/airflow/dags/fraud_detection_training_dag.py for tasks to queue
[2025-11-11T09:13:05.922+0000] {logging_mixin.py:190} INFO - [2025-11-11T09:13:05.921+0000] {dagbag.py:588} INFO - Filling up the DagBag from /opt/airflow/dags/fraud_detection_training_dag.py
[2025-11-11T09:13:06.662+0000] {processor.py:925} INFO - DAG(s) 'fraud_detection_training' retrieved from /opt/airflow/dags/fraud_detection_training_dag.py
[2025-11-11T09:13:07.030+0000] {logging_mixin.py:190} INFO - [2025-11-11T09:13:07.029+0000] {dag.py:3239} INFO - Sync 1 DAGs
[2025-11-11T09:13:07.316+0000] {logging_mixin.py:190} INFO - [2025-11-11T09:13:07.315+0000] {dag.py:4180} INFO - Setting next_dagrun for fraud_detection_training to 2025-11-10 03:00:00+00:00, run_after=2025-11-11 03:00:00+00:00
[2025-11-11T09:13:07.682+0000] {processor.py:208} INFO - Processing /opt/airflow/dags/fraud_detection_training_dag.py took 1.891 seconds
[2025-11-11T09:13:58.354+0000] {processor.py:186} INFO - Started process (PID=281) to work on /opt/airflow/dags/fraud_detection_training_dag.py
[2025-11-11T09:13:58.397+0000] {processor.py:914} INFO - Processing file /opt/airflow/dags/fraud_detection_training_dag.py for tasks to queue
[2025-11-11T09:13:58.457+0000] {logging_mixin.py:190} INFO - [2025-11-11T09:13:58.445+0000] {dagbag.py:588} INFO - Filling up the DagBag from /opt/airflow/dags/fraud_detection_training_dag.py
[2025-11-11T09:13:59.025+0000] {processor.py:925} INFO - DAG(s) 'fraud_detection_training' retrieved from /opt/airflow/dags/fraud_detection_training_dag.py
[2025-11-11T09:13:59.391+0000] {logging_mixin.py:190} INFO - [2025-11-11T09:13:59.390+0000] {dag.py:3239} INFO - Sync 1 DAGs
[2025-11-11T09:14:00.575+0000] {logging_mixin.py:190} INFO - [2025-11-11T09:14:00.575+0000] {dag.py:4180} INFO - Setting next_dagrun for fraud_detection_training to 2025-11-10 03:00:00+00:00, run_after=2025-11-11 03:00:00+00:00
[2025-11-11T09:14:00.947+0000] {processor.py:208} INFO - Processing /opt/airflow/dags/fraud_detection_training_dag.py took 2.785 seconds
[2025-11-11T09:14:44.511+0000] {processor.py:186} INFO - Started process (PID=290) to work on /opt/airflow/dags/fraud_detection_training_dag.py
[2025-11-11T09:14:44.521+0000] {processor.py:914} INFO - Processing file /opt/airflow/dags/fraud_detection_training_dag.py for tasks to queue
[2025-11-11T09:14:44.542+0000] {logging_mixin.py:190} INFO - [2025-11-11T09:14:44.533+0000] {dagbag.py:588} INFO - Filling up the DagBag from /opt/airflow/dags/fraud_detection_training_dag.py
[2025-11-11T09:14:45.223+0000] {processor.py:925} INFO - DAG(s) 'fraud_detection_training' retrieved from /opt/airflow/dags/fraud_detection_training_dag.py
[2025-11-11T09:14:45.850+0000] {logging_mixin.py:190} INFO - [2025-11-11T09:14:45.840+0000] {dag.py:3239} INFO - Sync 1 DAGs
[2025-11-11T09:14:51.140+0000] {logging_mixin.py:190} INFO - [2025-11-11T09:14:51.139+0000] {dag.py:4180} INFO - Setting next_dagrun for fraud_detection_training to 2025-11-10 03:00:00+00:00, run_after=2025-11-11 03:00:00+00:00
[2025-11-11T09:14:51.694+0000] {processor.py:208} INFO - Processing /opt/airflow/dags/fraud_detection_training_dag.py took 7.240 seconds
[2025-11-11T09:15:22.757+0000] {processor.py:186} INFO - Started process (PID=299) to work on /opt/airflow/dags/fraud_detection_training_dag.py
[2025-11-11T09:15:22.760+0000] {processor.py:914} INFO - Processing file /opt/airflow/dags/fraud_detection_training_dag.py for tasks to queue
[2025-11-11T09:15:22.776+0000] {logging_mixin.py:190} INFO - [2025-11-11T09:15:22.776+0000] {dagbag.py:588} INFO - Filling up the DagBag from /opt/airflow/dags/fraud_detection_training_dag.py
[2025-11-11T09:15:32.076+0000] {processor.py:925} INFO - DAG(s) 'fraud_detection_training' retrieved from /opt/airflow/dags/fraud_detection_training_dag.py
[2025-11-11T09:15:42.474+0000] {logging_mixin.py:190} INFO - [2025-11-11T09:15:42.473+0000] {dag.py:3239} INFO - Sync 1 DAGs
[2025-11-11T09:15:52.348+0000] {logging_mixin.py:190} INFO - [2025-11-11T09:15:52.348+0000] {dag.py:4180} INFO - Setting next_dagrun for fraud_detection_training to 2025-11-10 03:00:00+00:00, run_after=2025-11-11 03:00:00+00:00
[2025-11-11T09:15:58.325+0000] {processor.py:208} INFO - Processing /opt/airflow/dags/fraud_detection_training_dag.py took 35.649 seconds
[2025-11-11T09:16:29.479+0000] {processor.py:186} INFO - Started process (PID=308) to work on /opt/airflow/dags/fraud_detection_training_dag.py
[2025-11-11T09:16:29.493+0000] {processor.py:914} INFO - Processing file /opt/airflow/dags/fraud_detection_training_dag.py for tasks to queue
[2025-11-11T09:16:29.535+0000] {logging_mixin.py:190} INFO - [2025-11-11T09:16:29.515+0000] {dagbag.py:588} INFO - Filling up the DagBag from /opt/airflow/dags/fraud_detection_training_dag.py
[2025-11-11T09:16:32.123+0000] {processor.py:925} INFO - DAG(s) 'fraud_detection_training' retrieved from /opt/airflow/dags/fraud_detection_training_dag.py
[2025-11-11T09:16:32.996+0000] {logging_mixin.py:190} INFO - [2025-11-11T09:16:32.995+0000] {dag.py:3239} INFO - Sync 1 DAGs
[2025-11-11T09:16:34.474+0000] {logging_mixin.py:190} INFO - [2025-11-11T09:16:34.362+0000] {dag.py:4180} INFO - Setting next_dagrun for fraud_detection_training to 2025-11-10 03:00:00+00:00, run_after=2025-11-11 03:00:00+00:00
[2025-11-11T09:16:35.387+0000] {processor.py:208} INFO - Processing /opt/airflow/dags/fraud_detection_training_dag.py took 6.101 seconds
[2025-11-11T09:33:43.347+0000] {processor.py:186} INFO - Started process (PID=124) to work on /opt/airflow/dags/fraud_detection_training_dag.py
[2025-11-11T09:33:43.471+0000] {processor.py:914} INFO - Processing file /opt/airflow/dags/fraud_detection_training_dag.py for tasks to queue
[2025-11-11T09:33:43.759+0000] {logging_mixin.py:190} INFO - [2025-11-11T09:33:43.736+0000] {dagbag.py:588} INFO - Filling up the DagBag from /opt/airflow/dags/fraud_detection_training_dag.py
[2025-11-11T09:33:47.500+0000] {processor.py:925} INFO - DAG(s) 'fraud_detection_training' retrieved from /opt/airflow/dags/fraud_detection_training_dag.py
[2025-11-11T09:33:48.383+0000] {logging_mixin.py:190} INFO - [2025-11-11T09:33:48.373+0000] {dag.py:3239} INFO - Sync 1 DAGs
[2025-11-11T09:33:49.228+0000] {logging_mixin.py:190} INFO - [2025-11-11T09:33:49.227+0000] {dag.py:4180} INFO - Setting next_dagrun for fraud_detection_training to 2025-11-10 03:00:00+00:00, run_after=2025-11-11 03:00:00+00:00
[2025-11-11T09:33:49.576+0000] {processor.py:208} INFO - Processing /opt/airflow/dags/fraud_detection_training_dag.py took 7.110 seconds
[2025-11-11T09:34:22.251+0000] {processor.py:186} INFO - Started process (PID=134) to work on /opt/airflow/dags/fraud_detection_training_dag.py
[2025-11-11T09:34:22.266+0000] {processor.py:914} INFO - Processing file /opt/airflow/dags/fraud_detection_training_dag.py for tasks to queue
[2025-11-11T09:34:22.529+0000] {logging_mixin.py:190} INFO - [2025-11-11T09:34:22.520+0000] {dagbag.py:588} INFO - Filling up the DagBag from /opt/airflow/dags/fraud_detection_training_dag.py
[2025-11-11T09:34:37.112+0000] {processor.py:925} INFO - DAG(s) 'fraud_detection_training' retrieved from /opt/airflow/dags/fraud_detection_training_dag.py
[2025-11-11T09:34:37.979+0000] {logging_mixin.py:190} INFO - [2025-11-11T09:34:37.978+0000] {dag.py:3239} INFO - Sync 1 DAGs
[2025-11-11T09:34:39.683+0000] {logging_mixin.py:190} INFO - [2025-11-11T09:34:39.679+0000] {dag.py:4180} INFO - Setting next_dagrun for fraud_detection_training to 2025-11-10 03:00:00+00:00, run_after=2025-11-11 03:00:00+00:00
[2025-11-11T09:34:40.208+0000] {processor.py:208} INFO - Processing /opt/airflow/dags/fraud_detection_training_dag.py took 18.051 seconds
[2025-11-11T09:35:15.012+0000] {processor.py:186} INFO - Started process (PID=148) to work on /opt/airflow/dags/fraud_detection_training_dag.py
[2025-11-11T09:35:15.083+0000] {processor.py:914} INFO - Processing file /opt/airflow/dags/fraud_detection_training_dag.py for tasks to queue
[2025-11-11T09:35:15.754+0000] {logging_mixin.py:190} INFO - [2025-11-11T09:35:15.706+0000] {dagbag.py:588} INFO - Filling up the DagBag from /opt/airflow/dags/fraud_detection_training_dag.py
[2025-11-11T09:35:18.291+0000] {processor.py:925} INFO - DAG(s) 'fraud_detection_training' retrieved from /opt/airflow/dags/fraud_detection_training_dag.py
[2025-11-11T09:35:18.923+0000] {logging_mixin.py:190} INFO - [2025-11-11T09:35:18.923+0000] {dag.py:3239} INFO - Sync 1 DAGs
[2025-11-11T09:35:19.847+0000] {logging_mixin.py:190} INFO - [2025-11-11T09:35:19.847+0000] {dag.py:4180} INFO - Setting next_dagrun for fraud_detection_training to 2025-11-10 03:00:00+00:00, run_after=2025-11-11 03:00:00+00:00
[2025-11-11T09:35:19.955+0000] {processor.py:208} INFO - Processing /opt/airflow/dags/fraud_detection_training_dag.py took 7.448 seconds
[2025-11-11T09:35:54.483+0000] {processor.py:186} INFO - Started process (PID=157) to work on /opt/airflow/dags/fraud_detection_training_dag.py
[2025-11-11T09:35:55.091+0000] {processor.py:914} INFO - Processing file /opt/airflow/dags/fraud_detection_training_dag.py for tasks to queue
[2025-11-11T09:35:55.306+0000] {logging_mixin.py:190} INFO - [2025-11-11T09:35:55.305+0000] {dagbag.py:588} INFO - Filling up the DagBag from /opt/airflow/dags/fraud_detection_training_dag.py
[2025-11-11T09:36:00.260+0000] {processor.py:925} INFO - DAG(s) 'fraud_detection_training' retrieved from /opt/airflow/dags/fraud_detection_training_dag.py
[2025-11-11T09:36:03.485+0000] {logging_mixin.py:190} INFO - [2025-11-11T09:36:03.484+0000] {dag.py:3239} INFO - Sync 1 DAGs
[2025-11-11T09:36:07.237+0000] {logging_mixin.py:190} INFO - [2025-11-11T09:36:07.234+0000] {dag.py:4180} INFO - Setting next_dagrun for fraud_detection_training to 2025-11-10 03:00:00+00:00, run_after=2025-11-11 03:00:00+00:00
[2025-11-11T09:36:07.963+0000] {processor.py:208} INFO - Processing /opt/airflow/dags/fraud_detection_training_dag.py took 15.026 seconds
[2025-11-11T09:36:40.995+0000] {processor.py:186} INFO - Started process (PID=167) to work on /opt/airflow/dags/fraud_detection_training_dag.py
[2025-11-11T09:36:41.106+0000] {processor.py:914} INFO - Processing file /opt/airflow/dags/fraud_detection_training_dag.py for tasks to queue
[2025-11-11T09:36:41.295+0000] {logging_mixin.py:190} INFO - [2025-11-11T09:36:41.285+0000] {dagbag.py:588} INFO - Filling up the DagBag from /opt/airflow/dags/fraud_detection_training_dag.py
[2025-11-11T09:36:55.122+0000] {processor.py:925} INFO - DAG(s) 'fraud_detection_training' retrieved from /opt/airflow/dags/fraud_detection_training_dag.py
[2025-11-11T09:36:55.785+0000] {logging_mixin.py:190} INFO - [2025-11-11T09:36:55.784+0000] {dag.py:3239} INFO - Sync 1 DAGs
[2025-11-11T09:36:57.597+0000] {logging_mixin.py:190} INFO - [2025-11-11T09:36:57.584+0000] {dag.py:4180} INFO - Setting next_dagrun for fraud_detection_training to 2025-11-10 03:00:00+00:00, run_after=2025-11-11 03:00:00+00:00
[2025-11-11T09:37:00.232+0000] {processor.py:208} INFO - Processing /opt/airflow/dags/fraud_detection_training_dag.py took 19.772 seconds
[2025-11-11T09:37:55.488+0000] {processor.py:186} INFO - Started process (PID=182) to work on /opt/airflow/dags/fraud_detection_training_dag.py
[2025-11-11T09:37:55.542+0000] {processor.py:914} INFO - Processing file /opt/airflow/dags/fraud_detection_training_dag.py for tasks to queue
[2025-11-11T09:37:55.854+0000] {logging_mixin.py:190} INFO - [2025-11-11T09:37:55.805+0000] {dagbag.py:588} INFO - Filling up the DagBag from /opt/airflow/dags/fraud_detection_training_dag.py
[2025-11-11T09:37:59.632+0000] {processor.py:925} INFO - DAG(s) 'fraud_detection_training' retrieved from /opt/airflow/dags/fraud_detection_training_dag.py
[2025-11-11T09:38:01.704+0000] {logging_mixin.py:190} INFO - [2025-11-11T09:38:01.703+0000] {dag.py:3239} INFO - Sync 1 DAGs
[2025-11-11T09:38:05.535+0000] {logging_mixin.py:190} INFO - [2025-11-11T09:38:05.535+0000] {dag.py:4180} INFO - Setting next_dagrun for fraud_detection_training to 2025-11-10 03:00:00+00:00, run_after=2025-11-11 03:00:00+00:00
[2025-11-11T09:38:06.068+0000] {processor.py:208} INFO - Processing /opt/airflow/dags/fraud_detection_training_dag.py took 10.807 seconds
[2025-11-11T09:38:37.810+0000] {processor.py:186} INFO - Started process (PID=192) to work on /opt/airflow/dags/fraud_detection_training_dag.py
[2025-11-11T09:38:37.818+0000] {processor.py:914} INFO - Processing file /opt/airflow/dags/fraud_detection_training_dag.py for tasks to queue
[2025-11-11T09:38:37.828+0000] {logging_mixin.py:190} INFO - [2025-11-11T09:38:37.827+0000] {dagbag.py:588} INFO - Filling up the DagBag from /opt/airflow/dags/fraud_detection_training_dag.py
[2025-11-11T09:38:43.401+0000] {processor.py:925} INFO - DAG(s) 'fraud_detection_training' retrieved from /opt/airflow/dags/fraud_detection_training_dag.py
[2025-11-11T09:38:46.506+0000] {logging_mixin.py:190} INFO - [2025-11-11T09:38:46.506+0000] {dag.py:3239} INFO - Sync 1 DAGs
[2025-11-11T09:38:59.248+0000] {logging_mixin.py:190} INFO - [2025-11-11T09:38:59.247+0000] {dag.py:4180} INFO - Setting next_dagrun for fraud_detection_training to 2025-11-10 03:00:00+00:00, run_after=2025-11-11 03:00:00+00:00
[2025-11-11T09:39:00.192+0000] {processor.py:208} INFO - Processing /opt/airflow/dags/fraud_detection_training_dag.py took 22.375 seconds
[2025-11-11T09:39:31.571+0000] {processor.py:186} INFO - Started process (PID=200) to work on /opt/airflow/dags/fraud_detection_training_dag.py
[2025-11-11T09:39:31.597+0000] {processor.py:914} INFO - Processing file /opt/airflow/dags/fraud_detection_training_dag.py for tasks to queue
[2025-11-11T09:39:31.701+0000] {logging_mixin.py:190} INFO - [2025-11-11T09:39:31.687+0000] {dagbag.py:588} INFO - Filling up the DagBag from /opt/airflow/dags/fraud_detection_training_dag.py
[2025-11-11T09:39:33.739+0000] {processor.py:925} INFO - DAG(s) 'fraud_detection_training' retrieved from /opt/airflow/dags/fraud_detection_training_dag.py
[2025-11-11T09:39:34.585+0000] {logging_mixin.py:190} INFO - [2025-11-11T09:39:34.585+0000] {dag.py:3239} INFO - Sync 1 DAGs
[2025-11-11T09:39:35.245+0000] {logging_mixin.py:190} INFO - [2025-11-11T09:39:35.223+0000] {dag.py:4180} INFO - Setting next_dagrun for fraud_detection_training to 2025-11-10 03:00:00+00:00, run_after=2025-11-11 03:00:00+00:00
[2025-11-11T09:39:35.719+0000] {processor.py:208} INFO - Processing /opt/airflow/dags/fraud_detection_training_dag.py took 4.278 seconds
[2025-11-11T09:40:06.505+0000] {processor.py:186} INFO - Started process (PID=210) to work on /opt/airflow/dags/fraud_detection_training_dag.py
[2025-11-11T09:40:06.516+0000] {processor.py:914} INFO - Processing file /opt/airflow/dags/fraud_detection_training_dag.py for tasks to queue
[2025-11-11T09:40:06.558+0000] {logging_mixin.py:190} INFO - [2025-11-11T09:40:06.545+0000] {dagbag.py:588} INFO - Filling up the DagBag from /opt/airflow/dags/fraud_detection_training_dag.py
[2025-11-11T09:40:07.418+0000] {processor.py:925} INFO - DAG(s) 'fraud_detection_training' retrieved from /opt/airflow/dags/fraud_detection_training_dag.py
[2025-11-11T09:40:09.627+0000] {logging_mixin.py:190} INFO - [2025-11-11T09:40:09.626+0000] {dag.py:3239} INFO - Sync 1 DAGs
[2025-11-11T09:40:10.554+0000] {logging_mixin.py:190} INFO - [2025-11-11T09:40:10.553+0000] {dag.py:4180} INFO - Setting next_dagrun for fraud_detection_training to 2025-11-10 03:00:00+00:00, run_after=2025-11-11 03:00:00+00:00
[2025-11-11T09:40:10.970+0000] {processor.py:208} INFO - Processing /opt/airflow/dags/fraud_detection_training_dag.py took 4.545 seconds
[2025-11-11T09:40:46.152+0000] {processor.py:186} INFO - Started process (PID=219) to work on /opt/airflow/dags/fraud_detection_training_dag.py
[2025-11-11T09:40:46.164+0000] {processor.py:914} INFO - Processing file /opt/airflow/dags/fraud_detection_training_dag.py for tasks to queue
[2025-11-11T09:40:46.243+0000] {logging_mixin.py:190} INFO - [2025-11-11T09:40:46.221+0000] {dagbag.py:588} INFO - Filling up the DagBag from /opt/airflow/dags/fraud_detection_training_dag.py
[2025-11-11T09:40:46.873+0000] {processor.py:925} INFO - DAG(s) 'fraud_detection_training' retrieved from /opt/airflow/dags/fraud_detection_training_dag.py
[2025-11-11T09:40:47.930+0000] {logging_mixin.py:190} INFO - [2025-11-11T09:40:47.928+0000] {dag.py:3239} INFO - Sync 1 DAGs
[2025-11-11T09:40:48.384+0000] {logging_mixin.py:190} INFO - [2025-11-11T09:40:48.375+0000] {dag.py:4180} INFO - Setting next_dagrun for fraud_detection_training to 2025-11-10 03:00:00+00:00, run_after=2025-11-11 03:00:00+00:00
[2025-11-11T09:40:48.781+0000] {processor.py:208} INFO - Processing /opt/airflow/dags/fraud_detection_training_dag.py took 2.860 seconds
[2025-11-11T09:41:42.819+0000] {processor.py:186} INFO - Started process (PID=228) to work on /opt/airflow/dags/fraud_detection_training_dag.py
[2025-11-11T09:41:42.868+0000] {processor.py:914} INFO - Processing file /opt/airflow/dags/fraud_detection_training_dag.py for tasks to queue
[2025-11-11T09:41:42.912+0000] {logging_mixin.py:190} INFO - [2025-11-11T09:41:42.908+0000] {dagbag.py:588} INFO - Filling up the DagBag from /opt/airflow/dags/fraud_detection_training_dag.py
[2025-11-11T09:41:43.953+0000] {processor.py:925} INFO - DAG(s) 'fraud_detection_training' retrieved from /opt/airflow/dags/fraud_detection_training_dag.py
[2025-11-11T09:42:06.159+0000] {logging_mixin.py:190} INFO - [2025-11-11T09:42:06.097+0000] {dag.py:3239} INFO - Sync 1 DAGs
[2025-11-11T09:42:19.962+0000] {logging_mixin.py:190} INFO - [2025-11-11T09:42:19.936+0000] {dag.py:4180} INFO - Setting next_dagrun for fraud_detection_training to 2025-11-10 03:00:00+00:00, run_after=2025-11-11 03:00:00+00:00
[2025-11-11T09:42:22.262+0000] {processor.py:208} INFO - Processing /opt/airflow/dags/fraud_detection_training_dag.py took 39.552 seconds
[2025-11-11T09:43:04.612+0000] {processor.py:186} INFO - Started process (PID=243) to work on /opt/airflow/dags/fraud_detection_training_dag.py
[2025-11-11T09:43:04.620+0000] {processor.py:914} INFO - Processing file /opt/airflow/dags/fraud_detection_training_dag.py for tasks to queue
[2025-11-11T09:43:04.744+0000] {logging_mixin.py:190} INFO - [2025-11-11T09:43:04.726+0000] {dagbag.py:588} INFO - Filling up the DagBag from /opt/airflow/dags/fraud_detection_training_dag.py
[2025-11-11T09:43:24.012+0000] {processor.py:925} INFO - DAG(s) 'fraud_detection_training' retrieved from /opt/airflow/dags/fraud_detection_training_dag.py
[2025-11-11T09:44:15.546+0000] {processor.py:186} INFO - Started process (PID=260) to work on /opt/airflow/dags/fraud_detection_training_dag.py
[2025-11-11T09:44:15.591+0000] {processor.py:914} INFO - Processing file /opt/airflow/dags/fraud_detection_training_dag.py for tasks to queue
[2025-11-11T09:44:15.621+0000] {logging_mixin.py:190} INFO - [2025-11-11T09:44:15.603+0000] {dagbag.py:588} INFO - Filling up the DagBag from /opt/airflow/dags/fraud_detection_training_dag.py
[2025-11-11T09:44:42.585+0000] {processor.py:925} INFO - DAG(s) 'fraud_detection_training' retrieved from /opt/airflow/dags/fraud_detection_training_dag.py
[2025-11-11T09:45:49.908+0000] {processor.py:186} INFO - Started process (PID=276) to work on /opt/airflow/dags/fraud_detection_training_dag.py
[2025-11-11T09:45:49.922+0000] {processor.py:914} INFO - Processing file /opt/airflow/dags/fraud_detection_training_dag.py for tasks to queue
[2025-11-11T09:45:50.205+0000] {logging_mixin.py:190} INFO - [2025-11-11T09:45:50.197+0000] {dagbag.py:588} INFO - Filling up the DagBag from /opt/airflow/dags/fraud_detection_training_dag.py
[2025-11-11T09:45:55.701+0000] {processor.py:925} INFO - DAG(s) 'fraud_detection_training' retrieved from /opt/airflow/dags/fraud_detection_training_dag.py
[2025-11-11T09:46:57.670+0000] {processor.py:186} INFO - Started process (PID=292) to work on /opt/airflow/dags/fraud_detection_training_dag.py
[2025-11-11T09:46:57.697+0000] {processor.py:914} INFO - Processing file /opt/airflow/dags/fraud_detection_training_dag.py for tasks to queue
[2025-11-11T09:46:57.817+0000] {logging_mixin.py:190} INFO - [2025-11-11T09:46:57.787+0000] {dagbag.py:588} INFO - Filling up the DagBag from /opt/airflow/dags/fraud_detection_training_dag.py
[2025-11-11T09:47:07.905+0000] {processor.py:925} INFO - DAG(s) 'fraud_detection_training' retrieved from /opt/airflow/dags/fraud_detection_training_dag.py
[2025-11-11T10:15:04.577+0000] {processor.py:186} INFO - Started process (PID=76) to work on /opt/airflow/dags/fraud_detection_training_dag.py
[2025-11-11T10:15:04.597+0000] {processor.py:914} INFO - Processing file /opt/airflow/dags/fraud_detection_training_dag.py for tasks to queue
[2025-11-11T10:15:04.611+0000] {logging_mixin.py:190} INFO - [2025-11-11T10:15:04.610+0000] {dagbag.py:588} INFO - Filling up the DagBag from /opt/airflow/dags/fraud_detection_training_dag.py
[2025-11-11T10:15:05.220+0000] {processor.py:925} INFO - DAG(s) 'fraud_detection_training' retrieved from /opt/airflow/dags/fraud_detection_training_dag.py
[2025-11-11T10:15:06.867+0000] {logging_mixin.py:190} INFO - [2025-11-11T10:15:06.866+0000] {dag.py:3239} INFO - Sync 1 DAGs
[2025-11-11T10:15:07.033+0000] {logging_mixin.py:190} INFO - [2025-11-11T10:15:07.032+0000] {dag.py:4180} INFO - Setting next_dagrun for fraud_detection_training to 2025-11-10 03:00:00+00:00, run_after=2025-11-11 03:00:00+00:00
[2025-11-11T10:15:07.140+0000] {processor.py:208} INFO - Processing /opt/airflow/dags/fraud_detection_training_dag.py took 2.607 seconds
[2025-11-11T10:18:31.581+0000] {processor.py:186} INFO - Started process (PID=81) to work on /opt/airflow/dags/fraud_detection_training_dag.py
[2025-11-11T10:18:31.681+0000] {processor.py:914} INFO - Processing file /opt/airflow/dags/fraud_detection_training_dag.py for tasks to queue
[2025-11-11T10:18:32.060+0000] {logging_mixin.py:190} INFO - [2025-11-11T10:18:32.059+0000] {dagbag.py:588} INFO - Filling up the DagBag from /opt/airflow/dags/fraud_detection_training_dag.py
[2025-11-11T10:18:34.359+0000] {processor.py:925} INFO - DAG(s) 'fraud_detection_training' retrieved from /opt/airflow/dags/fraud_detection_training_dag.py
[2025-11-11T10:18:41.406+0000] {logging_mixin.py:190} INFO - [2025-11-11T10:18:41.404+0000] {dag.py:3239} INFO - Sync 1 DAGs
[2025-11-11T10:18:43.064+0000] {logging_mixin.py:190} INFO - [2025-11-11T10:18:43.064+0000] {dag.py:4180} INFO - Setting next_dagrun for fraud_detection_training to 2025-11-10 03:00:00+00:00, run_after=2025-11-11 03:00:00+00:00
[2025-11-11T10:18:44.743+0000] {processor.py:208} INFO - Processing /opt/airflow/dags/fraud_detection_training_dag.py took 13.222 seconds
[2025-11-11T10:19:19.636+0000] {processor.py:186} INFO - Started process (PID=91) to work on /opt/airflow/dags/fraud_detection_training_dag.py
[2025-11-11T10:19:19.828+0000] {processor.py:914} INFO - Processing file /opt/airflow/dags/fraud_detection_training_dag.py for tasks to queue
[2025-11-11T10:19:20.240+0000] {logging_mixin.py:190} INFO - [2025-11-11T10:19:20.229+0000] {dagbag.py:588} INFO - Filling up the DagBag from /opt/airflow/dags/fraud_detection_training_dag.py
[2025-11-11T10:19:23.982+0000] {processor.py:925} INFO - DAG(s) 'fraud_detection_training' retrieved from /opt/airflow/dags/fraud_detection_training_dag.py
[2025-11-11T10:19:40.725+0000] {logging_mixin.py:190} INFO - [2025-11-11T10:19:40.724+0000] {dag.py:3239} INFO - Sync 1 DAGs
[2025-11-11T10:19:42.241+0000] {logging_mixin.py:190} INFO - [2025-11-11T10:19:41.984+0000] {dag.py:4180} INFO - Setting next_dagrun for fraud_detection_training to 2025-11-10 03:00:00+00:00, run_after=2025-11-11 03:00:00+00:00
[2025-11-11T10:19:43.599+0000] {processor.py:208} INFO - Processing /opt/airflow/dags/fraud_detection_training_dag.py took 26.066 seconds
[2025-11-11T10:20:18.691+0000] {processor.py:186} INFO - Started process (PID=106) to work on /opt/airflow/dags/fraud_detection_training_dag.py
[2025-11-11T10:20:18.720+0000] {processor.py:914} INFO - Processing file /opt/airflow/dags/fraud_detection_training_dag.py for tasks to queue
[2025-11-11T10:20:19.004+0000] {logging_mixin.py:190} INFO - [2025-11-11T10:20:19.002+0000] {dagbag.py:588} INFO - Filling up the DagBag from /opt/airflow/dags/fraud_detection_training_dag.py
[2025-11-11T10:20:23.472+0000] {processor.py:925} INFO - DAG(s) 'fraud_detection_training' retrieved from /opt/airflow/dags/fraud_detection_training_dag.py
[2025-11-11T10:20:24.964+0000] {logging_mixin.py:190} INFO - [2025-11-11T10:20:24.963+0000] {dag.py:3239} INFO - Sync 1 DAGs
[2025-11-11T10:20:26.454+0000] {logging_mixin.py:190} INFO - [2025-11-11T10:20:26.451+0000] {dag.py:4180} INFO - Setting next_dagrun for fraud_detection_training to 2025-11-10 03:00:00+00:00, run_after=2025-11-11 03:00:00+00:00
[2025-11-11T10:20:28.975+0000] {processor.py:208} INFO - Processing /opt/airflow/dags/fraud_detection_training_dag.py took 12.866 seconds
[2025-11-11T10:21:01.775+0000] {processor.py:186} INFO - Started process (PID=115) to work on /opt/airflow/dags/fraud_detection_training_dag.py
[2025-11-11T10:21:01.812+0000] {processor.py:914} INFO - Processing file /opt/airflow/dags/fraud_detection_training_dag.py for tasks to queue
[2025-11-11T10:21:02.069+0000] {logging_mixin.py:190} INFO - [2025-11-11T10:21:02.041+0000] {dagbag.py:588} INFO - Filling up the DagBag from /opt/airflow/dags/fraud_detection_training_dag.py
[2025-11-11T10:21:07.158+0000] {processor.py:925} INFO - DAG(s) 'fraud_detection_training' retrieved from /opt/airflow/dags/fraud_detection_training_dag.py
[2025-11-11T10:21:10.895+0000] {logging_mixin.py:190} INFO - [2025-11-11T10:21:10.894+0000] {dag.py:3239} INFO - Sync 1 DAGs
[2025-11-11T10:21:12.946+0000] {logging_mixin.py:190} INFO - [2025-11-11T10:21:12.945+0000] {dag.py:4180} INFO - Setting next_dagrun for fraud_detection_training to 2025-11-10 03:00:00+00:00, run_after=2025-11-11 03:00:00+00:00
[2025-11-11T10:21:13.146+0000] {processor.py:208} INFO - Processing /opt/airflow/dags/fraud_detection_training_dag.py took 11.756 seconds
[2025-11-11T10:21:54.465+0000] {processor.py:186} INFO - Started process (PID=125) to work on /opt/airflow/dags/fraud_detection_training_dag.py
[2025-11-11T10:21:54.631+0000] {processor.py:914} INFO - Processing file /opt/airflow/dags/fraud_detection_training_dag.py for tasks to queue
[2025-11-11T10:21:54.749+0000] {logging_mixin.py:190} INFO - [2025-11-11T10:21:54.748+0000] {dagbag.py:588} INFO - Filling up the DagBag from /opt/airflow/dags/fraud_detection_training_dag.py
[2025-11-11T10:21:56.272+0000] {processor.py:925} INFO - DAG(s) 'fraud_detection_training' retrieved from /opt/airflow/dags/fraud_detection_training_dag.py
[2025-11-11T10:21:56.873+0000] {logging_mixin.py:190} INFO - [2025-11-11T10:21:56.872+0000] {dag.py:3239} INFO - Sync 1 DAGs
[2025-11-11T10:22:04.073+0000] {logging_mixin.py:190} INFO - [2025-11-11T10:22:04.072+0000] {dag.py:4180} INFO - Setting next_dagrun for fraud_detection_training to 2025-11-10 03:00:00+00:00, run_after=2025-11-11 03:00:00+00:00
[2025-11-11T10:22:04.463+0000] {processor.py:208} INFO - Processing /opt/airflow/dags/fraud_detection_training_dag.py took 11.846 seconds
[2025-11-11T10:22:44.851+0000] {processor.py:186} INFO - Started process (PID=140) to work on /opt/airflow/dags/fraud_detection_training_dag.py
[2025-11-11T10:22:44.870+0000] {processor.py:914} INFO - Processing file /opt/airflow/dags/fraud_detection_training_dag.py for tasks to queue
[2025-11-11T10:22:44.961+0000] {logging_mixin.py:190} INFO - [2025-11-11T10:22:44.952+0000] {dagbag.py:588} INFO - Filling up the DagBag from /opt/airflow/dags/fraud_detection_training_dag.py
[2025-11-11T10:22:45.473+0000] {processor.py:925} INFO - DAG(s) 'fraud_detection_training' retrieved from /opt/airflow/dags/fraud_detection_training_dag.py
[2025-11-11T10:22:46.316+0000] {logging_mixin.py:190} INFO - [2025-11-11T10:22:46.315+0000] {dag.py:3239} INFO - Sync 1 DAGs
[2025-11-11T10:22:47.635+0000] {logging_mixin.py:190} INFO - [2025-11-11T10:22:47.634+0000] {dag.py:4180} INFO - Setting next_dagrun for fraud_detection_training to 2025-11-10 03:00:00+00:00, run_after=2025-11-11 03:00:00+00:00
[2025-11-11T10:22:50.729+0000] {processor.py:208} INFO - Processing /opt/airflow/dags/fraud_detection_training_dag.py took 9.451 seconds
[2025-11-11T10:23:27.749+0000] {processor.py:186} INFO - Started process (PID=149) to work on /opt/airflow/dags/fraud_detection_training_dag.py
[2025-11-11T10:23:27.754+0000] {processor.py:914} INFO - Processing file /opt/airflow/dags/fraud_detection_training_dag.py for tasks to queue
[2025-11-11T10:23:28.192+0000] {logging_mixin.py:190} INFO - [2025-11-11T10:23:28.148+0000] {dagbag.py:588} INFO - Filling up the DagBag from /opt/airflow/dags/fraud_detection_training_dag.py
[2025-11-11T10:23:32.718+0000] {processor.py:925} INFO - DAG(s) 'fraud_detection_training' retrieved from /opt/airflow/dags/fraud_detection_training_dag.py
[2025-11-11T10:23:56.427+0000] {logging_mixin.py:190} INFO - [2025-11-11T10:23:56.365+0000] {dag.py:3239} INFO - Sync 1 DAGs
[2025-11-11T10:23:57.303+0000] {logging_mixin.py:190} INFO - [2025-11-11T10:23:57.302+0000] {dag.py:4180} INFO - Setting next_dagrun for fraud_detection_training to 2025-11-10 03:00:00+00:00, run_after=2025-11-11 03:00:00+00:00
[2025-11-11T10:23:57.523+0000] {processor.py:208} INFO - Processing /opt/airflow/dags/fraud_detection_training_dag.py took 29.490 seconds
[2025-11-11T10:24:30.081+0000] {processor.py:186} INFO - Started process (PID=159) to work on /opt/airflow/dags/fraud_detection_training_dag.py
[2025-11-11T10:24:30.094+0000] {processor.py:914} INFO - Processing file /opt/airflow/dags/fraud_detection_training_dag.py for tasks to queue
[2025-11-11T10:24:30.133+0000] {logging_mixin.py:190} INFO - [2025-11-11T10:24:30.129+0000] {dagbag.py:588} INFO - Filling up the DagBag from /opt/airflow/dags/fraud_detection_training_dag.py
[2025-11-11T10:26:30.853+0000] {processor.py:186} INFO - Started process (PID=168) to work on /opt/airflow/dags/fraud_detection_training_dag.py
[2025-11-11T10:26:30.860+0000] {processor.py:914} INFO - Processing file /opt/airflow/dags/fraud_detection_training_dag.py for tasks to queue
[2025-11-11T10:27:20.484+0000] {logging_mixin.py:190} INFO - [2025-11-11T10:26:30.871+0000] {dagbag.py:588} INFO - Filling up the DagBag from /opt/airflow/dags/fraud_detection_training_dag.py
[2025-11-11T10:27:56.573+0000] {processor.py:186} INFO - Started process (PID=177) to work on /opt/airflow/dags/fraud_detection_training_dag.py
[2025-11-11T10:27:56.644+0000] {processor.py:914} INFO - Processing file /opt/airflow/dags/fraud_detection_training_dag.py for tasks to queue
[2025-11-11T10:27:56.677+0000] {logging_mixin.py:190} INFO - [2025-11-11T10:27:56.674+0000] {dagbag.py:588} INFO - Filling up the DagBag from /opt/airflow/dags/fraud_detection_training_dag.py
[2025-11-11T10:28:37.603+0000] {logging_mixin.py:190} INFO - [2025-11-11T10:28:37.542+0000] {timeout.py:68} ERROR - Process timed out, PID: 177
[2025-11-11T10:28:41.919+0000] {logging_mixin.py:190} INFO - [2025-11-11T10:28:37.714+0000] {dagbag.py:387} ERROR - Failed to import: /opt/airflow/dags/fraud_detection_training_dag.py
Traceback (most recent call last):
  File "/home/airflow/.local/lib/python3.12/site-packages/airflow/models/dagbag.py", line 383, in parse
    loader.exec_module(new_module)
  File "<frozen importlib._bootstrap_external>", line 999, in exec_module
  File "<frozen importlib._bootstrap>", line 488, in _call_with_frames_removed
  File "/opt/airflow/dags/fraud_detection_training_dag.py", line 100, in <module>
    with DAG(
         ^^^^
  File "/home/airflow/.local/lib/python3.12/site-packages/airflow/models/dag.py", line 775, in __init__
    self._task_group = TaskGroup.create_root(self)
                       ^^^^^^^^^^^^^^^^^^^^^^^^^^^
  File "/home/airflow/.local/lib/python3.12/site-packages/airflow/utils/task_group.py", line 207, in create_root
    return cls(group_id=None, dag=dag)
           ^^^^^^^^^^^^^^^^^^^^^^^^^^^
  File "/home/airflow/.local/lib/python3.12/site-packages/airflow/utils/task_group.py", line 174, in __init__
    self.upstream_group_ids: set[str | None] = set()
                                               ^^^^^
  File "/home/airflow/.local/lib/python3.12/site-packages/airflow/utils/timeout.py", line 69, in handle_timeout
    raise AirflowTaskTimeout(self.error_message)
airflow.exceptions.AirflowTaskTimeout: DagBag import timeout for /opt/airflow/dags/fraud_detection_training_dag.py after 30.0s.
Please take a look at these docs to improve your DAG import time:
* https://airflow.apache.org/docs/apache-airflow/2.10.5/best-practices.html#top-level-python-code
* https://airflow.apache.org/docs/apache-airflow/2.10.5/best-practices.html#reducing-dag-complexity, PID: 177
[2025-11-11T10:28:42.010+0000] {processor.py:927} WARNING - No viable dags retrieved from /opt/airflow/dags/fraud_detection_training_dag.py
[2025-11-11T10:29:28.917+0000] {processor.py:186} INFO - Started process (PID=196) to work on /opt/airflow/dags/fraud_detection_training_dag.py
[2025-11-11T10:29:29.026+0000] {processor.py:914} INFO - Processing file /opt/airflow/dags/fraud_detection_training_dag.py for tasks to queue
[2025-11-11T10:29:29.324+0000] {logging_mixin.py:190} INFO - [2025-11-11T10:29:29.273+0000] {dagbag.py:588} INFO - Filling up the DagBag from /opt/airflow/dags/fraud_detection_training_dag.py
[2025-11-11T10:29:35.415+0000] {processor.py:925} INFO - DAG(s) 'fraud_detection_training' retrieved from /opt/airflow/dags/fraud_detection_training_dag.py
[2025-11-11T10:29:48.167+0000] {logging_mixin.py:190} INFO - [2025-11-11T10:29:48.144+0000] {dag.py:3239} INFO - Sync 1 DAGs
[2025-11-11T10:29:51.003+0000] {logging_mixin.py:190} INFO - [2025-11-11T10:29:50.993+0000] {dag.py:4180} INFO - Setting next_dagrun for fraud_detection_training to 2025-11-10 03:00:00+00:00, run_after=2025-11-11 03:00:00+00:00
[2025-11-11T10:30:35.627+0000] {processor.py:186} INFO - Started process (PID=210) to work on /opt/airflow/dags/fraud_detection_training_dag.py
[2025-11-11T10:30:35.650+0000] {processor.py:914} INFO - Processing file /opt/airflow/dags/fraud_detection_training_dag.py for tasks to queue
[2025-11-11T10:30:35.685+0000] {logging_mixin.py:190} INFO - [2025-11-11T10:30:35.661+0000] {dagbag.py:588} INFO - Filling up the DagBag from /opt/airflow/dags/fraud_detection_training_dag.py
[2025-11-11T10:30:38.133+0000] {processor.py:925} INFO - DAG(s) 'fraud_detection_training' retrieved from /opt/airflow/dags/fraud_detection_training_dag.py
[2025-11-11T11:35:53.842+0000] {processor.py:186} INFO - Started process (PID=134) to work on /opt/airflow/dags/fraud_detection_training_dag.py
[2025-11-11T11:35:53.967+0000] {processor.py:914} INFO - Processing file /opt/airflow/dags/fraud_detection_training_dag.py for tasks to queue
[2025-11-11T11:35:54.654+0000] {logging_mixin.py:190} INFO - [2025-11-11T11:35:54.489+0000] {dagbag.py:588} INFO - Filling up the DagBag from /opt/airflow/dags/fraud_detection_training_dag.py
[2025-11-11T11:36:15.222+0000] {processor.py:925} INFO - DAG(s) 'fraud_detection_training' retrieved from /opt/airflow/dags/fraud_detection_training_dag.py
[2025-11-11T11:36:31.683+0000] {logging_mixin.py:190} INFO - [2025-11-11T11:36:31.682+0000] {dag.py:3239} INFO - Sync 1 DAGs
[2025-11-11T11:36:33.730+0000] {logging_mixin.py:190} INFO - [2025-11-11T11:36:33.730+0000] {dag.py:4180} INFO - Setting next_dagrun for fraud_detection_training to 2025-11-10 03:00:00+00:00, run_after=2025-11-11 03:00:00+00:00
[2025-11-11T11:36:35.398+0000] {processor.py:208} INFO - Processing /opt/airflow/dags/fraud_detection_training_dag.py took 42.311 seconds
[2025-11-11T11:37:05.911+0000] {processor.py:186} INFO - Started process (PID=152) to work on /opt/airflow/dags/fraud_detection_training_dag.py
[2025-11-11T11:37:05.919+0000] {processor.py:914} INFO - Processing file /opt/airflow/dags/fraud_detection_training_dag.py for tasks to queue
[2025-11-11T11:37:05.960+0000] {logging_mixin.py:190} INFO - [2025-11-11T11:37:05.956+0000] {dagbag.py:588} INFO - Filling up the DagBag from /opt/airflow/dags/fraud_detection_training_dag.py
[2025-11-11T11:37:07.191+0000] {processor.py:925} INFO - DAG(s) 'fraud_detection_training' retrieved from /opt/airflow/dags/fraud_detection_training_dag.py
[2025-11-11T11:37:08.406+0000] {logging_mixin.py:190} INFO - [2025-11-11T11:37:08.405+0000] {dag.py:3239} INFO - Sync 1 DAGs
[2025-11-11T11:37:12.331+0000] {logging_mixin.py:190} INFO - [2025-11-11T11:37:12.330+0000] {dag.py:4180} INFO - Setting next_dagrun for fraud_detection_training to 2025-11-10 03:00:00+00:00, run_after=2025-11-11 03:00:00+00:00
[2025-11-11T11:37:13.744+0000] {processor.py:208} INFO - Processing /opt/airflow/dags/fraud_detection_training_dag.py took 7.177 seconds
[2025-11-11T11:37:46.606+0000] {processor.py:186} INFO - Started process (PID=161) to work on /opt/airflow/dags/fraud_detection_training_dag.py
[2025-11-11T11:37:46.690+0000] {processor.py:914} INFO - Processing file /opt/airflow/dags/fraud_detection_training_dag.py for tasks to queue
[2025-11-11T11:37:47.053+0000] {logging_mixin.py:190} INFO - [2025-11-11T11:37:46.946+0000] {dagbag.py:588} INFO - Filling up the DagBag from /opt/airflow/dags/fraud_detection_training_dag.py
[2025-11-11T11:37:48.776+0000] {processor.py:925} INFO - DAG(s) 'fraud_detection_training' retrieved from /opt/airflow/dags/fraud_detection_training_dag.py
[2025-11-11T11:37:53.003+0000] {logging_mixin.py:190} INFO - [2025-11-11T11:37:53.002+0000] {dag.py:3239} INFO - Sync 1 DAGs
[2025-11-11T11:37:55.896+0000] {logging_mixin.py:190} INFO - [2025-11-11T11:37:55.883+0000] {dag.py:4180} INFO - Setting next_dagrun for fraud_detection_training to 2025-11-10 03:00:00+00:00, run_after=2025-11-11 03:00:00+00:00
[2025-11-11T11:37:56.616+0000] {processor.py:208} INFO - Processing /opt/airflow/dags/fraud_detection_training_dag.py took 10.964 seconds
[2025-11-11T11:38:29.389+0000] {processor.py:186} INFO - Started process (PID=175) to work on /opt/airflow/dags/fraud_detection_training_dag.py
[2025-11-11T11:38:29.448+0000] {processor.py:914} INFO - Processing file /opt/airflow/dags/fraud_detection_training_dag.py for tasks to queue
[2025-11-11T11:38:29.640+0000] {logging_mixin.py:190} INFO - [2025-11-11T11:38:29.629+0000] {dagbag.py:588} INFO - Filling up the DagBag from /opt/airflow/dags/fraud_detection_training_dag.py
[2025-11-11T11:38:32.230+0000] {processor.py:925} INFO - DAG(s) 'fraud_detection_training' retrieved from /opt/airflow/dags/fraud_detection_training_dag.py
[2025-11-11T11:38:33.597+0000] {logging_mixin.py:190} INFO - [2025-11-11T11:38:33.596+0000] {dag.py:3239} INFO - Sync 1 DAGs
[2025-11-11T11:38:39.215+0000] {logging_mixin.py:190} INFO - [2025-11-11T11:38:39.206+0000] {dag.py:4180} INFO - Setting next_dagrun for fraud_detection_training to 2025-11-10 03:00:00+00:00, run_after=2025-11-11 03:00:00+00:00
[2025-11-11T11:38:40.803+0000] {processor.py:208} INFO - Processing /opt/airflow/dags/fraud_detection_training_dag.py took 11.686 seconds
[2025-11-11T11:39:11.504+0000] {processor.py:186} INFO - Started process (PID=185) to work on /opt/airflow/dags/fraud_detection_training_dag.py
[2025-11-11T11:39:11.531+0000] {processor.py:914} INFO - Processing file /opt/airflow/dags/fraud_detection_training_dag.py for tasks to queue
[2025-11-11T11:39:11.575+0000] {logging_mixin.py:190} INFO - [2025-11-11T11:39:11.572+0000] {dagbag.py:588} INFO - Filling up the DagBag from /opt/airflow/dags/fraud_detection_training_dag.py
[2025-11-11T11:39:13.072+0000] {processor.py:925} INFO - DAG(s) 'fraud_detection_training' retrieved from /opt/airflow/dags/fraud_detection_training_dag.py
[2025-11-11T11:39:13.856+0000] {logging_mixin.py:190} INFO - [2025-11-11T11:39:13.856+0000] {dag.py:3239} INFO - Sync 1 DAGs
[2025-11-11T11:39:15.427+0000] {logging_mixin.py:190} INFO - [2025-11-11T11:39:15.416+0000] {dag.py:4180} INFO - Setting next_dagrun for fraud_detection_training to 2025-11-10 03:00:00+00:00, run_after=2025-11-11 03:00:00+00:00
[2025-11-11T11:39:16.480+0000] {processor.py:208} INFO - Processing /opt/airflow/dags/fraud_detection_training_dag.py took 4.312 seconds
[2025-11-11T11:39:48.062+0000] {processor.py:186} INFO - Started process (PID=194) to work on /opt/airflow/dags/fraud_detection_training_dag.py
[2025-11-11T11:39:48.085+0000] {processor.py:914} INFO - Processing file /opt/airflow/dags/fraud_detection_training_dag.py for tasks to queue
[2025-11-11T11:39:48.143+0000] {logging_mixin.py:190} INFO - [2025-11-11T11:39:48.111+0000] {dagbag.py:588} INFO - Filling up the DagBag from /opt/airflow/dags/fraud_detection_training_dag.py
[2025-11-11T11:39:50.294+0000] {processor.py:925} INFO - DAG(s) 'fraud_detection_training' retrieved from /opt/airflow/dags/fraud_detection_training_dag.py
[2025-11-11T11:39:50.920+0000] {logging_mixin.py:190} INFO - [2025-11-11T11:39:50.913+0000] {dag.py:3239} INFO - Sync 1 DAGs
[2025-11-11T11:39:51.592+0000] {logging_mixin.py:190} INFO - [2025-11-11T11:39:51.590+0000] {dag.py:4180} INFO - Setting next_dagrun for fraud_detection_training to 2025-11-10 03:00:00+00:00, run_after=2025-11-11 03:00:00+00:00
[2025-11-11T11:39:52.022+0000] {processor.py:208} INFO - Processing /opt/airflow/dags/fraud_detection_training_dag.py took 4.034 seconds
[2025-11-11T11:40:22.360+0000] {processor.py:186} INFO - Started process (PID=204) to work on /opt/airflow/dags/fraud_detection_training_dag.py
[2025-11-11T11:40:22.380+0000] {processor.py:914} INFO - Processing file /opt/airflow/dags/fraud_detection_training_dag.py for tasks to queue
[2025-11-11T11:40:22.414+0000] {logging_mixin.py:190} INFO - [2025-11-11T11:40:22.404+0000] {dagbag.py:588} INFO - Filling up the DagBag from /opt/airflow/dags/fraud_detection_training_dag.py
[2025-11-11T11:40:22.980+0000] {processor.py:925} INFO - DAG(s) 'fraud_detection_training' retrieved from /opt/airflow/dags/fraud_detection_training_dag.py
[2025-11-11T11:40:23.365+0000] {logging_mixin.py:190} INFO - [2025-11-11T11:40:23.364+0000] {dag.py:3239} INFO - Sync 1 DAGs
[2025-11-11T11:40:23.535+0000] {logging_mixin.py:190} INFO - [2025-11-11T11:40:23.534+0000] {dag.py:4180} INFO - Setting next_dagrun for fraud_detection_training to 2025-11-10 03:00:00+00:00, run_after=2025-11-11 03:00:00+00:00
[2025-11-11T11:40:23.668+0000] {processor.py:208} INFO - Processing /opt/airflow/dags/fraud_detection_training_dag.py took 1.372 seconds
[2025-11-11T11:40:58.072+0000] {processor.py:186} INFO - Started process (PID=213) to work on /opt/airflow/dags/fraud_detection_training_dag.py
[2025-11-11T11:40:58.132+0000] {processor.py:914} INFO - Processing file /opt/airflow/dags/fraud_detection_training_dag.py for tasks to queue
[2025-11-11T11:40:58.405+0000] {logging_mixin.py:190} INFO - [2025-11-11T11:40:58.322+0000] {dagbag.py:588} INFO - Filling up the DagBag from /opt/airflow/dags/fraud_detection_training_dag.py
[2025-11-11T11:41:03.218+0000] {processor.py:925} INFO - DAG(s) 'fraud_detection_training' retrieved from /opt/airflow/dags/fraud_detection_training_dag.py
[2025-11-11T11:41:05.240+0000] {logging_mixin.py:190} INFO - [2025-11-11T11:41:05.240+0000] {dag.py:3239} INFO - Sync 1 DAGs
[2025-11-11T11:41:06.829+0000] {logging_mixin.py:190} INFO - [2025-11-11T11:41:06.828+0000] {dag.py:4180} INFO - Setting next_dagrun for fraud_detection_training to 2025-11-10 03:00:00+00:00, run_after=2025-11-11 03:00:00+00:00
[2025-11-11T11:41:13.105+0000] {processor.py:208} INFO - Processing /opt/airflow/dags/fraud_detection_training_dag.py took 15.160 seconds
[2025-11-11T11:41:47.584+0000] {processor.py:186} INFO - Started process (PID=222) to work on /opt/airflow/dags/fraud_detection_training_dag.py
[2025-11-11T11:41:47.706+0000] {processor.py:914} INFO - Processing file /opt/airflow/dags/fraud_detection_training_dag.py for tasks to queue
[2025-11-11T11:41:47.713+0000] {logging_mixin.py:190} INFO - [2025-11-11T11:41:47.712+0000] {dagbag.py:588} INFO - Filling up the DagBag from /opt/airflow/dags/fraud_detection_training_dag.py
[2025-11-11T11:41:53.771+0000] {processor.py:925} INFO - DAG(s) 'fraud_detection_training' retrieved from /opt/airflow/dags/fraud_detection_training_dag.py
[2025-11-11T11:41:55.557+0000] {logging_mixin.py:190} INFO - [2025-11-11T11:41:55.556+0000] {dag.py:3239} INFO - Sync 1 DAGs
[2025-11-11T11:42:15.040+0000] {logging_mixin.py:190} INFO - [2025-11-11T11:42:15.039+0000] {dag.py:4180} INFO - Setting next_dagrun for fraud_detection_training to 2025-11-10 03:00:00+00:00, run_after=2025-11-11 03:00:00+00:00
[2025-11-11T11:42:21.754+0000] {processor.py:208} INFO - Processing /opt/airflow/dags/fraud_detection_training_dag.py took 33.159 seconds
[2025-11-11T11:43:01.401+0000] {processor.py:186} INFO - Started process (PID=237) to work on /opt/airflow/dags/fraud_detection_training_dag.py
[2025-11-11T11:43:01.899+0000] {processor.py:914} INFO - Processing file /opt/airflow/dags/fraud_detection_training_dag.py for tasks to queue
[2025-11-11T11:43:04.551+0000] {logging_mixin.py:190} INFO - [2025-11-11T11:43:04.566+0000] {dagbag.py:588} INFO - Filling up the DagBag from /opt/airflow/dags/fraud_detection_training_dag.py
[2025-11-11T11:43:08.312+0000] {processor.py:925} INFO - DAG(s) 'fraud_detection_training' retrieved from /opt/airflow/dags/fraud_detection_training_dag.py
[2025-11-11T11:43:09.064+0000] {logging_mixin.py:190} INFO - [2025-11-11T11:43:09.047+0000] {dag.py:3239} INFO - Sync 1 DAGs
[2025-11-11T11:43:19.156+0000] {logging_mixin.py:190} INFO - [2025-11-11T11:43:19.128+0000] {dag.py:4180} INFO - Setting next_dagrun for fraud_detection_training to 2025-11-10 03:00:00+00:00, run_after=2025-11-11 03:00:00+00:00
[2025-11-11T11:43:20.158+0000] {processor.py:208} INFO - Processing /opt/airflow/dags/fraud_detection_training_dag.py took 19.336 seconds
[2025-11-11T11:44:01.518+0000] {processor.py:186} INFO - Started process (PID=253) to work on /opt/airflow/dags/fraud_detection_training_dag.py
[2025-11-11T11:44:01.540+0000] {processor.py:914} INFO - Processing file /opt/airflow/dags/fraud_detection_training_dag.py for tasks to queue
[2025-11-11T11:44:01.715+0000] {logging_mixin.py:190} INFO - [2025-11-11T11:44:01.691+0000] {dagbag.py:588} INFO - Filling up the DagBag from /opt/airflow/dags/fraud_detection_training_dag.py
[2025-11-11T11:44:02.779+0000] {processor.py:925} INFO - DAG(s) 'fraud_detection_training' retrieved from /opt/airflow/dags/fraud_detection_training_dag.py
[2025-11-11T11:44:04.053+0000] {logging_mixin.py:190} INFO - [2025-11-11T11:44:04.034+0000] {dag.py:3239} INFO - Sync 1 DAGs
[2025-11-11T11:44:05.599+0000] {logging_mixin.py:190} INFO - [2025-11-11T11:44:05.598+0000] {dag.py:4180} INFO - Setting next_dagrun for fraud_detection_training to 2025-11-10 03:00:00+00:00, run_after=2025-11-11 03:00:00+00:00
[2025-11-11T11:44:12.849+0000] {processor.py:208} INFO - Processing /opt/airflow/dags/fraud_detection_training_dag.py took 10.788 seconds
[2025-11-11T11:44:45.681+0000] {processor.py:186} INFO - Started process (PID=264) to work on /opt/airflow/dags/fraud_detection_training_dag.py
[2025-11-11T11:44:45.700+0000] {processor.py:914} INFO - Processing file /opt/airflow/dags/fraud_detection_training_dag.py for tasks to queue
[2025-11-11T11:44:46.082+0000] {logging_mixin.py:190} INFO - [2025-11-11T11:44:45.788+0000] {dagbag.py:588} INFO - Filling up the DagBag from /opt/airflow/dags/fraud_detection_training_dag.py
[2025-11-11T11:44:48.633+0000] {processor.py:925} INFO - DAG(s) 'fraud_detection_training' retrieved from /opt/airflow/dags/fraud_detection_training_dag.py
[2025-11-11T11:44:49.852+0000] {logging_mixin.py:190} INFO - [2025-11-11T11:44:49.851+0000] {dag.py:3239} INFO - Sync 1 DAGs
[2025-11-11T11:44:52.158+0000] {logging_mixin.py:190} INFO - [2025-11-11T11:44:52.158+0000] {dag.py:4180} INFO - Setting next_dagrun for fraud_detection_training to 2025-11-10 03:00:00+00:00, run_after=2025-11-11 03:00:00+00:00
[2025-11-11T11:44:52.798+0000] {processor.py:208} INFO - Processing /opt/airflow/dags/fraud_detection_training_dag.py took 7.291 seconds
[2025-11-11T11:45:39.370+0000] {processor.py:186} INFO - Started process (PID=280) to work on /opt/airflow/dags/fraud_detection_training_dag.py
[2025-11-11T11:45:39.381+0000] {processor.py:914} INFO - Processing file /opt/airflow/dags/fraud_detection_training_dag.py for tasks to queue
[2025-11-11T11:45:53.412+0000] {logging_mixin.py:190} INFO - [2025-11-11T11:45:39.626+0000] {dagbag.py:588} INFO - Filling up the DagBag from /opt/airflow/dags/fraud_detection_training_dag.py
[2025-11-11T11:46:14.418+0000] {processor.py:925} INFO - DAG(s) 'fraud_detection_training' retrieved from /opt/airflow/dags/fraud_detection_training_dag.py
[2025-11-11T11:47:04.325+0000] {processor.py:186} INFO - Started process (PID=295) to work on /opt/airflow/dags/fraud_detection_training_dag.py
[2025-11-11T11:47:04.334+0000] {processor.py:914} INFO - Processing file /opt/airflow/dags/fraud_detection_training_dag.py for tasks to queue
[2025-11-11T11:47:04.413+0000] {logging_mixin.py:190} INFO - [2025-11-11T11:47:04.409+0000] {dagbag.py:588} INFO - Filling up the DagBag from /opt/airflow/dags/fraud_detection_training_dag.py
[2025-11-11T11:47:09.395+0000] {processor.py:925} INFO - DAG(s) 'fraud_detection_training' retrieved from /opt/airflow/dags/fraud_detection_training_dag.py
[2025-11-11T11:47:44.518+0000] {logging_mixin.py:190} INFO - [2025-11-11T11:47:44.505+0000] {dag.py:3239} INFO - Sync 1 DAGs
[2025-11-11T11:47:46.403+0000] {logging_mixin.py:190} INFO - [2025-11-11T11:47:46.385+0000] {dag.py:4180} INFO - Setting next_dagrun for fraud_detection_training to 2025-11-10 03:00:00+00:00, run_after=2025-11-11 03:00:00+00:00
[2025-11-11T11:47:47.456+0000] {processor.py:208} INFO - Processing /opt/airflow/dags/fraud_detection_training_dag.py took 42.294 seconds
[2025-11-11T11:48:21.080+0000] {processor.py:186} INFO - Started process (PID=310) to work on /opt/airflow/dags/fraud_detection_training_dag.py
[2025-11-11T11:48:21.112+0000] {processor.py:914} INFO - Processing file /opt/airflow/dags/fraud_detection_training_dag.py for tasks to queue
[2025-11-11T11:48:21.135+0000] {logging_mixin.py:190} INFO - [2025-11-11T11:48:21.134+0000] {dagbag.py:588} INFO - Filling up the DagBag from /opt/airflow/dags/fraud_detection_training_dag.py
[2025-11-11T11:48:30.490+0000] {processor.py:925} INFO - DAG(s) 'fraud_detection_training' retrieved from /opt/airflow/dags/fraud_detection_training_dag.py
[2025-11-11T11:48:34.779+0000] {logging_mixin.py:190} INFO - [2025-11-11T11:48:34.778+0000] {dag.py:3239} INFO - Sync 1 DAGs
[2025-11-11T11:48:36.517+0000] {logging_mixin.py:190} INFO - [2025-11-11T11:48:36.516+0000] {dag.py:4180} INFO - Setting next_dagrun for fraud_detection_training to 2025-11-10 03:00:00+00:00, run_after=2025-11-11 03:00:00+00:00
[2025-11-11T11:48:37.944+0000] {processor.py:208} INFO - Processing /opt/airflow/dags/fraud_detection_training_dag.py took 16.094 seconds
[2025-11-11T11:49:16.908+0000] {processor.py:186} INFO - Started process (PID=319) to work on /opt/airflow/dags/fraud_detection_training_dag.py
[2025-11-11T11:49:16.948+0000] {processor.py:914} INFO - Processing file /opt/airflow/dags/fraud_detection_training_dag.py for tasks to queue
[2025-11-11T11:49:17.028+0000] {logging_mixin.py:190} INFO - [2025-11-11T11:49:16.997+0000] {dagbag.py:588} INFO - Filling up the DagBag from /opt/airflow/dags/fraud_detection_training_dag.py
[2025-11-11T11:49:24.312+0000] {processor.py:925} INFO - DAG(s) 'fraud_detection_training' retrieved from /opt/airflow/dags/fraud_detection_training_dag.py
[2025-11-11T11:49:25.912+0000] {logging_mixin.py:190} INFO - [2025-11-11T11:49:25.911+0000] {dag.py:3239} INFO - Sync 1 DAGs
[2025-11-11T11:49:38.441+0000] {logging_mixin.py:190} INFO - [2025-11-11T11:49:38.430+0000] {dag.py:4180} INFO - Setting next_dagrun for fraud_detection_training to 2025-11-10 03:00:00+00:00, run_after=2025-11-11 03:00:00+00:00
[2025-11-11T11:49:56.003+0000] {processor.py:208} INFO - Processing /opt/airflow/dags/fraud_detection_training_dag.py took 38.145 seconds
[2025-11-11T11:50:29.283+0000] {processor.py:186} INFO - Started process (PID=333) to work on /opt/airflow/dags/fraud_detection_training_dag.py
[2025-11-11T11:50:29.303+0000] {processor.py:914} INFO - Processing file /opt/airflow/dags/fraud_detection_training_dag.py for tasks to queue
[2025-11-11T11:50:29.380+0000] {logging_mixin.py:190} INFO - [2025-11-11T11:50:29.379+0000] {dagbag.py:588} INFO - Filling up the DagBag from /opt/airflow/dags/fraud_detection_training_dag.py
[2025-11-11T11:50:32.480+0000] {processor.py:925} INFO - DAG(s) 'fraud_detection_training' retrieved from /opt/airflow/dags/fraud_detection_training_dag.py
[2025-11-11T11:50:32.906+0000] {logging_mixin.py:190} INFO - [2025-11-11T11:50:32.905+0000] {dag.py:3239} INFO - Sync 1 DAGs
[2025-11-11T11:50:33.910+0000] {logging_mixin.py:190} INFO - [2025-11-11T11:50:33.909+0000] {dag.py:4180} INFO - Setting next_dagrun for fraud_detection_training to 2025-11-10 03:00:00+00:00, run_after=2025-11-11 03:00:00+00:00
[2025-11-11T11:50:34.164+0000] {processor.py:208} INFO - Processing /opt/airflow/dags/fraud_detection_training_dag.py took 5.621 seconds
[2025-11-11T11:51:07.608+0000] {processor.py:186} INFO - Started process (PID=343) to work on /opt/airflow/dags/fraud_detection_training_dag.py
[2025-11-11T11:51:07.674+0000] {processor.py:914} INFO - Processing file /opt/airflow/dags/fraud_detection_training_dag.py for tasks to queue
[2025-11-11T11:51:08.021+0000] {logging_mixin.py:190} INFO - [2025-11-11T11:51:07.760+0000] {dagbag.py:588} INFO - Filling up the DagBag from /opt/airflow/dags/fraud_detection_training_dag.py
[2025-11-11T11:51:30.011+0000] {processor.py:925} INFO - DAG(s) 'fraud_detection_training' retrieved from /opt/airflow/dags/fraud_detection_training_dag.py
[2025-11-11T11:51:40.821+0000] {logging_mixin.py:190} INFO - [2025-11-11T11:51:40.742+0000] {dag.py:3239} INFO - Sync 1 DAGs
[2025-11-11T11:51:50.186+0000] {logging_mixin.py:190} INFO - [2025-11-11T11:51:49.973+0000] {dag.py:4180} INFO - Setting next_dagrun for fraud_detection_training to 2025-11-10 03:00:00+00:00, run_after=2025-11-11 03:00:00+00:00
[2025-11-11T11:57:55.829+0000] {processor.py:186} INFO - Started process (PID=354) to work on /opt/airflow/dags/fraud_detection_training_dag.py
[2025-11-11T11:57:55.858+0000] {processor.py:914} INFO - Processing file /opt/airflow/dags/fraud_detection_training_dag.py for tasks to queue
[2025-11-11T11:57:56.212+0000] {logging_mixin.py:190} INFO - [2025-11-11T11:57:56.162+0000] {dagbag.py:588} INFO - Filling up the DagBag from /opt/airflow/dags/fraud_detection_training_dag.py
[2025-11-11T11:58:27.012+0000] {logging_mixin.py:190} INFO - [2025-11-11T11:58:16.789+0000] {variable.py:357} ERROR - Unable to retrieve variable from secrets backend (MetastoreBackend). Checking subsequent secrets backend.
Traceback (most recent call last):
  File "/home/airflow/.local/lib/python3.12/site-packages/sqlalchemy/engine/base.py", line 3371, in _wrap_pool_connect
    return fn()
           ^^^^
  File "/home/airflow/.local/lib/python3.12/site-packages/sqlalchemy/pool/base.py", line 327, in connect
    return _ConnectionFairy._checkout(self)
           ^^^^^^^^^^^^^^^^^^^^^^^^^^^^^^^^
  File "/home/airflow/.local/lib/python3.12/site-packages/sqlalchemy/pool/base.py", line 894, in _checkout
    fairy = _ConnectionRecord.checkout(pool)
            ^^^^^^^^^^^^^^^^^^^^^^^^^^^^^^^^
  File "/home/airflow/.local/lib/python3.12/site-packages/sqlalchemy/pool/base.py", line 493, in checkout
    rec = pool._do_get()
          ^^^^^^^^^^^^^^
  File "/home/airflow/.local/lib/python3.12/site-packages/sqlalchemy/pool/impl.py", line 145, in _do_get
    with util.safe_reraise():
         ^^^^^^^^^^^^^^^^^^^
  File "/home/airflow/.local/lib/python3.12/site-packages/sqlalchemy/util/langhelpers.py", line 70, in __exit__
    compat.raise_(
  File "/home/airflow/.local/lib/python3.12/site-packages/sqlalchemy/util/compat.py", line 211, in raise_
    raise exception
  File "/home/airflow/.local/lib/python3.12/site-packages/sqlalchemy/pool/impl.py", line 143, in _do_get
    return self._create_connection()
           ^^^^^^^^^^^^^^^^^^^^^^^^^
  File "/home/airflow/.local/lib/python3.12/site-packages/sqlalchemy/pool/base.py", line 273, in _create_connection
    return _ConnectionRecord(self)
           ^^^^^^^^^^^^^^^^^^^^^^^
  File "/home/airflow/.local/lib/python3.12/site-packages/sqlalchemy/pool/base.py", line 388, in __init__
    self.__connect()
  File "/home/airflow/.local/lib/python3.12/site-packages/sqlalchemy/pool/base.py", line 690, in __connect
    with util.safe_reraise():
         ^^^^^^^^^^^^^^^^^^^
  File "/home/airflow/.local/lib/python3.12/site-packages/sqlalchemy/util/langhelpers.py", line 70, in __exit__
    compat.raise_(
  File "/home/airflow/.local/lib/python3.12/site-packages/sqlalchemy/util/compat.py", line 211, in raise_
    raise exception
  File "/home/airflow/.local/lib/python3.12/site-packages/sqlalchemy/pool/base.py", line 686, in __connect
    self.dbapi_connection = connection = pool._invoke_creator(self)
                                         ^^^^^^^^^^^^^^^^^^^^^^^^^^
  File "/home/airflow/.local/lib/python3.12/site-packages/sqlalchemy/engine/create.py", line 574, in connect
    return dialect.connect(*cargs, **cparams)
           ^^^^^^^^^^^^^^^^^^^^^^^^^^^^^^^^^^
  File "/home/airflow/.local/lib/python3.12/site-packages/sqlalchemy/engine/default.py", line 598, in connect
    return self.dbapi.connect(*cargs, **cparams)
           ^^^^^^^^^^^^^^^^^^^^^^^^^^^^^^^^^^^^^
  File "/home/airflow/.local/lib/python3.12/site-packages/psycopg2/__init__.py", line 122, in connect
    conn = _connect(dsn, connection_factory=connection_factory, **kwasync)
           ^^^^^^^^^^^^^^^^^^^^^^^^^^^^^^^^^^^^^^^^^^^^^^^^^^^^^^^^^^^^^^^
psycopg2.OperationalError: could not translate host name "postgres" to address: Temporary failure in name resolution


The above exception was the direct cause of the following exception:

Traceback (most recent call last):
  File "/home/airflow/.local/lib/python3.12/site-packages/airflow/models/variable.py", line 353, in get_variable_from_secrets
    var_val = secrets_backend.get_variable(key=key)
              ^^^^^^^^^^^^^^^^^^^^^^^^^^^^^^^^^^^^^
  File "/home/airflow/.local/lib/python3.12/site-packages/airflow/utils/session.py", line 97, in wrapper
    return func(*args, session=session, **kwargs)
           ^^^^^^^^^^^^^^^^^^^^^^^^^^^^^^^^^^^^^^
  File "/home/airflow/.local/lib/python3.12/site-packages/airflow/secrets/metastore.py", line 66, in get_variable
    return MetastoreBackend._fetch_variable(key=key, session=session)
           ^^^^^^^^^^^^^^^^^^^^^^^^^^^^^^^^^^^^^^^^^^^^^^^^^^^^^^^^^^
  File "/home/airflow/.local/lib/python3.12/site-packages/airflow/api_internal/internal_api_call.py", line 166, in wrapper
    return func(*args, **kwargs)
           ^^^^^^^^^^^^^^^^^^^^^
  File "/home/airflow/.local/lib/python3.12/site-packages/airflow/utils/session.py", line 94, in wrapper
    return func(*args, **kwargs)
           ^^^^^^^^^^^^^^^^^^^^^
  File "/home/airflow/.local/lib/python3.12/site-packages/airflow/secrets/metastore.py", line 84, in _fetch_variable
    var_value = session.scalar(select(Variable).where(Variable.key == key).limit(1))
                ^^^^^^^^^^^^^^^^^^^^^^^^^^^^^^^^^^^^^^^^^^^^^^^^^^^^^^^^^^^^^^^^^^^^
  File "/home/airflow/.local/lib/python3.12/site-packages/sqlalchemy/orm/session.py", line 1747, in scalar
    return self.execute(
           ^^^^^^^^^^^^^
  File "/home/airflow/.local/lib/python3.12/site-packages/sqlalchemy/orm/session.py", line 1716, in execute
    conn = self._connection_for_bind(bind)
           ^^^^^^^^^^^^^^^^^^^^^^^^^^^^^^^
  File "/home/airflow/.local/lib/python3.12/site-packages/sqlalchemy/orm/session.py", line 1555, in _connection_for_bind
    return self._transaction._connection_for_bind(
           ^^^^^^^^^^^^^^^^^^^^^^^^^^^^^^^^^^^^^^^
  File "/home/airflow/.local/lib/python3.12/site-packages/sqlalchemy/orm/session.py", line 750, in _connection_for_bind
    conn = bind.connect()
           ^^^^^^^^^^^^^^
  File "/home/airflow/.local/lib/python3.12/site-packages/sqlalchemy/future/engine.py", line 412, in connect
    return super(Engine, self).connect()
           ^^^^^^^^^^^^^^^^^^^^^^^^^^^^^
  File "/home/airflow/.local/lib/python3.12/site-packages/sqlalchemy/engine/base.py", line 3325, in connect
    return self._connection_cls(self, close_with_result=close_with_result)
           ^^^^^^^^^^^^^^^^^^^^^^^^^^^^^^^^^^^^^^^^^^^^^^^^^^^^^^^^^^^^^^^
  File "/home/airflow/.local/lib/python3.12/site-packages/sqlalchemy/engine/base.py", line 96, in __init__
    else engine.raw_connection()
         ^^^^^^^^^^^^^^^^^^^^^^^
  File "/home/airflow/.local/lib/python3.12/site-packages/sqlalchemy/engine/base.py", line 3404, in raw_connection
    return self._wrap_pool_connect(self.pool.connect, _connection)
           ^^^^^^^^^^^^^^^^^^^^^^^^^^^^^^^^^^^^^^^^^^^^^^^^^^^^^^^
  File "/home/airflow/.local/lib/python3.12/site-packages/sqlalchemy/engine/base.py", line 3374, in _wrap_pool_connect
    Connection._handle_dbapi_exception_noconnection(
  File "/home/airflow/.local/lib/python3.12/site-packages/sqlalchemy/engine/base.py", line 2208, in _handle_dbapi_exception_noconnection
    util.raise_(
  File "/home/airflow/.local/lib/python3.12/site-packages/sqlalchemy/util/compat.py", line 211, in raise_
    raise exception
  File "/home/airflow/.local/lib/python3.12/site-packages/sqlalchemy/engine/base.py", line 3371, in _wrap_pool_connect
    return fn()
           ^^^^
  File "/home/airflow/.local/lib/python3.12/site-packages/sqlalchemy/pool/base.py", line 327, in connect
    return _ConnectionFairy._checkout(self)
           ^^^^^^^^^^^^^^^^^^^^^^^^^^^^^^^^
  File "/home/airflow/.local/lib/python3.12/site-packages/sqlalchemy/pool/base.py", line 894, in _checkout
    fairy = _ConnectionRecord.checkout(pool)
            ^^^^^^^^^^^^^^^^^^^^^^^^^^^^^^^^
  File "/home/airflow/.local/lib/python3.12/site-packages/sqlalchemy/pool/base.py", line 493, in checkout
    rec = pool._do_get()
          ^^^^^^^^^^^^^^
  File "/home/airflow/.local/lib/python3.12/site-packages/sqlalchemy/pool/impl.py", line 145, in _do_get
    with util.safe_reraise():
         ^^^^^^^^^^^^^^^^^^^
  File "/home/airflow/.local/lib/python3.12/site-packages/sqlalchemy/util/langhelpers.py", line 70, in __exit__
    compat.raise_(
  File "/home/airflow/.local/lib/python3.12/site-packages/sqlalchemy/util/compat.py", line 211, in raise_
    raise exception
  File "/home/airflow/.local/lib/python3.12/site-packages/sqlalchemy/pool/impl.py", line 143, in _do_get
    return self._create_connection()
           ^^^^^^^^^^^^^^^^^^^^^^^^^
  File "/home/airflow/.local/lib/python3.12/site-packages/sqlalchemy/pool/base.py", line 273, in _create_connection
    return _ConnectionRecord(self)
           ^^^^^^^^^^^^^^^^^^^^^^^
  File "/home/airflow/.local/lib/python3.12/site-packages/sqlalchemy/pool/base.py", line 388, in __init__
    self.__connect()
  File "/home/airflow/.local/lib/python3.12/site-packages/sqlalchemy/pool/base.py", line 690, in __connect
    with util.safe_reraise():
         ^^^^^^^^^^^^^^^^^^^
  File "/home/airflow/.local/lib/python3.12/site-packages/sqlalchemy/util/langhelpers.py", line 70, in __exit__
    compat.raise_(
  File "/home/airflow/.local/lib/python3.12/site-packages/sqlalchemy/util/compat.py", line 211, in raise_
    raise exception
  File "/home/airflow/.local/lib/python3.12/site-packages/sqlalchemy/pool/base.py", line 686, in __connect
    self.dbapi_connection = connection = pool._invoke_creator(self)
                                         ^^^^^^^^^^^^^^^^^^^^^^^^^^
  File "/home/airflow/.local/lib/python3.12/site-packages/sqlalchemy/engine/create.py", line 574, in connect
    return dialect.connect(*cargs, **cparams)
           ^^^^^^^^^^^^^^^^^^^^^^^^^^^^^^^^^^
  File "/home/airflow/.local/lib/python3.12/site-packages/sqlalchemy/engine/default.py", line 598, in connect
    return self.dbapi.connect(*cargs, **cparams)
           ^^^^^^^^^^^^^^^^^^^^^^^^^^^^^^^^^^^^^
  File "/home/airflow/.local/lib/python3.12/site-packages/psycopg2/__init__.py", line 122, in connect
    conn = _connect(dsn, connection_factory=connection_factory, **kwasync)
           ^^^^^^^^^^^^^^^^^^^^^^^^^^^^^^^^^^^^^^^^^^^^^^^^^^^^^^^^^^^^^^^
sqlalchemy.exc.OperationalError: (psycopg2.OperationalError) could not translate host name "postgres" to address: Temporary failure in name resolution

(Background on this error at: https://sqlalche.me/e/14/e3q8)
[2025-11-11T11:58:29.330+0000] {logging_mixin.py:190} INFO - [2025-11-11T11:58:28.936+0000] {timeout.py:68} ERROR - Process timed out, PID: 354
[2025-11-11T11:58:29.865+0000] {logging_mixin.py:190} INFO - [2025-11-11T11:58:29.381+0000] {dagbag.py:387} ERROR - Failed to import: /opt/airflow/dags/fraud_detection_training_dag.py
Traceback (most recent call last):
  File "/home/airflow/.local/lib/python3.12/site-packages/airflow/models/dagbag.py", line 383, in parse
    loader.exec_module(new_module)
  File "<frozen importlib._bootstrap_external>", line 999, in exec_module
  File "<frozen importlib._bootstrap>", line 488, in _call_with_frames_removed
  File "/opt/airflow/dags/fraud_detection_training_dag.py", line 132, in <module>
    validate_environment >> training_task >> cleanup_task
    ~~~~~~~~~~~~~~~~~~~~~^^~~~~~~~~~~~~~~
  File "/home/airflow/.local/lib/python3.12/site-packages/airflow/models/taskmixin.py", line 104, in __rshift__
    self.set_downstream(other)
  File "/home/airflow/.local/lib/python3.12/site-packages/airflow/models/taskmixin.py", line 263, in set_downstream
    self._set_relatives(task_or_task_list, upstream=False, edge_modifier=edge_modifier)
  File "/home/airflow/.local/lib/python3.12/site-packages/airflow/models/taskmixin.py", line 207, in _set_relatives
    from airflow.models.baseoperator import BaseOperator
  File "/home/airflow/.local/lib/python3.12/site-packages/airflow/models/baseoperator.py", line 2118, in __getattr__
    def __getattr__(name):
    
  File "/home/airflow/.local/lib/python3.12/site-packages/airflow/utils/timeout.py", line 69, in handle_timeout
    raise AirflowTaskTimeout(self.error_message)
airflow.exceptions.AirflowTaskTimeout: DagBag import timeout for /opt/airflow/dags/fraud_detection_training_dag.py after 30.0s.
Please take a look at these docs to improve your DAG import time:
* https://airflow.apache.org/docs/apache-airflow/2.10.5/best-practices.html#top-level-python-code
* https://airflow.apache.org/docs/apache-airflow/2.10.5/best-practices.html#reducing-dag-complexity, PID: 354
[2025-11-11T11:58:30.372+0000] {processor.py:927} WARNING - No viable dags retrieved from /opt/airflow/dags/fraud_detection_training_dag.py
[2025-11-11T11:59:07.646+0000] {processor.py:211} ERROR - Got an exception! Propagating...
Traceback (most recent call last):
  File "/home/airflow/.local/lib/python3.12/site-packages/sqlalchemy/engine/base.py", line 3371, in _wrap_pool_connect
    return fn()
           ^^^^
  File "/home/airflow/.local/lib/python3.12/site-packages/sqlalchemy/pool/base.py", line 327, in connect
    return _ConnectionFairy._checkout(self)
           ^^^^^^^^^^^^^^^^^^^^^^^^^^^^^^^^
  File "/home/airflow/.local/lib/python3.12/site-packages/sqlalchemy/pool/base.py", line 894, in _checkout
    fairy = _ConnectionRecord.checkout(pool)
            ^^^^^^^^^^^^^^^^^^^^^^^^^^^^^^^^
  File "/home/airflow/.local/lib/python3.12/site-packages/sqlalchemy/pool/base.py", line 493, in checkout
    rec = pool._do_get()
          ^^^^^^^^^^^^^^
  File "/home/airflow/.local/lib/python3.12/site-packages/sqlalchemy/pool/impl.py", line 145, in _do_get
    with util.safe_reraise():
         ^^^^^^^^^^^^^^^^^^^
  File "/home/airflow/.local/lib/python3.12/site-packages/sqlalchemy/util/langhelpers.py", line 70, in __exit__
    compat.raise_(
  File "/home/airflow/.local/lib/python3.12/site-packages/sqlalchemy/util/compat.py", line 211, in raise_
    raise exception
  File "/home/airflow/.local/lib/python3.12/site-packages/sqlalchemy/pool/impl.py", line 143, in _do_get
    return self._create_connection()
           ^^^^^^^^^^^^^^^^^^^^^^^^^
  File "/home/airflow/.local/lib/python3.12/site-packages/sqlalchemy/pool/base.py", line 273, in _create_connection
    return _ConnectionRecord(self)
           ^^^^^^^^^^^^^^^^^^^^^^^
  File "/home/airflow/.local/lib/python3.12/site-packages/sqlalchemy/pool/base.py", line 388, in __init__
    self.__connect()
  File "/home/airflow/.local/lib/python3.12/site-packages/sqlalchemy/pool/base.py", line 690, in __connect
    with util.safe_reraise():
         ^^^^^^^^^^^^^^^^^^^
  File "/home/airflow/.local/lib/python3.12/site-packages/sqlalchemy/util/langhelpers.py", line 70, in __exit__
    compat.raise_(
  File "/home/airflow/.local/lib/python3.12/site-packages/sqlalchemy/util/compat.py", line 211, in raise_
    raise exception
  File "/home/airflow/.local/lib/python3.12/site-packages/sqlalchemy/pool/base.py", line 686, in __connect
    self.dbapi_connection = connection = pool._invoke_creator(self)
                                         ^^^^^^^^^^^^^^^^^^^^^^^^^^
  File "/home/airflow/.local/lib/python3.12/site-packages/sqlalchemy/engine/create.py", line 574, in connect
    return dialect.connect(*cargs, **cparams)
           ^^^^^^^^^^^^^^^^^^^^^^^^^^^^^^^^^^
  File "/home/airflow/.local/lib/python3.12/site-packages/sqlalchemy/engine/default.py", line 598, in connect
    return self.dbapi.connect(*cargs, **cparams)
           ^^^^^^^^^^^^^^^^^^^^^^^^^^^^^^^^^^^^^
  File "/home/airflow/.local/lib/python3.12/site-packages/psycopg2/__init__.py", line 122, in connect
    conn = _connect(dsn, connection_factory=connection_factory, **kwasync)
           ^^^^^^^^^^^^^^^^^^^^^^^^^^^^^^^^^^^^^^^^^^^^^^^^^^^^^^^^^^^^^^^
psycopg2.OperationalError: could not translate host name "postgres" to address: Temporary failure in name resolution


The above exception was the direct cause of the following exception:

Traceback (most recent call last):
  File "/home/airflow/.local/lib/python3.12/site-packages/airflow/dag_processing/processor.py", line 207, in _run_file_processor
    _handle_dag_file_processing()
  File "/home/airflow/.local/lib/python3.12/site-packages/airflow/dag_processing/processor.py", line 188, in _handle_dag_file_processing
    result: tuple[int, int, int] = dag_file_processor.process_file(
                                   ^^^^^^^^^^^^^^^^^^^^^^^^^^^^^^^^
  File "/home/airflow/.local/lib/python3.12/site-packages/airflow/utils/session.py", line 97, in wrapper
    return func(*args, session=session, **kwargs)
           ^^^^^^^^^^^^^^^^^^^^^^^^^^^^^^^^^^^^^^
  File "/home/airflow/.local/lib/python3.12/site-packages/airflow/dag_processing/processor.py", line 928, in process_file
    DagFileProcessor.update_import_errors(
  File "/home/airflow/.local/lib/python3.12/site-packages/airflow/api_internal/internal_api_call.py", line 166, in wrapper
    return func(*args, **kwargs)
           ^^^^^^^^^^^^^^^^^^^^^
  File "/home/airflow/.local/lib/python3.12/site-packages/airflow/utils/session.py", line 97, in wrapper
    return func(*args, session=session, **kwargs)
           ^^^^^^^^^^^^^^^^^^^^^^^^^^^^^^^^^^^^^^
  File "/home/airflow/.local/lib/python3.12/site-packages/airflow/dag_processing/processor.py", line 648, in update_import_errors
    existing_import_error_files = [x.filename for x in session.query(ParseImportError.filename).all()]
                                                       ^^^^^^^^^^^^^^^^^^^^^^^^^^^^^^^^^^^^^^^^^^^^^^
  File "/home/airflow/.local/lib/python3.12/site-packages/sqlalchemy/orm/query.py", line 2773, in all
    return self._iter().all()
           ^^^^^^^^^^^^
  File "/home/airflow/.local/lib/python3.12/site-packages/sqlalchemy/orm/query.py", line 2916, in _iter
    result = self.session.execute(
             ^^^^^^^^^^^^^^^^^^^^^
  File "/home/airflow/.local/lib/python3.12/site-packages/sqlalchemy/orm/session.py", line 1716, in execute
    conn = self._connection_for_bind(bind)
           ^^^^^^^^^^^^^^^^^^^^^^^^^^^^^^^
  File "/home/airflow/.local/lib/python3.12/site-packages/sqlalchemy/orm/session.py", line 1555, in _connection_for_bind
    return self._transaction._connection_for_bind(
           ^^^^^^^^^^^^^^^^^^^^^^^^^^^^^^^^^^^^^^^
  File "/home/airflow/.local/lib/python3.12/site-packages/sqlalchemy/orm/session.py", line 750, in _connection_for_bind
    conn = bind.connect()
           ^^^^^^^^^^^^^^
  File "/home/airflow/.local/lib/python3.12/site-packages/sqlalchemy/future/engine.py", line 412, in connect
    return super(Engine, self).connect()
           ^^^^^^^^^^^^^^^^^^^^^^^^^^^^^
  File "/home/airflow/.local/lib/python3.12/site-packages/sqlalchemy/engine/base.py", line 3325, in connect
    return self._connection_cls(self, close_with_result=close_with_result)
           ^^^^^^^^^^^^^^^^^^^^^^^^^^^^^^^^^^^^^^^^^^^^^^^^^^^^^^^^^^^^^^^
  File "/home/airflow/.local/lib/python3.12/site-packages/sqlalchemy/engine/base.py", line 96, in __init__
    else engine.raw_connection()
         ^^^^^^^^^^^^^^^^^^^^^^^
  File "/home/airflow/.local/lib/python3.12/site-packages/sqlalchemy/engine/base.py", line 3404, in raw_connection
    return self._wrap_pool_connect(self.pool.connect, _connection)
           ^^^^^^^^^^^^^^^^^^^^^^^^^^^^^^^^^^^^^^^^^^^^^^^^^^^^^^^
  File "/home/airflow/.local/lib/python3.12/site-packages/sqlalchemy/engine/base.py", line 3374, in _wrap_pool_connect
    Connection._handle_dbapi_exception_noconnection(
  File "/home/airflow/.local/lib/python3.12/site-packages/sqlalchemy/engine/base.py", line 2208, in _handle_dbapi_exception_noconnection
    util.raise_(
  File "/home/airflow/.local/lib/python3.12/site-packages/sqlalchemy/util/compat.py", line 211, in raise_
    raise exception
  File "/home/airflow/.local/lib/python3.12/site-packages/sqlalchemy/engine/base.py", line 3371, in _wrap_pool_connect
    return fn()
           ^^^^
  File "/home/airflow/.local/lib/python3.12/site-packages/sqlalchemy/pool/base.py", line 327, in connect
    return _ConnectionFairy._checkout(self)
           ^^^^^^^^^^^^^^^^^^^^^^^^^^^^^^^^
  File "/home/airflow/.local/lib/python3.12/site-packages/sqlalchemy/pool/base.py", line 894, in _checkout
    fairy = _ConnectionRecord.checkout(pool)
            ^^^^^^^^^^^^^^^^^^^^^^^^^^^^^^^^
  File "/home/airflow/.local/lib/python3.12/site-packages/sqlalchemy/pool/base.py", line 493, in checkout
    rec = pool._do_get()
          ^^^^^^^^^^^^^^
  File "/home/airflow/.local/lib/python3.12/site-packages/sqlalchemy/pool/impl.py", line 145, in _do_get
    with util.safe_reraise():
         ^^^^^^^^^^^^^^^^^^^
  File "/home/airflow/.local/lib/python3.12/site-packages/sqlalchemy/util/langhelpers.py", line 70, in __exit__
    compat.raise_(
  File "/home/airflow/.local/lib/python3.12/site-packages/sqlalchemy/util/compat.py", line 211, in raise_
    raise exception
  File "/home/airflow/.local/lib/python3.12/site-packages/sqlalchemy/pool/impl.py", line 143, in _do_get
    return self._create_connection()
           ^^^^^^^^^^^^^^^^^^^^^^^^^
  File "/home/airflow/.local/lib/python3.12/site-packages/sqlalchemy/pool/base.py", line 273, in _create_connection
    return _ConnectionRecord(self)
           ^^^^^^^^^^^^^^^^^^^^^^^
  File "/home/airflow/.local/lib/python3.12/site-packages/sqlalchemy/pool/base.py", line 388, in __init__
    self.__connect()
  File "/home/airflow/.local/lib/python3.12/site-packages/sqlalchemy/pool/base.py", line 690, in __connect
    with util.safe_reraise():
         ^^^^^^^^^^^^^^^^^^^
  File "/home/airflow/.local/lib/python3.12/site-packages/sqlalchemy/util/langhelpers.py", line 70, in __exit__
    compat.raise_(
  File "/home/airflow/.local/lib/python3.12/site-packages/sqlalchemy/util/compat.py", line 211, in raise_
    raise exception
  File "/home/airflow/.local/lib/python3.12/site-packages/sqlalchemy/pool/base.py", line 686, in __connect
    self.dbapi_connection = connection = pool._invoke_creator(self)
                                         ^^^^^^^^^^^^^^^^^^^^^^^^^^
  File "/home/airflow/.local/lib/python3.12/site-packages/sqlalchemy/engine/create.py", line 574, in connect
    return dialect.connect(*cargs, **cparams)
           ^^^^^^^^^^^^^^^^^^^^^^^^^^^^^^^^^^
  File "/home/airflow/.local/lib/python3.12/site-packages/sqlalchemy/engine/default.py", line 598, in connect
    return self.dbapi.connect(*cargs, **cparams)
           ^^^^^^^^^^^^^^^^^^^^^^^^^^^^^^^^^^^^^
  File "/home/airflow/.local/lib/python3.12/site-packages/psycopg2/__init__.py", line 122, in connect
    conn = _connect(dsn, connection_factory=connection_factory, **kwasync)
           ^^^^^^^^^^^^^^^^^^^^^^^^^^^^^^^^^^^^^^^^^^^^^^^^^^^^^^^^^^^^^^^
sqlalchemy.exc.OperationalError: (psycopg2.OperationalError) could not translate host name "postgres" to address: Temporary failure in name resolution

(Background on this error at: https://sqlalche.me/e/14/e3q8)
[2025-11-11T12:00:33.052+0000] {processor.py:186} INFO - Started process (PID=358) to work on /opt/airflow/dags/fraud_detection_training_dag.py
[2025-11-11T12:00:33.273+0000] {processor.py:914} INFO - Processing file /opt/airflow/dags/fraud_detection_training_dag.py for tasks to queue
[2025-11-11T12:00:33.792+0000] {logging_mixin.py:190} INFO - [2025-11-11T12:00:33.557+0000] {dagbag.py:588} INFO - Filling up the DagBag from /opt/airflow/dags/fraud_detection_training_dag.py
